
CPPTRAJ: Trajectory Analysis. V17.00
    ___  ___  ___  ___
     | \/ | \/ | \/ | 
    _|_/\_|_/\_|_/\_|_

| Date/time: 11/01/18 15:17:04
| Available memory: 108.172 GB

INPUT: Reading input from 'STDIN'
  [parm prot1_HMR.parm7]
	Reading 'prot1_HMR.parm7' as Amber Topology
	Radius Set: H(N)-modified Bondi radii (mbondi2)
  [trajin prot1_md1.nc]
	Reading 'prot1_md1.nc' as Amber NetCDF
  [trajin prot1_md2.nc]
	Reading 'prot1_md2.nc' as Amber NetCDF
  [reference prot1_HMR.rst7]
	Reading 'prot1_HMR.rst7' as Amber Restart
	Setting active reference for distance-based masks: 'prot1_HMR.rst7'
  [center :1-33 mass origin]
    CENTER: Centering coordinates using center of mass of atoms in mask (:1-33) to
	coordinate origin.
  [rms reference out rmsd_to_ini.dat '(@CA,C,N,O)']
    RMSD: ((@CA,C,N,O)), reference is "default_name" ((@CA,C,N,O)).
	Best-fit RMSD will be calculated, coords will be rotated and translated.
  [trajout prot1_md_centered.nc]
	Writing 'prot1_md_centered.nc' as Amber NetCDF
  [trajout prot1_md_centered.pdb onlyframes 1]
	Saving frames 1
	Writing 'prot1_md_centered.pdb' as PDB
  [secstruct SECSTRUCT out secstruct.dat]
    SECSTRUCT: Calculating secondary structure using mask [*]
	Dumping results to secstruct.dat
	Sum results to secstruct.dat.sum
	SS data for each residue will be stored as integers.
		0 = None
		1 = Para
		2 = Anti
		3 = 3-10
		4 = Alpha
		5 = Pi
		6 = Turn
		7 = Bend
	Backbone Atom Names: N=[N   ]  H=[H   ]  C=[C   ]  O=[O   ]  CA=[CA  ]
# Citation: Kabsch, W.; Sander, C.; "Dictionary of Protein Secondary Structure:
#           Pattern Recognition of Hydrogen-Bonded and Geometrical Features."
#           Biopolymers (1983), V.22, pp.2577-2637.
  [run]
---------- RUN BEGIN -------------------------------------------------

PARAMETER FILES (1 total):
 0: prot1_HMR.parm7, 463 atoms, 33 res, box: None, 1 mol

INPUT TRAJECTORIES (2 total):
 0: 'prot1_md1.nc' is a NetCDF AMBER trajectory, Parm prot1_HMR.parm7 (reading 20000 of 20000)
 1: 'prot1_md2.nc' is a NetCDF AMBER trajectory, Parm prot1_HMR.parm7 (reading 40000 of 40000)
  Coordinate processing will occur on 60000 frames.

REFERENCE FRAMES (1 total):
    0: prot1_HMR.rst7:1
	Active reference frame for distance-based masks is 'default_name'

OUTPUT TRAJECTORIES (2 total):
  'prot1_md_centered.nc' (60000 frames) is a NetCDF AMBER trajectory
  'prot1_md_centered.pdb' (60000 frames) is a PDB file: Writing frames 1

BEGIN TRAJECTORY PROCESSING:
.....................................................
ACTION SETUP FOR PARM 'prot1_HMR.parm7' (3 actions):
  0: [center :1-33 mass origin]
	Mask [:1-33] corresponds to 463 atoms.
  1: [rms reference out rmsd_to_ini.dat '(@CA,C,N,O)']
	Target mask: [(@CA,C,N,O)](127)
	Reference mask: [(@CA,C,N,O)](127)
  2: [secstruct SECSTRUCT out secstruct.dat]
Warning: Not all BB atoms found for 2 residues: ACE:1 NHE:33
Info: This is expected for Proline and terminal/non-standard residues.
Info: Expected BB atom names: N=[N   ]  H=[H   ]  C=[C   ]  O=[O   ]  CA=[CA  ]
Info: Re-run with action debug level >= 1 to see which residues are missing atoms.
	Mask [*] corresponds to 33 residues.
----- prot1_md1.nc (1-20000, 1) -----
 0% 10% 20% 30% 
----- prot1_md2.nc (1-40000, 1) -----
40% 50% 60% 70% 80% 90% 100% Complete.

Read 60000 frames and processed 60000 frames.
TIME: Avg. throughput= 206.3374 frames / second.

ACTION OUTPUT:

DATASETS (49 total):
	RMSD_00002 "RMSD_00002" (double, rms), size is 60000
	SECSTRUCT[None] "SECSTRUCT[None]" (float), size is 60000
	SECSTRUCT[Para] "SECSTRUCT[Para]" (float), size is 60000
	SECSTRUCT[Anti] "SECSTRUCT[Anti]" (float), size is 60000
	SECSTRUCT[3-10] "SECSTRUCT[3-10]" (float), size is 60000
	SECSTRUCT[Alpha] "SECSTRUCT[Alpha]" (float), size is 60000
	SECSTRUCT[Pi] "SECSTRUCT[Pi]" (float), size is 60000
	SECSTRUCT[Turn] "SECSTRUCT[Turn]" (float), size is 60000
	SECSTRUCT[Bend] "SECSTRUCT[Bend]" (float), size is 60000
	SECSTRUCT[res]:1 "ACE:1" (integer), size is 60000
	SECSTRUCT[res]:2 "GLY:2" (integer), size is 60000
	SECSTRUCT[res]:3 "ALA:3" (integer), size is 60000
	SECSTRUCT[res]:4 "ALA:4" (integer), size is 60000
	SECSTRUCT[res]:5 "ALA:5" (integer), size is 60000
	SECSTRUCT[res]:6 "ALA:6" (integer), size is 60000
	SECSTRUCT[res]:7 "LYS:7" (integer), size is 60000
	SECSTRUCT[res]:8 "LYS:8" (integer), size is 60000
	SECSTRUCT[res]:9 "LYS:9" (integer), size is 60000
	SECSTRUCT[res]:10 "LYS:10" (integer), size is 60000
	SECSTRUCT[res]:11 "GLU:11" (integer), size is 60000
	SECSTRUCT[res]:12 "GLU:12" (integer), size is 60000
	SECSTRUCT[res]:13 "GLU:13" (integer), size is 60000
	SECSTRUCT[res]:14 "GLU:14" (integer), size is 60000
	SECSTRUCT[res]:15 "ALA:15" (integer), size is 60000
	SECSTRUCT[res]:16 "ALA:16" (integer), size is 60000
	SECSTRUCT[res]:17 "ALA:17" (integer), size is 60000
	SECSTRUCT[res]:18 "ALA:18" (integer), size is 60000
	SECSTRUCT[res]:19 "LYS:19" (integer), size is 60000
	SECSTRUCT[res]:20 "LYS:20" (integer), size is 60000
	SECSTRUCT[res]:21 "LYS:21" (integer), size is 60000
	SECSTRUCT[res]:22 "LYS:22" (integer), size is 60000
	SECSTRUCT[res]:23 "GLU:23" (integer), size is 60000
	SECSTRUCT[res]:24 "GLU:24" (integer), size is 60000
	SECSTRUCT[res]:25 "GLU:25" (integer), size is 60000
	SECSTRUCT[res]:26 "GLU:26" (integer), size is 60000
	SECSTRUCT[res]:27 "ALA:27" (integer), size is 60000
	SECSTRUCT[res]:28 "ALA:28" (integer), size is 60000
	SECSTRUCT[res]:29 "ALA:29" (integer), size is 60000
	SECSTRUCT[res]:30 "ALA:30" (integer), size is 60000
	SECSTRUCT[res]:31 "GLY:31" (integer), size is 60000
	SECSTRUCT[res]:32 "TRP:32" (integer), size is 60000
	SECSTRUCT[res]:33 "NHE:33" (integer), size is 60000
	SECSTRUCT[avgss]:1 "Para" (double), size is 33
	SECSTRUCT[avgss]:2 "Anti" (double), size is 33
	SECSTRUCT[avgss]:3 "3-10" (double), size is 33
	SECSTRUCT[avgss]:4 "Alpha" (double), size is 33
	SECSTRUCT[avgss]:5 "Pi" (double), size is 33
	SECSTRUCT[avgss]:6 "Turn" (double), size is 33
	SECSTRUCT[avgss]:7 "Bend" (double), size is 33

DATAFILES (3 total):
  rmsd_to_ini.dat (Standard Data File):  RMSD_00002
  secstruct.dat (Standard Data File):  ACE:1 GLY:2 ALA:3 ALA:4 ... ALA:30 GLY:31 TRP:32 NHE:33
  secstruct.dat.sum (Standard Data File):  Para Anti 3-10 Alpha Pi Turn Bend

RUN TIMING:
TIME:		Init               : 0.0000 s (  0.00%)
TIME:		Trajectory Process : 290.7858 s ( 99.84%)
TIME:		Action Post        : 0.0001 s (  0.00%)
TIME:		Analysis           : 0.0000 s (  0.00%)
TIME:		Data File Write    : 0.4772 s (  0.16%)
TIME:		Other              : 0.0005 s (  0.00%)
TIME:	Run Total 291.2637 s
---------- RUN END ---------------------------------------------------
  [writedata helicity.dat SECSTRUCT[Alpha]]
	Writing sets to helicity.dat, format 'Standard Data File'
 SECSTRUCT[Alpha]
TIME: Total execution time: 291.5530 seconds.
--------------------------------------------------------------------------------
To cite CPPTRAJ use:
Daniel R. Roe and Thomas E. Cheatham, III, "PTRAJ and CPPTRAJ: Software for
  Processing and Analysis of Molecular Dynamics Trajectory Data". J. Chem.
  Theory Comput., 2013, 9 (7), pp 3084-3095.

igb5_ff14SB done

CPPTRAJ: Trajectory Analysis. V17.00
    ___  ___  ___  ___
     | \/ | \/ | \/ | 
    _|_/\_|_/\_|_/\_|_

| Date/time: 11/01/18 15:21:55
| Available memory: 108.140 GB

INPUT: Reading input from 'STDIN'
  [parm prot1_HMR.parm7]
	Reading 'prot1_HMR.parm7' as Amber Topology
	Radius Set: H(N)-modified Bondi radii (mbondi2)
  [trajin prot1_md1.nc]
	Reading 'prot1_md1.nc' as Amber NetCDF
  [trajin prot1_md2.nc]
	Reading 'prot1_md2.nc' as Amber NetCDF
  [reference prot1_HMR.rst7]
	Reading 'prot1_HMR.rst7' as Amber Restart
	Setting active reference for distance-based masks: 'prot1_HMR.rst7'
  [center :1-33 mass origin]
    CENTER: Centering coordinates using center of mass of atoms in mask (:1-33) to
	coordinate origin.
  [rms reference out rmsd_to_ini.dat '(@CA,C,N,O)']
    RMSD: ((@CA,C,N,O)), reference is "default_name" ((@CA,C,N,O)).
	Best-fit RMSD will be calculated, coords will be rotated and translated.
  [trajout prot1_md_centered.nc]
	Writing 'prot1_md_centered.nc' as Amber NetCDF
  [trajout prot1_md_centered.pdb onlyframes 1]
	Saving frames 1
	Writing 'prot1_md_centered.pdb' as PDB
  [secstruct SECSTRUCT out secstruct.dat]
    SECSTRUCT: Calculating secondary structure using mask [*]
	Dumping results to secstruct.dat
	Sum results to secstruct.dat.sum
	SS data for each residue will be stored as integers.
		0 = None
		1 = Para
		2 = Anti
		3 = 3-10
		4 = Alpha
		5 = Pi
		6 = Turn
		7 = Bend
	Backbone Atom Names: N=[N   ]  H=[H   ]  C=[C   ]  O=[O   ]  CA=[CA  ]
# Citation: Kabsch, W.; Sander, C.; "Dictionary of Protein Secondary Structure:
#           Pattern Recognition of Hydrogen-Bonded and Geometrical Features."
#           Biopolymers (1983), V.22, pp.2577-2637.
  [run]
---------- RUN BEGIN -------------------------------------------------

PARAMETER FILES (1 total):
 0: prot1_HMR.parm7, 463 atoms, 33 res, box: None, 1 mol

INPUT TRAJECTORIES (2 total):
 0: 'prot1_md1.nc' is a NetCDF AMBER trajectory, Parm prot1_HMR.parm7 (reading 20000 of 20000)
 1: 'prot1_md2.nc' is a NetCDF AMBER trajectory, Parm prot1_HMR.parm7 (reading 40000 of 40000)
  Coordinate processing will occur on 60000 frames.

REFERENCE FRAMES (1 total):
    0: prot1_HMR.rst7:1
	Active reference frame for distance-based masks is 'default_name'

OUTPUT TRAJECTORIES (2 total):
  'prot1_md_centered.nc' (60000 frames) is a NetCDF AMBER trajectory
  'prot1_md_centered.pdb' (60000 frames) is a PDB file: Writing frames 1

BEGIN TRAJECTORY PROCESSING:
.....................................................
ACTION SETUP FOR PARM 'prot1_HMR.parm7' (3 actions):
  0: [center :1-33 mass origin]
	Mask [:1-33] corresponds to 463 atoms.
  1: [rms reference out rmsd_to_ini.dat '(@CA,C,N,O)']
	Target mask: [(@CA,C,N,O)](127)
	Reference mask: [(@CA,C,N,O)](127)
  2: [secstruct SECSTRUCT out secstruct.dat]
Warning: Not all BB atoms found for 2 residues: ACE:1 NHE:33
Info: This is expected for Proline and terminal/non-standard residues.
Info: Expected BB atom names: N=[N   ]  H=[H   ]  C=[C   ]  O=[O   ]  CA=[CA  ]
Info: Re-run with action debug level >= 1 to see which residues are missing atoms.
	Mask [*] corresponds to 33 residues.
----- prot1_md1.nc (1-20000, 1) -----
 0% 10% 20% 30% 
----- prot1_md2.nc (1-40000, 1) -----
40% 50% 60% 70% 80% 90% 100% Complete.

Read 60000 frames and processed 60000 frames.
TIME: Avg. throughput= 182.0632 frames / second.

ACTION OUTPUT:

DATASETS (49 total):
	RMSD_00002 "RMSD_00002" (double, rms), size is 60000
	SECSTRUCT[None] "SECSTRUCT[None]" (float), size is 60000
	SECSTRUCT[Para] "SECSTRUCT[Para]" (float), size is 60000
	SECSTRUCT[Anti] "SECSTRUCT[Anti]" (float), size is 60000
	SECSTRUCT[3-10] "SECSTRUCT[3-10]" (float), size is 60000
	SECSTRUCT[Alpha] "SECSTRUCT[Alpha]" (float), size is 60000
	SECSTRUCT[Pi] "SECSTRUCT[Pi]" (float), size is 60000
	SECSTRUCT[Turn] "SECSTRUCT[Turn]" (float), size is 60000
	SECSTRUCT[Bend] "SECSTRUCT[Bend]" (float), size is 60000
	SECSTRUCT[res]:1 "ACE:1" (integer), size is 60000
	SECSTRUCT[res]:2 "GLY:2" (integer), size is 60000
	SECSTRUCT[res]:3 "ALA:3" (integer), size is 60000
	SECSTRUCT[res]:4 "ALA:4" (integer), size is 60000
	SECSTRUCT[res]:5 "ALA:5" (integer), size is 60000
	SECSTRUCT[res]:6 "ALA:6" (integer), size is 60000
	SECSTRUCT[res]:7 "LYS:7" (integer), size is 60000
	SECSTRUCT[res]:8 "LYS:8" (integer), size is 60000
	SECSTRUCT[res]:9 "LYS:9" (integer), size is 60000
	SECSTRUCT[res]:10 "LYS:10" (integer), size is 60000
	SECSTRUCT[res]:11 "GLU:11" (integer), size is 60000
	SECSTRUCT[res]:12 "GLU:12" (integer), size is 60000
	SECSTRUCT[res]:13 "GLU:13" (integer), size is 60000
	SECSTRUCT[res]:14 "GLU:14" (integer), size is 60000
	SECSTRUCT[res]:15 "ALA:15" (integer), size is 60000
	SECSTRUCT[res]:16 "ALA:16" (integer), size is 60000
	SECSTRUCT[res]:17 "ALA:17" (integer), size is 60000
	SECSTRUCT[res]:18 "ALA:18" (integer), size is 60000
	SECSTRUCT[res]:19 "LYS:19" (integer), size is 60000
	SECSTRUCT[res]:20 "LYS:20" (integer), size is 60000
	SECSTRUCT[res]:21 "LYS:21" (integer), size is 60000
	SECSTRUCT[res]:22 "LYS:22" (integer), size is 60000
	SECSTRUCT[res]:23 "GLU:23" (integer), size is 60000
	SECSTRUCT[res]:24 "GLU:24" (integer), size is 60000
	SECSTRUCT[res]:25 "GLU:25" (integer), size is 60000
	SECSTRUCT[res]:26 "GLU:26" (integer), size is 60000
	SECSTRUCT[res]:27 "ALA:27" (integer), size is 60000
	SECSTRUCT[res]:28 "ALA:28" (integer), size is 60000
	SECSTRUCT[res]:29 "ALA:29" (integer), size is 60000
	SECSTRUCT[res]:30 "ALA:30" (integer), size is 60000
	SECSTRUCT[res]:31 "GLY:31" (integer), size is 60000
	SECSTRUCT[res]:32 "TRP:32" (integer), size is 60000
	SECSTRUCT[res]:33 "NHE:33" (integer), size is 60000
	SECSTRUCT[avgss]:1 "Para" (double), size is 33
	SECSTRUCT[avgss]:2 "Anti" (double), size is 33
	SECSTRUCT[avgss]:3 "3-10" (double), size is 33
	SECSTRUCT[avgss]:4 "Alpha" (double), size is 33
	SECSTRUCT[avgss]:5 "Pi" (double), size is 33
	SECSTRUCT[avgss]:6 "Turn" (double), size is 33
	SECSTRUCT[avgss]:7 "Bend" (double), size is 33

DATAFILES (3 total):
  rmsd_to_ini.dat (Standard Data File):  RMSD_00002
  secstruct.dat (Standard Data File):  ACE:1 GLY:2 ALA:3 ALA:4 ... ALA:30 GLY:31 TRP:32 NHE:33
  secstruct.dat.sum (Standard Data File):  Para Anti 3-10 Alpha Pi Turn Bend

RUN TIMING:
TIME:		Init               : 0.0000 s (  0.00%)
TIME:		Trajectory Process : 329.5559 s ( 99.82%)
TIME:		Action Post        : 0.0001 s (  0.00%)
TIME:		Analysis           : 0.0000 s (  0.00%)
TIME:		Data File Write    : 0.5948 s (  0.18%)
TIME:		Other              : 0.0004 s (  0.00%)
TIME:	Run Total 330.1512 s
---------- RUN END ---------------------------------------------------
  [writedata helicity.dat SECSTRUCT[Alpha]]
	Writing sets to helicity.dat, format 'Standard Data File'
 SECSTRUCT[Alpha]
TIME: Total execution time: 330.3870 seconds.
--------------------------------------------------------------------------------
To cite CPPTRAJ use:
Daniel R. Roe and Thomas E. Cheatham, III, "PTRAJ and CPPTRAJ: Software for
  Processing and Analysis of Molecular Dynamics Trajectory Data". J. Chem.
  Theory Comput., 2013, 9 (7), pp 3084-3095.

igb5_ff14SBonlysc done

CPPTRAJ: Trajectory Analysis. V17.00
    ___  ___  ___  ___
     | \/ | \/ | \/ | 
    _|_/\_|_/\_|_/\_|_

| Date/time: 11/01/18 15:27:26
| Available memory: 108.134 GB

INPUT: Reading input from 'STDIN'
  [parm prot1_HMR.parm7]
	Reading 'prot1_HMR.parm7' as Amber Topology
	Radius Set: H(N)-modified Bondi radii (mbondi2)
  [trajin prot1_md1.nc]
	Reading 'prot1_md1.nc' as Amber NetCDF
  [trajin prot1_md2.nc]
	Reading 'prot1_md2.nc' as Amber NetCDF
  [reference prot1_HMR.rst7]
	Reading 'prot1_HMR.rst7' as Amber Restart
	Setting active reference for distance-based masks: 'prot1_HMR.rst7'
  [center :1-33 mass origin]
    CENTER: Centering coordinates using center of mass of atoms in mask (:1-33) to
	coordinate origin.
  [rms reference out rmsd_to_ini.dat '(@CA,C,N,O)']
    RMSD: ((@CA,C,N,O)), reference is "default_name" ((@CA,C,N,O)).
	Best-fit RMSD will be calculated, coords will be rotated and translated.
  [trajout prot1_md_centered.nc]
	Writing 'prot1_md_centered.nc' as Amber NetCDF
  [trajout prot1_md_centered.pdb onlyframes 1]
	Saving frames 1
	Writing 'prot1_md_centered.pdb' as PDB
  [secstruct SECSTRUCT out secstruct.dat]
    SECSTRUCT: Calculating secondary structure using mask [*]
	Dumping results to secstruct.dat
	Sum results to secstruct.dat.sum
	SS data for each residue will be stored as integers.
		0 = None
		1 = Para
		2 = Anti
		3 = 3-10
		4 = Alpha
		5 = Pi
		6 = Turn
		7 = Bend
	Backbone Atom Names: N=[N   ]  H=[H   ]  C=[C   ]  O=[O   ]  CA=[CA  ]
# Citation: Kabsch, W.; Sander, C.; "Dictionary of Protein Secondary Structure:
#           Pattern Recognition of Hydrogen-Bonded and Geometrical Features."
#           Biopolymers (1983), V.22, pp.2577-2637.
  [run]
---------- RUN BEGIN -------------------------------------------------

PARAMETER FILES (1 total):
 0: prot1_HMR.parm7, 463 atoms, 33 res, box: None, 1 mol

INPUT TRAJECTORIES (2 total):
 0: 'prot1_md1.nc' is a NetCDF AMBER trajectory, Parm prot1_HMR.parm7 (reading 20000 of 20000)
 1: 'prot1_md2.nc' is a NetCDF AMBER trajectory, Parm prot1_HMR.parm7 (reading 40000 of 40000)
  Coordinate processing will occur on 60000 frames.

REFERENCE FRAMES (1 total):
    0: prot1_HMR.rst7:1
	Active reference frame for distance-based masks is 'default_name'

OUTPUT TRAJECTORIES (2 total):
  'prot1_md_centered.nc' (60000 frames) is a NetCDF AMBER trajectory
  'prot1_md_centered.pdb' (60000 frames) is a PDB file: Writing frames 1

BEGIN TRAJECTORY PROCESSING:
.....................................................
ACTION SETUP FOR PARM 'prot1_HMR.parm7' (3 actions):
  0: [center :1-33 mass origin]
	Mask [:1-33] corresponds to 463 atoms.
  1: [rms reference out rmsd_to_ini.dat '(@CA,C,N,O)']
	Target mask: [(@CA,C,N,O)](127)
	Reference mask: [(@CA,C,N,O)](127)
  2: [secstruct SECSTRUCT out secstruct.dat]
Warning: Not all BB atoms found for 2 residues: ACE:1 NHE:33
Info: This is expected for Proline and terminal/non-standard residues.
Info: Expected BB atom names: N=[N   ]  H=[H   ]  C=[C   ]  O=[O   ]  CA=[CA  ]
Info: Re-run with action debug level >= 1 to see which residues are missing atoms.
	Mask [*] corresponds to 33 residues.
----- prot1_md1.nc (1-20000, 1) -----
 0% 10% 20% 30% 
----- prot1_md2.nc (1-40000, 1) -----
40% 50% 60% 70% 80% 90% 100% Complete.

Read 60000 frames and processed 60000 frames.
TIME: Avg. throughput= 133.2813 frames / second.

ACTION OUTPUT:

DATASETS (49 total):
	RMSD_00002 "RMSD_00002" (double, rms), size is 60000
	SECSTRUCT[None] "SECSTRUCT[None]" (float), size is 60000
	SECSTRUCT[Para] "SECSTRUCT[Para]" (float), size is 60000
	SECSTRUCT[Anti] "SECSTRUCT[Anti]" (float), size is 60000
	SECSTRUCT[3-10] "SECSTRUCT[3-10]" (float), size is 60000
	SECSTRUCT[Alpha] "SECSTRUCT[Alpha]" (float), size is 60000
	SECSTRUCT[Pi] "SECSTRUCT[Pi]" (float), size is 60000
	SECSTRUCT[Turn] "SECSTRUCT[Turn]" (float), size is 60000
	SECSTRUCT[Bend] "SECSTRUCT[Bend]" (float), size is 60000
	SECSTRUCT[res]:1 "ACE:1" (integer), size is 60000
	SECSTRUCT[res]:2 "GLY:2" (integer), size is 60000
	SECSTRUCT[res]:3 "ALA:3" (integer), size is 60000
	SECSTRUCT[res]:4 "ALA:4" (integer), size is 60000
	SECSTRUCT[res]:5 "ALA:5" (integer), size is 60000
	SECSTRUCT[res]:6 "ALA:6" (integer), size is 60000
	SECSTRUCT[res]:7 "LYS:7" (integer), size is 60000
	SECSTRUCT[res]:8 "LYS:8" (integer), size is 60000
	SECSTRUCT[res]:9 "LYS:9" (integer), size is 60000
	SECSTRUCT[res]:10 "LYS:10" (integer), size is 60000
	SECSTRUCT[res]:11 "GLU:11" (integer), size is 60000
	SECSTRUCT[res]:12 "GLU:12" (integer), size is 60000
	SECSTRUCT[res]:13 "GLU:13" (integer), size is 60000
	SECSTRUCT[res]:14 "GLU:14" (integer), size is 60000
	SECSTRUCT[res]:15 "ALA:15" (integer), size is 60000
	SECSTRUCT[res]:16 "ALA:16" (integer), size is 60000
	SECSTRUCT[res]:17 "ALA:17" (integer), size is 60000
	SECSTRUCT[res]:18 "ALA:18" (integer), size is 60000
	SECSTRUCT[res]:19 "LYS:19" (integer), size is 60000
	SECSTRUCT[res]:20 "LYS:20" (integer), size is 60000
	SECSTRUCT[res]:21 "LYS:21" (integer), size is 60000
	SECSTRUCT[res]:22 "LYS:22" (integer), size is 60000
	SECSTRUCT[res]:23 "GLU:23" (integer), size is 60000
	SECSTRUCT[res]:24 "GLU:24" (integer), size is 60000
	SECSTRUCT[res]:25 "GLU:25" (integer), size is 60000
	SECSTRUCT[res]:26 "GLU:26" (integer), size is 60000
	SECSTRUCT[res]:27 "ALA:27" (integer), size is 60000
	SECSTRUCT[res]:28 "ALA:28" (integer), size is 60000
	SECSTRUCT[res]:29 "ALA:29" (integer), size is 60000
	SECSTRUCT[res]:30 "ALA:30" (integer), size is 60000
	SECSTRUCT[res]:31 "GLY:31" (integer), size is 60000
	SECSTRUCT[res]:32 "TRP:32" (integer), size is 60000
	SECSTRUCT[res]:33 "NHE:33" (integer), size is 60000
	SECSTRUCT[avgss]:1 "Para" (double), size is 33
	SECSTRUCT[avgss]:2 "Anti" (double), size is 33
	SECSTRUCT[avgss]:3 "3-10" (double), size is 33
	SECSTRUCT[avgss]:4 "Alpha" (double), size is 33
	SECSTRUCT[avgss]:5 "Pi" (double), size is 33
	SECSTRUCT[avgss]:6 "Turn" (double), size is 33
	SECSTRUCT[avgss]:7 "Bend" (double), size is 33

DATAFILES (3 total):
  rmsd_to_ini.dat (Standard Data File):  RMSD_00002
  secstruct.dat (Standard Data File):  ACE:1 GLY:2 ALA:3 ALA:4 ... ALA:30 GLY:31 TRP:32 NHE:33
  secstruct.dat.sum (Standard Data File):  Para Anti 3-10 Alpha Pi Turn Bend

RUN TIMING:
TIME:		Init               : 0.0000 s (  0.00%)
TIME:		Trajectory Process : 450.1756 s ( 99.89%)
TIME:		Action Post        : 0.0001 s (  0.00%)
TIME:		Analysis           : 0.0000 s (  0.00%)
TIME:		Data File Write    : 0.4804 s (  0.11%)
TIME:		Other              : 0.0004 s (  0.00%)
TIME:	Run Total 450.6565 s
---------- RUN END ---------------------------------------------------
  [writedata helicity.dat SECSTRUCT[Alpha]]
	Writing sets to helicity.dat, format 'Standard Data File'
 SECSTRUCT[Alpha]
TIME: Total execution time: 450.9207 seconds.
--------------------------------------------------------------------------------
To cite CPPTRAJ use:
Daniel R. Roe and Thomas E. Cheatham, III, "PTRAJ and CPPTRAJ: Software for
  Processing and Analysis of Molecular Dynamics Trajectory Data". J. Chem.
  Theory Comput., 2013, 9 (7), pp 3084-3095.

igb5_ff03.r1 done

CPPTRAJ: Trajectory Analysis. V17.00
    ___  ___  ___  ___
     | \/ | \/ | \/ | 
    _|_/\_|_/\_|_/\_|_

| Date/time: 11/01/18 15:34:57
| Available memory: 108.112 GB

INPUT: Reading input from 'STDIN'
  [parm prot1_HMR.parm7]
	Reading 'prot1_HMR.parm7' as Amber Topology
	Radius Set: H(N)-modified Bondi radii (mbondi2)
  [trajin prot1_md1.nc]
	Reading 'prot1_md1.nc' as Amber NetCDF
  [trajin prot1_md2.nc]
	Reading 'prot1_md2.nc' as Amber NetCDF
  [reference prot1_HMR.rst7]
	Reading 'prot1_HMR.rst7' as Amber Restart
	Setting active reference for distance-based masks: 'prot1_HMR.rst7'
  [center :1-33 mass origin]
    CENTER: Centering coordinates using center of mass of atoms in mask (:1-33) to
	coordinate origin.
  [rms reference out rmsd_to_ini.dat '(@CA,C,N,O)']
    RMSD: ((@CA,C,N,O)), reference is "default_name" ((@CA,C,N,O)).
	Best-fit RMSD will be calculated, coords will be rotated and translated.
  [trajout prot1_md_centered.nc]
	Writing 'prot1_md_centered.nc' as Amber NetCDF
  [trajout prot1_md_centered.pdb onlyframes 1]
	Saving frames 1
	Writing 'prot1_md_centered.pdb' as PDB
  [secstruct SECSTRUCT out secstruct.dat]
    SECSTRUCT: Calculating secondary structure using mask [*]
	Dumping results to secstruct.dat
	Sum results to secstruct.dat.sum
	SS data for each residue will be stored as integers.
		0 = None
		1 = Para
		2 = Anti
		3 = 3-10
		4 = Alpha
		5 = Pi
		6 = Turn
		7 = Bend
	Backbone Atom Names: N=[N   ]  H=[H   ]  C=[C   ]  O=[O   ]  CA=[CA  ]
# Citation: Kabsch, W.; Sander, C.; "Dictionary of Protein Secondary Structure:
#           Pattern Recognition of Hydrogen-Bonded and Geometrical Features."
#           Biopolymers (1983), V.22, pp.2577-2637.
  [run]
---------- RUN BEGIN -------------------------------------------------

PARAMETER FILES (1 total):
 0: prot1_HMR.parm7, 463 atoms, 33 res, box: None, 1 mol

INPUT TRAJECTORIES (2 total):
 0: 'prot1_md1.nc' is a NetCDF AMBER trajectory, Parm prot1_HMR.parm7 (reading 20000 of 20000)
 1: 'prot1_md2.nc' is a NetCDF AMBER trajectory, Parm prot1_HMR.parm7 (reading 40000 of 40000)
  Coordinate processing will occur on 60000 frames.

REFERENCE FRAMES (1 total):
    0: prot1_HMR.rst7:1
	Active reference frame for distance-based masks is 'default_name'

OUTPUT TRAJECTORIES (2 total):
  'prot1_md_centered.nc' (60000 frames) is a NetCDF AMBER trajectory
  'prot1_md_centered.pdb' (60000 frames) is a PDB file: Writing frames 1

BEGIN TRAJECTORY PROCESSING:
.....................................................
ACTION SETUP FOR PARM 'prot1_HMR.parm7' (3 actions):
  0: [center :1-33 mass origin]
	Mask [:1-33] corresponds to 463 atoms.
  1: [rms reference out rmsd_to_ini.dat '(@CA,C,N,O)']
	Target mask: [(@CA,C,N,O)](127)
	Reference mask: [(@CA,C,N,O)](127)
  2: [secstruct SECSTRUCT out secstruct.dat]
Warning: Not all BB atoms found for 2 residues: ACE:1 NHE:33
Info: This is expected for Proline and terminal/non-standard residues.
Info: Expected BB atom names: N=[N   ]  H=[H   ]  C=[C   ]  O=[O   ]  CA=[CA  ]
Info: Re-run with action debug level >= 1 to see which residues are missing atoms.
	Mask [*] corresponds to 33 residues.
----- prot1_md1.nc (1-20000, 1) -----
 0% 10% 20% 30% 
----- prot1_md2.nc (1-40000, 1) -----
40% 50% 60% 70% 80% 90% 100% Complete.

Read 60000 frames and processed 60000 frames.
TIME: Avg. throughput= 129.3807 frames / second.

ACTION OUTPUT:

DATASETS (49 total):
	RMSD_00002 "RMSD_00002" (double, rms), size is 60000
	SECSTRUCT[None] "SECSTRUCT[None]" (float), size is 60000
	SECSTRUCT[Para] "SECSTRUCT[Para]" (float), size is 60000
	SECSTRUCT[Anti] "SECSTRUCT[Anti]" (float), size is 60000
	SECSTRUCT[3-10] "SECSTRUCT[3-10]" (float), size is 60000
	SECSTRUCT[Alpha] "SECSTRUCT[Alpha]" (float), size is 60000
	SECSTRUCT[Pi] "SECSTRUCT[Pi]" (float), size is 60000
	SECSTRUCT[Turn] "SECSTRUCT[Turn]" (float), size is 60000
	SECSTRUCT[Bend] "SECSTRUCT[Bend]" (float), size is 60000
	SECSTRUCT[res]:1 "ACE:1" (integer), size is 60000
	SECSTRUCT[res]:2 "GLY:2" (integer), size is 60000
	SECSTRUCT[res]:3 "ALA:3" (integer), size is 60000
	SECSTRUCT[res]:4 "ALA:4" (integer), size is 60000
	SECSTRUCT[res]:5 "ALA:5" (integer), size is 60000
	SECSTRUCT[res]:6 "ALA:6" (integer), size is 60000
	SECSTRUCT[res]:7 "LYS:7" (integer), size is 60000
	SECSTRUCT[res]:8 "LYS:8" (integer), size is 60000
	SECSTRUCT[res]:9 "LYS:9" (integer), size is 60000
	SECSTRUCT[res]:10 "LYS:10" (integer), size is 60000
	SECSTRUCT[res]:11 "GLU:11" (integer), size is 60000
	SECSTRUCT[res]:12 "GLU:12" (integer), size is 60000
	SECSTRUCT[res]:13 "GLU:13" (integer), size is 60000
	SECSTRUCT[res]:14 "GLU:14" (integer), size is 60000
	SECSTRUCT[res]:15 "ALA:15" (integer), size is 60000
	SECSTRUCT[res]:16 "ALA:16" (integer), size is 60000
	SECSTRUCT[res]:17 "ALA:17" (integer), size is 60000
	SECSTRUCT[res]:18 "ALA:18" (integer), size is 60000
	SECSTRUCT[res]:19 "LYS:19" (integer), size is 60000
	SECSTRUCT[res]:20 "LYS:20" (integer), size is 60000
	SECSTRUCT[res]:21 "LYS:21" (integer), size is 60000
	SECSTRUCT[res]:22 "LYS:22" (integer), size is 60000
	SECSTRUCT[res]:23 "GLU:23" (integer), size is 60000
	SECSTRUCT[res]:24 "GLU:24" (integer), size is 60000
	SECSTRUCT[res]:25 "GLU:25" (integer), size is 60000
	SECSTRUCT[res]:26 "GLU:26" (integer), size is 60000
	SECSTRUCT[res]:27 "ALA:27" (integer), size is 60000
	SECSTRUCT[res]:28 "ALA:28" (integer), size is 60000
	SECSTRUCT[res]:29 "ALA:29" (integer), size is 60000
	SECSTRUCT[res]:30 "ALA:30" (integer), size is 60000
	SECSTRUCT[res]:31 "GLY:31" (integer), size is 60000
	SECSTRUCT[res]:32 "TRP:32" (integer), size is 60000
	SECSTRUCT[res]:33 "NHE:33" (integer), size is 60000
	SECSTRUCT[avgss]:1 "Para" (double), size is 33
	SECSTRUCT[avgss]:2 "Anti" (double), size is 33
	SECSTRUCT[avgss]:3 "3-10" (double), size is 33
	SECSTRUCT[avgss]:4 "Alpha" (double), size is 33
	SECSTRUCT[avgss]:5 "Pi" (double), size is 33
	SECSTRUCT[avgss]:6 "Turn" (double), size is 33
	SECSTRUCT[avgss]:7 "Bend" (double), size is 33

DATAFILES (3 total):
  rmsd_to_ini.dat (Standard Data File):  RMSD_00002
  secstruct.dat (Standard Data File):  ACE:1 GLY:2 ALA:3 ALA:4 ... ALA:30 GLY:31 TRP:32 NHE:33
  secstruct.dat.sum (Standard Data File):  Para Anti 3-10 Alpha Pi Turn Bend

RUN TIMING:
TIME:		Init               : 0.0000 s (  0.00%)
TIME:		Trajectory Process : 463.7477 s ( 99.89%)
TIME:		Action Post        : 0.0001 s (  0.00%)
TIME:		Analysis           : 0.0000 s (  0.00%)
TIME:		Data File Write    : 0.5103 s (  0.11%)
TIME:		Other              : 0.0004 s (  0.00%)
TIME:	Run Total 464.2586 s
---------- RUN END ---------------------------------------------------
  [writedata helicity.dat SECSTRUCT[Alpha]]
	Writing sets to helicity.dat, format 'Standard Data File'
 SECSTRUCT[Alpha]
TIME: Total execution time: 464.4757 seconds.
--------------------------------------------------------------------------------
To cite CPPTRAJ use:
Daniel R. Roe and Thomas E. Cheatham, III, "PTRAJ and CPPTRAJ: Software for
  Processing and Analysis of Molecular Dynamics Trajectory Data". J. Chem.
  Theory Comput., 2013, 9 (7), pp 3084-3095.

igb5_fb15 done

CPPTRAJ: Trajectory Analysis. V17.00
    ___  ___  ___  ___
     | \/ | \/ | \/ | 
    _|_/\_|_/\_|_/\_|_

| Date/time: 11/01/18 15:42:41
| Available memory: 108.103 GB

INPUT: Reading input from 'STDIN'
  [parm prot1_HMR.parm7]
	Reading 'prot1_HMR.parm7' as Amber Topology
	Radius Set: H(N)-modified Bondi radii (mbondi2)
  [trajin prot1_md1.nc]
	Reading 'prot1_md1.nc' as Amber NetCDF
  [trajin prot1_md2.nc]
	Reading 'prot1_md2.nc' as Amber NetCDF
  [reference prot1_HMR.rst7]
	Reading 'prot1_HMR.rst7' as Amber Restart
	Setting active reference for distance-based masks: 'prot1_HMR.rst7'
  [center :1-33 mass origin]
    CENTER: Centering coordinates using center of mass of atoms in mask (:1-33) to
	coordinate origin.
  [rms reference out rmsd_to_ini.dat '(@CA,C,N,O)']
    RMSD: ((@CA,C,N,O)), reference is "default_name" ((@CA,C,N,O)).
	Best-fit RMSD will be calculated, coords will be rotated and translated.
  [trajout prot1_md_centered.nc]
	Writing 'prot1_md_centered.nc' as Amber NetCDF
  [trajout prot1_md_centered.pdb onlyframes 1]
	Saving frames 1
	Writing 'prot1_md_centered.pdb' as PDB
  [secstruct SECSTRUCT out secstruct.dat]
    SECSTRUCT: Calculating secondary structure using mask [*]
	Dumping results to secstruct.dat
	Sum results to secstruct.dat.sum
	SS data for each residue will be stored as integers.
		0 = None
		1 = Para
		2 = Anti
		3 = 3-10
		4 = Alpha
		5 = Pi
		6 = Turn
		7 = Bend
	Backbone Atom Names: N=[N   ]  H=[H   ]  C=[C   ]  O=[O   ]  CA=[CA  ]
# Citation: Kabsch, W.; Sander, C.; "Dictionary of Protein Secondary Structure:
#           Pattern Recognition of Hydrogen-Bonded and Geometrical Features."
#           Biopolymers (1983), V.22, pp.2577-2637.
  [run]
---------- RUN BEGIN -------------------------------------------------

PARAMETER FILES (1 total):
 0: prot1_HMR.parm7, 463 atoms, 33 res, box: None, 1 mol

INPUT TRAJECTORIES (2 total):
 0: 'prot1_md1.nc' is a NetCDF AMBER trajectory, Parm prot1_HMR.parm7 (reading 2067 of 2067)
 1: 'prot1_md2.nc' is a NetCDF AMBER trajectory, Parm prot1_HMR.parm7 (reading 40000 of 40000)
  Coordinate processing will occur on 42067 frames.

REFERENCE FRAMES (1 total):
    0: prot1_HMR.rst7:1
	Active reference frame for distance-based masks is 'default_name'

OUTPUT TRAJECTORIES (2 total):
  'prot1_md_centered.nc' (42067 frames) is a NetCDF AMBER trajectory
  'prot1_md_centered.pdb' (42067 frames) is a PDB file: Writing frames 1

BEGIN TRAJECTORY PROCESSING:
.....................................................
ACTION SETUP FOR PARM 'prot1_HMR.parm7' (3 actions):
  0: [center :1-33 mass origin]
	Mask [:1-33] corresponds to 463 atoms.
  1: [rms reference out rmsd_to_ini.dat '(@CA,C,N,O)']
	Target mask: [(@CA,C,N,O)](127)
	Reference mask: [(@CA,C,N,O)](127)
  2: [secstruct SECSTRUCT out secstruct.dat]
Warning: Not all BB atoms found for 2 residues: ACE:1 NHE:33
Info: This is expected for Proline and terminal/non-standard residues.
Info: Expected BB atom names: N=[N   ]  H=[H   ]  C=[C   ]  O=[O   ]  CA=[CA  ]
Info: Re-run with action debug level >= 1 to see which residues are missing atoms.
	Mask [*] corresponds to 33 residues.
----- prot1_md1.nc (1-2067, 1) -----
 0% 
----- prot1_md2.nc (1-40000, 1) -----
10% 20% 30% 40% 50% 60% 70% 80% 90% 100% Complete.

Read 42067 frames and processed 42067 frames.
TIME: Avg. throughput= 141.6349 frames / second.

ACTION OUTPUT:

DATASETS (49 total):
	RMSD_00002 "RMSD_00002" (double, rms), size is 42067
	SECSTRUCT[None] "SECSTRUCT[None]" (float), size is 42067
	SECSTRUCT[Para] "SECSTRUCT[Para]" (float), size is 42067
	SECSTRUCT[Anti] "SECSTRUCT[Anti]" (float), size is 42067
	SECSTRUCT[3-10] "SECSTRUCT[3-10]" (float), size is 42067
	SECSTRUCT[Alpha] "SECSTRUCT[Alpha]" (float), size is 42067
	SECSTRUCT[Pi] "SECSTRUCT[Pi]" (float), size is 42067
	SECSTRUCT[Turn] "SECSTRUCT[Turn]" (float), size is 42067
	SECSTRUCT[Bend] "SECSTRUCT[Bend]" (float), size is 42067
	SECSTRUCT[res]:1 "ACE:1" (integer), size is 42067
	SECSTRUCT[res]:2 "GLY:2" (integer), size is 42067
	SECSTRUCT[res]:3 "ALA:3" (integer), size is 42067
	SECSTRUCT[res]:4 "ALA:4" (integer), size is 42067
	SECSTRUCT[res]:5 "ALA:5" (integer), size is 42067
	SECSTRUCT[res]:6 "ALA:6" (integer), size is 42067
	SECSTRUCT[res]:7 "LYS:7" (integer), size is 42067
	SECSTRUCT[res]:8 "LYS:8" (integer), size is 42067
	SECSTRUCT[res]:9 "LYS:9" (integer), size is 42067
	SECSTRUCT[res]:10 "LYS:10" (integer), size is 42067
	SECSTRUCT[res]:11 "GLU:11" (integer), size is 42067
	SECSTRUCT[res]:12 "GLU:12" (integer), size is 42067
	SECSTRUCT[res]:13 "GLU:13" (integer), size is 42067
	SECSTRUCT[res]:14 "GLU:14" (integer), size is 42067
	SECSTRUCT[res]:15 "ALA:15" (integer), size is 42067
	SECSTRUCT[res]:16 "ALA:16" (integer), size is 42067
	SECSTRUCT[res]:17 "ALA:17" (integer), size is 42067
	SECSTRUCT[res]:18 "ALA:18" (integer), size is 42067
	SECSTRUCT[res]:19 "LYS:19" (integer), size is 42067
	SECSTRUCT[res]:20 "LYS:20" (integer), size is 42067
	SECSTRUCT[res]:21 "LYS:21" (integer), size is 42067
	SECSTRUCT[res]:22 "LYS:22" (integer), size is 42067
	SECSTRUCT[res]:23 "GLU:23" (integer), size is 42067
	SECSTRUCT[res]:24 "GLU:24" (integer), size is 42067
	SECSTRUCT[res]:25 "GLU:25" (integer), size is 42067
	SECSTRUCT[res]:26 "GLU:26" (integer), size is 42067
	SECSTRUCT[res]:27 "ALA:27" (integer), size is 42067
	SECSTRUCT[res]:28 "ALA:28" (integer), size is 42067
	SECSTRUCT[res]:29 "ALA:29" (integer), size is 42067
	SECSTRUCT[res]:30 "ALA:30" (integer), size is 42067
	SECSTRUCT[res]:31 "GLY:31" (integer), size is 42067
	SECSTRUCT[res]:32 "TRP:32" (integer), size is 42067
	SECSTRUCT[res]:33 "NHE:33" (integer), size is 42067
	SECSTRUCT[avgss]:1 "Para" (double), size is 33
	SECSTRUCT[avgss]:2 "Anti" (double), size is 33
	SECSTRUCT[avgss]:3 "3-10" (double), size is 33
	SECSTRUCT[avgss]:4 "Alpha" (double), size is 33
	SECSTRUCT[avgss]:5 "Pi" (double), size is 33
	SECSTRUCT[avgss]:6 "Turn" (double), size is 33
	SECSTRUCT[avgss]:7 "Bend" (double), size is 33

DATAFILES (3 total):
  rmsd_to_ini.dat (Standard Data File):  RMSD_00002
  secstruct.dat (Standard Data File):  ACE:1 GLY:2 ALA:3 ALA:4 ... ALA:30 GLY:31 TRP:32 NHE:33
  secstruct.dat.sum (Standard Data File):  Para Anti 3-10 Alpha Pi Turn Bend

RUN TIMING:
TIME:		Init               : 0.0000 s (  0.00%)
TIME:		Trajectory Process : 297.0101 s ( 99.88%)
TIME:		Action Post        : 0.0001 s (  0.00%)
TIME:		Analysis           : 0.0000 s (  0.00%)
TIME:		Data File Write    : 0.3482 s (  0.12%)
TIME:		Other              : 0.0009 s (  0.00%)
TIME:	Run Total 297.3593 s
---------- RUN END ---------------------------------------------------
  [writedata helicity.dat SECSTRUCT[Alpha]]
	Writing sets to helicity.dat, format 'Standard Data File'
 SECSTRUCT[Alpha]
TIME: Total execution time: 297.5947 seconds.
--------------------------------------------------------------------------------
To cite CPPTRAJ use:
Daniel R. Roe and Thomas E. Cheatham, III, "PTRAJ and CPPTRAJ: Software for
  Processing and Analysis of Molecular Dynamics Trajectory Data". J. Chem.
  Theory Comput., 2013, 9 (7), pp 3084-3095.

igb5_ff15ipq done

CPPTRAJ: Trajectory Analysis. V17.00
    ___  ___  ___  ___
     | \/ | \/ | \/ | 
    _|_/\_|_/\_|_/\_|_

| Date/time: 11/01/18 15:47:39
| Available memory: 108.129 GB

INPUT: Reading input from 'STDIN'
  [parm prot1_HMR.parm7]
	Reading 'prot1_HMR.parm7' as Amber Topology
	Radius Set: H(N)-modified Bondi radii (mbondi2)
  [trajin prot1_md1.nc]
	Reading 'prot1_md1.nc' as Amber NetCDF
  [trajin prot1_md2.nc]
	Reading 'prot1_md2.nc' as Amber NetCDF
  [reference prot1_HMR.rst7]
	Reading 'prot1_HMR.rst7' as Amber Restart
	Setting active reference for distance-based masks: 'prot1_HMR.rst7'
  [center :1-33 mass origin]
    CENTER: Centering coordinates using center of mass of atoms in mask (:1-33) to
	coordinate origin.
  [rms reference out rmsd_to_ini.dat '(@CA,C,N,O)']
    RMSD: ((@CA,C,N,O)), reference is "default_name" ((@CA,C,N,O)).
	Best-fit RMSD will be calculated, coords will be rotated and translated.
  [trajout prot1_md_centered.nc]
	Writing 'prot1_md_centered.nc' as Amber NetCDF
  [trajout prot1_md_centered.pdb onlyframes 1]
	Saving frames 1
	Writing 'prot1_md_centered.pdb' as PDB
  [secstruct SECSTRUCT out secstruct.dat]
    SECSTRUCT: Calculating secondary structure using mask [*]
	Dumping results to secstruct.dat
	Sum results to secstruct.dat.sum
	SS data for each residue will be stored as integers.
		0 = None
		1 = Para
		2 = Anti
		3 = 3-10
		4 = Alpha
		5 = Pi
		6 = Turn
		7 = Bend
	Backbone Atom Names: N=[N   ]  H=[H   ]  C=[C   ]  O=[O   ]  CA=[CA  ]
# Citation: Kabsch, W.; Sander, C.; "Dictionary of Protein Secondary Structure:
#           Pattern Recognition of Hydrogen-Bonded and Geometrical Features."
#           Biopolymers (1983), V.22, pp.2577-2637.
  [run]
---------- RUN BEGIN -------------------------------------------------

PARAMETER FILES (1 total):
 0: prot1_HMR.parm7, 463 atoms, 33 res, box: None, 1 mol

INPUT TRAJECTORIES (2 total):
 0: 'prot1_md1.nc' is a NetCDF AMBER trajectory, Parm prot1_HMR.parm7 (reading 20000 of 20000)
 1: 'prot1_md2.nc' is a NetCDF AMBER trajectory, Parm prot1_HMR.parm7 (reading 40000 of 40000)
  Coordinate processing will occur on 60000 frames.

REFERENCE FRAMES (1 total):
    0: prot1_HMR.rst7:1
	Active reference frame for distance-based masks is 'default_name'

OUTPUT TRAJECTORIES (2 total):
  'prot1_md_centered.nc' (60000 frames) is a NetCDF AMBER trajectory
  'prot1_md_centered.pdb' (60000 frames) is a PDB file: Writing frames 1

BEGIN TRAJECTORY PROCESSING:
.....................................................
ACTION SETUP FOR PARM 'prot1_HMR.parm7' (3 actions):
  0: [center :1-33 mass origin]
	Mask [:1-33] corresponds to 463 atoms.
  1: [rms reference out rmsd_to_ini.dat '(@CA,C,N,O)']
	Target mask: [(@CA,C,N,O)](127)
	Reference mask: [(@CA,C,N,O)](127)
  2: [secstruct SECSTRUCT out secstruct.dat]
Warning: Not all BB atoms found for 2 residues: ACE:1 NHE:33
Info: This is expected for Proline and terminal/non-standard residues.
Info: Expected BB atom names: N=[N   ]  H=[H   ]  C=[C   ]  O=[O   ]  CA=[CA  ]
Info: Re-run with action debug level >= 1 to see which residues are missing atoms.
	Mask [*] corresponds to 33 residues.
----- prot1_md1.nc (1-20000, 1) -----
 0% 10% 20% 30% 
----- prot1_md2.nc (1-40000, 1) -----
40% 50% 60% 70% 80% 90% 100% Complete.

Read 60000 frames and processed 60000 frames.
TIME: Avg. throughput= 130.3563 frames / second.

ACTION OUTPUT:

DATASETS (49 total):
	RMSD_00002 "RMSD_00002" (double, rms), size is 60000
	SECSTRUCT[None] "SECSTRUCT[None]" (float), size is 60000
	SECSTRUCT[Para] "SECSTRUCT[Para]" (float), size is 60000
	SECSTRUCT[Anti] "SECSTRUCT[Anti]" (float), size is 60000
	SECSTRUCT[3-10] "SECSTRUCT[3-10]" (float), size is 60000
	SECSTRUCT[Alpha] "SECSTRUCT[Alpha]" (float), size is 60000
	SECSTRUCT[Pi] "SECSTRUCT[Pi]" (float), size is 60000
	SECSTRUCT[Turn] "SECSTRUCT[Turn]" (float), size is 60000
	SECSTRUCT[Bend] "SECSTRUCT[Bend]" (float), size is 60000
	SECSTRUCT[res]:1 "ACE:1" (integer), size is 60000
	SECSTRUCT[res]:2 "GLY:2" (integer), size is 60000
	SECSTRUCT[res]:3 "ALA:3" (integer), size is 60000
	SECSTRUCT[res]:4 "ALA:4" (integer), size is 60000
	SECSTRUCT[res]:5 "ALA:5" (integer), size is 60000
	SECSTRUCT[res]:6 "ALA:6" (integer), size is 60000
	SECSTRUCT[res]:7 "LYS:7" (integer), size is 60000
	SECSTRUCT[res]:8 "LYS:8" (integer), size is 60000
	SECSTRUCT[res]:9 "LYS:9" (integer), size is 60000
	SECSTRUCT[res]:10 "LYS:10" (integer), size is 60000
	SECSTRUCT[res]:11 "GLU:11" (integer), size is 60000
	SECSTRUCT[res]:12 "GLU:12" (integer), size is 60000
	SECSTRUCT[res]:13 "GLU:13" (integer), size is 60000
	SECSTRUCT[res]:14 "GLU:14" (integer), size is 60000
	SECSTRUCT[res]:15 "ALA:15" (integer), size is 60000
	SECSTRUCT[res]:16 "ALA:16" (integer), size is 60000
	SECSTRUCT[res]:17 "ALA:17" (integer), size is 60000
	SECSTRUCT[res]:18 "ALA:18" (integer), size is 60000
	SECSTRUCT[res]:19 "LYS:19" (integer), size is 60000
	SECSTRUCT[res]:20 "LYS:20" (integer), size is 60000
	SECSTRUCT[res]:21 "LYS:21" (integer), size is 60000
	SECSTRUCT[res]:22 "LYS:22" (integer), size is 60000
	SECSTRUCT[res]:23 "GLU:23" (integer), size is 60000
	SECSTRUCT[res]:24 "GLU:24" (integer), size is 60000
	SECSTRUCT[res]:25 "GLU:25" (integer), size is 60000
	SECSTRUCT[res]:26 "GLU:26" (integer), size is 60000
	SECSTRUCT[res]:27 "ALA:27" (integer), size is 60000
	SECSTRUCT[res]:28 "ALA:28" (integer), size is 60000
	SECSTRUCT[res]:29 "ALA:29" (integer), size is 60000
	SECSTRUCT[res]:30 "ALA:30" (integer), size is 60000
	SECSTRUCT[res]:31 "GLY:31" (integer), size is 60000
	SECSTRUCT[res]:32 "TRP:32" (integer), size is 60000
	SECSTRUCT[res]:33 "NHE:33" (integer), size is 60000
	SECSTRUCT[avgss]:1 "Para" (double), size is 33
	SECSTRUCT[avgss]:2 "Anti" (double), size is 33
	SECSTRUCT[avgss]:3 "3-10" (double), size is 33
	SECSTRUCT[avgss]:4 "Alpha" (double), size is 33
	SECSTRUCT[avgss]:5 "Pi" (double), size is 33
	SECSTRUCT[avgss]:6 "Turn" (double), size is 33
	SECSTRUCT[avgss]:7 "Bend" (double), size is 33

DATAFILES (3 total):
  rmsd_to_ini.dat (Standard Data File):  RMSD_00002
  secstruct.dat (Standard Data File):  ACE:1 GLY:2 ALA:3 ALA:4 ... ALA:30 GLY:31 TRP:32 NHE:33
  secstruct.dat.sum (Standard Data File):  Para Anti 3-10 Alpha Pi Turn Bend

RUN TIMING:
TIME:		Init               : 0.0000 s (  0.00%)
TIME:		Trajectory Process : 460.2768 s ( 99.89%)
TIME:		Action Post        : 0.0001 s (  0.00%)
TIME:		Analysis           : 0.0000 s (  0.00%)
TIME:		Data File Write    : 0.4855 s (  0.11%)
TIME:		Other              : 0.0004 s (  0.00%)
TIME:	Run Total 460.7627 s
---------- RUN END ---------------------------------------------------
  [writedata helicity.dat SECSTRUCT[Alpha]]
	Writing sets to helicity.dat, format 'Standard Data File'
 SECSTRUCT[Alpha]
TIME: Total execution time: 461.0041 seconds.
--------------------------------------------------------------------------------
To cite CPPTRAJ use:
Daniel R. Roe and Thomas E. Cheatham, III, "PTRAJ and CPPTRAJ: Software for
  Processing and Analysis of Molecular Dynamics Trajectory Data". J. Chem.
  Theory Comput., 2013, 9 (7), pp 3084-3095.

igb5_ff99 done

CPPTRAJ: Trajectory Analysis. V17.00
    ___  ___  ___  ___
     | \/ | \/ | \/ | 
    _|_/\_|_/\_|_/\_|_

| Date/time: 11/01/18 15:55:20
| Available memory: 108.110 GB

INPUT: Reading input from 'STDIN'
  [parm prot1_HMR.parm7]
	Reading 'prot1_HMR.parm7' as Amber Topology
	Radius Set: H(N)-modified Bondi radii (mbondi2)
  [trajin prot1_md1.nc]
	Reading 'prot1_md1.nc' as Amber NetCDF
  [trajin prot1_md2.nc]
	Reading 'prot1_md2.nc' as Amber NetCDF
  [reference prot1_HMR.rst7]
	Reading 'prot1_HMR.rst7' as Amber Restart
	Setting active reference for distance-based masks: 'prot1_HMR.rst7'
  [center :1-33 mass origin]
    CENTER: Centering coordinates using center of mass of atoms in mask (:1-33) to
	coordinate origin.
  [rms reference out rmsd_to_ini.dat '(@CA,C,N,O)']
    RMSD: ((@CA,C,N,O)), reference is "default_name" ((@CA,C,N,O)).
	Best-fit RMSD will be calculated, coords will be rotated and translated.
  [trajout prot1_md_centered.nc]
	Writing 'prot1_md_centered.nc' as Amber NetCDF
  [trajout prot1_md_centered.pdb onlyframes 1]
	Saving frames 1
	Writing 'prot1_md_centered.pdb' as PDB
  [secstruct SECSTRUCT out secstruct.dat]
    SECSTRUCT: Calculating secondary structure using mask [*]
	Dumping results to secstruct.dat
	Sum results to secstruct.dat.sum
	SS data for each residue will be stored as integers.
		0 = None
		1 = Para
		2 = Anti
		3 = 3-10
		4 = Alpha
		5 = Pi
		6 = Turn
		7 = Bend
	Backbone Atom Names: N=[N   ]  H=[H   ]  C=[C   ]  O=[O   ]  CA=[CA  ]
# Citation: Kabsch, W.; Sander, C.; "Dictionary of Protein Secondary Structure:
#           Pattern Recognition of Hydrogen-Bonded and Geometrical Features."
#           Biopolymers (1983), V.22, pp.2577-2637.
  [run]
---------- RUN BEGIN -------------------------------------------------

PARAMETER FILES (1 total):
 0: prot1_HMR.parm7, 463 atoms, 33 res, box: None, 1 mol

INPUT TRAJECTORIES (2 total):
 0: 'prot1_md1.nc' is a NetCDF AMBER trajectory, Parm prot1_HMR.parm7 (reading 20000 of 20000)
 1: 'prot1_md2.nc' is a NetCDF AMBER trajectory, Parm prot1_HMR.parm7 (reading 40000 of 40000)
  Coordinate processing will occur on 60000 frames.

REFERENCE FRAMES (1 total):
    0: prot1_HMR.rst7:1
	Active reference frame for distance-based masks is 'default_name'

OUTPUT TRAJECTORIES (2 total):
  'prot1_md_centered.nc' (60000 frames) is a NetCDF AMBER trajectory
  'prot1_md_centered.pdb' (60000 frames) is a PDB file: Writing frames 1

BEGIN TRAJECTORY PROCESSING:
.....................................................
ACTION SETUP FOR PARM 'prot1_HMR.parm7' (3 actions):
  0: [center :1-33 mass origin]
	Mask [:1-33] corresponds to 463 atoms.
  1: [rms reference out rmsd_to_ini.dat '(@CA,C,N,O)']
	Target mask: [(@CA,C,N,O)](127)
	Reference mask: [(@CA,C,N,O)](127)
  2: [secstruct SECSTRUCT out secstruct.dat]
Warning: Not all BB atoms found for 2 residues: ACE:1 NHE:33
Info: This is expected for Proline and terminal/non-standard residues.
Info: Expected BB atom names: N=[N   ]  H=[H   ]  C=[C   ]  O=[O   ]  CA=[CA  ]
Info: Re-run with action debug level >= 1 to see which residues are missing atoms.
	Mask [*] corresponds to 33 residues.
----- prot1_md1.nc (1-20000, 1) -----
 0% 10% 20% 30% 
----- prot1_md2.nc (1-40000, 1) -----
40% 50% 60% 70% 80% 90% 100% Complete.

Read 60000 frames and processed 60000 frames.
TIME: Avg. throughput= 142.5904 frames / second.

ACTION OUTPUT:

DATASETS (49 total):
	RMSD_00002 "RMSD_00002" (double, rms), size is 60000
	SECSTRUCT[None] "SECSTRUCT[None]" (float), size is 60000
	SECSTRUCT[Para] "SECSTRUCT[Para]" (float), size is 60000
	SECSTRUCT[Anti] "SECSTRUCT[Anti]" (float), size is 60000
	SECSTRUCT[3-10] "SECSTRUCT[3-10]" (float), size is 60000
	SECSTRUCT[Alpha] "SECSTRUCT[Alpha]" (float), size is 60000
	SECSTRUCT[Pi] "SECSTRUCT[Pi]" (float), size is 60000
	SECSTRUCT[Turn] "SECSTRUCT[Turn]" (float), size is 60000
	SECSTRUCT[Bend] "SECSTRUCT[Bend]" (float), size is 60000
	SECSTRUCT[res]:1 "ACE:1" (integer), size is 60000
	SECSTRUCT[res]:2 "GLY:2" (integer), size is 60000
	SECSTRUCT[res]:3 "ALA:3" (integer), size is 60000
	SECSTRUCT[res]:4 "ALA:4" (integer), size is 60000
	SECSTRUCT[res]:5 "ALA:5" (integer), size is 60000
	SECSTRUCT[res]:6 "ALA:6" (integer), size is 60000
	SECSTRUCT[res]:7 "LYS:7" (integer), size is 60000
	SECSTRUCT[res]:8 "LYS:8" (integer), size is 60000
	SECSTRUCT[res]:9 "LYS:9" (integer), size is 60000
	SECSTRUCT[res]:10 "LYS:10" (integer), size is 60000
	SECSTRUCT[res]:11 "GLU:11" (integer), size is 60000
	SECSTRUCT[res]:12 "GLU:12" (integer), size is 60000
	SECSTRUCT[res]:13 "GLU:13" (integer), size is 60000
	SECSTRUCT[res]:14 "GLU:14" (integer), size is 60000
	SECSTRUCT[res]:15 "ALA:15" (integer), size is 60000
	SECSTRUCT[res]:16 "ALA:16" (integer), size is 60000
	SECSTRUCT[res]:17 "ALA:17" (integer), size is 60000
	SECSTRUCT[res]:18 "ALA:18" (integer), size is 60000
	SECSTRUCT[res]:19 "LYS:19" (integer), size is 60000
	SECSTRUCT[res]:20 "LYS:20" (integer), size is 60000
	SECSTRUCT[res]:21 "LYS:21" (integer), size is 60000
	SECSTRUCT[res]:22 "LYS:22" (integer), size is 60000
	SECSTRUCT[res]:23 "GLU:23" (integer), size is 60000
	SECSTRUCT[res]:24 "GLU:24" (integer), size is 60000
	SECSTRUCT[res]:25 "GLU:25" (integer), size is 60000
	SECSTRUCT[res]:26 "GLU:26" (integer), size is 60000
	SECSTRUCT[res]:27 "ALA:27" (integer), size is 60000
	SECSTRUCT[res]:28 "ALA:28" (integer), size is 60000
	SECSTRUCT[res]:29 "ALA:29" (integer), size is 60000
	SECSTRUCT[res]:30 "ALA:30" (integer), size is 60000
	SECSTRUCT[res]:31 "GLY:31" (integer), size is 60000
	SECSTRUCT[res]:32 "TRP:32" (integer), size is 60000
	SECSTRUCT[res]:33 "NHE:33" (integer), size is 60000
	SECSTRUCT[avgss]:1 "Para" (double), size is 33
	SECSTRUCT[avgss]:2 "Anti" (double), size is 33
	SECSTRUCT[avgss]:3 "3-10" (double), size is 33
	SECSTRUCT[avgss]:4 "Alpha" (double), size is 33
	SECSTRUCT[avgss]:5 "Pi" (double), size is 33
	SECSTRUCT[avgss]:6 "Turn" (double), size is 33
	SECSTRUCT[avgss]:7 "Bend" (double), size is 33

DATAFILES (3 total):
  rmsd_to_ini.dat (Standard Data File):  RMSD_00002
  secstruct.dat (Standard Data File):  ACE:1 GLY:2 ALA:3 ALA:4 ... ALA:30 GLY:31 TRP:32 NHE:33
  secstruct.dat.sum (Standard Data File):  Para Anti 3-10 Alpha Pi Turn Bend

RUN TIMING:
TIME:		Init               : 0.0000 s (  0.00%)
TIME:		Trajectory Process : 420.7857 s ( 99.88%)
TIME:		Action Post        : 0.0001 s (  0.00%)
TIME:		Analysis           : 0.0000 s (  0.00%)
TIME:		Data File Write    : 0.4850 s (  0.12%)
TIME:		Other              : 0.0005 s (  0.00%)
TIME:	Run Total 421.2713 s
---------- RUN END ---------------------------------------------------
  [writedata helicity.dat SECSTRUCT[Alpha]]
	Writing sets to helicity.dat, format 'Standard Data File'
 SECSTRUCT[Alpha]
TIME: Total execution time: 421.5869 seconds.
--------------------------------------------------------------------------------
To cite CPPTRAJ use:
Daniel R. Roe and Thomas E. Cheatham, III, "PTRAJ and CPPTRAJ: Software for
  Processing and Analysis of Molecular Dynamics Trajectory Data". J. Chem.
  Theory Comput., 2013, 9 (7), pp 3084-3095.

igb5_ff99SB done

CPPTRAJ: Trajectory Analysis. V17.00
    ___  ___  ___  ___
     | \/ | \/ | \/ | 
    _|_/\_|_/\_|_/\_|_

| Date/time: 11/01/18 16:02:22
| Available memory: 108.118 GB

INPUT: Reading input from 'STDIN'
  [parm prot1_HMR.parm7]
	Reading 'prot1_HMR.parm7' as Amber Topology
	Radius Set: H(N)-modified Bondi radii (mbondi2)
  [trajin prot1_md1.nc]
	Reading 'prot1_md1.nc' as Amber NetCDF
  [trajin prot1_md2.nc]
	Reading 'prot1_md2.nc' as Amber NetCDF
  [reference prot1_HMR.rst7]
	Reading 'prot1_HMR.rst7' as Amber Restart
	Setting active reference for distance-based masks: 'prot1_HMR.rst7'
  [center :1-33 mass origin]
    CENTER: Centering coordinates using center of mass of atoms in mask (:1-33) to
	coordinate origin.
  [rms reference out rmsd_to_ini.dat '(@CA,C,N,O)']
    RMSD: ((@CA,C,N,O)), reference is "default_name" ((@CA,C,N,O)).
	Best-fit RMSD will be calculated, coords will be rotated and translated.
  [trajout prot1_md_centered.nc]
	Writing 'prot1_md_centered.nc' as Amber NetCDF
  [trajout prot1_md_centered.pdb onlyframes 1]
	Saving frames 1
	Writing 'prot1_md_centered.pdb' as PDB
  [secstruct SECSTRUCT out secstruct.dat]
    SECSTRUCT: Calculating secondary structure using mask [*]
	Dumping results to secstruct.dat
	Sum results to secstruct.dat.sum
	SS data for each residue will be stored as integers.
		0 = None
		1 = Para
		2 = Anti
		3 = 3-10
		4 = Alpha
		5 = Pi
		6 = Turn
		7 = Bend
	Backbone Atom Names: N=[N   ]  H=[H   ]  C=[C   ]  O=[O   ]  CA=[CA  ]
# Citation: Kabsch, W.; Sander, C.; "Dictionary of Protein Secondary Structure:
#           Pattern Recognition of Hydrogen-Bonded and Geometrical Features."
#           Biopolymers (1983), V.22, pp.2577-2637.
  [run]
---------- RUN BEGIN -------------------------------------------------

PARAMETER FILES (1 total):
 0: prot1_HMR.parm7, 463 atoms, 33 res, box: None, 1 mol

INPUT TRAJECTORIES (2 total):
 0: 'prot1_md1.nc' is a NetCDF AMBER trajectory, Parm prot1_HMR.parm7 (reading 20000 of 20000)
 1: 'prot1_md2.nc' is a NetCDF AMBER trajectory, Parm prot1_HMR.parm7 (reading 40000 of 40000)
  Coordinate processing will occur on 60000 frames.

REFERENCE FRAMES (1 total):
    0: prot1_HMR.rst7:1
	Active reference frame for distance-based masks is 'default_name'

OUTPUT TRAJECTORIES (2 total):
  'prot1_md_centered.nc' (60000 frames) is a NetCDF AMBER trajectory
  'prot1_md_centered.pdb' (60000 frames) is a PDB file: Writing frames 1

BEGIN TRAJECTORY PROCESSING:
.....................................................
ACTION SETUP FOR PARM 'prot1_HMR.parm7' (3 actions):
  0: [center :1-33 mass origin]
	Mask [:1-33] corresponds to 463 atoms.
  1: [rms reference out rmsd_to_ini.dat '(@CA,C,N,O)']
	Target mask: [(@CA,C,N,O)](127)
	Reference mask: [(@CA,C,N,O)](127)
  2: [secstruct SECSTRUCT out secstruct.dat]
Warning: Not all BB atoms found for 2 residues: ACE:1 NHE:33
Info: This is expected for Proline and terminal/non-standard residues.
Info: Expected BB atom names: N=[N   ]  H=[H   ]  C=[C   ]  O=[O   ]  CA=[CA  ]
Info: Re-run with action debug level >= 1 to see which residues are missing atoms.
	Mask [*] corresponds to 33 residues.
----- prot1_md1.nc (1-20000, 1) -----
 0% 10% 20% 30% 
----- prot1_md2.nc (1-40000, 1) -----
40% 50% 60% 70% 80% 90% 100% Complete.

Read 60000 frames and processed 60000 frames.
TIME: Avg. throughput= 119.2630 frames / second.

ACTION OUTPUT:

DATASETS (49 total):
	RMSD_00002 "RMSD_00002" (double, rms), size is 60000
	SECSTRUCT[None] "SECSTRUCT[None]" (float), size is 60000
	SECSTRUCT[Para] "SECSTRUCT[Para]" (float), size is 60000
	SECSTRUCT[Anti] "SECSTRUCT[Anti]" (float), size is 60000
	SECSTRUCT[3-10] "SECSTRUCT[3-10]" (float), size is 60000
	SECSTRUCT[Alpha] "SECSTRUCT[Alpha]" (float), size is 60000
	SECSTRUCT[Pi] "SECSTRUCT[Pi]" (float), size is 60000
	SECSTRUCT[Turn] "SECSTRUCT[Turn]" (float), size is 60000
	SECSTRUCT[Bend] "SECSTRUCT[Bend]" (float), size is 60000
	SECSTRUCT[res]:1 "ACE:1" (integer), size is 60000
	SECSTRUCT[res]:2 "GLY:2" (integer), size is 60000
	SECSTRUCT[res]:3 "ALA:3" (integer), size is 60000
	SECSTRUCT[res]:4 "ALA:4" (integer), size is 60000
	SECSTRUCT[res]:5 "ALA:5" (integer), size is 60000
	SECSTRUCT[res]:6 "ALA:6" (integer), size is 60000
	SECSTRUCT[res]:7 "LYS:7" (integer), size is 60000
	SECSTRUCT[res]:8 "LYS:8" (integer), size is 60000
	SECSTRUCT[res]:9 "LYS:9" (integer), size is 60000
	SECSTRUCT[res]:10 "LYS:10" (integer), size is 60000
	SECSTRUCT[res]:11 "GLU:11" (integer), size is 60000
	SECSTRUCT[res]:12 "GLU:12" (integer), size is 60000
	SECSTRUCT[res]:13 "GLU:13" (integer), size is 60000
	SECSTRUCT[res]:14 "GLU:14" (integer), size is 60000
	SECSTRUCT[res]:15 "ALA:15" (integer), size is 60000
	SECSTRUCT[res]:16 "ALA:16" (integer), size is 60000
	SECSTRUCT[res]:17 "ALA:17" (integer), size is 60000
	SECSTRUCT[res]:18 "ALA:18" (integer), size is 60000
	SECSTRUCT[res]:19 "LYS:19" (integer), size is 60000
	SECSTRUCT[res]:20 "LYS:20" (integer), size is 60000
	SECSTRUCT[res]:21 "LYS:21" (integer), size is 60000
	SECSTRUCT[res]:22 "LYS:22" (integer), size is 60000
	SECSTRUCT[res]:23 "GLU:23" (integer), size is 60000
	SECSTRUCT[res]:24 "GLU:24" (integer), size is 60000
	SECSTRUCT[res]:25 "GLU:25" (integer), size is 60000
	SECSTRUCT[res]:26 "GLU:26" (integer), size is 60000
	SECSTRUCT[res]:27 "ALA:27" (integer), size is 60000
	SECSTRUCT[res]:28 "ALA:28" (integer), size is 60000
	SECSTRUCT[res]:29 "ALA:29" (integer), size is 60000
	SECSTRUCT[res]:30 "ALA:30" (integer), size is 60000
	SECSTRUCT[res]:31 "GLY:31" (integer), size is 60000
	SECSTRUCT[res]:32 "TRP:32" (integer), size is 60000
	SECSTRUCT[res]:33 "NHE:33" (integer), size is 60000
	SECSTRUCT[avgss]:1 "Para" (double), size is 33
	SECSTRUCT[avgss]:2 "Anti" (double), size is 33
	SECSTRUCT[avgss]:3 "3-10" (double), size is 33
	SECSTRUCT[avgss]:4 "Alpha" (double), size is 33
	SECSTRUCT[avgss]:5 "Pi" (double), size is 33
	SECSTRUCT[avgss]:6 "Turn" (double), size is 33
	SECSTRUCT[avgss]:7 "Bend" (double), size is 33

DATAFILES (3 total):
  rmsd_to_ini.dat (Standard Data File):  RMSD_00002
  secstruct.dat (Standard Data File):  ACE:1 GLY:2 ALA:3 ALA:4 ... ALA:30 GLY:31 TRP:32 NHE:33
  secstruct.dat.sum (Standard Data File):  Para Anti 3-10 Alpha Pi Turn Bend

RUN TIMING:
TIME:		Init               : 0.0000 s (  0.00%)
TIME:		Trajectory Process : 503.0897 s ( 99.90%)
TIME:		Action Post        : 0.0001 s (  0.00%)
TIME:		Analysis           : 0.0000 s (  0.00%)
TIME:		Data File Write    : 0.5004 s (  0.10%)
TIME:		Other              : 0.0005 s (  0.00%)
TIME:	Run Total 503.5907 s
---------- RUN END ---------------------------------------------------
  [writedata helicity.dat SECSTRUCT[Alpha]]
	Writing sets to helicity.dat, format 'Standard Data File'
 SECSTRUCT[Alpha]
TIME: Total execution time: 503.8020 seconds.
--------------------------------------------------------------------------------
To cite CPPTRAJ use:
Daniel R. Roe and Thomas E. Cheatham, III, "PTRAJ and CPPTRAJ: Software for
  Processing and Analysis of Molecular Dynamics Trajectory Data". J. Chem.
  Theory Comput., 2013, 9 (7), pp 3084-3095.

igb5_ff99SBildn done

CPPTRAJ: Trajectory Analysis. V17.00
    ___  ___  ___  ___
     | \/ | \/ | \/ | 
    _|_/\_|_/\_|_/\_|_

| Date/time: 11/01/18 16:10:45
| Available memory: 108.130 GB

INPUT: Reading input from 'STDIN'
  [parm prot1_HMR.parm7]
	Reading 'prot1_HMR.parm7' as Amber Topology
	Radius Set: H(N)-modified Bondi radii (mbondi2)
  [trajin prot1_md1.nc]
	Reading 'prot1_md1.nc' as Amber NetCDF
  [trajin prot1_md2.nc]
	Reading 'prot1_md2.nc' as Amber NetCDF
  [reference prot1_HMR.rst7]
	Reading 'prot1_HMR.rst7' as Amber Restart
	Setting active reference for distance-based masks: 'prot1_HMR.rst7'
  [center :1-33 mass origin]
    CENTER: Centering coordinates using center of mass of atoms in mask (:1-33) to
	coordinate origin.
  [rms reference out rmsd_to_ini.dat '(@CA,C,N,O)']
    RMSD: ((@CA,C,N,O)), reference is "default_name" ((@CA,C,N,O)).
	Best-fit RMSD will be calculated, coords will be rotated and translated.
  [trajout prot1_md_centered.nc]
	Writing 'prot1_md_centered.nc' as Amber NetCDF
  [trajout prot1_md_centered.pdb onlyframes 1]
	Saving frames 1
	Writing 'prot1_md_centered.pdb' as PDB
  [secstruct SECSTRUCT out secstruct.dat]
    SECSTRUCT: Calculating secondary structure using mask [*]
	Dumping results to secstruct.dat
	Sum results to secstruct.dat.sum
	SS data for each residue will be stored as integers.
		0 = None
		1 = Para
		2 = Anti
		3 = 3-10
		4 = Alpha
		5 = Pi
		6 = Turn
		7 = Bend
	Backbone Atom Names: N=[N   ]  H=[H   ]  C=[C   ]  O=[O   ]  CA=[CA  ]
# Citation: Kabsch, W.; Sander, C.; "Dictionary of Protein Secondary Structure:
#           Pattern Recognition of Hydrogen-Bonded and Geometrical Features."
#           Biopolymers (1983), V.22, pp.2577-2637.
  [run]
---------- RUN BEGIN -------------------------------------------------

PARAMETER FILES (1 total):
 0: prot1_HMR.parm7, 463 atoms, 33 res, box: None, 1 mol

INPUT TRAJECTORIES (2 total):
 0: 'prot1_md1.nc' is a NetCDF AMBER trajectory, Parm prot1_HMR.parm7 (reading 20000 of 20000)
 1: 'prot1_md2.nc' is a NetCDF AMBER trajectory, Parm prot1_HMR.parm7 (reading 40000 of 40000)
  Coordinate processing will occur on 60000 frames.

REFERENCE FRAMES (1 total):
    0: prot1_HMR.rst7:1
	Active reference frame for distance-based masks is 'default_name'

OUTPUT TRAJECTORIES (2 total):
  'prot1_md_centered.nc' (60000 frames) is a NetCDF AMBER trajectory
  'prot1_md_centered.pdb' (60000 frames) is a PDB file: Writing frames 1

BEGIN TRAJECTORY PROCESSING:
.....................................................
ACTION SETUP FOR PARM 'prot1_HMR.parm7' (3 actions):
  0: [center :1-33 mass origin]
	Mask [:1-33] corresponds to 463 atoms.
  1: [rms reference out rmsd_to_ini.dat '(@CA,C,N,O)']
	Target mask: [(@CA,C,N,O)](127)
	Reference mask: [(@CA,C,N,O)](127)
  2: [secstruct SECSTRUCT out secstruct.dat]
Warning: Not all BB atoms found for 2 residues: ACE:1 NHE:33
Info: This is expected for Proline and terminal/non-standard residues.
Info: Expected BB atom names: N=[N   ]  H=[H   ]  C=[C   ]  O=[O   ]  CA=[CA  ]
Info: Re-run with action debug level >= 1 to see which residues are missing atoms.
	Mask [*] corresponds to 33 residues.
----- prot1_md1.nc (1-20000, 1) -----
 0% 10% 20% 30% 
----- prot1_md2.nc (1-40000, 1) -----
40% 50% 60% 70% 80% 90% 100% Complete.

Read 60000 frames and processed 60000 frames.
TIME: Avg. throughput= 292.2046 frames / second.

ACTION OUTPUT:

DATASETS (49 total):
	RMSD_00002 "RMSD_00002" (double, rms), size is 60000
	SECSTRUCT[None] "SECSTRUCT[None]" (float), size is 60000
	SECSTRUCT[Para] "SECSTRUCT[Para]" (float), size is 60000
	SECSTRUCT[Anti] "SECSTRUCT[Anti]" (float), size is 60000
	SECSTRUCT[3-10] "SECSTRUCT[3-10]" (float), size is 60000
	SECSTRUCT[Alpha] "SECSTRUCT[Alpha]" (float), size is 60000
	SECSTRUCT[Pi] "SECSTRUCT[Pi]" (float), size is 60000
	SECSTRUCT[Turn] "SECSTRUCT[Turn]" (float), size is 60000
	SECSTRUCT[Bend] "SECSTRUCT[Bend]" (float), size is 60000
	SECSTRUCT[res]:1 "ACE:1" (integer), size is 60000
	SECSTRUCT[res]:2 "GLY:2" (integer), size is 60000
	SECSTRUCT[res]:3 "ALA:3" (integer), size is 60000
	SECSTRUCT[res]:4 "ALA:4" (integer), size is 60000
	SECSTRUCT[res]:5 "ALA:5" (integer), size is 60000
	SECSTRUCT[res]:6 "ALA:6" (integer), size is 60000
	SECSTRUCT[res]:7 "LYS:7" (integer), size is 60000
	SECSTRUCT[res]:8 "LYS:8" (integer), size is 60000
	SECSTRUCT[res]:9 "LYS:9" (integer), size is 60000
	SECSTRUCT[res]:10 "LYS:10" (integer), size is 60000
	SECSTRUCT[res]:11 "GLU:11" (integer), size is 60000
	SECSTRUCT[res]:12 "GLU:12" (integer), size is 60000
	SECSTRUCT[res]:13 "GLU:13" (integer), size is 60000
	SECSTRUCT[res]:14 "GLU:14" (integer), size is 60000
	SECSTRUCT[res]:15 "ALA:15" (integer), size is 60000
	SECSTRUCT[res]:16 "ALA:16" (integer), size is 60000
	SECSTRUCT[res]:17 "ALA:17" (integer), size is 60000
	SECSTRUCT[res]:18 "ALA:18" (integer), size is 60000
	SECSTRUCT[res]:19 "LYS:19" (integer), size is 60000
	SECSTRUCT[res]:20 "LYS:20" (integer), size is 60000
	SECSTRUCT[res]:21 "LYS:21" (integer), size is 60000
	SECSTRUCT[res]:22 "LYS:22" (integer), size is 60000
	SECSTRUCT[res]:23 "GLU:23" (integer), size is 60000
	SECSTRUCT[res]:24 "GLU:24" (integer), size is 60000
	SECSTRUCT[res]:25 "GLU:25" (integer), size is 60000
	SECSTRUCT[res]:26 "GLU:26" (integer), size is 60000
	SECSTRUCT[res]:27 "ALA:27" (integer), size is 60000
	SECSTRUCT[res]:28 "ALA:28" (integer), size is 60000
	SECSTRUCT[res]:29 "ALA:29" (integer), size is 60000
	SECSTRUCT[res]:30 "ALA:30" (integer), size is 60000
	SECSTRUCT[res]:31 "GLY:31" (integer), size is 60000
	SECSTRUCT[res]:32 "TRP:32" (integer), size is 60000
	SECSTRUCT[res]:33 "NHE:33" (integer), size is 60000
	SECSTRUCT[avgss]:1 "Para" (double), size is 33
	SECSTRUCT[avgss]:2 "Anti" (double), size is 33
	SECSTRUCT[avgss]:3 "3-10" (double), size is 33
	SECSTRUCT[avgss]:4 "Alpha" (double), size is 33
	SECSTRUCT[avgss]:5 "Pi" (double), size is 33
	SECSTRUCT[avgss]:6 "Turn" (double), size is 33
	SECSTRUCT[avgss]:7 "Bend" (double), size is 33

DATAFILES (3 total):
  rmsd_to_ini.dat (Standard Data File):  RMSD_00002
  secstruct.dat (Standard Data File):  ACE:1 GLY:2 ALA:3 ALA:4 ... ALA:30 GLY:31 TRP:32 NHE:33
  secstruct.dat.sum (Standard Data File):  Para Anti 3-10 Alpha Pi Turn Bend

RUN TIMING:
TIME:		Init               : 0.0000 s (  0.00%)
TIME:		Trajectory Process : 205.3356 s ( 99.77%)
TIME:		Action Post        : 0.0001 s (  0.00%)
TIME:		Analysis           : 0.0000 s (  0.00%)
TIME:		Data File Write    : 0.4688 s (  0.23%)
TIME:		Other              : 0.0004 s (  0.00%)
TIME:	Run Total 205.8050 s
---------- RUN END ---------------------------------------------------
  [writedata helicity.dat SECSTRUCT[Alpha]]
	Writing sets to helicity.dat, format 'Standard Data File'
 SECSTRUCT[Alpha]
TIME: Total execution time: 205.9790 seconds.
--------------------------------------------------------------------------------
To cite CPPTRAJ use:
Daniel R. Roe and Thomas E. Cheatham, III, "PTRAJ and CPPTRAJ: Software for
  Processing and Analysis of Molecular Dynamics Trajectory Data". J. Chem.
  Theory Comput., 2013, 9 (7), pp 3084-3095.

igb5_ff99SBnmr done

CPPTRAJ: Trajectory Analysis. V17.00
    ___  ___  ___  ___
     | \/ | \/ | \/ | 
    _|_/\_|_/\_|_/\_|_

| Date/time: 11/01/18 16:14:11
| Available memory: 108.112 GB

INPUT: Reading input from 'STDIN'
  [parm prot1_HMR.parm7]
	Reading 'prot1_HMR.parm7' as Amber Topology
	Radius Set: H(N)-modified Bondi radii (mbondi2)
  [trajin prot1_md1.nc]
	Reading 'prot1_md1.nc' as Amber NetCDF
  [trajin prot1_md2.nc]
	Reading 'prot1_md2.nc' as Amber NetCDF
  [reference prot1_HMR.rst7]
	Reading 'prot1_HMR.rst7' as Amber Restart
	Setting active reference for distance-based masks: 'prot1_HMR.rst7'
  [center :1-33 mass origin]
    CENTER: Centering coordinates using center of mass of atoms in mask (:1-33) to
	coordinate origin.
  [rms reference out rmsd_to_ini.dat '(@CA,C,N,O)']
    RMSD: ((@CA,C,N,O)), reference is "default_name" ((@CA,C,N,O)).
	Best-fit RMSD will be calculated, coords will be rotated and translated.
  [trajout prot1_md_centered.nc]
	Writing 'prot1_md_centered.nc' as Amber NetCDF
  [trajout prot1_md_centered.pdb onlyframes 1]
	Saving frames 1
	Writing 'prot1_md_centered.pdb' as PDB
  [secstruct SECSTRUCT out secstruct.dat]
    SECSTRUCT: Calculating secondary structure using mask [*]
	Dumping results to secstruct.dat
	Sum results to secstruct.dat.sum
	SS data for each residue will be stored as integers.
		0 = None
		1 = Para
		2 = Anti
		3 = 3-10
		4 = Alpha
		5 = Pi
		6 = Turn
		7 = Bend
	Backbone Atom Names: N=[N   ]  H=[H   ]  C=[C   ]  O=[O   ]  CA=[CA  ]
# Citation: Kabsch, W.; Sander, C.; "Dictionary of Protein Secondary Structure:
#           Pattern Recognition of Hydrogen-Bonded and Geometrical Features."
#           Biopolymers (1983), V.22, pp.2577-2637.
  [run]
---------- RUN BEGIN -------------------------------------------------

PARAMETER FILES (1 total):
 0: prot1_HMR.parm7, 463 atoms, 33 res, box: None, 1 mol

INPUT TRAJECTORIES (2 total):
 0: 'prot1_md1.nc' is a NetCDF AMBER trajectory, Parm prot1_HMR.parm7 (reading 20000 of 20000)
 1: 'prot1_md2.nc' is a NetCDF AMBER trajectory, Parm prot1_HMR.parm7 (reading 40000 of 40000)
  Coordinate processing will occur on 60000 frames.

REFERENCE FRAMES (1 total):
    0: prot1_HMR.rst7:1
	Active reference frame for distance-based masks is 'default_name'

OUTPUT TRAJECTORIES (2 total):
  'prot1_md_centered.nc' (60000 frames) is a NetCDF AMBER trajectory
  'prot1_md_centered.pdb' (60000 frames) is a PDB file: Writing frames 1

BEGIN TRAJECTORY PROCESSING:
.....................................................
ACTION SETUP FOR PARM 'prot1_HMR.parm7' (3 actions):
  0: [center :1-33 mass origin]
	Mask [:1-33] corresponds to 463 atoms.
  1: [rms reference out rmsd_to_ini.dat '(@CA,C,N,O)']
	Target mask: [(@CA,C,N,O)](127)
	Reference mask: [(@CA,C,N,O)](127)
  2: [secstruct SECSTRUCT out secstruct.dat]
Warning: Not all BB atoms found for 2 residues: ACE:1 NHE:33
Info: This is expected for Proline and terminal/non-standard residues.
Info: Expected BB atom names: N=[N   ]  H=[H   ]  C=[C   ]  O=[O   ]  CA=[CA  ]
Info: Re-run with action debug level >= 1 to see which residues are missing atoms.
	Mask [*] corresponds to 33 residues.
----- prot1_md1.nc (1-20000, 1) -----
 0% 10% 20% 30% 
----- prot1_md2.nc (1-40000, 1) -----
40% 50% 60% 70% 80% 90% 100% Complete.

Read 60000 frames and processed 60000 frames.
TIME: Avg. throughput= 125.5865 frames / second.

ACTION OUTPUT:

DATASETS (49 total):
	RMSD_00002 "RMSD_00002" (double, rms), size is 60000
	SECSTRUCT[None] "SECSTRUCT[None]" (float), size is 60000
	SECSTRUCT[Para] "SECSTRUCT[Para]" (float), size is 60000
	SECSTRUCT[Anti] "SECSTRUCT[Anti]" (float), size is 60000
	SECSTRUCT[3-10] "SECSTRUCT[3-10]" (float), size is 60000
	SECSTRUCT[Alpha] "SECSTRUCT[Alpha]" (float), size is 60000
	SECSTRUCT[Pi] "SECSTRUCT[Pi]" (float), size is 60000
	SECSTRUCT[Turn] "SECSTRUCT[Turn]" (float), size is 60000
	SECSTRUCT[Bend] "SECSTRUCT[Bend]" (float), size is 60000
	SECSTRUCT[res]:1 "ACE:1" (integer), size is 60000
	SECSTRUCT[res]:2 "GLY:2" (integer), size is 60000
	SECSTRUCT[res]:3 "ALA:3" (integer), size is 60000
	SECSTRUCT[res]:4 "ALA:4" (integer), size is 60000
	SECSTRUCT[res]:5 "ALA:5" (integer), size is 60000
	SECSTRUCT[res]:6 "ALA:6" (integer), size is 60000
	SECSTRUCT[res]:7 "LYS:7" (integer), size is 60000
	SECSTRUCT[res]:8 "LYS:8" (integer), size is 60000
	SECSTRUCT[res]:9 "LYS:9" (integer), size is 60000
	SECSTRUCT[res]:10 "LYS:10" (integer), size is 60000
	SECSTRUCT[res]:11 "GLU:11" (integer), size is 60000
	SECSTRUCT[res]:12 "GLU:12" (integer), size is 60000
	SECSTRUCT[res]:13 "GLU:13" (integer), size is 60000
	SECSTRUCT[res]:14 "GLU:14" (integer), size is 60000
	SECSTRUCT[res]:15 "ALA:15" (integer), size is 60000
	SECSTRUCT[res]:16 "ALA:16" (integer), size is 60000
	SECSTRUCT[res]:17 "ALA:17" (integer), size is 60000
	SECSTRUCT[res]:18 "ALA:18" (integer), size is 60000
	SECSTRUCT[res]:19 "LYS:19" (integer), size is 60000
	SECSTRUCT[res]:20 "LYS:20" (integer), size is 60000
	SECSTRUCT[res]:21 "LYS:21" (integer), size is 60000
	SECSTRUCT[res]:22 "LYS:22" (integer), size is 60000
	SECSTRUCT[res]:23 "GLU:23" (integer), size is 60000
	SECSTRUCT[res]:24 "GLU:24" (integer), size is 60000
	SECSTRUCT[res]:25 "GLU:25" (integer), size is 60000
	SECSTRUCT[res]:26 "GLU:26" (integer), size is 60000
	SECSTRUCT[res]:27 "ALA:27" (integer), size is 60000
	SECSTRUCT[res]:28 "ALA:28" (integer), size is 60000
	SECSTRUCT[res]:29 "ALA:29" (integer), size is 60000
	SECSTRUCT[res]:30 "ALA:30" (integer), size is 60000
	SECSTRUCT[res]:31 "GLY:31" (integer), size is 60000
	SECSTRUCT[res]:32 "TRP:32" (integer), size is 60000
	SECSTRUCT[res]:33 "NHE:33" (integer), size is 60000
	SECSTRUCT[avgss]:1 "Para" (double), size is 33
	SECSTRUCT[avgss]:2 "Anti" (double), size is 33
	SECSTRUCT[avgss]:3 "3-10" (double), size is 33
	SECSTRUCT[avgss]:4 "Alpha" (double), size is 33
	SECSTRUCT[avgss]:5 "Pi" (double), size is 33
	SECSTRUCT[avgss]:6 "Turn" (double), size is 33
	SECSTRUCT[avgss]:7 "Bend" (double), size is 33

DATAFILES (3 total):
  rmsd_to_ini.dat (Standard Data File):  RMSD_00002
  secstruct.dat (Standard Data File):  ACE:1 GLY:2 ALA:3 ALA:4 ... ALA:30 GLY:31 TRP:32 NHE:33
  secstruct.dat.sum (Standard Data File):  Para Anti 3-10 Alpha Pi Turn Bend

RUN TIMING:
TIME:		Init               : 0.0000 s (  0.00%)
TIME:		Trajectory Process : 477.7584 s ( 99.90%)
TIME:		Action Post        : 0.0001 s (  0.00%)
TIME:		Analysis           : 0.0000 s (  0.00%)
TIME:		Data File Write    : 0.4858 s (  0.10%)
TIME:		Other              : 0.0004 s (  0.00%)
TIME:	Run Total 478.2447 s
---------- RUN END ---------------------------------------------------
  [writedata helicity.dat SECSTRUCT[Alpha]]
	Writing sets to helicity.dat, format 'Standard Data File'
 SECSTRUCT[Alpha]
TIME: Total execution time: 478.9399 seconds.
--------------------------------------------------------------------------------
To cite CPPTRAJ use:
Daniel R. Roe and Thomas E. Cheatham, III, "PTRAJ and CPPTRAJ: Software for
  Processing and Analysis of Molecular Dynamics Trajectory Data". J. Chem.
  Theory Comput., 2013, 9 (7), pp 3084-3095.

igb5_ff96 done

CPPTRAJ: Trajectory Analysis. V17.00
    ___  ___  ___  ___
     | \/ | \/ | \/ | 
    _|_/\_|_/\_|_/\_|_

| Date/time: 11/01/18 16:22:10
| Available memory: 108.123 GB

INPUT: Reading input from 'STDIN'
  [parm prot1_HMR.parm7]
	Reading 'prot1_HMR.parm7' as Amber Topology
	Radius Set: H(N)-modified Bondi radii (mbondi2)
  [trajin prot1_md1.nc]
	Reading 'prot1_md1.nc' as Amber NetCDF
  [trajin prot1_md2.nc]
	Reading 'prot1_md2.nc' as Amber NetCDF
  [reference prot1_HMR.rst7]
	Reading 'prot1_HMR.rst7' as Amber Restart
	Setting active reference for distance-based masks: 'prot1_HMR.rst7'
  [center :1-33 mass origin]
    CENTER: Centering coordinates using center of mass of atoms in mask (:1-33) to
	coordinate origin.
  [rms reference out rmsd_to_ini.dat '(@CA,C,N,O)']
    RMSD: ((@CA,C,N,O)), reference is "default_name" ((@CA,C,N,O)).
	Best-fit RMSD will be calculated, coords will be rotated and translated.
  [trajout prot1_md_centered.nc]
	Writing 'prot1_md_centered.nc' as Amber NetCDF
  [trajout prot1_md_centered.pdb onlyframes 1]
	Saving frames 1
	Writing 'prot1_md_centered.pdb' as PDB
  [secstruct SECSTRUCT out secstruct.dat]
    SECSTRUCT: Calculating secondary structure using mask [*]
	Dumping results to secstruct.dat
	Sum results to secstruct.dat.sum
	SS data for each residue will be stored as integers.
		0 = None
		1 = Para
		2 = Anti
		3 = 3-10
		4 = Alpha
		5 = Pi
		6 = Turn
		7 = Bend
	Backbone Atom Names: N=[N   ]  H=[H   ]  C=[C   ]  O=[O   ]  CA=[CA  ]
# Citation: Kabsch, W.; Sander, C.; "Dictionary of Protein Secondary Structure:
#           Pattern Recognition of Hydrogen-Bonded and Geometrical Features."
#           Biopolymers (1983), V.22, pp.2577-2637.
  [run]
---------- RUN BEGIN -------------------------------------------------

PARAMETER FILES (1 total):
 0: prot1_HMR.parm7, 463 atoms, 33 res, box: None, 1 mol

INPUT TRAJECTORIES (2 total):
 0: 'prot1_md1.nc' is a NetCDF AMBER trajectory, Parm prot1_HMR.parm7 (reading 20000 of 20000)
 1: 'prot1_md2.nc' is a NetCDF AMBER trajectory, Parm prot1_HMR.parm7 (reading 40000 of 40000)
  Coordinate processing will occur on 60000 frames.

REFERENCE FRAMES (1 total):
    0: prot1_HMR.rst7:1
	Active reference frame for distance-based masks is 'default_name'

OUTPUT TRAJECTORIES (2 total):
  'prot1_md_centered.nc' (60000 frames) is a NetCDF AMBER trajectory
  'prot1_md_centered.pdb' (60000 frames) is a PDB file: Writing frames 1

BEGIN TRAJECTORY PROCESSING:
.....................................................
ACTION SETUP FOR PARM 'prot1_HMR.parm7' (3 actions):
  0: [center :1-33 mass origin]
	Mask [:1-33] corresponds to 463 atoms.
  1: [rms reference out rmsd_to_ini.dat '(@CA,C,N,O)']
	Target mask: [(@CA,C,N,O)](127)
	Reference mask: [(@CA,C,N,O)](127)
  2: [secstruct SECSTRUCT out secstruct.dat]
Warning: Not all BB atoms found for 2 residues: ACE:1 NHE:33
Info: This is expected for Proline and terminal/non-standard residues.
Info: Expected BB atom names: N=[N   ]  H=[H   ]  C=[C   ]  O=[O   ]  CA=[CA  ]
Info: Re-run with action debug level >= 1 to see which residues are missing atoms.
	Mask [*] corresponds to 33 residues.
----- prot1_md1.nc (1-20000, 1) -----
 0% 10% 20% 30% 
----- prot1_md2.nc (1-40000, 1) -----
40% 50% 60% 70% 80% 90% 100% Complete.

Read 60000 frames and processed 60000 frames.
TIME: Avg. throughput= 277.2689 frames / second.

ACTION OUTPUT:

DATASETS (49 total):
	RMSD_00002 "RMSD_00002" (double, rms), size is 60000
	SECSTRUCT[None] "SECSTRUCT[None]" (float), size is 60000
	SECSTRUCT[Para] "SECSTRUCT[Para]" (float), size is 60000
	SECSTRUCT[Anti] "SECSTRUCT[Anti]" (float), size is 60000
	SECSTRUCT[3-10] "SECSTRUCT[3-10]" (float), size is 60000
	SECSTRUCT[Alpha] "SECSTRUCT[Alpha]" (float), size is 60000
	SECSTRUCT[Pi] "SECSTRUCT[Pi]" (float), size is 60000
	SECSTRUCT[Turn] "SECSTRUCT[Turn]" (float), size is 60000
	SECSTRUCT[Bend] "SECSTRUCT[Bend]" (float), size is 60000
	SECSTRUCT[res]:1 "ACE:1" (integer), size is 60000
	SECSTRUCT[res]:2 "GLY:2" (integer), size is 60000
	SECSTRUCT[res]:3 "ALA:3" (integer), size is 60000
	SECSTRUCT[res]:4 "ALA:4" (integer), size is 60000
	SECSTRUCT[res]:5 "ALA:5" (integer), size is 60000
	SECSTRUCT[res]:6 "ALA:6" (integer), size is 60000
	SECSTRUCT[res]:7 "LYS:7" (integer), size is 60000
	SECSTRUCT[res]:8 "LYS:8" (integer), size is 60000
	SECSTRUCT[res]:9 "LYS:9" (integer), size is 60000
	SECSTRUCT[res]:10 "LYS:10" (integer), size is 60000
	SECSTRUCT[res]:11 "GLU:11" (integer), size is 60000
	SECSTRUCT[res]:12 "GLU:12" (integer), size is 60000
	SECSTRUCT[res]:13 "GLU:13" (integer), size is 60000
	SECSTRUCT[res]:14 "GLU:14" (integer), size is 60000
	SECSTRUCT[res]:15 "ALA:15" (integer), size is 60000
	SECSTRUCT[res]:16 "ALA:16" (integer), size is 60000
	SECSTRUCT[res]:17 "ALA:17" (integer), size is 60000
	SECSTRUCT[res]:18 "ALA:18" (integer), size is 60000
	SECSTRUCT[res]:19 "LYS:19" (integer), size is 60000
	SECSTRUCT[res]:20 "LYS:20" (integer), size is 60000
	SECSTRUCT[res]:21 "LYS:21" (integer), size is 60000
	SECSTRUCT[res]:22 "LYS:22" (integer), size is 60000
	SECSTRUCT[res]:23 "GLU:23" (integer), size is 60000
	SECSTRUCT[res]:24 "GLU:24" (integer), size is 60000
	SECSTRUCT[res]:25 "GLU:25" (integer), size is 60000
	SECSTRUCT[res]:26 "GLU:26" (integer), size is 60000
	SECSTRUCT[res]:27 "ALA:27" (integer), size is 60000
	SECSTRUCT[res]:28 "ALA:28" (integer), size is 60000
	SECSTRUCT[res]:29 "ALA:29" (integer), size is 60000
	SECSTRUCT[res]:30 "ALA:30" (integer), size is 60000
	SECSTRUCT[res]:31 "GLY:31" (integer), size is 60000
	SECSTRUCT[res]:32 "TRP:32" (integer), size is 60000
	SECSTRUCT[res]:33 "NHE:33" (integer), size is 60000
	SECSTRUCT[avgss]:1 "Para" (double), size is 33
	SECSTRUCT[avgss]:2 "Anti" (double), size is 33
	SECSTRUCT[avgss]:3 "3-10" (double), size is 33
	SECSTRUCT[avgss]:4 "Alpha" (double), size is 33
	SECSTRUCT[avgss]:5 "Pi" (double), size is 33
	SECSTRUCT[avgss]:6 "Turn" (double), size is 33
	SECSTRUCT[avgss]:7 "Bend" (double), size is 33

DATAFILES (3 total):
  rmsd_to_ini.dat (Standard Data File):  RMSD_00002
  secstruct.dat (Standard Data File):  ACE:1 GLY:2 ALA:3 ALA:4 ... ALA:30 GLY:31 TRP:32 NHE:33
  secstruct.dat.sum (Standard Data File):  Para Anti 3-10 Alpha Pi Turn Bend

RUN TIMING:
TIME:		Init               : 0.0000 s (  0.00%)
TIME:		Trajectory Process : 216.3964 s ( 99.78%)
TIME:		Action Post        : 0.0001 s (  0.00%)
TIME:		Analysis           : 0.0000 s (  0.00%)
TIME:		Data File Write    : 0.4677 s (  0.22%)
TIME:		Other              : 0.0004 s (  0.00%)
TIME:	Run Total 216.8646 s
---------- RUN END ---------------------------------------------------
  [writedata helicity.dat SECSTRUCT[Alpha]]
	Writing sets to helicity.dat, format 'Standard Data File'
 SECSTRUCT[Alpha]
TIME: Total execution time: 217.1387 seconds.
--------------------------------------------------------------------------------
To cite CPPTRAJ use:
Daniel R. Roe and Thomas E. Cheatham, III, "PTRAJ and CPPTRAJ: Software for
  Processing and Analysis of Molecular Dynamics Trajectory Data". J. Chem.
  Theory Comput., 2013, 9 (7), pp 3084-3095.

igb5_ff94 done

CPPTRAJ: Trajectory Analysis. V17.00
    ___  ___  ___  ___
     | \/ | \/ | \/ | 
    _|_/\_|_/\_|_/\_|_

| Date/time: 11/01/18 16:25:48
| Available memory: 108.189 GB

INPUT: Reading input from 'STDIN'
  [parm prot1_HMR.parm7]
	Reading 'prot1_HMR.parm7' as Amber Topology
	Radius Set: H(N)-modified Bondi radii (mbondi2)
  [trajin prot1_md1.nc]
	Reading 'prot1_md1.nc' as Amber NetCDF
  [trajin prot1_md2.nc]
	Reading 'prot1_md2.nc' as Amber NetCDF
  [reference prot1_HMR.rst7]
	Reading 'prot1_HMR.rst7' as Amber Restart
	Setting active reference for distance-based masks: 'prot1_HMR.rst7'
  [center :1-33 mass origin]
    CENTER: Centering coordinates using center of mass of atoms in mask (:1-33) to
	coordinate origin.
  [rms reference out rmsd_to_ini.dat '(@CA,C,N,O)']
    RMSD: ((@CA,C,N,O)), reference is "default_name" ((@CA,C,N,O)).
	Best-fit RMSD will be calculated, coords will be rotated and translated.
  [trajout prot1_md_centered.nc]
	Writing 'prot1_md_centered.nc' as Amber NetCDF
  [trajout prot1_md_centered.pdb onlyframes 1]
	Saving frames 1
	Writing 'prot1_md_centered.pdb' as PDB
  [secstruct SECSTRUCT out secstruct.dat]
    SECSTRUCT: Calculating secondary structure using mask [*]
	Dumping results to secstruct.dat
	Sum results to secstruct.dat.sum
	SS data for each residue will be stored as integers.
		0 = None
		1 = Para
		2 = Anti
		3 = 3-10
		4 = Alpha
		5 = Pi
		6 = Turn
		7 = Bend
	Backbone Atom Names: N=[N   ]  H=[H   ]  C=[C   ]  O=[O   ]  CA=[CA  ]
# Citation: Kabsch, W.; Sander, C.; "Dictionary of Protein Secondary Structure:
#           Pattern Recognition of Hydrogen-Bonded and Geometrical Features."
#           Biopolymers (1983), V.22, pp.2577-2637.
  [run]
---------- RUN BEGIN -------------------------------------------------

PARAMETER FILES (1 total):
 0: prot1_HMR.parm7, 463 atoms, 33 res, box: None, 1 mol

INPUT TRAJECTORIES (2 total):
 0: 'prot1_md1.nc' is a NetCDF AMBER trajectory, Parm prot1_HMR.parm7 (reading 20000 of 20000)
 1: 'prot1_md2.nc' is a NetCDF AMBER trajectory, Parm prot1_HMR.parm7 (reading 40000 of 40000)
  Coordinate processing will occur on 60000 frames.

REFERENCE FRAMES (1 total):
    0: prot1_HMR.rst7:1
	Active reference frame for distance-based masks is 'default_name'

OUTPUT TRAJECTORIES (2 total):
  'prot1_md_centered.nc' (60000 frames) is a NetCDF AMBER trajectory
  'prot1_md_centered.pdb' (60000 frames) is a PDB file: Writing frames 1

BEGIN TRAJECTORY PROCESSING:
.....................................................
ACTION SETUP FOR PARM 'prot1_HMR.parm7' (3 actions):
  0: [center :1-33 mass origin]
	Mask [:1-33] corresponds to 463 atoms.
  1: [rms reference out rmsd_to_ini.dat '(@CA,C,N,O)']
	Target mask: [(@CA,C,N,O)](127)
	Reference mask: [(@CA,C,N,O)](127)
  2: [secstruct SECSTRUCT out secstruct.dat]
Warning: Not all BB atoms found for 2 residues: ACE:1 NHE:33
Info: This is expected for Proline and terminal/non-standard residues.
Info: Expected BB atom names: N=[N   ]  H=[H   ]  C=[C   ]  O=[O   ]  CA=[CA  ]
Info: Re-run with action debug level >= 1 to see which residues are missing atoms.
	Mask [*] corresponds to 33 residues.
----- prot1_md1.nc (1-20000, 1) -----
 0% 10% 20% 30% 
----- prot1_md2.nc (1-40000, 1) -----
40% 50% 60% 70% 80% 90% 100% Complete.

Read 60000 frames and processed 60000 frames.
TIME: Avg. throughput= 165.4680 frames / second.

ACTION OUTPUT:

DATASETS (49 total):
	RMSD_00002 "RMSD_00002" (double, rms), size is 60000
	SECSTRUCT[None] "SECSTRUCT[None]" (float), size is 60000
	SECSTRUCT[Para] "SECSTRUCT[Para]" (float), size is 60000
	SECSTRUCT[Anti] "SECSTRUCT[Anti]" (float), size is 60000
	SECSTRUCT[3-10] "SECSTRUCT[3-10]" (float), size is 60000
	SECSTRUCT[Alpha] "SECSTRUCT[Alpha]" (float), size is 60000
	SECSTRUCT[Pi] "SECSTRUCT[Pi]" (float), size is 60000
	SECSTRUCT[Turn] "SECSTRUCT[Turn]" (float), size is 60000
	SECSTRUCT[Bend] "SECSTRUCT[Bend]" (float), size is 60000
	SECSTRUCT[res]:1 "ACE:1" (integer), size is 60000
	SECSTRUCT[res]:2 "GLY:2" (integer), size is 60000
	SECSTRUCT[res]:3 "ALA:3" (integer), size is 60000
	SECSTRUCT[res]:4 "ALA:4" (integer), size is 60000
	SECSTRUCT[res]:5 "ALA:5" (integer), size is 60000
	SECSTRUCT[res]:6 "ALA:6" (integer), size is 60000
	SECSTRUCT[res]:7 "LYS:7" (integer), size is 60000
	SECSTRUCT[res]:8 "LYS:8" (integer), size is 60000
	SECSTRUCT[res]:9 "LYS:9" (integer), size is 60000
	SECSTRUCT[res]:10 "LYS:10" (integer), size is 60000
	SECSTRUCT[res]:11 "GLU:11" (integer), size is 60000
	SECSTRUCT[res]:12 "GLU:12" (integer), size is 60000
	SECSTRUCT[res]:13 "GLU:13" (integer), size is 60000
	SECSTRUCT[res]:14 "GLU:14" (integer), size is 60000
	SECSTRUCT[res]:15 "ALA:15" (integer), size is 60000
	SECSTRUCT[res]:16 "ALA:16" (integer), size is 60000
	SECSTRUCT[res]:17 "ALA:17" (integer), size is 60000
	SECSTRUCT[res]:18 "ALA:18" (integer), size is 60000
	SECSTRUCT[res]:19 "LYS:19" (integer), size is 60000
	SECSTRUCT[res]:20 "LYS:20" (integer), size is 60000
	SECSTRUCT[res]:21 "LYS:21" (integer), size is 60000
	SECSTRUCT[res]:22 "LYS:22" (integer), size is 60000
	SECSTRUCT[res]:23 "GLU:23" (integer), size is 60000
	SECSTRUCT[res]:24 "GLU:24" (integer), size is 60000
	SECSTRUCT[res]:25 "GLU:25" (integer), size is 60000
	SECSTRUCT[res]:26 "GLU:26" (integer), size is 60000
	SECSTRUCT[res]:27 "ALA:27" (integer), size is 60000
	SECSTRUCT[res]:28 "ALA:28" (integer), size is 60000
	SECSTRUCT[res]:29 "ALA:29" (integer), size is 60000
	SECSTRUCT[res]:30 "ALA:30" (integer), size is 60000
	SECSTRUCT[res]:31 "GLY:31" (integer), size is 60000
	SECSTRUCT[res]:32 "TRP:32" (integer), size is 60000
	SECSTRUCT[res]:33 "NHE:33" (integer), size is 60000
	SECSTRUCT[avgss]:1 "Para" (double), size is 33
	SECSTRUCT[avgss]:2 "Anti" (double), size is 33
	SECSTRUCT[avgss]:3 "3-10" (double), size is 33
	SECSTRUCT[avgss]:4 "Alpha" (double), size is 33
	SECSTRUCT[avgss]:5 "Pi" (double), size is 33
	SECSTRUCT[avgss]:6 "Turn" (double), size is 33
	SECSTRUCT[avgss]:7 "Bend" (double), size is 33

DATAFILES (3 total):
  rmsd_to_ini.dat (Standard Data File):  RMSD_00002
  secstruct.dat (Standard Data File):  ACE:1 GLY:2 ALA:3 ALA:4 ... ALA:30 GLY:31 TRP:32 NHE:33
  secstruct.dat.sum (Standard Data File):  Para Anti 3-10 Alpha Pi Turn Bend

RUN TIMING:
TIME:		Init               : 0.0000 s (  0.00%)
TIME:		Trajectory Process : 362.6079 s ( 99.86%)
TIME:		Action Post        : 0.0001 s (  0.00%)
TIME:		Analysis           : 0.0000 s (  0.00%)
TIME:		Data File Write    : 0.4955 s (  0.14%)
TIME:		Other              : 0.0004 s (  0.00%)
TIME:	Run Total 363.1040 s
---------- RUN END ---------------------------------------------------
  [writedata helicity.dat SECSTRUCT[Alpha]]
	Writing sets to helicity.dat, format 'Standard Data File'
 SECSTRUCT[Alpha]
TIME: Total execution time: 363.3524 seconds.
--------------------------------------------------------------------------------
To cite CPPTRAJ use:
Daniel R. Roe and Thomas E. Cheatham, III, "PTRAJ and CPPTRAJ: Software for
  Processing and Analysis of Molecular Dynamics Trajectory Data". J. Chem.
  Theory Comput., 2013, 9 (7), pp 3084-3095.

igb5_ff14ipq done

CPPTRAJ: Trajectory Analysis. V17.00
    ___  ___  ___  ___
     | \/ | \/ | \/ | 
    _|_/\_|_/\_|_/\_|_

| Date/time: 11/01/18 16:31:51
| Available memory: 108.189 GB

INPUT: Reading input from 'STDIN'
  [parm prot1_HMR.parm7]
	Reading 'prot1_HMR.parm7' as Amber Topology
	Radius Set: H(N)-modified Bondi radii (mbondi2)
  [trajin prot1_md1.nc]
	Reading 'prot1_md1.nc' as Amber NetCDF
  [trajin prot1_md2.nc]
	Reading 'prot1_md2.nc' as Amber NetCDF
  [reference prot1_HMR.rst7]
	Reading 'prot1_HMR.rst7' as Amber Restart
	Setting active reference for distance-based masks: 'prot1_HMR.rst7'
  [center :1-33 mass origin]
    CENTER: Centering coordinates using center of mass of atoms in mask (:1-33) to
	coordinate origin.
  [rms reference out rmsd_to_ini.dat '(@CA,C,N,O)']
    RMSD: ((@CA,C,N,O)), reference is "default_name" ((@CA,C,N,O)).
	Best-fit RMSD will be calculated, coords will be rotated and translated.
  [trajout prot1_md_centered.nc]
	Writing 'prot1_md_centered.nc' as Amber NetCDF
  [trajout prot1_md_centered.pdb onlyframes 1]
	Saving frames 1
	Writing 'prot1_md_centered.pdb' as PDB
  [secstruct SECSTRUCT out secstruct.dat]
    SECSTRUCT: Calculating secondary structure using mask [*]
	Dumping results to secstruct.dat
	Sum results to secstruct.dat.sum
	SS data for each residue will be stored as integers.
		0 = None
		1 = Para
		2 = Anti
		3 = 3-10
		4 = Alpha
		5 = Pi
		6 = Turn
		7 = Bend
	Backbone Atom Names: N=[N   ]  H=[H   ]  C=[C   ]  O=[O   ]  CA=[CA  ]
# Citation: Kabsch, W.; Sander, C.; "Dictionary of Protein Secondary Structure:
#           Pattern Recognition of Hydrogen-Bonded and Geometrical Features."
#           Biopolymers (1983), V.22, pp.2577-2637.
  [run]
---------- RUN BEGIN -------------------------------------------------

PARAMETER FILES (1 total):
 0: prot1_HMR.parm7, 463 atoms, 33 res, box: None, 1 mol

INPUT TRAJECTORIES (2 total):
 0: 'prot1_md1.nc' is a NetCDF AMBER trajectory, Parm prot1_HMR.parm7 (reading 20000 of 20000)
 1: 'prot1_md2.nc' is a NetCDF AMBER trajectory, Parm prot1_HMR.parm7 (reading 40000 of 40000)
  Coordinate processing will occur on 60000 frames.

REFERENCE FRAMES (1 total):
    0: prot1_HMR.rst7:1
	Active reference frame for distance-based masks is 'default_name'

OUTPUT TRAJECTORIES (2 total):
  'prot1_md_centered.nc' (60000 frames) is a NetCDF AMBER trajectory
  'prot1_md_centered.pdb' (60000 frames) is a PDB file: Writing frames 1

BEGIN TRAJECTORY PROCESSING:
.....................................................
ACTION SETUP FOR PARM 'prot1_HMR.parm7' (3 actions):
  0: [center :1-33 mass origin]
	Mask [:1-33] corresponds to 463 atoms.
  1: [rms reference out rmsd_to_ini.dat '(@CA,C,N,O)']
	Target mask: [(@CA,C,N,O)](127)
	Reference mask: [(@CA,C,N,O)](127)
  2: [secstruct SECSTRUCT out secstruct.dat]
Warning: Not all BB atoms found for 2 residues: ACE:1 NHE:33
Info: This is expected for Proline and terminal/non-standard residues.
Info: Expected BB atom names: N=[N   ]  H=[H   ]  C=[C   ]  O=[O   ]  CA=[CA  ]
Info: Re-run with action debug level >= 1 to see which residues are missing atoms.
	Mask [*] corresponds to 33 residues.
----- prot1_md1.nc (1-20000, 1) -----
 0% 10% 20% 30% 
----- prot1_md2.nc (1-40000, 1) -----
40% 50% 60% 70% 80% 90% 100% Complete.

Read 60000 frames and processed 60000 frames.
TIME: Avg. throughput= 209.6300 frames / second.

ACTION OUTPUT:

DATASETS (49 total):
	RMSD_00002 "RMSD_00002" (double, rms), size is 60000
	SECSTRUCT[None] "SECSTRUCT[None]" (float), size is 60000
	SECSTRUCT[Para] "SECSTRUCT[Para]" (float), size is 60000
	SECSTRUCT[Anti] "SECSTRUCT[Anti]" (float), size is 60000
	SECSTRUCT[3-10] "SECSTRUCT[3-10]" (float), size is 60000
	SECSTRUCT[Alpha] "SECSTRUCT[Alpha]" (float), size is 60000
	SECSTRUCT[Pi] "SECSTRUCT[Pi]" (float), size is 60000
	SECSTRUCT[Turn] "SECSTRUCT[Turn]" (float), size is 60000
	SECSTRUCT[Bend] "SECSTRUCT[Bend]" (float), size is 60000
	SECSTRUCT[res]:1 "ACE:1" (integer), size is 60000
	SECSTRUCT[res]:2 "GLY:2" (integer), size is 60000
	SECSTRUCT[res]:3 "ALA:3" (integer), size is 60000
	SECSTRUCT[res]:4 "ALA:4" (integer), size is 60000
	SECSTRUCT[res]:5 "ALA:5" (integer), size is 60000
	SECSTRUCT[res]:6 "ALA:6" (integer), size is 60000
	SECSTRUCT[res]:7 "LYS:7" (integer), size is 60000
	SECSTRUCT[res]:8 "LYS:8" (integer), size is 60000
	SECSTRUCT[res]:9 "LYS:9" (integer), size is 60000
	SECSTRUCT[res]:10 "LYS:10" (integer), size is 60000
	SECSTRUCT[res]:11 "GLU:11" (integer), size is 60000
	SECSTRUCT[res]:12 "GLU:12" (integer), size is 60000
	SECSTRUCT[res]:13 "GLU:13" (integer), size is 60000
	SECSTRUCT[res]:14 "GLU:14" (integer), size is 60000
	SECSTRUCT[res]:15 "ALA:15" (integer), size is 60000
	SECSTRUCT[res]:16 "ALA:16" (integer), size is 60000
	SECSTRUCT[res]:17 "ALA:17" (integer), size is 60000
	SECSTRUCT[res]:18 "ALA:18" (integer), size is 60000
	SECSTRUCT[res]:19 "LYS:19" (integer), size is 60000
	SECSTRUCT[res]:20 "LYS:20" (integer), size is 60000
	SECSTRUCT[res]:21 "LYS:21" (integer), size is 60000
	SECSTRUCT[res]:22 "LYS:22" (integer), size is 60000
	SECSTRUCT[res]:23 "GLU:23" (integer), size is 60000
	SECSTRUCT[res]:24 "GLU:24" (integer), size is 60000
	SECSTRUCT[res]:25 "GLU:25" (integer), size is 60000
	SECSTRUCT[res]:26 "GLU:26" (integer), size is 60000
	SECSTRUCT[res]:27 "ALA:27" (integer), size is 60000
	SECSTRUCT[res]:28 "ALA:28" (integer), size is 60000
	SECSTRUCT[res]:29 "ALA:29" (integer), size is 60000
	SECSTRUCT[res]:30 "ALA:30" (integer), size is 60000
	SECSTRUCT[res]:31 "GLY:31" (integer), size is 60000
	SECSTRUCT[res]:32 "TRP:32" (integer), size is 60000
	SECSTRUCT[res]:33 "NHE:33" (integer), size is 60000
	SECSTRUCT[avgss]:1 "Para" (double), size is 33
	SECSTRUCT[avgss]:2 "Anti" (double), size is 33
	SECSTRUCT[avgss]:3 "3-10" (double), size is 33
	SECSTRUCT[avgss]:4 "Alpha" (double), size is 33
	SECSTRUCT[avgss]:5 "Pi" (double), size is 33
	SECSTRUCT[avgss]:6 "Turn" (double), size is 33
	SECSTRUCT[avgss]:7 "Bend" (double), size is 33

DATAFILES (3 total):
  rmsd_to_ini.dat (Standard Data File):  RMSD_00002
  secstruct.dat (Standard Data File):  ACE:1 GLY:2 ALA:3 ALA:4 ... ALA:30 GLY:31 TRP:32 NHE:33
  secstruct.dat.sum (Standard Data File):  Para Anti 3-10 Alpha Pi Turn Bend

RUN TIMING:
TIME:		Init               : 0.0000 s (  0.00%)
TIME:		Trajectory Process : 286.2185 s ( 99.84%)
TIME:		Action Post        : 0.0001 s (  0.00%)
TIME:		Analysis           : 0.0000 s (  0.00%)
TIME:		Data File Write    : 0.4679 s (  0.16%)
TIME:		Other              : 0.0004 s (  0.00%)
TIME:	Run Total 286.6869 s
---------- RUN END ---------------------------------------------------
  [writedata helicity.dat SECSTRUCT[Alpha]]
	Writing sets to helicity.dat, format 'Standard Data File'
 SECSTRUCT[Alpha]
TIME: Total execution time: 286.9839 seconds.
--------------------------------------------------------------------------------
To cite CPPTRAJ use:
Daniel R. Roe and Thomas E. Cheatham, III, "PTRAJ and CPPTRAJ: Software for
  Processing and Analysis of Molecular Dynamics Trajectory Data". J. Chem.
  Theory Comput., 2013, 9 (7), pp 3084-3095.

igb5_ff98 done
