
CPPTRAJ: Trajectory Analysis. V17.00
    ___  ___  ___  ___
     | \/ | \/ | \/ | 
    _|_/\_|_/\_|_/\_|_

| Date/time: 11/01/18 15:17:04
| Available memory: 108.167 GB

INPUT: Reading input from 'STDIN'
  [parm prot1_HMR.parm7]
	Reading 'prot1_HMR.parm7' as Amber Topology
	Radius Set: ArgH and AspGluO modified Bondi2 radii (mbondi3)
  [trajin prot1_md1.nc]
	Reading 'prot1_md1.nc' as Amber NetCDF
  [trajin prot1_md2.nc]
	Reading 'prot1_md2.nc' as Amber NetCDF
  [reference prot1_HMR.rst7]
	Reading 'prot1_HMR.rst7' as Amber Restart
	Setting active reference for distance-based masks: 'prot1_HMR.rst7'
  [center :1-33 mass origin]
    CENTER: Centering coordinates using center of mass of atoms in mask (:1-33) to
	coordinate origin.
  [rms reference out rmsd_to_ini.dat '(@CA,C,N,O)']
    RMSD: ((@CA,C,N,O)), reference is "default_name" ((@CA,C,N,O)).
	Best-fit RMSD will be calculated, coords will be rotated and translated.
  [trajout prot1_md_centered.nc]
	Writing 'prot1_md_centered.nc' as Amber NetCDF
  [trajout prot1_md_centered.pdb onlyframes 1]
	Saving frames 1
	Writing 'prot1_md_centered.pdb' as PDB
  [secstruct SECSTRUCT out secstruct.dat]
    SECSTRUCT: Calculating secondary structure using mask [*]
	Dumping results to secstruct.dat
	Sum results to secstruct.dat.sum
	SS data for each residue will be stored as integers.
		0 = None
		1 = Para
		2 = Anti
		3 = 3-10
		4 = Alpha
		5 = Pi
		6 = Turn
		7 = Bend
	Backbone Atom Names: N=[N   ]  H=[H   ]  C=[C   ]  O=[O   ]  CA=[CA  ]
# Citation: Kabsch, W.; Sander, C.; "Dictionary of Protein Secondary Structure:
#           Pattern Recognition of Hydrogen-Bonded and Geometrical Features."
#           Biopolymers (1983), V.22, pp.2577-2637.
  [run]
---------- RUN BEGIN -------------------------------------------------

PARAMETER FILES (1 total):
 0: prot1_HMR.parm7, 463 atoms, 33 res, box: None, 1 mol

INPUT TRAJECTORIES (2 total):
 0: 'prot1_md1.nc' is a NetCDF AMBER trajectory, Parm prot1_HMR.parm7 (reading 20000 of 20000)
 1: 'prot1_md2.nc' is a NetCDF AMBER trajectory, Parm prot1_HMR.parm7 (reading 40000 of 40000)
  Coordinate processing will occur on 60000 frames.

REFERENCE FRAMES (1 total):
    0: prot1_HMR.rst7:1
	Active reference frame for distance-based masks is 'default_name'

OUTPUT TRAJECTORIES (2 total):
  'prot1_md_centered.nc' (60000 frames) is a NetCDF AMBER trajectory
  'prot1_md_centered.pdb' (60000 frames) is a PDB file: Writing frames 1

BEGIN TRAJECTORY PROCESSING:
.....................................................
ACTION SETUP FOR PARM 'prot1_HMR.parm7' (3 actions):
  0: [center :1-33 mass origin]
	Mask [:1-33] corresponds to 463 atoms.
  1: [rms reference out rmsd_to_ini.dat '(@CA,C,N,O)']
	Target mask: [(@CA,C,N,O)](127)
	Reference mask: [(@CA,C,N,O)](127)
  2: [secstruct SECSTRUCT out secstruct.dat]
Warning: Not all BB atoms found for 2 residues: ACE:1 NHE:33
Info: This is expected for Proline and terminal/non-standard residues.
Info: Expected BB atom names: N=[N   ]  H=[H   ]  C=[C   ]  O=[O   ]  CA=[CA  ]
Info: Re-run with action debug level >= 1 to see which residues are missing atoms.
	Mask [*] corresponds to 33 residues.
----- prot1_md1.nc (1-20000, 1) -----
 0% 10% 20% 30% 
----- prot1_md2.nc (1-40000, 1) -----
40% 50% 60% 70% 80% 90% 100% Complete.

Read 60000 frames and processed 60000 frames.
TIME: Avg. throughput= 217.1312 frames / second.

ACTION OUTPUT:

DATASETS (49 total):
	RMSD_00002 "RMSD_00002" (double, rms), size is 60000
	SECSTRUCT[None] "SECSTRUCT[None]" (float), size is 60000
	SECSTRUCT[Para] "SECSTRUCT[Para]" (float), size is 60000
	SECSTRUCT[Anti] "SECSTRUCT[Anti]" (float), size is 60000
	SECSTRUCT[3-10] "SECSTRUCT[3-10]" (float), size is 60000
	SECSTRUCT[Alpha] "SECSTRUCT[Alpha]" (float), size is 60000
	SECSTRUCT[Pi] "SECSTRUCT[Pi]" (float), size is 60000
	SECSTRUCT[Turn] "SECSTRUCT[Turn]" (float), size is 60000
	SECSTRUCT[Bend] "SECSTRUCT[Bend]" (float), size is 60000
	SECSTRUCT[res]:1 "ACE:1" (integer), size is 60000
	SECSTRUCT[res]:2 "GLY:2" (integer), size is 60000
	SECSTRUCT[res]:3 "ALA:3" (integer), size is 60000
	SECSTRUCT[res]:4 "ALA:4" (integer), size is 60000
	SECSTRUCT[res]:5 "ALA:5" (integer), size is 60000
	SECSTRUCT[res]:6 "ALA:6" (integer), size is 60000
	SECSTRUCT[res]:7 "LYS:7" (integer), size is 60000
	SECSTRUCT[res]:8 "LYS:8" (integer), size is 60000
	SECSTRUCT[res]:9 "LYS:9" (integer), size is 60000
	SECSTRUCT[res]:10 "LYS:10" (integer), size is 60000
	SECSTRUCT[res]:11 "GLU:11" (integer), size is 60000
	SECSTRUCT[res]:12 "GLU:12" (integer), size is 60000
	SECSTRUCT[res]:13 "GLU:13" (integer), size is 60000
	SECSTRUCT[res]:14 "GLU:14" (integer), size is 60000
	SECSTRUCT[res]:15 "ALA:15" (integer), size is 60000
	SECSTRUCT[res]:16 "ALA:16" (integer), size is 60000
	SECSTRUCT[res]:17 "ALA:17" (integer), size is 60000
	SECSTRUCT[res]:18 "ALA:18" (integer), size is 60000
	SECSTRUCT[res]:19 "LYS:19" (integer), size is 60000
	SECSTRUCT[res]:20 "LYS:20" (integer), size is 60000
	SECSTRUCT[res]:21 "LYS:21" (integer), size is 60000
	SECSTRUCT[res]:22 "LYS:22" (integer), size is 60000
	SECSTRUCT[res]:23 "GLU:23" (integer), size is 60000
	SECSTRUCT[res]:24 "GLU:24" (integer), size is 60000
	SECSTRUCT[res]:25 "GLU:25" (integer), size is 60000
	SECSTRUCT[res]:26 "GLU:26" (integer), size is 60000
	SECSTRUCT[res]:27 "ALA:27" (integer), size is 60000
	SECSTRUCT[res]:28 "ALA:28" (integer), size is 60000
	SECSTRUCT[res]:29 "ALA:29" (integer), size is 60000
	SECSTRUCT[res]:30 "ALA:30" (integer), size is 60000
	SECSTRUCT[res]:31 "GLY:31" (integer), size is 60000
	SECSTRUCT[res]:32 "TRP:32" (integer), size is 60000
	SECSTRUCT[res]:33 "NHE:33" (integer), size is 60000
	SECSTRUCT[avgss]:1 "Para" (double), size is 33
	SECSTRUCT[avgss]:2 "Anti" (double), size is 33
	SECSTRUCT[avgss]:3 "3-10" (double), size is 33
	SECSTRUCT[avgss]:4 "Alpha" (double), size is 33
	SECSTRUCT[avgss]:5 "Pi" (double), size is 33
	SECSTRUCT[avgss]:6 "Turn" (double), size is 33
	SECSTRUCT[avgss]:7 "Bend" (double), size is 33

DATAFILES (3 total):
  rmsd_to_ini.dat (Standard Data File):  RMSD_00002
  secstruct.dat (Standard Data File):  ACE:1 GLY:2 ALA:3 ALA:4 ... ALA:30 GLY:31 TRP:32 NHE:33
  secstruct.dat.sum (Standard Data File):  Para Anti 3-10 Alpha Pi Turn Bend

RUN TIMING:
TIME:		Init               : 0.0000 s (  0.00%)
TIME:		Trajectory Process : 276.3306 s ( 99.83%)
TIME:		Action Post        : 0.0001 s (  0.00%)
TIME:		Analysis           : 0.0000 s (  0.00%)
TIME:		Data File Write    : 0.4738 s (  0.17%)
TIME:		Other              : 0.0006 s (  0.00%)
TIME:	Run Total 276.8051 s
---------- RUN END ---------------------------------------------------
  [writedata helicity.dat SECSTRUCT[Alpha]]
	Writing sets to helicity.dat, format 'Standard Data File'
 SECSTRUCT[Alpha]
TIME: Total execution time: 276.9704 seconds.
--------------------------------------------------------------------------------
To cite CPPTRAJ use:
Daniel R. Roe and Thomas E. Cheatham, III, "PTRAJ and CPPTRAJ: Software for
  Processing and Analysis of Molecular Dynamics Trajectory Data". J. Chem.
  Theory Comput., 2013, 9 (7), pp 3084-3095.

igb8_ff14SB done

CPPTRAJ: Trajectory Analysis. V17.00
    ___  ___  ___  ___
     | \/ | \/ | \/ | 
    _|_/\_|_/\_|_/\_|_

| Date/time: 11/01/18 15:21:41
| Available memory: 108.113 GB

INPUT: Reading input from 'STDIN'
  [parm prot1_HMR.parm7]
	Reading 'prot1_HMR.parm7' as Amber Topology
	Radius Set: ArgH and AspGluO modified Bondi2 radii (mbondi3)
  [trajin prot1_md1.nc]
	Reading 'prot1_md1.nc' as Amber NetCDF
  [trajin prot1_md2.nc]
	Reading 'prot1_md2.nc' as Amber NetCDF
  [reference prot1_HMR.rst7]
	Reading 'prot1_HMR.rst7' as Amber Restart
	Setting active reference for distance-based masks: 'prot1_HMR.rst7'
  [center :1-33 mass origin]
    CENTER: Centering coordinates using center of mass of atoms in mask (:1-33) to
	coordinate origin.
  [rms reference out rmsd_to_ini.dat '(@CA,C,N,O)']
    RMSD: ((@CA,C,N,O)), reference is "default_name" ((@CA,C,N,O)).
	Best-fit RMSD will be calculated, coords will be rotated and translated.
  [trajout prot1_md_centered.nc]
	Writing 'prot1_md_centered.nc' as Amber NetCDF
  [trajout prot1_md_centered.pdb onlyframes 1]
	Saving frames 1
	Writing 'prot1_md_centered.pdb' as PDB
  [secstruct SECSTRUCT out secstruct.dat]
    SECSTRUCT: Calculating secondary structure using mask [*]
	Dumping results to secstruct.dat
	Sum results to secstruct.dat.sum
	SS data for each residue will be stored as integers.
		0 = None
		1 = Para
		2 = Anti
		3 = 3-10
		4 = Alpha
		5 = Pi
		6 = Turn
		7 = Bend
	Backbone Atom Names: N=[N   ]  H=[H   ]  C=[C   ]  O=[O   ]  CA=[CA  ]
# Citation: Kabsch, W.; Sander, C.; "Dictionary of Protein Secondary Structure:
#           Pattern Recognition of Hydrogen-Bonded and Geometrical Features."
#           Biopolymers (1983), V.22, pp.2577-2637.
  [run]
---------- RUN BEGIN -------------------------------------------------

PARAMETER FILES (1 total):
 0: prot1_HMR.parm7, 463 atoms, 33 res, box: None, 1 mol

INPUT TRAJECTORIES (2 total):
 0: 'prot1_md1.nc' is a NetCDF AMBER trajectory, Parm prot1_HMR.parm7 (reading 20000 of 20000)
 1: 'prot1_md2.nc' is a NetCDF AMBER trajectory, Parm prot1_HMR.parm7 (reading 40000 of 40000)
  Coordinate processing will occur on 60000 frames.

REFERENCE FRAMES (1 total):
    0: prot1_HMR.rst7:1
	Active reference frame for distance-based masks is 'default_name'

OUTPUT TRAJECTORIES (2 total):
  'prot1_md_centered.nc' (60000 frames) is a NetCDF AMBER trajectory
  'prot1_md_centered.pdb' (60000 frames) is a PDB file: Writing frames 1

BEGIN TRAJECTORY PROCESSING:
.....................................................
ACTION SETUP FOR PARM 'prot1_HMR.parm7' (3 actions):
  0: [center :1-33 mass origin]
	Mask [:1-33] corresponds to 463 atoms.
  1: [rms reference out rmsd_to_ini.dat '(@CA,C,N,O)']
	Target mask: [(@CA,C,N,O)](127)
	Reference mask: [(@CA,C,N,O)](127)
  2: [secstruct SECSTRUCT out secstruct.dat]
Warning: Not all BB atoms found for 2 residues: ACE:1 NHE:33
Info: This is expected for Proline and terminal/non-standard residues.
Info: Expected BB atom names: N=[N   ]  H=[H   ]  C=[C   ]  O=[O   ]  CA=[CA  ]
Info: Re-run with action debug level >= 1 to see which residues are missing atoms.
	Mask [*] corresponds to 33 residues.
----- prot1_md1.nc (1-20000, 1) -----
 0% 10% 20% 30% 
----- prot1_md2.nc (1-40000, 1) -----
40% 50% 60% 70% 80% 90% 100% Complete.

Read 60000 frames and processed 60000 frames.
TIME: Avg. throughput= 159.4141 frames / second.

ACTION OUTPUT:

DATASETS (49 total):
	RMSD_00002 "RMSD_00002" (double, rms), size is 60000
	SECSTRUCT[None] "SECSTRUCT[None]" (float), size is 60000
	SECSTRUCT[Para] "SECSTRUCT[Para]" (float), size is 60000
	SECSTRUCT[Anti] "SECSTRUCT[Anti]" (float), size is 60000
	SECSTRUCT[3-10] "SECSTRUCT[3-10]" (float), size is 60000
	SECSTRUCT[Alpha] "SECSTRUCT[Alpha]" (float), size is 60000
	SECSTRUCT[Pi] "SECSTRUCT[Pi]" (float), size is 60000
	SECSTRUCT[Turn] "SECSTRUCT[Turn]" (float), size is 60000
	SECSTRUCT[Bend] "SECSTRUCT[Bend]" (float), size is 60000
	SECSTRUCT[res]:1 "ACE:1" (integer), size is 60000
	SECSTRUCT[res]:2 "GLY:2" (integer), size is 60000
	SECSTRUCT[res]:3 "ALA:3" (integer), size is 60000
	SECSTRUCT[res]:4 "ALA:4" (integer), size is 60000
	SECSTRUCT[res]:5 "ALA:5" (integer), size is 60000
	SECSTRUCT[res]:6 "ALA:6" (integer), size is 60000
	SECSTRUCT[res]:7 "LYS:7" (integer), size is 60000
	SECSTRUCT[res]:8 "LYS:8" (integer), size is 60000
	SECSTRUCT[res]:9 "LYS:9" (integer), size is 60000
	SECSTRUCT[res]:10 "LYS:10" (integer), size is 60000
	SECSTRUCT[res]:11 "GLU:11" (integer), size is 60000
	SECSTRUCT[res]:12 "GLU:12" (integer), size is 60000
	SECSTRUCT[res]:13 "GLU:13" (integer), size is 60000
	SECSTRUCT[res]:14 "GLU:14" (integer), size is 60000
	SECSTRUCT[res]:15 "ALA:15" (integer), size is 60000
	SECSTRUCT[res]:16 "ALA:16" (integer), size is 60000
	SECSTRUCT[res]:17 "ALA:17" (integer), size is 60000
	SECSTRUCT[res]:18 "ALA:18" (integer), size is 60000
	SECSTRUCT[res]:19 "LYS:19" (integer), size is 60000
	SECSTRUCT[res]:20 "LYS:20" (integer), size is 60000
	SECSTRUCT[res]:21 "LYS:21" (integer), size is 60000
	SECSTRUCT[res]:22 "LYS:22" (integer), size is 60000
	SECSTRUCT[res]:23 "GLU:23" (integer), size is 60000
	SECSTRUCT[res]:24 "GLU:24" (integer), size is 60000
	SECSTRUCT[res]:25 "GLU:25" (integer), size is 60000
	SECSTRUCT[res]:26 "GLU:26" (integer), size is 60000
	SECSTRUCT[res]:27 "ALA:27" (integer), size is 60000
	SECSTRUCT[res]:28 "ALA:28" (integer), size is 60000
	SECSTRUCT[res]:29 "ALA:29" (integer), size is 60000
	SECSTRUCT[res]:30 "ALA:30" (integer), size is 60000
	SECSTRUCT[res]:31 "GLY:31" (integer), size is 60000
	SECSTRUCT[res]:32 "TRP:32" (integer), size is 60000
	SECSTRUCT[res]:33 "NHE:33" (integer), size is 60000
	SECSTRUCT[avgss]:1 "Para" (double), size is 33
	SECSTRUCT[avgss]:2 "Anti" (double), size is 33
	SECSTRUCT[avgss]:3 "3-10" (double), size is 33
	SECSTRUCT[avgss]:4 "Alpha" (double), size is 33
	SECSTRUCT[avgss]:5 "Pi" (double), size is 33
	SECSTRUCT[avgss]:6 "Turn" (double), size is 33
	SECSTRUCT[avgss]:7 "Bend" (double), size is 33

DATAFILES (3 total):
  rmsd_to_ini.dat (Standard Data File):  RMSD_00002
  secstruct.dat (Standard Data File):  ACE:1 GLY:2 ALA:3 ALA:4 ... ALA:30 GLY:31 TRP:32 NHE:33
  secstruct.dat.sum (Standard Data File):  Para Anti 3-10 Alpha Pi Turn Bend

RUN TIMING:
TIME:		Init               : 0.0000 s (  0.00%)
TIME:		Trajectory Process : 376.3783 s ( 99.87%)
TIME:		Action Post        : 0.0001 s (  0.00%)
TIME:		Analysis           : 0.0000 s (  0.00%)
TIME:		Data File Write    : 0.4995 s (  0.13%)
TIME:		Other              : 0.0004 s (  0.00%)
TIME:	Run Total 376.8783 s
---------- RUN END ---------------------------------------------------
  [writedata helicity.dat SECSTRUCT[Alpha]]
	Writing sets to helicity.dat, format 'Standard Data File'
 SECSTRUCT[Alpha]
TIME: Total execution time: 377.1484 seconds.
--------------------------------------------------------------------------------
To cite CPPTRAJ use:
Daniel R. Roe and Thomas E. Cheatham, III, "PTRAJ and CPPTRAJ: Software for
  Processing and Analysis of Molecular Dynamics Trajectory Data". J. Chem.
  Theory Comput., 2013, 9 (7), pp 3084-3095.

igb8_ff14SBonlysc done

CPPTRAJ: Trajectory Analysis. V17.00
    ___  ___  ___  ___
     | \/ | \/ | \/ | 
    _|_/\_|_/\_|_/\_|_

| Date/time: 11/01/18 15:27:58
| Available memory: 108.142 GB

INPUT: Reading input from 'STDIN'
  [parm prot1_HMR.parm7]
	Reading 'prot1_HMR.parm7' as Amber Topology
	Radius Set: ArgH and AspGluO modified Bondi2 radii (mbondi3)
  [trajin prot1_md1.nc]
	Reading 'prot1_md1.nc' as Amber NetCDF
  [trajin prot1_md2.nc]
	Reading 'prot1_md2.nc' as Amber NetCDF
  [reference prot1_HMR.rst7]
	Reading 'prot1_HMR.rst7' as Amber Restart
	Setting active reference for distance-based masks: 'prot1_HMR.rst7'
  [center :1-33 mass origin]
    CENTER: Centering coordinates using center of mass of atoms in mask (:1-33) to
	coordinate origin.
  [rms reference out rmsd_to_ini.dat '(@CA,C,N,O)']
    RMSD: ((@CA,C,N,O)), reference is "default_name" ((@CA,C,N,O)).
	Best-fit RMSD will be calculated, coords will be rotated and translated.
  [trajout prot1_md_centered.nc]
	Writing 'prot1_md_centered.nc' as Amber NetCDF
  [trajout prot1_md_centered.pdb onlyframes 1]
	Saving frames 1
	Writing 'prot1_md_centered.pdb' as PDB
  [secstruct SECSTRUCT out secstruct.dat]
    SECSTRUCT: Calculating secondary structure using mask [*]
	Dumping results to secstruct.dat
	Sum results to secstruct.dat.sum
	SS data for each residue will be stored as integers.
		0 = None
		1 = Para
		2 = Anti
		3 = 3-10
		4 = Alpha
		5 = Pi
		6 = Turn
		7 = Bend
	Backbone Atom Names: N=[N   ]  H=[H   ]  C=[C   ]  O=[O   ]  CA=[CA  ]
# Citation: Kabsch, W.; Sander, C.; "Dictionary of Protein Secondary Structure:
#           Pattern Recognition of Hydrogen-Bonded and Geometrical Features."
#           Biopolymers (1983), V.22, pp.2577-2637.
  [run]
---------- RUN BEGIN -------------------------------------------------

PARAMETER FILES (1 total):
 0: prot1_HMR.parm7, 463 atoms, 33 res, box: None, 1 mol

INPUT TRAJECTORIES (2 total):
 0: 'prot1_md1.nc' is a NetCDF AMBER trajectory, Parm prot1_HMR.parm7 (reading 20000 of 20000)
 1: 'prot1_md2.nc' is a NetCDF AMBER trajectory, Parm prot1_HMR.parm7 (reading 40000 of 40000)
  Coordinate processing will occur on 60000 frames.

REFERENCE FRAMES (1 total):
    0: prot1_HMR.rst7:1
	Active reference frame for distance-based masks is 'default_name'

OUTPUT TRAJECTORIES (2 total):
  'prot1_md_centered.nc' (60000 frames) is a NetCDF AMBER trajectory
  'prot1_md_centered.pdb' (60000 frames) is a PDB file: Writing frames 1

BEGIN TRAJECTORY PROCESSING:
.....................................................
ACTION SETUP FOR PARM 'prot1_HMR.parm7' (3 actions):
  0: [center :1-33 mass origin]
	Mask [:1-33] corresponds to 463 atoms.
  1: [rms reference out rmsd_to_ini.dat '(@CA,C,N,O)']
	Target mask: [(@CA,C,N,O)](127)
	Reference mask: [(@CA,C,N,O)](127)
  2: [secstruct SECSTRUCT out secstruct.dat]
Warning: Not all BB atoms found for 2 residues: ACE:1 NHE:33
Info: This is expected for Proline and terminal/non-standard residues.
Info: Expected BB atom names: N=[N   ]  H=[H   ]  C=[C   ]  O=[O   ]  CA=[CA  ]
Info: Re-run with action debug level >= 1 to see which residues are missing atoms.
	Mask [*] corresponds to 33 residues.
----- prot1_md1.nc (1-20000, 1) -----
 0% 10% 20% 30% 
----- prot1_md2.nc (1-40000, 1) -----
40% 50% 60% 70% 80% 90% 100% Complete.

Read 60000 frames and processed 60000 frames.
TIME: Avg. throughput= 401.7561 frames / second.

ACTION OUTPUT:

DATASETS (49 total):
	RMSD_00002 "RMSD_00002" (double, rms), size is 60000
	SECSTRUCT[None] "SECSTRUCT[None]" (float), size is 60000
	SECSTRUCT[Para] "SECSTRUCT[Para]" (float), size is 60000
	SECSTRUCT[Anti] "SECSTRUCT[Anti]" (float), size is 60000
	SECSTRUCT[3-10] "SECSTRUCT[3-10]" (float), size is 60000
	SECSTRUCT[Alpha] "SECSTRUCT[Alpha]" (float), size is 60000
	SECSTRUCT[Pi] "SECSTRUCT[Pi]" (float), size is 60000
	SECSTRUCT[Turn] "SECSTRUCT[Turn]" (float), size is 60000
	SECSTRUCT[Bend] "SECSTRUCT[Bend]" (float), size is 60000
	SECSTRUCT[res]:1 "ACE:1" (integer), size is 60000
	SECSTRUCT[res]:2 "GLY:2" (integer), size is 60000
	SECSTRUCT[res]:3 "ALA:3" (integer), size is 60000
	SECSTRUCT[res]:4 "ALA:4" (integer), size is 60000
	SECSTRUCT[res]:5 "ALA:5" (integer), size is 60000
	SECSTRUCT[res]:6 "ALA:6" (integer), size is 60000
	SECSTRUCT[res]:7 "LYS:7" (integer), size is 60000
	SECSTRUCT[res]:8 "LYS:8" (integer), size is 60000
	SECSTRUCT[res]:9 "LYS:9" (integer), size is 60000
	SECSTRUCT[res]:10 "LYS:10" (integer), size is 60000
	SECSTRUCT[res]:11 "GLU:11" (integer), size is 60000
	SECSTRUCT[res]:12 "GLU:12" (integer), size is 60000
	SECSTRUCT[res]:13 "GLU:13" (integer), size is 60000
	SECSTRUCT[res]:14 "GLU:14" (integer), size is 60000
	SECSTRUCT[res]:15 "ALA:15" (integer), size is 60000
	SECSTRUCT[res]:16 "ALA:16" (integer), size is 60000
	SECSTRUCT[res]:17 "ALA:17" (integer), size is 60000
	SECSTRUCT[res]:18 "ALA:18" (integer), size is 60000
	SECSTRUCT[res]:19 "LYS:19" (integer), size is 60000
	SECSTRUCT[res]:20 "LYS:20" (integer), size is 60000
	SECSTRUCT[res]:21 "LYS:21" (integer), size is 60000
	SECSTRUCT[res]:22 "LYS:22" (integer), size is 60000
	SECSTRUCT[res]:23 "GLU:23" (integer), size is 60000
	SECSTRUCT[res]:24 "GLU:24" (integer), size is 60000
	SECSTRUCT[res]:25 "GLU:25" (integer), size is 60000
	SECSTRUCT[res]:26 "GLU:26" (integer), size is 60000
	SECSTRUCT[res]:27 "ALA:27" (integer), size is 60000
	SECSTRUCT[res]:28 "ALA:28" (integer), size is 60000
	SECSTRUCT[res]:29 "ALA:29" (integer), size is 60000
	SECSTRUCT[res]:30 "ALA:30" (integer), size is 60000
	SECSTRUCT[res]:31 "GLY:31" (integer), size is 60000
	SECSTRUCT[res]:32 "TRP:32" (integer), size is 60000
	SECSTRUCT[res]:33 "NHE:33" (integer), size is 60000
	SECSTRUCT[avgss]:1 "Para" (double), size is 33
	SECSTRUCT[avgss]:2 "Anti" (double), size is 33
	SECSTRUCT[avgss]:3 "3-10" (double), size is 33
	SECSTRUCT[avgss]:4 "Alpha" (double), size is 33
	SECSTRUCT[avgss]:5 "Pi" (double), size is 33
	SECSTRUCT[avgss]:6 "Turn" (double), size is 33
	SECSTRUCT[avgss]:7 "Bend" (double), size is 33

DATAFILES (3 total):
  rmsd_to_ini.dat (Standard Data File):  RMSD_00002
  secstruct.dat (Standard Data File):  ACE:1 GLY:2 ALA:3 ALA:4 ... ALA:30 GLY:31 TRP:32 NHE:33
  secstruct.dat.sum (Standard Data File):  Para Anti 3-10 Alpha Pi Turn Bend

RUN TIMING:
TIME:		Init               : 0.0000 s (  0.00%)
TIME:		Trajectory Process : 149.3443 s ( 99.69%)
TIME:		Action Post        : 0.0001 s (  0.00%)
TIME:		Analysis           : 0.0000 s (  0.00%)
TIME:		Data File Write    : 0.4638 s (  0.31%)
TIME:		Other              : 0.0011 s (  0.00%)
TIME:	Run Total 149.8093 s
---------- RUN END ---------------------------------------------------
  [writedata helicity.dat SECSTRUCT[Alpha]]
	Writing sets to helicity.dat, format 'Standard Data File'
 SECSTRUCT[Alpha]
TIME: Total execution time: 149.9711 seconds.
--------------------------------------------------------------------------------
To cite CPPTRAJ use:
Daniel R. Roe and Thomas E. Cheatham, III, "PTRAJ and CPPTRAJ: Software for
  Processing and Analysis of Molecular Dynamics Trajectory Data". J. Chem.
  Theory Comput., 2013, 9 (7), pp 3084-3095.

igb8_ff03.r1 done

CPPTRAJ: Trajectory Analysis. V17.00
    ___  ___  ___  ___
     | \/ | \/ | \/ | 
    _|_/\_|_/\_|_/\_|_

| Date/time: 11/01/18 15:30:28
| Available memory: 108.135 GB

INPUT: Reading input from 'STDIN'
  [parm prot1_HMR.parm7]
	Reading 'prot1_HMR.parm7' as Amber Topology
	Radius Set: ArgH and AspGluO modified Bondi2 radii (mbondi3)
  [trajin prot1_md1.nc]
	Reading 'prot1_md1.nc' as Amber NetCDF
  [trajin prot1_md2.nc]
	Reading 'prot1_md2.nc' as Amber NetCDF
  [reference prot1_HMR.rst7]
	Reading 'prot1_HMR.rst7' as Amber Restart
	Setting active reference for distance-based masks: 'prot1_HMR.rst7'
  [center :1-33 mass origin]
    CENTER: Centering coordinates using center of mass of atoms in mask (:1-33) to
	coordinate origin.
  [rms reference out rmsd_to_ini.dat '(@CA,C,N,O)']
    RMSD: ((@CA,C,N,O)), reference is "default_name" ((@CA,C,N,O)).
	Best-fit RMSD will be calculated, coords will be rotated and translated.
  [trajout prot1_md_centered.nc]
	Writing 'prot1_md_centered.nc' as Amber NetCDF
  [trajout prot1_md_centered.pdb onlyframes 1]
	Saving frames 1
	Writing 'prot1_md_centered.pdb' as PDB
  [secstruct SECSTRUCT out secstruct.dat]
    SECSTRUCT: Calculating secondary structure using mask [*]
	Dumping results to secstruct.dat
	Sum results to secstruct.dat.sum
	SS data for each residue will be stored as integers.
		0 = None
		1 = Para
		2 = Anti
		3 = 3-10
		4 = Alpha
		5 = Pi
		6 = Turn
		7 = Bend
	Backbone Atom Names: N=[N   ]  H=[H   ]  C=[C   ]  O=[O   ]  CA=[CA  ]
# Citation: Kabsch, W.; Sander, C.; "Dictionary of Protein Secondary Structure:
#           Pattern Recognition of Hydrogen-Bonded and Geometrical Features."
#           Biopolymers (1983), V.22, pp.2577-2637.
  [run]
---------- RUN BEGIN -------------------------------------------------

PARAMETER FILES (1 total):
 0: prot1_HMR.parm7, 463 atoms, 33 res, box: None, 1 mol

INPUT TRAJECTORIES (2 total):
 0: 'prot1_md1.nc' is a NetCDF AMBER trajectory, Parm prot1_HMR.parm7 (reading 20000 of 20000)
 1: 'prot1_md2.nc' is a NetCDF AMBER trajectory, Parm prot1_HMR.parm7 (reading 40000 of 40000)
  Coordinate processing will occur on 60000 frames.

REFERENCE FRAMES (1 total):
    0: prot1_HMR.rst7:1
	Active reference frame for distance-based masks is 'default_name'

OUTPUT TRAJECTORIES (2 total):
  'prot1_md_centered.nc' (60000 frames) is a NetCDF AMBER trajectory
  'prot1_md_centered.pdb' (60000 frames) is a PDB file: Writing frames 1

BEGIN TRAJECTORY PROCESSING:
.....................................................
ACTION SETUP FOR PARM 'prot1_HMR.parm7' (3 actions):
  0: [center :1-33 mass origin]
	Mask [:1-33] corresponds to 463 atoms.
  1: [rms reference out rmsd_to_ini.dat '(@CA,C,N,O)']
	Target mask: [(@CA,C,N,O)](127)
	Reference mask: [(@CA,C,N,O)](127)
  2: [secstruct SECSTRUCT out secstruct.dat]
Warning: Not all BB atoms found for 2 residues: ACE:1 NHE:33
Info: This is expected for Proline and terminal/non-standard residues.
Info: Expected BB atom names: N=[N   ]  H=[H   ]  C=[C   ]  O=[O   ]  CA=[CA  ]
Info: Re-run with action debug level >= 1 to see which residues are missing atoms.
	Mask [*] corresponds to 33 residues.
----- prot1_md1.nc (1-20000, 1) -----
 0% 10% 20% 30% 
----- prot1_md2.nc (1-40000, 1) -----
40% 50% 60% 70% 80% 90% 100% Complete.

Read 60000 frames and processed 60000 frames.
TIME: Avg. throughput= 127.9655 frames / second.

ACTION OUTPUT:

DATASETS (49 total):
	RMSD_00002 "RMSD_00002" (double, rms), size is 60000
	SECSTRUCT[None] "SECSTRUCT[None]" (float), size is 60000
	SECSTRUCT[Para] "SECSTRUCT[Para]" (float), size is 60000
	SECSTRUCT[Anti] "SECSTRUCT[Anti]" (float), size is 60000
	SECSTRUCT[3-10] "SECSTRUCT[3-10]" (float), size is 60000
	SECSTRUCT[Alpha] "SECSTRUCT[Alpha]" (float), size is 60000
	SECSTRUCT[Pi] "SECSTRUCT[Pi]" (float), size is 60000
	SECSTRUCT[Turn] "SECSTRUCT[Turn]" (float), size is 60000
	SECSTRUCT[Bend] "SECSTRUCT[Bend]" (float), size is 60000
	SECSTRUCT[res]:1 "ACE:1" (integer), size is 60000
	SECSTRUCT[res]:2 "GLY:2" (integer), size is 60000
	SECSTRUCT[res]:3 "ALA:3" (integer), size is 60000
	SECSTRUCT[res]:4 "ALA:4" (integer), size is 60000
	SECSTRUCT[res]:5 "ALA:5" (integer), size is 60000
	SECSTRUCT[res]:6 "ALA:6" (integer), size is 60000
	SECSTRUCT[res]:7 "LYS:7" (integer), size is 60000
	SECSTRUCT[res]:8 "LYS:8" (integer), size is 60000
	SECSTRUCT[res]:9 "LYS:9" (integer), size is 60000
	SECSTRUCT[res]:10 "LYS:10" (integer), size is 60000
	SECSTRUCT[res]:11 "GLU:11" (integer), size is 60000
	SECSTRUCT[res]:12 "GLU:12" (integer), size is 60000
	SECSTRUCT[res]:13 "GLU:13" (integer), size is 60000
	SECSTRUCT[res]:14 "GLU:14" (integer), size is 60000
	SECSTRUCT[res]:15 "ALA:15" (integer), size is 60000
	SECSTRUCT[res]:16 "ALA:16" (integer), size is 60000
	SECSTRUCT[res]:17 "ALA:17" (integer), size is 60000
	SECSTRUCT[res]:18 "ALA:18" (integer), size is 60000
	SECSTRUCT[res]:19 "LYS:19" (integer), size is 60000
	SECSTRUCT[res]:20 "LYS:20" (integer), size is 60000
	SECSTRUCT[res]:21 "LYS:21" (integer), size is 60000
	SECSTRUCT[res]:22 "LYS:22" (integer), size is 60000
	SECSTRUCT[res]:23 "GLU:23" (integer), size is 60000
	SECSTRUCT[res]:24 "GLU:24" (integer), size is 60000
	SECSTRUCT[res]:25 "GLU:25" (integer), size is 60000
	SECSTRUCT[res]:26 "GLU:26" (integer), size is 60000
	SECSTRUCT[res]:27 "ALA:27" (integer), size is 60000
	SECSTRUCT[res]:28 "ALA:28" (integer), size is 60000
	SECSTRUCT[res]:29 "ALA:29" (integer), size is 60000
	SECSTRUCT[res]:30 "ALA:30" (integer), size is 60000
	SECSTRUCT[res]:31 "GLY:31" (integer), size is 60000
	SECSTRUCT[res]:32 "TRP:32" (integer), size is 60000
	SECSTRUCT[res]:33 "NHE:33" (integer), size is 60000
	SECSTRUCT[avgss]:1 "Para" (double), size is 33
	SECSTRUCT[avgss]:2 "Anti" (double), size is 33
	SECSTRUCT[avgss]:3 "3-10" (double), size is 33
	SECSTRUCT[avgss]:4 "Alpha" (double), size is 33
	SECSTRUCT[avgss]:5 "Pi" (double), size is 33
	SECSTRUCT[avgss]:6 "Turn" (double), size is 33
	SECSTRUCT[avgss]:7 "Bend" (double), size is 33

DATAFILES (3 total):
  rmsd_to_ini.dat (Standard Data File):  RMSD_00002
  secstruct.dat (Standard Data File):  ACE:1 GLY:2 ALA:3 ALA:4 ... ALA:30 GLY:31 TRP:32 NHE:33
  secstruct.dat.sum (Standard Data File):  Para Anti 3-10 Alpha Pi Turn Bend

RUN TIMING:
TIME:		Init               : 0.0000 s (  0.00%)
TIME:		Trajectory Process : 468.8765 s ( 99.89%)
TIME:		Action Post        : 0.0001 s (  0.00%)
TIME:		Analysis           : 0.0000 s (  0.00%)
TIME:		Data File Write    : 0.4990 s (  0.11%)
TIME:		Other              : 0.0005 s (  0.00%)
TIME:	Run Total 469.3762 s
---------- RUN END ---------------------------------------------------
  [writedata helicity.dat SECSTRUCT[Alpha]]
	Writing sets to helicity.dat, format 'Standard Data File'
 SECSTRUCT[Alpha]
TIME: Total execution time: 469.7280 seconds.
--------------------------------------------------------------------------------
To cite CPPTRAJ use:
Daniel R. Roe and Thomas E. Cheatham, III, "PTRAJ and CPPTRAJ: Software for
  Processing and Analysis of Molecular Dynamics Trajectory Data". J. Chem.
  Theory Comput., 2013, 9 (7), pp 3084-3095.

igb8_fb15 done

CPPTRAJ: Trajectory Analysis. V17.00
    ___  ___  ___  ___
     | \/ | \/ | \/ | 
    _|_/\_|_/\_|_/\_|_

| Date/time: 11/01/18 15:38:18
| Available memory: 108.125 GB

INPUT: Reading input from 'STDIN'
  [parm prot1_HMR.parm7]
	Reading 'prot1_HMR.parm7' as Amber Topology
	Radius Set: ArgH and AspGluO modified Bondi2 radii (mbondi3)
  [trajin prot1_md1.nc]
	Reading 'prot1_md1.nc' as Amber NetCDF
  [trajin prot1_md2.nc]
	Reading 'prot1_md2.nc' as Amber NetCDF
  [reference prot1_HMR.rst7]
	Reading 'prot1_HMR.rst7' as Amber Restart
	Setting active reference for distance-based masks: 'prot1_HMR.rst7'
  [center :1-33 mass origin]
    CENTER: Centering coordinates using center of mass of atoms in mask (:1-33) to
	coordinate origin.
  [rms reference out rmsd_to_ini.dat '(@CA,C,N,O)']
    RMSD: ((@CA,C,N,O)), reference is "default_name" ((@CA,C,N,O)).
	Best-fit RMSD will be calculated, coords will be rotated and translated.
  [trajout prot1_md_centered.nc]
	Writing 'prot1_md_centered.nc' as Amber NetCDF
  [trajout prot1_md_centered.pdb onlyframes 1]
	Saving frames 1
	Writing 'prot1_md_centered.pdb' as PDB
  [secstruct SECSTRUCT out secstruct.dat]
    SECSTRUCT: Calculating secondary structure using mask [*]
	Dumping results to secstruct.dat
	Sum results to secstruct.dat.sum
	SS data for each residue will be stored as integers.
		0 = None
		1 = Para
		2 = Anti
		3 = 3-10
		4 = Alpha
		5 = Pi
		6 = Turn
		7 = Bend
	Backbone Atom Names: N=[N   ]  H=[H   ]  C=[C   ]  O=[O   ]  CA=[CA  ]
# Citation: Kabsch, W.; Sander, C.; "Dictionary of Protein Secondary Structure:
#           Pattern Recognition of Hydrogen-Bonded and Geometrical Features."
#           Biopolymers (1983), V.22, pp.2577-2637.
  [run]
---------- RUN BEGIN -------------------------------------------------

PARAMETER FILES (1 total):
 0: prot1_HMR.parm7, 463 atoms, 33 res, box: None, 1 mol

INPUT TRAJECTORIES (2 total):
 0: 'prot1_md1.nc' is a NetCDF AMBER trajectory, Parm prot1_HMR.parm7 (reading 20000 of 20000)
 1: 'prot1_md2.nc' is a NetCDF AMBER trajectory, Parm prot1_HMR.parm7 (reading 40000 of 40000)
  Coordinate processing will occur on 60000 frames.

REFERENCE FRAMES (1 total):
    0: prot1_HMR.rst7:1
	Active reference frame for distance-based masks is 'default_name'

OUTPUT TRAJECTORIES (2 total):
  'prot1_md_centered.nc' (60000 frames) is a NetCDF AMBER trajectory
  'prot1_md_centered.pdb' (60000 frames) is a PDB file: Writing frames 1

BEGIN TRAJECTORY PROCESSING:
.....................................................
ACTION SETUP FOR PARM 'prot1_HMR.parm7' (3 actions):
  0: [center :1-33 mass origin]
	Mask [:1-33] corresponds to 463 atoms.
  1: [rms reference out rmsd_to_ini.dat '(@CA,C,N,O)']
	Target mask: [(@CA,C,N,O)](127)
	Reference mask: [(@CA,C,N,O)](127)
  2: [secstruct SECSTRUCT out secstruct.dat]
Warning: Not all BB atoms found for 2 residues: ACE:1 NHE:33
Info: This is expected for Proline and terminal/non-standard residues.
Info: Expected BB atom names: N=[N   ]  H=[H   ]  C=[C   ]  O=[O   ]  CA=[CA  ]
Info: Re-run with action debug level >= 1 to see which residues are missing atoms.
	Mask [*] corresponds to 33 residues.
----- prot1_md1.nc (1-20000, 1) -----
 0% 10% 20% 30% 
----- prot1_md2.nc (1-40000, 1) -----
40% 50% 60% 70% 80% 90% 100% Complete.

Read 60000 frames and processed 60000 frames.
TIME: Avg. throughput= 125.4938 frames / second.

ACTION OUTPUT:

DATASETS (49 total):
	RMSD_00002 "RMSD_00002" (double, rms), size is 60000
	SECSTRUCT[None] "SECSTRUCT[None]" (float), size is 60000
	SECSTRUCT[Para] "SECSTRUCT[Para]" (float), size is 60000
	SECSTRUCT[Anti] "SECSTRUCT[Anti]" (float), size is 60000
	SECSTRUCT[3-10] "SECSTRUCT[3-10]" (float), size is 60000
	SECSTRUCT[Alpha] "SECSTRUCT[Alpha]" (float), size is 60000
	SECSTRUCT[Pi] "SECSTRUCT[Pi]" (float), size is 60000
	SECSTRUCT[Turn] "SECSTRUCT[Turn]" (float), size is 60000
	SECSTRUCT[Bend] "SECSTRUCT[Bend]" (float), size is 60000
	SECSTRUCT[res]:1 "ACE:1" (integer), size is 60000
	SECSTRUCT[res]:2 "GLY:2" (integer), size is 60000
	SECSTRUCT[res]:3 "ALA:3" (integer), size is 60000
	SECSTRUCT[res]:4 "ALA:4" (integer), size is 60000
	SECSTRUCT[res]:5 "ALA:5" (integer), size is 60000
	SECSTRUCT[res]:6 "ALA:6" (integer), size is 60000
	SECSTRUCT[res]:7 "LYS:7" (integer), size is 60000
	SECSTRUCT[res]:8 "LYS:8" (integer), size is 60000
	SECSTRUCT[res]:9 "LYS:9" (integer), size is 60000
	SECSTRUCT[res]:10 "LYS:10" (integer), size is 60000
	SECSTRUCT[res]:11 "GLU:11" (integer), size is 60000
	SECSTRUCT[res]:12 "GLU:12" (integer), size is 60000
	SECSTRUCT[res]:13 "GLU:13" (integer), size is 60000
	SECSTRUCT[res]:14 "GLU:14" (integer), size is 60000
	SECSTRUCT[res]:15 "ALA:15" (integer), size is 60000
	SECSTRUCT[res]:16 "ALA:16" (integer), size is 60000
	SECSTRUCT[res]:17 "ALA:17" (integer), size is 60000
	SECSTRUCT[res]:18 "ALA:18" (integer), size is 60000
	SECSTRUCT[res]:19 "LYS:19" (integer), size is 60000
	SECSTRUCT[res]:20 "LYS:20" (integer), size is 60000
	SECSTRUCT[res]:21 "LYS:21" (integer), size is 60000
	SECSTRUCT[res]:22 "LYS:22" (integer), size is 60000
	SECSTRUCT[res]:23 "GLU:23" (integer), size is 60000
	SECSTRUCT[res]:24 "GLU:24" (integer), size is 60000
	SECSTRUCT[res]:25 "GLU:25" (integer), size is 60000
	SECSTRUCT[res]:26 "GLU:26" (integer), size is 60000
	SECSTRUCT[res]:27 "ALA:27" (integer), size is 60000
	SECSTRUCT[res]:28 "ALA:28" (integer), size is 60000
	SECSTRUCT[res]:29 "ALA:29" (integer), size is 60000
	SECSTRUCT[res]:30 "ALA:30" (integer), size is 60000
	SECSTRUCT[res]:31 "GLY:31" (integer), size is 60000
	SECSTRUCT[res]:32 "TRP:32" (integer), size is 60000
	SECSTRUCT[res]:33 "NHE:33" (integer), size is 60000
	SECSTRUCT[avgss]:1 "Para" (double), size is 33
	SECSTRUCT[avgss]:2 "Anti" (double), size is 33
	SECSTRUCT[avgss]:3 "3-10" (double), size is 33
	SECSTRUCT[avgss]:4 "Alpha" (double), size is 33
	SECSTRUCT[avgss]:5 "Pi" (double), size is 33
	SECSTRUCT[avgss]:6 "Turn" (double), size is 33
	SECSTRUCT[avgss]:7 "Bend" (double), size is 33

DATAFILES (3 total):
  rmsd_to_ini.dat (Standard Data File):  RMSD_00002
  secstruct.dat (Standard Data File):  ACE:1 GLY:2 ALA:3 ALA:4 ... ALA:30 GLY:31 TRP:32 NHE:33
  secstruct.dat.sum (Standard Data File):  Para Anti 3-10 Alpha Pi Turn Bend

RUN TIMING:
TIME:		Init               : 0.0000 s (  0.00%)
TIME:		Trajectory Process : 478.1111 s ( 99.90%)
TIME:		Action Post        : 0.0001 s (  0.00%)
TIME:		Analysis           : 0.0000 s (  0.00%)
TIME:		Data File Write    : 0.4903 s (  0.10%)
TIME:		Other              : 0.0009 s (  0.00%)
TIME:	Run Total 478.6025 s
---------- RUN END ---------------------------------------------------
  [writedata helicity.dat SECSTRUCT[Alpha]]
	Writing sets to helicity.dat, format 'Standard Data File'
 SECSTRUCT[Alpha]
TIME: Total execution time: 478.7939 seconds.
--------------------------------------------------------------------------------
To cite CPPTRAJ use:
Daniel R. Roe and Thomas E. Cheatham, III, "PTRAJ and CPPTRAJ: Software for
  Processing and Analysis of Molecular Dynamics Trajectory Data". J. Chem.
  Theory Comput., 2013, 9 (7), pp 3084-3095.

igb8_ff15ipq done

CPPTRAJ: Trajectory Analysis. V17.00
    ___  ___  ___  ___
     | \/ | \/ | \/ | 
    _|_/\_|_/\_|_/\_|_

| Date/time: 11/01/18 15:46:17
| Available memory: 108.099 GB

INPUT: Reading input from 'STDIN'
  [parm prot1_HMR.parm7]
	Reading 'prot1_HMR.parm7' as Amber Topology
	Radius Set: ArgH and AspGluO modified Bondi2 radii (mbondi3)
  [trajin prot1_md1.nc]
	Reading 'prot1_md1.nc' as Amber NetCDF
  [trajin prot1_md2.nc]
	Reading 'prot1_md2.nc' as Amber NetCDF
  [reference prot1_HMR.rst7]
	Reading 'prot1_HMR.rst7' as Amber Restart
	Setting active reference for distance-based masks: 'prot1_HMR.rst7'
  [center :1-33 mass origin]
    CENTER: Centering coordinates using center of mass of atoms in mask (:1-33) to
	coordinate origin.
  [rms reference out rmsd_to_ini.dat '(@CA,C,N,O)']
    RMSD: ((@CA,C,N,O)), reference is "default_name" ((@CA,C,N,O)).
	Best-fit RMSD will be calculated, coords will be rotated and translated.
  [trajout prot1_md_centered.nc]
	Writing 'prot1_md_centered.nc' as Amber NetCDF
  [trajout prot1_md_centered.pdb onlyframes 1]
	Saving frames 1
	Writing 'prot1_md_centered.pdb' as PDB
  [secstruct SECSTRUCT out secstruct.dat]
    SECSTRUCT: Calculating secondary structure using mask [*]
	Dumping results to secstruct.dat
	Sum results to secstruct.dat.sum
	SS data for each residue will be stored as integers.
		0 = None
		1 = Para
		2 = Anti
		3 = 3-10
		4 = Alpha
		5 = Pi
		6 = Turn
		7 = Bend
	Backbone Atom Names: N=[N   ]  H=[H   ]  C=[C   ]  O=[O   ]  CA=[CA  ]
# Citation: Kabsch, W.; Sander, C.; "Dictionary of Protein Secondary Structure:
#           Pattern Recognition of Hydrogen-Bonded and Geometrical Features."
#           Biopolymers (1983), V.22, pp.2577-2637.
  [run]
---------- RUN BEGIN -------------------------------------------------

PARAMETER FILES (1 total):
 0: prot1_HMR.parm7, 463 atoms, 33 res, box: None, 1 mol

INPUT TRAJECTORIES (2 total):
 0: 'prot1_md1.nc' is a NetCDF AMBER trajectory, Parm prot1_HMR.parm7 (reading 20000 of 20000)
 1: 'prot1_md2.nc' is a NetCDF AMBER trajectory, Parm prot1_HMR.parm7 (reading 40000 of 40000)
  Coordinate processing will occur on 60000 frames.

REFERENCE FRAMES (1 total):
    0: prot1_HMR.rst7:1
	Active reference frame for distance-based masks is 'default_name'

OUTPUT TRAJECTORIES (2 total):
  'prot1_md_centered.nc' (60000 frames) is a NetCDF AMBER trajectory
  'prot1_md_centered.pdb' (60000 frames) is a PDB file: Writing frames 1

BEGIN TRAJECTORY PROCESSING:
.....................................................
ACTION SETUP FOR PARM 'prot1_HMR.parm7' (3 actions):
  0: [center :1-33 mass origin]
	Mask [:1-33] corresponds to 463 atoms.
  1: [rms reference out rmsd_to_ini.dat '(@CA,C,N,O)']
	Target mask: [(@CA,C,N,O)](127)
	Reference mask: [(@CA,C,N,O)](127)
  2: [secstruct SECSTRUCT out secstruct.dat]
Warning: Not all BB atoms found for 2 residues: ACE:1 NHE:33
Info: This is expected for Proline and terminal/non-standard residues.
Info: Expected BB atom names: N=[N   ]  H=[H   ]  C=[C   ]  O=[O   ]  CA=[CA  ]
Info: Re-run with action debug level >= 1 to see which residues are missing atoms.
	Mask [*] corresponds to 33 residues.
----- prot1_md1.nc (1-20000, 1) -----
 0% 10% 20% 30% 
----- prot1_md2.nc (1-40000, 1) -----
40% 50% 60% 70% 80% 90% 100% Complete.

Read 60000 frames and processed 60000 frames.
TIME: Avg. throughput= 127.9806 frames / second.

ACTION OUTPUT:

DATASETS (49 total):
	RMSD_00002 "RMSD_00002" (double, rms), size is 60000
	SECSTRUCT[None] "SECSTRUCT[None]" (float), size is 60000
	SECSTRUCT[Para] "SECSTRUCT[Para]" (float), size is 60000
	SECSTRUCT[Anti] "SECSTRUCT[Anti]" (float), size is 60000
	SECSTRUCT[3-10] "SECSTRUCT[3-10]" (float), size is 60000
	SECSTRUCT[Alpha] "SECSTRUCT[Alpha]" (float), size is 60000
	SECSTRUCT[Pi] "SECSTRUCT[Pi]" (float), size is 60000
	SECSTRUCT[Turn] "SECSTRUCT[Turn]" (float), size is 60000
	SECSTRUCT[Bend] "SECSTRUCT[Bend]" (float), size is 60000
	SECSTRUCT[res]:1 "ACE:1" (integer), size is 60000
	SECSTRUCT[res]:2 "GLY:2" (integer), size is 60000
	SECSTRUCT[res]:3 "ALA:3" (integer), size is 60000
	SECSTRUCT[res]:4 "ALA:4" (integer), size is 60000
	SECSTRUCT[res]:5 "ALA:5" (integer), size is 60000
	SECSTRUCT[res]:6 "ALA:6" (integer), size is 60000
	SECSTRUCT[res]:7 "LYS:7" (integer), size is 60000
	SECSTRUCT[res]:8 "LYS:8" (integer), size is 60000
	SECSTRUCT[res]:9 "LYS:9" (integer), size is 60000
	SECSTRUCT[res]:10 "LYS:10" (integer), size is 60000
	SECSTRUCT[res]:11 "GLU:11" (integer), size is 60000
	SECSTRUCT[res]:12 "GLU:12" (integer), size is 60000
	SECSTRUCT[res]:13 "GLU:13" (integer), size is 60000
	SECSTRUCT[res]:14 "GLU:14" (integer), size is 60000
	SECSTRUCT[res]:15 "ALA:15" (integer), size is 60000
	SECSTRUCT[res]:16 "ALA:16" (integer), size is 60000
	SECSTRUCT[res]:17 "ALA:17" (integer), size is 60000
	SECSTRUCT[res]:18 "ALA:18" (integer), size is 60000
	SECSTRUCT[res]:19 "LYS:19" (integer), size is 60000
	SECSTRUCT[res]:20 "LYS:20" (integer), size is 60000
	SECSTRUCT[res]:21 "LYS:21" (integer), size is 60000
	SECSTRUCT[res]:22 "LYS:22" (integer), size is 60000
	SECSTRUCT[res]:23 "GLU:23" (integer), size is 60000
	SECSTRUCT[res]:24 "GLU:24" (integer), size is 60000
	SECSTRUCT[res]:25 "GLU:25" (integer), size is 60000
	SECSTRUCT[res]:26 "GLU:26" (integer), size is 60000
	SECSTRUCT[res]:27 "ALA:27" (integer), size is 60000
	SECSTRUCT[res]:28 "ALA:28" (integer), size is 60000
	SECSTRUCT[res]:29 "ALA:29" (integer), size is 60000
	SECSTRUCT[res]:30 "ALA:30" (integer), size is 60000
	SECSTRUCT[res]:31 "GLY:31" (integer), size is 60000
	SECSTRUCT[res]:32 "TRP:32" (integer), size is 60000
	SECSTRUCT[res]:33 "NHE:33" (integer), size is 60000
	SECSTRUCT[avgss]:1 "Para" (double), size is 33
	SECSTRUCT[avgss]:2 "Anti" (double), size is 33
	SECSTRUCT[avgss]:3 "3-10" (double), size is 33
	SECSTRUCT[avgss]:4 "Alpha" (double), size is 33
	SECSTRUCT[avgss]:5 "Pi" (double), size is 33
	SECSTRUCT[avgss]:6 "Turn" (double), size is 33
	SECSTRUCT[avgss]:7 "Bend" (double), size is 33

DATAFILES (3 total):
  rmsd_to_ini.dat (Standard Data File):  RMSD_00002
  secstruct.dat (Standard Data File):  ACE:1 GLY:2 ALA:3 ALA:4 ... ALA:30 GLY:31 TRP:32 NHE:33
  secstruct.dat.sum (Standard Data File):  Para Anti 3-10 Alpha Pi Turn Bend

RUN TIMING:
TIME:		Init               : 0.0000 s (  0.00%)
TIME:		Trajectory Process : 468.8211 s ( 99.89%)
TIME:		Action Post        : 0.0001 s (  0.00%)
TIME:		Analysis           : 0.0000 s (  0.00%)
TIME:		Data File Write    : 0.5035 s (  0.11%)
TIME:		Other              : 0.0004 s (  0.00%)
TIME:	Run Total 469.3251 s
---------- RUN END ---------------------------------------------------
  [writedata helicity.dat SECSTRUCT[Alpha]]
	Writing sets to helicity.dat, format 'Standard Data File'
 SECSTRUCT[Alpha]
TIME: Total execution time: 469.5740 seconds.
--------------------------------------------------------------------------------
To cite CPPTRAJ use:
Daniel R. Roe and Thomas E. Cheatham, III, "PTRAJ and CPPTRAJ: Software for
  Processing and Analysis of Molecular Dynamics Trajectory Data". J. Chem.
  Theory Comput., 2013, 9 (7), pp 3084-3095.

igb8_ff99 done

CPPTRAJ: Trajectory Analysis. V17.00
    ___  ___  ___  ___
     | \/ | \/ | \/ | 
    _|_/\_|_/\_|_/\_|_

| Date/time: 11/01/18 15:54:06
| Available memory: 108.107 GB

INPUT: Reading input from 'STDIN'
  [parm prot1_HMR.parm7]
	Reading 'prot1_HMR.parm7' as Amber Topology
	Radius Set: ArgH and AspGluO modified Bondi2 radii (mbondi3)
  [trajin prot1_md1.nc]
	Reading 'prot1_md1.nc' as Amber NetCDF
  [trajin prot1_md2.nc]
	Reading 'prot1_md2.nc' as Amber NetCDF
  [reference prot1_HMR.rst7]
	Reading 'prot1_HMR.rst7' as Amber Restart
	Setting active reference for distance-based masks: 'prot1_HMR.rst7'
  [center :1-33 mass origin]
    CENTER: Centering coordinates using center of mass of atoms in mask (:1-33) to
	coordinate origin.
  [rms reference out rmsd_to_ini.dat '(@CA,C,N,O)']
    RMSD: ((@CA,C,N,O)), reference is "default_name" ((@CA,C,N,O)).
	Best-fit RMSD will be calculated, coords will be rotated and translated.
  [trajout prot1_md_centered.nc]
	Writing 'prot1_md_centered.nc' as Amber NetCDF
  [trajout prot1_md_centered.pdb onlyframes 1]
	Saving frames 1
	Writing 'prot1_md_centered.pdb' as PDB
  [secstruct SECSTRUCT out secstruct.dat]
    SECSTRUCT: Calculating secondary structure using mask [*]
	Dumping results to secstruct.dat
	Sum results to secstruct.dat.sum
	SS data for each residue will be stored as integers.
		0 = None
		1 = Para
		2 = Anti
		3 = 3-10
		4 = Alpha
		5 = Pi
		6 = Turn
		7 = Bend
	Backbone Atom Names: N=[N   ]  H=[H   ]  C=[C   ]  O=[O   ]  CA=[CA  ]
# Citation: Kabsch, W.; Sander, C.; "Dictionary of Protein Secondary Structure:
#           Pattern Recognition of Hydrogen-Bonded and Geometrical Features."
#           Biopolymers (1983), V.22, pp.2577-2637.
  [run]
---------- RUN BEGIN -------------------------------------------------

PARAMETER FILES (1 total):
 0: prot1_HMR.parm7, 463 atoms, 33 res, box: None, 1 mol

INPUT TRAJECTORIES (2 total):
 0: 'prot1_md1.nc' is a NetCDF AMBER trajectory, Parm prot1_HMR.parm7 (reading 20000 of 20000)
 1: 'prot1_md2.nc' is a NetCDF AMBER trajectory, Parm prot1_HMR.parm7 (reading 40000 of 40000)
  Coordinate processing will occur on 60000 frames.

REFERENCE FRAMES (1 total):
    0: prot1_HMR.rst7:1
	Active reference frame for distance-based masks is 'default_name'

OUTPUT TRAJECTORIES (2 total):
  'prot1_md_centered.nc' (60000 frames) is a NetCDF AMBER trajectory
  'prot1_md_centered.pdb' (60000 frames) is a PDB file: Writing frames 1

BEGIN TRAJECTORY PROCESSING:
.....................................................
ACTION SETUP FOR PARM 'prot1_HMR.parm7' (3 actions):
  0: [center :1-33 mass origin]
	Mask [:1-33] corresponds to 463 atoms.
  1: [rms reference out rmsd_to_ini.dat '(@CA,C,N,O)']
	Target mask: [(@CA,C,N,O)](127)
	Reference mask: [(@CA,C,N,O)](127)
  2: [secstruct SECSTRUCT out secstruct.dat]
Warning: Not all BB atoms found for 2 residues: ACE:1 NHE:33
Info: This is expected for Proline and terminal/non-standard residues.
Info: Expected BB atom names: N=[N   ]  H=[H   ]  C=[C   ]  O=[O   ]  CA=[CA  ]
Info: Re-run with action debug level >= 1 to see which residues are missing atoms.
	Mask [*] corresponds to 33 residues.
----- prot1_md1.nc (1-20000, 1) -----
 0% 10% 20% 30% 
----- prot1_md2.nc (1-40000, 1) -----
40% 50% 60% 70% 80% 90% 100% Complete.

Read 60000 frames and processed 60000 frames.
TIME: Avg. throughput= 144.9372 frames / second.

ACTION OUTPUT:

DATASETS (49 total):
	RMSD_00002 "RMSD_00002" (double, rms), size is 60000
	SECSTRUCT[None] "SECSTRUCT[None]" (float), size is 60000
	SECSTRUCT[Para] "SECSTRUCT[Para]" (float), size is 60000
	SECSTRUCT[Anti] "SECSTRUCT[Anti]" (float), size is 60000
	SECSTRUCT[3-10] "SECSTRUCT[3-10]" (float), size is 60000
	SECSTRUCT[Alpha] "SECSTRUCT[Alpha]" (float), size is 60000
	SECSTRUCT[Pi] "SECSTRUCT[Pi]" (float), size is 60000
	SECSTRUCT[Turn] "SECSTRUCT[Turn]" (float), size is 60000
	SECSTRUCT[Bend] "SECSTRUCT[Bend]" (float), size is 60000
	SECSTRUCT[res]:1 "ACE:1" (integer), size is 60000
	SECSTRUCT[res]:2 "GLY:2" (integer), size is 60000
	SECSTRUCT[res]:3 "ALA:3" (integer), size is 60000
	SECSTRUCT[res]:4 "ALA:4" (integer), size is 60000
	SECSTRUCT[res]:5 "ALA:5" (integer), size is 60000
	SECSTRUCT[res]:6 "ALA:6" (integer), size is 60000
	SECSTRUCT[res]:7 "LYS:7" (integer), size is 60000
	SECSTRUCT[res]:8 "LYS:8" (integer), size is 60000
	SECSTRUCT[res]:9 "LYS:9" (integer), size is 60000
	SECSTRUCT[res]:10 "LYS:10" (integer), size is 60000
	SECSTRUCT[res]:11 "GLU:11" (integer), size is 60000
	SECSTRUCT[res]:12 "GLU:12" (integer), size is 60000
	SECSTRUCT[res]:13 "GLU:13" (integer), size is 60000
	SECSTRUCT[res]:14 "GLU:14" (integer), size is 60000
	SECSTRUCT[res]:15 "ALA:15" (integer), size is 60000
	SECSTRUCT[res]:16 "ALA:16" (integer), size is 60000
	SECSTRUCT[res]:17 "ALA:17" (integer), size is 60000
	SECSTRUCT[res]:18 "ALA:18" (integer), size is 60000
	SECSTRUCT[res]:19 "LYS:19" (integer), size is 60000
	SECSTRUCT[res]:20 "LYS:20" (integer), size is 60000
	SECSTRUCT[res]:21 "LYS:21" (integer), size is 60000
	SECSTRUCT[res]:22 "LYS:22" (integer), size is 60000
	SECSTRUCT[res]:23 "GLU:23" (integer), size is 60000
	SECSTRUCT[res]:24 "GLU:24" (integer), size is 60000
	SECSTRUCT[res]:25 "GLU:25" (integer), size is 60000
	SECSTRUCT[res]:26 "GLU:26" (integer), size is 60000
	SECSTRUCT[res]:27 "ALA:27" (integer), size is 60000
	SECSTRUCT[res]:28 "ALA:28" (integer), size is 60000
	SECSTRUCT[res]:29 "ALA:29" (integer), size is 60000
	SECSTRUCT[res]:30 "ALA:30" (integer), size is 60000
	SECSTRUCT[res]:31 "GLY:31" (integer), size is 60000
	SECSTRUCT[res]:32 "TRP:32" (integer), size is 60000
	SECSTRUCT[res]:33 "NHE:33" (integer), size is 60000
	SECSTRUCT[avgss]:1 "Para" (double), size is 33
	SECSTRUCT[avgss]:2 "Anti" (double), size is 33
	SECSTRUCT[avgss]:3 "3-10" (double), size is 33
	SECSTRUCT[avgss]:4 "Alpha" (double), size is 33
	SECSTRUCT[avgss]:5 "Pi" (double), size is 33
	SECSTRUCT[avgss]:6 "Turn" (double), size is 33
	SECSTRUCT[avgss]:7 "Bend" (double), size is 33

DATAFILES (3 total):
  rmsd_to_ini.dat (Standard Data File):  RMSD_00002
  secstruct.dat (Standard Data File):  ACE:1 GLY:2 ALA:3 ALA:4 ... ALA:30 GLY:31 TRP:32 NHE:33
  secstruct.dat.sum (Standard Data File):  Para Anti 3-10 Alpha Pi Turn Bend

RUN TIMING:
TIME:		Init               : 0.0000 s (  0.00%)
TIME:		Trajectory Process : 413.9724 s ( 99.88%)
TIME:		Action Post        : 0.0001 s (  0.00%)
TIME:		Analysis           : 0.0000 s (  0.00%)
TIME:		Data File Write    : 0.4932 s (  0.12%)
TIME:		Other              : 0.0005 s (  0.00%)
TIME:	Run Total 414.4662 s
---------- RUN END ---------------------------------------------------
  [writedata helicity.dat SECSTRUCT[Alpha]]
	Writing sets to helicity.dat, format 'Standard Data File'
 SECSTRUCT[Alpha]
TIME: Total execution time: 414.7452 seconds.
--------------------------------------------------------------------------------
To cite CPPTRAJ use:
Daniel R. Roe and Thomas E. Cheatham, III, "PTRAJ and CPPTRAJ: Software for
  Processing and Analysis of Molecular Dynamics Trajectory Data". J. Chem.
  Theory Comput., 2013, 9 (7), pp 3084-3095.

igb8_ff99SB done

CPPTRAJ: Trajectory Analysis. V17.00
    ___  ___  ___  ___
     | \/ | \/ | \/ | 
    _|_/\_|_/\_|_/\_|_

| Date/time: 11/01/18 16:01:01
| Available memory: 108.120 GB

INPUT: Reading input from 'STDIN'
  [parm prot1_HMR.parm7]
	Reading 'prot1_HMR.parm7' as Amber Topology
	Radius Set: ArgH and AspGluO modified Bondi2 radii (mbondi3)
  [trajin prot1_md1.nc]
	Reading 'prot1_md1.nc' as Amber NetCDF
  [trajin prot1_md2.nc]
	Reading 'prot1_md2.nc' as Amber NetCDF
  [reference prot1_HMR.rst7]
	Reading 'prot1_HMR.rst7' as Amber Restart
	Setting active reference for distance-based masks: 'prot1_HMR.rst7'
  [center :1-33 mass origin]
    CENTER: Centering coordinates using center of mass of atoms in mask (:1-33) to
	coordinate origin.
  [rms reference out rmsd_to_ini.dat '(@CA,C,N,O)']
    RMSD: ((@CA,C,N,O)), reference is "default_name" ((@CA,C,N,O)).
	Best-fit RMSD will be calculated, coords will be rotated and translated.
  [trajout prot1_md_centered.nc]
	Writing 'prot1_md_centered.nc' as Amber NetCDF
  [trajout prot1_md_centered.pdb onlyframes 1]
	Saving frames 1
	Writing 'prot1_md_centered.pdb' as PDB
  [secstruct SECSTRUCT out secstruct.dat]
    SECSTRUCT: Calculating secondary structure using mask [*]
	Dumping results to secstruct.dat
	Sum results to secstruct.dat.sum
	SS data for each residue will be stored as integers.
		0 = None
		1 = Para
		2 = Anti
		3 = 3-10
		4 = Alpha
		5 = Pi
		6 = Turn
		7 = Bend
	Backbone Atom Names: N=[N   ]  H=[H   ]  C=[C   ]  O=[O   ]  CA=[CA  ]
# Citation: Kabsch, W.; Sander, C.; "Dictionary of Protein Secondary Structure:
#           Pattern Recognition of Hydrogen-Bonded and Geometrical Features."
#           Biopolymers (1983), V.22, pp.2577-2637.
  [run]
---------- RUN BEGIN -------------------------------------------------

PARAMETER FILES (1 total):
 0: prot1_HMR.parm7, 463 atoms, 33 res, box: None, 1 mol

INPUT TRAJECTORIES (2 total):
 0: 'prot1_md1.nc' is a NetCDF AMBER trajectory, Parm prot1_HMR.parm7 (reading 20000 of 20000)
 1: 'prot1_md2.nc' is a NetCDF AMBER trajectory, Parm prot1_HMR.parm7 (reading 40000 of 40000)
  Coordinate processing will occur on 60000 frames.

REFERENCE FRAMES (1 total):
    0: prot1_HMR.rst7:1
	Active reference frame for distance-based masks is 'default_name'

OUTPUT TRAJECTORIES (2 total):
  'prot1_md_centered.nc' (60000 frames) is a NetCDF AMBER trajectory
  'prot1_md_centered.pdb' (60000 frames) is a PDB file: Writing frames 1

BEGIN TRAJECTORY PROCESSING:
.....................................................
ACTION SETUP FOR PARM 'prot1_HMR.parm7' (3 actions):
  0: [center :1-33 mass origin]
	Mask [:1-33] corresponds to 463 atoms.
  1: [rms reference out rmsd_to_ini.dat '(@CA,C,N,O)']
	Target mask: [(@CA,C,N,O)](127)
	Reference mask: [(@CA,C,N,O)](127)
  2: [secstruct SECSTRUCT out secstruct.dat]
Warning: Not all BB atoms found for 2 residues: ACE:1 NHE:33
Info: This is expected for Proline and terminal/non-standard residues.
Info: Expected BB atom names: N=[N   ]  H=[H   ]  C=[C   ]  O=[O   ]  CA=[CA  ]
Info: Re-run with action debug level >= 1 to see which residues are missing atoms.
	Mask [*] corresponds to 33 residues.
----- prot1_md1.nc (1-20000, 1) -----
 0% 10% 20% 30% 
----- prot1_md2.nc (1-40000, 1) -----
40% 50% 60% 70% 80% 90% 100% Complete.

Read 60000 frames and processed 60000 frames.
TIME: Avg. throughput= 379.9034 frames / second.

ACTION OUTPUT:

DATASETS (49 total):
	RMSD_00002 "RMSD_00002" (double, rms), size is 60000
	SECSTRUCT[None] "SECSTRUCT[None]" (float), size is 60000
	SECSTRUCT[Para] "SECSTRUCT[Para]" (float), size is 60000
	SECSTRUCT[Anti] "SECSTRUCT[Anti]" (float), size is 60000
	SECSTRUCT[3-10] "SECSTRUCT[3-10]" (float), size is 60000
	SECSTRUCT[Alpha] "SECSTRUCT[Alpha]" (float), size is 60000
	SECSTRUCT[Pi] "SECSTRUCT[Pi]" (float), size is 60000
	SECSTRUCT[Turn] "SECSTRUCT[Turn]" (float), size is 60000
	SECSTRUCT[Bend] "SECSTRUCT[Bend]" (float), size is 60000
	SECSTRUCT[res]:1 "ACE:1" (integer), size is 60000
	SECSTRUCT[res]:2 "GLY:2" (integer), size is 60000
	SECSTRUCT[res]:3 "ALA:3" (integer), size is 60000
	SECSTRUCT[res]:4 "ALA:4" (integer), size is 60000
	SECSTRUCT[res]:5 "ALA:5" (integer), size is 60000
	SECSTRUCT[res]:6 "ALA:6" (integer), size is 60000
	SECSTRUCT[res]:7 "LYS:7" (integer), size is 60000
	SECSTRUCT[res]:8 "LYS:8" (integer), size is 60000
	SECSTRUCT[res]:9 "LYS:9" (integer), size is 60000
	SECSTRUCT[res]:10 "LYS:10" (integer), size is 60000
	SECSTRUCT[res]:11 "GLU:11" (integer), size is 60000
	SECSTRUCT[res]:12 "GLU:12" (integer), size is 60000
	SECSTRUCT[res]:13 "GLU:13" (integer), size is 60000
	SECSTRUCT[res]:14 "GLU:14" (integer), size is 60000
	SECSTRUCT[res]:15 "ALA:15" (integer), size is 60000
	SECSTRUCT[res]:16 "ALA:16" (integer), size is 60000
	SECSTRUCT[res]:17 "ALA:17" (integer), size is 60000
	SECSTRUCT[res]:18 "ALA:18" (integer), size is 60000
	SECSTRUCT[res]:19 "LYS:19" (integer), size is 60000
	SECSTRUCT[res]:20 "LYS:20" (integer), size is 60000
	SECSTRUCT[res]:21 "LYS:21" (integer), size is 60000
	SECSTRUCT[res]:22 "LYS:22" (integer), size is 60000
	SECSTRUCT[res]:23 "GLU:23" (integer), size is 60000
	SECSTRUCT[res]:24 "GLU:24" (integer), size is 60000
	SECSTRUCT[res]:25 "GLU:25" (integer), size is 60000
	SECSTRUCT[res]:26 "GLU:26" (integer), size is 60000
	SECSTRUCT[res]:27 "ALA:27" (integer), size is 60000
	SECSTRUCT[res]:28 "ALA:28" (integer), size is 60000
	SECSTRUCT[res]:29 "ALA:29" (integer), size is 60000
	SECSTRUCT[res]:30 "ALA:30" (integer), size is 60000
	SECSTRUCT[res]:31 "GLY:31" (integer), size is 60000
	SECSTRUCT[res]:32 "TRP:32" (integer), size is 60000
	SECSTRUCT[res]:33 "NHE:33" (integer), size is 60000
	SECSTRUCT[avgss]:1 "Para" (double), size is 33
	SECSTRUCT[avgss]:2 "Anti" (double), size is 33
	SECSTRUCT[avgss]:3 "3-10" (double), size is 33
	SECSTRUCT[avgss]:4 "Alpha" (double), size is 33
	SECSTRUCT[avgss]:5 "Pi" (double), size is 33
	SECSTRUCT[avgss]:6 "Turn" (double), size is 33
	SECSTRUCT[avgss]:7 "Bend" (double), size is 33

DATAFILES (3 total):
  rmsd_to_ini.dat (Standard Data File):  RMSD_00002
  secstruct.dat (Standard Data File):  ACE:1 GLY:2 ALA:3 ALA:4 ... ALA:30 GLY:31 TRP:32 NHE:33
  secstruct.dat.sum (Standard Data File):  Para Anti 3-10 Alpha Pi Turn Bend

RUN TIMING:
TIME:		Init               : 0.0000 s (  0.00%)
TIME:		Trajectory Process : 157.9349 s ( 99.70%)
TIME:		Action Post        : 0.0001 s (  0.00%)
TIME:		Analysis           : 0.0000 s (  0.00%)
TIME:		Data File Write    : 0.4693 s (  0.30%)
TIME:		Other              : 0.0008 s (  0.00%)
TIME:	Run Total 158.4051 s
---------- RUN END ---------------------------------------------------
  [writedata helicity.dat SECSTRUCT[Alpha]]
	Writing sets to helicity.dat, format 'Standard Data File'
 SECSTRUCT[Alpha]
TIME: Total execution time: 158.6264 seconds.
--------------------------------------------------------------------------------
To cite CPPTRAJ use:
Daniel R. Roe and Thomas E. Cheatham, III, "PTRAJ and CPPTRAJ: Software for
  Processing and Analysis of Molecular Dynamics Trajectory Data". J. Chem.
  Theory Comput., 2013, 9 (7), pp 3084-3095.

igb8_ff99SBildn done

CPPTRAJ: Trajectory Analysis. V17.00
    ___  ___  ___  ___
     | \/ | \/ | \/ | 
    _|_/\_|_/\_|_/\_|_

| Date/time: 11/01/18 16:03:40
| Available memory: 108.123 GB

INPUT: Reading input from 'STDIN'
  [parm prot1_HMR.parm7]
	Reading 'prot1_HMR.parm7' as Amber Topology
	Radius Set: ArgH and AspGluO modified Bondi2 radii (mbondi3)
  [trajin prot1_md1.nc]
	Reading 'prot1_md1.nc' as Amber NetCDF
  [trajin prot1_md2.nc]
	Reading 'prot1_md2.nc' as Amber NetCDF
  [reference prot1_HMR.rst7]
	Reading 'prot1_HMR.rst7' as Amber Restart
	Setting active reference for distance-based masks: 'prot1_HMR.rst7'
  [center :1-33 mass origin]
    CENTER: Centering coordinates using center of mass of atoms in mask (:1-33) to
	coordinate origin.
  [rms reference out rmsd_to_ini.dat '(@CA,C,N,O)']
    RMSD: ((@CA,C,N,O)), reference is "default_name" ((@CA,C,N,O)).
	Best-fit RMSD will be calculated, coords will be rotated and translated.
  [trajout prot1_md_centered.nc]
	Writing 'prot1_md_centered.nc' as Amber NetCDF
  [trajout prot1_md_centered.pdb onlyframes 1]
	Saving frames 1
	Writing 'prot1_md_centered.pdb' as PDB
  [secstruct SECSTRUCT out secstruct.dat]
    SECSTRUCT: Calculating secondary structure using mask [*]
	Dumping results to secstruct.dat
	Sum results to secstruct.dat.sum
	SS data for each residue will be stored as integers.
		0 = None
		1 = Para
		2 = Anti
		3 = 3-10
		4 = Alpha
		5 = Pi
		6 = Turn
		7 = Bend
	Backbone Atom Names: N=[N   ]  H=[H   ]  C=[C   ]  O=[O   ]  CA=[CA  ]
# Citation: Kabsch, W.; Sander, C.; "Dictionary of Protein Secondary Structure:
#           Pattern Recognition of Hydrogen-Bonded and Geometrical Features."
#           Biopolymers (1983), V.22, pp.2577-2637.
  [run]
---------- RUN BEGIN -------------------------------------------------

PARAMETER FILES (1 total):
 0: prot1_HMR.parm7, 463 atoms, 33 res, box: None, 1 mol

INPUT TRAJECTORIES (2 total):
 0: 'prot1_md1.nc' is a NetCDF AMBER trajectory, Parm prot1_HMR.parm7 (reading 20000 of 20000)
 1: 'prot1_md2.nc' is a NetCDF AMBER trajectory, Parm prot1_HMR.parm7 (reading 40000 of 40000)
  Coordinate processing will occur on 60000 frames.

REFERENCE FRAMES (1 total):
    0: prot1_HMR.rst7:1
	Active reference frame for distance-based masks is 'default_name'

OUTPUT TRAJECTORIES (2 total):
  'prot1_md_centered.nc' (60000 frames) is a NetCDF AMBER trajectory
  'prot1_md_centered.pdb' (60000 frames) is a PDB file: Writing frames 1

BEGIN TRAJECTORY PROCESSING:
.....................................................
ACTION SETUP FOR PARM 'prot1_HMR.parm7' (3 actions):
  0: [center :1-33 mass origin]
	Mask [:1-33] corresponds to 463 atoms.
  1: [rms reference out rmsd_to_ini.dat '(@CA,C,N,O)']
	Target mask: [(@CA,C,N,O)](127)
	Reference mask: [(@CA,C,N,O)](127)
  2: [secstruct SECSTRUCT out secstruct.dat]
Warning: Not all BB atoms found for 2 residues: ACE:1 NHE:33
Info: This is expected for Proline and terminal/non-standard residues.
Info: Expected BB atom names: N=[N   ]  H=[H   ]  C=[C   ]  O=[O   ]  CA=[CA  ]
Info: Re-run with action debug level >= 1 to see which residues are missing atoms.
	Mask [*] corresponds to 33 residues.
----- prot1_md1.nc (1-20000, 1) -----
 0% 10% 20% 30% 
----- prot1_md2.nc (1-40000, 1) -----
40% 50% 60% 70% 80% 90% 100% Complete.

Read 60000 frames and processed 60000 frames.
TIME: Avg. throughput= 124.6591 frames / second.

ACTION OUTPUT:

DATASETS (49 total):
	RMSD_00002 "RMSD_00002" (double, rms), size is 60000
	SECSTRUCT[None] "SECSTRUCT[None]" (float), size is 60000
	SECSTRUCT[Para] "SECSTRUCT[Para]" (float), size is 60000
	SECSTRUCT[Anti] "SECSTRUCT[Anti]" (float), size is 60000
	SECSTRUCT[3-10] "SECSTRUCT[3-10]" (float), size is 60000
	SECSTRUCT[Alpha] "SECSTRUCT[Alpha]" (float), size is 60000
	SECSTRUCT[Pi] "SECSTRUCT[Pi]" (float), size is 60000
	SECSTRUCT[Turn] "SECSTRUCT[Turn]" (float), size is 60000
	SECSTRUCT[Bend] "SECSTRUCT[Bend]" (float), size is 60000
	SECSTRUCT[res]:1 "ACE:1" (integer), size is 60000
	SECSTRUCT[res]:2 "GLY:2" (integer), size is 60000
	SECSTRUCT[res]:3 "ALA:3" (integer), size is 60000
	SECSTRUCT[res]:4 "ALA:4" (integer), size is 60000
	SECSTRUCT[res]:5 "ALA:5" (integer), size is 60000
	SECSTRUCT[res]:6 "ALA:6" (integer), size is 60000
	SECSTRUCT[res]:7 "LYS:7" (integer), size is 60000
	SECSTRUCT[res]:8 "LYS:8" (integer), size is 60000
	SECSTRUCT[res]:9 "LYS:9" (integer), size is 60000
	SECSTRUCT[res]:10 "LYS:10" (integer), size is 60000
	SECSTRUCT[res]:11 "GLU:11" (integer), size is 60000
	SECSTRUCT[res]:12 "GLU:12" (integer), size is 60000
	SECSTRUCT[res]:13 "GLU:13" (integer), size is 60000
	SECSTRUCT[res]:14 "GLU:14" (integer), size is 60000
	SECSTRUCT[res]:15 "ALA:15" (integer), size is 60000
	SECSTRUCT[res]:16 "ALA:16" (integer), size is 60000
	SECSTRUCT[res]:17 "ALA:17" (integer), size is 60000
	SECSTRUCT[res]:18 "ALA:18" (integer), size is 60000
	SECSTRUCT[res]:19 "LYS:19" (integer), size is 60000
	SECSTRUCT[res]:20 "LYS:20" (integer), size is 60000
	SECSTRUCT[res]:21 "LYS:21" (integer), size is 60000
	SECSTRUCT[res]:22 "LYS:22" (integer), size is 60000
	SECSTRUCT[res]:23 "GLU:23" (integer), size is 60000
	SECSTRUCT[res]:24 "GLU:24" (integer), size is 60000
	SECSTRUCT[res]:25 "GLU:25" (integer), size is 60000
	SECSTRUCT[res]:26 "GLU:26" (integer), size is 60000
	SECSTRUCT[res]:27 "ALA:27" (integer), size is 60000
	SECSTRUCT[res]:28 "ALA:28" (integer), size is 60000
	SECSTRUCT[res]:29 "ALA:29" (integer), size is 60000
	SECSTRUCT[res]:30 "ALA:30" (integer), size is 60000
	SECSTRUCT[res]:31 "GLY:31" (integer), size is 60000
	SECSTRUCT[res]:32 "TRP:32" (integer), size is 60000
	SECSTRUCT[res]:33 "NHE:33" (integer), size is 60000
	SECSTRUCT[avgss]:1 "Para" (double), size is 33
	SECSTRUCT[avgss]:2 "Anti" (double), size is 33
	SECSTRUCT[avgss]:3 "3-10" (double), size is 33
	SECSTRUCT[avgss]:4 "Alpha" (double), size is 33
	SECSTRUCT[avgss]:5 "Pi" (double), size is 33
	SECSTRUCT[avgss]:6 "Turn" (double), size is 33
	SECSTRUCT[avgss]:7 "Bend" (double), size is 33

DATAFILES (3 total):
  rmsd_to_ini.dat (Standard Data File):  RMSD_00002
  secstruct.dat (Standard Data File):  ACE:1 GLY:2 ALA:3 ALA:4 ... ALA:30 GLY:31 TRP:32 NHE:33
  secstruct.dat.sum (Standard Data File):  Para Anti 3-10 Alpha Pi Turn Bend

RUN TIMING:
TIME:		Init               : 0.0000 s (  0.00%)
TIME:		Trajectory Process : 481.3126 s ( 99.90%)
TIME:		Action Post        : 0.0001 s (  0.00%)
TIME:		Analysis           : 0.0000 s (  0.00%)
TIME:		Data File Write    : 0.4832 s (  0.10%)
TIME:		Other              : 0.0004 s (  0.00%)
TIME:	Run Total 481.7963 s
---------- RUN END ---------------------------------------------------
  [writedata helicity.dat SECSTRUCT[Alpha]]
	Writing sets to helicity.dat, format 'Standard Data File'
 SECSTRUCT[Alpha]
TIME: Total execution time: 482.0401 seconds.
--------------------------------------------------------------------------------
To cite CPPTRAJ use:
Daniel R. Roe and Thomas E. Cheatham, III, "PTRAJ and CPPTRAJ: Software for
  Processing and Analysis of Molecular Dynamics Trajectory Data". J. Chem.
  Theory Comput., 2013, 9 (7), pp 3084-3095.

igb8_ff99SBnmr done

CPPTRAJ: Trajectory Analysis. V17.00
    ___  ___  ___  ___
     | \/ | \/ | \/ | 
    _|_/\_|_/\_|_/\_|_

| Date/time: 11/01/18 16:11:42
| Available memory: 108.133 GB

INPUT: Reading input from 'STDIN'
  [parm prot1_HMR.parm7]
	Reading 'prot1_HMR.parm7' as Amber Topology
	Radius Set: ArgH and AspGluO modified Bondi2 radii (mbondi3)
  [trajin prot1_md1.nc]
	Reading 'prot1_md1.nc' as Amber NetCDF
  [trajin prot1_md2.nc]
	Reading 'prot1_md2.nc' as Amber NetCDF
  [reference prot1_HMR.rst7]
	Reading 'prot1_HMR.rst7' as Amber Restart
	Setting active reference for distance-based masks: 'prot1_HMR.rst7'
  [center :1-33 mass origin]
    CENTER: Centering coordinates using center of mass of atoms in mask (:1-33) to
	coordinate origin.
  [rms reference out rmsd_to_ini.dat '(@CA,C,N,O)']
    RMSD: ((@CA,C,N,O)), reference is "default_name" ((@CA,C,N,O)).
	Best-fit RMSD will be calculated, coords will be rotated and translated.
  [trajout prot1_md_centered.nc]
	Writing 'prot1_md_centered.nc' as Amber NetCDF
  [trajout prot1_md_centered.pdb onlyframes 1]
	Saving frames 1
	Writing 'prot1_md_centered.pdb' as PDB
  [secstruct SECSTRUCT out secstruct.dat]
    SECSTRUCT: Calculating secondary structure using mask [*]
	Dumping results to secstruct.dat
	Sum results to secstruct.dat.sum
	SS data for each residue will be stored as integers.
		0 = None
		1 = Para
		2 = Anti
		3 = 3-10
		4 = Alpha
		5 = Pi
		6 = Turn
		7 = Bend
	Backbone Atom Names: N=[N   ]  H=[H   ]  C=[C   ]  O=[O   ]  CA=[CA  ]
# Citation: Kabsch, W.; Sander, C.; "Dictionary of Protein Secondary Structure:
#           Pattern Recognition of Hydrogen-Bonded and Geometrical Features."
#           Biopolymers (1983), V.22, pp.2577-2637.
  [run]
---------- RUN BEGIN -------------------------------------------------

PARAMETER FILES (1 total):
 0: prot1_HMR.parm7, 463 atoms, 33 res, box: None, 1 mol

INPUT TRAJECTORIES (2 total):
 0: 'prot1_md1.nc' is a NetCDF AMBER trajectory, Parm prot1_HMR.parm7 (reading 20000 of 20000)
 1: 'prot1_md2.nc' is a NetCDF AMBER trajectory, Parm prot1_HMR.parm7 (reading 40000 of 40000)
  Coordinate processing will occur on 60000 frames.

REFERENCE FRAMES (1 total):
    0: prot1_HMR.rst7:1
	Active reference frame for distance-based masks is 'default_name'

OUTPUT TRAJECTORIES (2 total):
  'prot1_md_centered.nc' (60000 frames) is a NetCDF AMBER trajectory
  'prot1_md_centered.pdb' (60000 frames) is a PDB file: Writing frames 1

BEGIN TRAJECTORY PROCESSING:
.....................................................
ACTION SETUP FOR PARM 'prot1_HMR.parm7' (3 actions):
  0: [center :1-33 mass origin]
	Mask [:1-33] corresponds to 463 atoms.
  1: [rms reference out rmsd_to_ini.dat '(@CA,C,N,O)']
	Target mask: [(@CA,C,N,O)](127)
	Reference mask: [(@CA,C,N,O)](127)
  2: [secstruct SECSTRUCT out secstruct.dat]
Warning: Not all BB atoms found for 2 residues: ACE:1 NHE:33
Info: This is expected for Proline and terminal/non-standard residues.
Info: Expected BB atom names: N=[N   ]  H=[H   ]  C=[C   ]  O=[O   ]  CA=[CA  ]
Info: Re-run with action debug level >= 1 to see which residues are missing atoms.
	Mask [*] corresponds to 33 residues.
----- prot1_md1.nc (1-20000, 1) -----
 0% 10% 20% 30% 
----- prot1_md2.nc (1-40000, 1) -----
40% 50% 60% 70% 80% 90% 100% Complete.

Read 60000 frames and processed 60000 frames.
TIME: Avg. throughput= 289.8220 frames / second.

ACTION OUTPUT:

DATASETS (49 total):
	RMSD_00002 "RMSD_00002" (double, rms), size is 60000
	SECSTRUCT[None] "SECSTRUCT[None]" (float), size is 60000
	SECSTRUCT[Para] "SECSTRUCT[Para]" (float), size is 60000
	SECSTRUCT[Anti] "SECSTRUCT[Anti]" (float), size is 60000
	SECSTRUCT[3-10] "SECSTRUCT[3-10]" (float), size is 60000
	SECSTRUCT[Alpha] "SECSTRUCT[Alpha]" (float), size is 60000
	SECSTRUCT[Pi] "SECSTRUCT[Pi]" (float), size is 60000
	SECSTRUCT[Turn] "SECSTRUCT[Turn]" (float), size is 60000
	SECSTRUCT[Bend] "SECSTRUCT[Bend]" (float), size is 60000
	SECSTRUCT[res]:1 "ACE:1" (integer), size is 60000
	SECSTRUCT[res]:2 "GLY:2" (integer), size is 60000
	SECSTRUCT[res]:3 "ALA:3" (integer), size is 60000
	SECSTRUCT[res]:4 "ALA:4" (integer), size is 60000
	SECSTRUCT[res]:5 "ALA:5" (integer), size is 60000
	SECSTRUCT[res]:6 "ALA:6" (integer), size is 60000
	SECSTRUCT[res]:7 "LYS:7" (integer), size is 60000
	SECSTRUCT[res]:8 "LYS:8" (integer), size is 60000
	SECSTRUCT[res]:9 "LYS:9" (integer), size is 60000
	SECSTRUCT[res]:10 "LYS:10" (integer), size is 60000
	SECSTRUCT[res]:11 "GLU:11" (integer), size is 60000
	SECSTRUCT[res]:12 "GLU:12" (integer), size is 60000
	SECSTRUCT[res]:13 "GLU:13" (integer), size is 60000
	SECSTRUCT[res]:14 "GLU:14" (integer), size is 60000
	SECSTRUCT[res]:15 "ALA:15" (integer), size is 60000
	SECSTRUCT[res]:16 "ALA:16" (integer), size is 60000
	SECSTRUCT[res]:17 "ALA:17" (integer), size is 60000
	SECSTRUCT[res]:18 "ALA:18" (integer), size is 60000
	SECSTRUCT[res]:19 "LYS:19" (integer), size is 60000
	SECSTRUCT[res]:20 "LYS:20" (integer), size is 60000
	SECSTRUCT[res]:21 "LYS:21" (integer), size is 60000
	SECSTRUCT[res]:22 "LYS:22" (integer), size is 60000
	SECSTRUCT[res]:23 "GLU:23" (integer), size is 60000
	SECSTRUCT[res]:24 "GLU:24" (integer), size is 60000
	SECSTRUCT[res]:25 "GLU:25" (integer), size is 60000
	SECSTRUCT[res]:26 "GLU:26" (integer), size is 60000
	SECSTRUCT[res]:27 "ALA:27" (integer), size is 60000
	SECSTRUCT[res]:28 "ALA:28" (integer), size is 60000
	SECSTRUCT[res]:29 "ALA:29" (integer), size is 60000
	SECSTRUCT[res]:30 "ALA:30" (integer), size is 60000
	SECSTRUCT[res]:31 "GLY:31" (integer), size is 60000
	SECSTRUCT[res]:32 "TRP:32" (integer), size is 60000
	SECSTRUCT[res]:33 "NHE:33" (integer), size is 60000
	SECSTRUCT[avgss]:1 "Para" (double), size is 33
	SECSTRUCT[avgss]:2 "Anti" (double), size is 33
	SECSTRUCT[avgss]:3 "3-10" (double), size is 33
	SECSTRUCT[avgss]:4 "Alpha" (double), size is 33
	SECSTRUCT[avgss]:5 "Pi" (double), size is 33
	SECSTRUCT[avgss]:6 "Turn" (double), size is 33
	SECSTRUCT[avgss]:7 "Bend" (double), size is 33

DATAFILES (3 total):
  rmsd_to_ini.dat (Standard Data File):  RMSD_00002
  secstruct.dat (Standard Data File):  ACE:1 GLY:2 ALA:3 ALA:4 ... ALA:30 GLY:31 TRP:32 NHE:33
  secstruct.dat.sum (Standard Data File):  Para Anti 3-10 Alpha Pi Turn Bend

RUN TIMING:
TIME:		Init               : 0.0000 s (  0.00%)
TIME:		Trajectory Process : 207.0236 s ( 99.77%)
TIME:		Action Post        : 0.0001 s (  0.00%)
TIME:		Analysis           : 0.0000 s (  0.00%)
TIME:		Data File Write    : 0.4739 s (  0.23%)
TIME:		Other              : 0.0012 s (  0.00%)
TIME:	Run Total 207.4988 s
---------- RUN END ---------------------------------------------------
  [writedata helicity.dat SECSTRUCT[Alpha]]
	Writing sets to helicity.dat, format 'Standard Data File'
 SECSTRUCT[Alpha]
TIME: Total execution time: 207.7445 seconds.
--------------------------------------------------------------------------------
To cite CPPTRAJ use:
Daniel R. Roe and Thomas E. Cheatham, III, "PTRAJ and CPPTRAJ: Software for
  Processing and Analysis of Molecular Dynamics Trajectory Data". J. Chem.
  Theory Comput., 2013, 9 (7), pp 3084-3095.

igb8_ff96 done

CPPTRAJ: Trajectory Analysis. V17.00
    ___  ___  ___  ___
     | \/ | \/ | \/ | 
    _|_/\_|_/\_|_/\_|_

| Date/time: 11/01/18 16:15:09
| Available memory: 108.144 GB

INPUT: Reading input from 'STDIN'
  [parm prot1_HMR.parm7]
	Reading 'prot1_HMR.parm7' as Amber Topology
	Radius Set: ArgH and AspGluO modified Bondi2 radii (mbondi3)
  [trajin prot1_md1.nc]
	Reading 'prot1_md1.nc' as Amber NetCDF
  [trajin prot1_md2.nc]
	Reading 'prot1_md2.nc' as Amber NetCDF
  [reference prot1_HMR.rst7]
	Reading 'prot1_HMR.rst7' as Amber Restart
	Setting active reference for distance-based masks: 'prot1_HMR.rst7'
  [center :1-33 mass origin]
    CENTER: Centering coordinates using center of mass of atoms in mask (:1-33) to
	coordinate origin.
  [rms reference out rmsd_to_ini.dat '(@CA,C,N,O)']
    RMSD: ((@CA,C,N,O)), reference is "default_name" ((@CA,C,N,O)).
	Best-fit RMSD will be calculated, coords will be rotated and translated.
  [trajout prot1_md_centered.nc]
	Writing 'prot1_md_centered.nc' as Amber NetCDF
  [trajout prot1_md_centered.pdb onlyframes 1]
	Saving frames 1
	Writing 'prot1_md_centered.pdb' as PDB
  [secstruct SECSTRUCT out secstruct.dat]
    SECSTRUCT: Calculating secondary structure using mask [*]
	Dumping results to secstruct.dat
	Sum results to secstruct.dat.sum
	SS data for each residue will be stored as integers.
		0 = None
		1 = Para
		2 = Anti
		3 = 3-10
		4 = Alpha
		5 = Pi
		6 = Turn
		7 = Bend
	Backbone Atom Names: N=[N   ]  H=[H   ]  C=[C   ]  O=[O   ]  CA=[CA  ]
# Citation: Kabsch, W.; Sander, C.; "Dictionary of Protein Secondary Structure:
#           Pattern Recognition of Hydrogen-Bonded and Geometrical Features."
#           Biopolymers (1983), V.22, pp.2577-2637.
  [run]
---------- RUN BEGIN -------------------------------------------------

PARAMETER FILES (1 total):
 0: prot1_HMR.parm7, 463 atoms, 33 res, box: None, 1 mol

INPUT TRAJECTORIES (2 total):
 0: 'prot1_md1.nc' is a NetCDF AMBER trajectory, Parm prot1_HMR.parm7 (reading 20000 of 20000)
 1: 'prot1_md2.nc' is a NetCDF AMBER trajectory, Parm prot1_HMR.parm7 (reading 35297 of 35297)
  Coordinate processing will occur on 55297 frames.

REFERENCE FRAMES (1 total):
    0: prot1_HMR.rst7:1
	Active reference frame for distance-based masks is 'default_name'

OUTPUT TRAJECTORIES (2 total):
  'prot1_md_centered.nc' (55297 frames) is a NetCDF AMBER trajectory
  'prot1_md_centered.pdb' (55297 frames) is a PDB file: Writing frames 1

BEGIN TRAJECTORY PROCESSING:
.....................................................
ACTION SETUP FOR PARM 'prot1_HMR.parm7' (3 actions):
  0: [center :1-33 mass origin]
	Mask [:1-33] corresponds to 463 atoms.
  1: [rms reference out rmsd_to_ini.dat '(@CA,C,N,O)']
	Target mask: [(@CA,C,N,O)](127)
	Reference mask: [(@CA,C,N,O)](127)
  2: [secstruct SECSTRUCT out secstruct.dat]
Warning: Not all BB atoms found for 2 residues: ACE:1 NHE:33
Info: This is expected for Proline and terminal/non-standard residues.
Info: Expected BB atom names: N=[N   ]  H=[H   ]  C=[C   ]  O=[O   ]  CA=[CA  ]
Info: Re-run with action debug level >= 1 to see which residues are missing atoms.
	Mask [*] corresponds to 33 residues.
----- prot1_md1.nc (1-20000, 1) -----
 0% 10% 20% 30% 
----- prot1_md2.nc (1-35297, 1) -----
40% 50% 60% 70% 80% 90% 100% Complete.

Read 55297 frames and processed 55297 frames.
TIME: Avg. throughput= 121.2328 frames / second.

ACTION OUTPUT:

DATASETS (49 total):
	RMSD_00002 "RMSD_00002" (double, rms), size is 55297
	SECSTRUCT[None] "SECSTRUCT[None]" (float), size is 55297
	SECSTRUCT[Para] "SECSTRUCT[Para]" (float), size is 55297
	SECSTRUCT[Anti] "SECSTRUCT[Anti]" (float), size is 55297
	SECSTRUCT[3-10] "SECSTRUCT[3-10]" (float), size is 55297
	SECSTRUCT[Alpha] "SECSTRUCT[Alpha]" (float), size is 55297
	SECSTRUCT[Pi] "SECSTRUCT[Pi]" (float), size is 55297
	SECSTRUCT[Turn] "SECSTRUCT[Turn]" (float), size is 55297
	SECSTRUCT[Bend] "SECSTRUCT[Bend]" (float), size is 55297
	SECSTRUCT[res]:1 "ACE:1" (integer), size is 55297
	SECSTRUCT[res]:2 "GLY:2" (integer), size is 55297
	SECSTRUCT[res]:3 "ALA:3" (integer), size is 55297
	SECSTRUCT[res]:4 "ALA:4" (integer), size is 55297
	SECSTRUCT[res]:5 "ALA:5" (integer), size is 55297
	SECSTRUCT[res]:6 "ALA:6" (integer), size is 55297
	SECSTRUCT[res]:7 "LYS:7" (integer), size is 55297
	SECSTRUCT[res]:8 "LYS:8" (integer), size is 55297
	SECSTRUCT[res]:9 "LYS:9" (integer), size is 55297
	SECSTRUCT[res]:10 "LYS:10" (integer), size is 55297
	SECSTRUCT[res]:11 "GLU:11" (integer), size is 55297
	SECSTRUCT[res]:12 "GLU:12" (integer), size is 55297
	SECSTRUCT[res]:13 "GLU:13" (integer), size is 55297
	SECSTRUCT[res]:14 "GLU:14" (integer), size is 55297
	SECSTRUCT[res]:15 "ALA:15" (integer), size is 55297
	SECSTRUCT[res]:16 "ALA:16" (integer), size is 55297
	SECSTRUCT[res]:17 "ALA:17" (integer), size is 55297
	SECSTRUCT[res]:18 "ALA:18" (integer), size is 55297
	SECSTRUCT[res]:19 "LYS:19" (integer), size is 55297
	SECSTRUCT[res]:20 "LYS:20" (integer), size is 55297
	SECSTRUCT[res]:21 "LYS:21" (integer), size is 55297
	SECSTRUCT[res]:22 "LYS:22" (integer), size is 55297
	SECSTRUCT[res]:23 "GLU:23" (integer), size is 55297
	SECSTRUCT[res]:24 "GLU:24" (integer), size is 55297
	SECSTRUCT[res]:25 "GLU:25" (integer), size is 55297
	SECSTRUCT[res]:26 "GLU:26" (integer), size is 55297
	SECSTRUCT[res]:27 "ALA:27" (integer), size is 55297
	SECSTRUCT[res]:28 "ALA:28" (integer), size is 55297
	SECSTRUCT[res]:29 "ALA:29" (integer), size is 55297
	SECSTRUCT[res]:30 "ALA:30" (integer), size is 55297
	SECSTRUCT[res]:31 "GLY:31" (integer), size is 55297
	SECSTRUCT[res]:32 "TRP:32" (integer), size is 55297
	SECSTRUCT[res]:33 "NHE:33" (integer), size is 55297
	SECSTRUCT[avgss]:1 "Para" (double), size is 33
	SECSTRUCT[avgss]:2 "Anti" (double), size is 33
	SECSTRUCT[avgss]:3 "3-10" (double), size is 33
	SECSTRUCT[avgss]:4 "Alpha" (double), size is 33
	SECSTRUCT[avgss]:5 "Pi" (double), size is 33
	SECSTRUCT[avgss]:6 "Turn" (double), size is 33
	SECSTRUCT[avgss]:7 "Bend" (double), size is 33

DATAFILES (3 total):
  rmsd_to_ini.dat (Standard Data File):  RMSD_00002
  secstruct.dat (Standard Data File):  ACE:1 GLY:2 ALA:3 ALA:4 ... ALA:30 GLY:31 TRP:32 NHE:33
  secstruct.dat.sum (Standard Data File):  Para Anti 3-10 Alpha Pi Turn Bend

RUN TIMING:
TIME:		Init               : 0.0000 s (  0.00%)
TIME:		Trajectory Process : 456.1223 s ( 99.90%)
TIME:		Action Post        : 0.0001 s (  0.00%)
TIME:		Analysis           : 0.0000 s (  0.00%)
TIME:		Data File Write    : 0.4346 s (  0.10%)
TIME:		Other              : 0.0005 s (  0.00%)
TIME:	Run Total 456.5574 s
---------- RUN END ---------------------------------------------------
  [writedata helicity.dat SECSTRUCT[Alpha]]
	Writing sets to helicity.dat, format 'Standard Data File'
 SECSTRUCT[Alpha]
TIME: Total execution time: 457.1529 seconds.
--------------------------------------------------------------------------------
To cite CPPTRAJ use:
Daniel R. Roe and Thomas E. Cheatham, III, "PTRAJ and CPPTRAJ: Software for
  Processing and Analysis of Molecular Dynamics Trajectory Data". J. Chem.
  Theory Comput., 2013, 9 (7), pp 3084-3095.

igb8_ff94 done

CPPTRAJ: Trajectory Analysis. V17.00
    ___  ___  ___  ___
     | \/ | \/ | \/ | 
    _|_/\_|_/\_|_/\_|_

| Date/time: 11/01/18 16:22:47
| Available memory: 108.185 GB

INPUT: Reading input from 'STDIN'
  [parm prot1_HMR.parm7]
	Reading 'prot1_HMR.parm7' as Amber Topology
	Radius Set: ArgH and AspGluO modified Bondi2 radii (mbondi3)
  [trajin prot1_md1.nc]
	Reading 'prot1_md1.nc' as Amber NetCDF
  [trajin prot1_md2.nc]
	Reading 'prot1_md2.nc' as Amber NetCDF
  [reference prot1_HMR.rst7]
	Reading 'prot1_HMR.rst7' as Amber Restart
	Setting active reference for distance-based masks: 'prot1_HMR.rst7'
  [center :1-33 mass origin]
    CENTER: Centering coordinates using center of mass of atoms in mask (:1-33) to
	coordinate origin.
  [rms reference out rmsd_to_ini.dat '(@CA,C,N,O)']
    RMSD: ((@CA,C,N,O)), reference is "default_name" ((@CA,C,N,O)).
	Best-fit RMSD will be calculated, coords will be rotated and translated.
  [trajout prot1_md_centered.nc]
	Writing 'prot1_md_centered.nc' as Amber NetCDF
  [trajout prot1_md_centered.pdb onlyframes 1]
	Saving frames 1
	Writing 'prot1_md_centered.pdb' as PDB
  [secstruct SECSTRUCT out secstruct.dat]
    SECSTRUCT: Calculating secondary structure using mask [*]
	Dumping results to secstruct.dat
	Sum results to secstruct.dat.sum
	SS data for each residue will be stored as integers.
		0 = None
		1 = Para
		2 = Anti
		3 = 3-10
		4 = Alpha
		5 = Pi
		6 = Turn
		7 = Bend
	Backbone Atom Names: N=[N   ]  H=[H   ]  C=[C   ]  O=[O   ]  CA=[CA  ]
# Citation: Kabsch, W.; Sander, C.; "Dictionary of Protein Secondary Structure:
#           Pattern Recognition of Hydrogen-Bonded and Geometrical Features."
#           Biopolymers (1983), V.22, pp.2577-2637.
  [run]
---------- RUN BEGIN -------------------------------------------------

PARAMETER FILES (1 total):
 0: prot1_HMR.parm7, 463 atoms, 33 res, box: None, 1 mol

INPUT TRAJECTORIES (2 total):
 0: 'prot1_md1.nc' is a NetCDF AMBER trajectory, Parm prot1_HMR.parm7 (reading 20000 of 20000)
 1: 'prot1_md2.nc' is a NetCDF AMBER trajectory, Parm prot1_HMR.parm7 (reading 35316 of 35316)
  Coordinate processing will occur on 55316 frames.

REFERENCE FRAMES (1 total):
    0: prot1_HMR.rst7:1
	Active reference frame for distance-based masks is 'default_name'

OUTPUT TRAJECTORIES (2 total):
  'prot1_md_centered.nc' (55316 frames) is a NetCDF AMBER trajectory
  'prot1_md_centered.pdb' (55316 frames) is a PDB file: Writing frames 1

BEGIN TRAJECTORY PROCESSING:
.....................................................
ACTION SETUP FOR PARM 'prot1_HMR.parm7' (3 actions):
  0: [center :1-33 mass origin]
	Mask [:1-33] corresponds to 463 atoms.
  1: [rms reference out rmsd_to_ini.dat '(@CA,C,N,O)']
	Target mask: [(@CA,C,N,O)](127)
	Reference mask: [(@CA,C,N,O)](127)
  2: [secstruct SECSTRUCT out secstruct.dat]
Warning: Not all BB atoms found for 2 residues: ACE:1 NHE:33
Info: This is expected for Proline and terminal/non-standard residues.
Info: Expected BB atom names: N=[N   ]  H=[H   ]  C=[C   ]  O=[O   ]  CA=[CA  ]
Info: Re-run with action debug level >= 1 to see which residues are missing atoms.
	Mask [*] corresponds to 33 residues.
----- prot1_md1.nc (1-20000, 1) -----
 0% 10% 20% 30% 
----- prot1_md2.nc (1-35316, 1) -----
40% 50% 60% 70% 80% 90% Warning: Frame 35316 coords 1 & 2 overlap at origin; may be corrupt.
100% Complete.

Read 55316 frames and processed 55316 frames.
TIME: Avg. throughput= 243.4550 frames / second.

ACTION OUTPUT:

DATASETS (49 total):
	RMSD_00002 "RMSD_00002" (double, rms), size is 55316
	SECSTRUCT[None] "SECSTRUCT[None]" (float), size is 55316
	SECSTRUCT[Para] "SECSTRUCT[Para]" (float), size is 55316
	SECSTRUCT[Anti] "SECSTRUCT[Anti]" (float), size is 55316
	SECSTRUCT[3-10] "SECSTRUCT[3-10]" (float), size is 55316
	SECSTRUCT[Alpha] "SECSTRUCT[Alpha]" (float), size is 55316
	SECSTRUCT[Pi] "SECSTRUCT[Pi]" (float), size is 55316
	SECSTRUCT[Turn] "SECSTRUCT[Turn]" (float), size is 55316
	SECSTRUCT[Bend] "SECSTRUCT[Bend]" (float), size is 55316
	SECSTRUCT[res]:1 "ACE:1" (integer), size is 55316
	SECSTRUCT[res]:2 "GLY:2" (integer), size is 55316
	SECSTRUCT[res]:3 "ALA:3" (integer), size is 55316
	SECSTRUCT[res]:4 "ALA:4" (integer), size is 55316
	SECSTRUCT[res]:5 "ALA:5" (integer), size is 55316
	SECSTRUCT[res]:6 "ALA:6" (integer), size is 55316
	SECSTRUCT[res]:7 "LYS:7" (integer), size is 55316
	SECSTRUCT[res]:8 "LYS:8" (integer), size is 55316
	SECSTRUCT[res]:9 "LYS:9" (integer), size is 55316
	SECSTRUCT[res]:10 "LYS:10" (integer), size is 55316
	SECSTRUCT[res]:11 "GLU:11" (integer), size is 55316
	SECSTRUCT[res]:12 "GLU:12" (integer), size is 55316
	SECSTRUCT[res]:13 "GLU:13" (integer), size is 55316
	SECSTRUCT[res]:14 "GLU:14" (integer), size is 55316
	SECSTRUCT[res]:15 "ALA:15" (integer), size is 55316
	SECSTRUCT[res]:16 "ALA:16" (integer), size is 55316
	SECSTRUCT[res]:17 "ALA:17" (integer), size is 55316
	SECSTRUCT[res]:18 "ALA:18" (integer), size is 55316
	SECSTRUCT[res]:19 "LYS:19" (integer), size is 55316
	SECSTRUCT[res]:20 "LYS:20" (integer), size is 55316
	SECSTRUCT[res]:21 "LYS:21" (integer), size is 55316
	SECSTRUCT[res]:22 "LYS:22" (integer), size is 55316
	SECSTRUCT[res]:23 "GLU:23" (integer), size is 55316
	SECSTRUCT[res]:24 "GLU:24" (integer), size is 55316
	SECSTRUCT[res]:25 "GLU:25" (integer), size is 55316
	SECSTRUCT[res]:26 "GLU:26" (integer), size is 55316
	SECSTRUCT[res]:27 "ALA:27" (integer), size is 55316
	SECSTRUCT[res]:28 "ALA:28" (integer), size is 55316
	SECSTRUCT[res]:29 "ALA:29" (integer), size is 55316
	SECSTRUCT[res]:30 "ALA:30" (integer), size is 55316
	SECSTRUCT[res]:31 "GLY:31" (integer), size is 55316
	SECSTRUCT[res]:32 "TRP:32" (integer), size is 55316
	SECSTRUCT[res]:33 "NHE:33" (integer), size is 55316
	SECSTRUCT[avgss]:1 "Para" (double), size is 33
	SECSTRUCT[avgss]:2 "Anti" (double), size is 33
	SECSTRUCT[avgss]:3 "3-10" (double), size is 33
	SECSTRUCT[avgss]:4 "Alpha" (double), size is 33
	SECSTRUCT[avgss]:5 "Pi" (double), size is 33
	SECSTRUCT[avgss]:6 "Turn" (double), size is 33
	SECSTRUCT[avgss]:7 "Bend" (double), size is 33

DATAFILES (3 total):
  rmsd_to_ini.dat (Standard Data File):  RMSD_00002
  secstruct.dat (Standard Data File):  ACE:1 GLY:2 ALA:3 ALA:4 ... ALA:30 GLY:31 TRP:32 NHE:33
  secstruct.dat.sum (Standard Data File):  Para Anti 3-10 Alpha Pi Turn Bend

RUN TIMING:
TIME:		Init               : 0.0000 s (  0.00%)
TIME:		Trajectory Process : 227.2125 s ( 99.81%)
TIME:		Action Post        : 0.0001 s (  0.00%)
TIME:		Analysis           : 0.0000 s (  0.00%)
TIME:		Data File Write    : 0.4251 s (  0.19%)
TIME:		Other              : 0.0004 s (  0.00%)
TIME:	Run Total 227.6381 s
---------- RUN END ---------------------------------------------------
  [writedata helicity.dat SECSTRUCT[Alpha]]
	Writing sets to helicity.dat, format 'Standard Data File'
 SECSTRUCT[Alpha]
TIME: Total execution time: 227.9117 seconds.
--------------------------------------------------------------------------------
To cite CPPTRAJ use:
Daniel R. Roe and Thomas E. Cheatham, III, "PTRAJ and CPPTRAJ: Software for
  Processing and Analysis of Molecular Dynamics Trajectory Data". J. Chem.
  Theory Comput., 2013, 9 (7), pp 3084-3095.

igb8_ff14ipq done

CPPTRAJ: Trajectory Analysis. V17.00
    ___  ___  ___  ___
     | \/ | \/ | \/ | 
    _|_/\_|_/\_|_/\_|_

| Date/time: 11/01/18 16:26:35
| Available memory: 108.192 GB

INPUT: Reading input from 'STDIN'
  [parm prot1_HMR.parm7]
	Reading 'prot1_HMR.parm7' as Amber Topology
	Radius Set: ArgH and AspGluO modified Bondi2 radii (mbondi3)
  [trajin prot1_md1.nc]
	Reading 'prot1_md1.nc' as Amber NetCDF
  [trajin prot1_md2.nc]
	Reading 'prot1_md2.nc' as Amber NetCDF
  [reference prot1_HMR.rst7]
	Reading 'prot1_HMR.rst7' as Amber Restart
	Setting active reference for distance-based masks: 'prot1_HMR.rst7'
  [center :1-33 mass origin]
    CENTER: Centering coordinates using center of mass of atoms in mask (:1-33) to
	coordinate origin.
  [rms reference out rmsd_to_ini.dat '(@CA,C,N,O)']
    RMSD: ((@CA,C,N,O)), reference is "default_name" ((@CA,C,N,O)).
	Best-fit RMSD will be calculated, coords will be rotated and translated.
  [trajout prot1_md_centered.nc]
	Writing 'prot1_md_centered.nc' as Amber NetCDF
  [trajout prot1_md_centered.pdb onlyframes 1]
	Saving frames 1
	Writing 'prot1_md_centered.pdb' as PDB
  [secstruct SECSTRUCT out secstruct.dat]
    SECSTRUCT: Calculating secondary structure using mask [*]
	Dumping results to secstruct.dat
	Sum results to secstruct.dat.sum
	SS data for each residue will be stored as integers.
		0 = None
		1 = Para
		2 = Anti
		3 = 3-10
		4 = Alpha
		5 = Pi
		6 = Turn
		7 = Bend
	Backbone Atom Names: N=[N   ]  H=[H   ]  C=[C   ]  O=[O   ]  CA=[CA  ]
# Citation: Kabsch, W.; Sander, C.; "Dictionary of Protein Secondary Structure:
#           Pattern Recognition of Hydrogen-Bonded and Geometrical Features."
#           Biopolymers (1983), V.22, pp.2577-2637.
  [run]
---------- RUN BEGIN -------------------------------------------------

PARAMETER FILES (1 total):
 0: prot1_HMR.parm7, 463 atoms, 33 res, box: None, 1 mol

INPUT TRAJECTORIES (2 total):
 0: 'prot1_md1.nc' is a NetCDF AMBER trajectory, Parm prot1_HMR.parm7 (reading 20000 of 20000)
 1: 'prot1_md2.nc' is a NetCDF AMBER trajectory, Parm prot1_HMR.parm7 (reading 40000 of 40000)
  Coordinate processing will occur on 60000 frames.

REFERENCE FRAMES (1 total):
    0: prot1_HMR.rst7:1
	Active reference frame for distance-based masks is 'default_name'

OUTPUT TRAJECTORIES (2 total):
  'prot1_md_centered.nc' (60000 frames) is a NetCDF AMBER trajectory
  'prot1_md_centered.pdb' (60000 frames) is a PDB file: Writing frames 1

BEGIN TRAJECTORY PROCESSING:
.....................................................
ACTION SETUP FOR PARM 'prot1_HMR.parm7' (3 actions):
  0: [center :1-33 mass origin]
	Mask [:1-33] corresponds to 463 atoms.
  1: [rms reference out rmsd_to_ini.dat '(@CA,C,N,O)']
	Target mask: [(@CA,C,N,O)](127)
	Reference mask: [(@CA,C,N,O)](127)
  2: [secstruct SECSTRUCT out secstruct.dat]
Warning: Not all BB atoms found for 2 residues: ACE:1 NHE:33
Info: This is expected for Proline and terminal/non-standard residues.
Info: Expected BB atom names: N=[N   ]  H=[H   ]  C=[C   ]  O=[O   ]  CA=[CA  ]
Info: Re-run with action debug level >= 1 to see which residues are missing atoms.
	Mask [*] corresponds to 33 residues.
----- prot1_md1.nc (1-20000, 1) -----
 0% 10% 20% 30% 
----- prot1_md2.nc (1-40000, 1) -----
40% 50% 60% 70% 80% 90% 100% Complete.

Read 60000 frames and processed 60000 frames.
TIME: Avg. throughput= 144.0467 frames / second.

ACTION OUTPUT:

DATASETS (49 total):
	RMSD_00002 "RMSD_00002" (double, rms), size is 60000
	SECSTRUCT[None] "SECSTRUCT[None]" (float), size is 60000
	SECSTRUCT[Para] "SECSTRUCT[Para]" (float), size is 60000
	SECSTRUCT[Anti] "SECSTRUCT[Anti]" (float), size is 60000
	SECSTRUCT[3-10] "SECSTRUCT[3-10]" (float), size is 60000
	SECSTRUCT[Alpha] "SECSTRUCT[Alpha]" (float), size is 60000
	SECSTRUCT[Pi] "SECSTRUCT[Pi]" (float), size is 60000
	SECSTRUCT[Turn] "SECSTRUCT[Turn]" (float), size is 60000
	SECSTRUCT[Bend] "SECSTRUCT[Bend]" (float), size is 60000
	SECSTRUCT[res]:1 "ACE:1" (integer), size is 60000
	SECSTRUCT[res]:2 "GLY:2" (integer), size is 60000
	SECSTRUCT[res]:3 "ALA:3" (integer), size is 60000
	SECSTRUCT[res]:4 "ALA:4" (integer), size is 60000
	SECSTRUCT[res]:5 "ALA:5" (integer), size is 60000
	SECSTRUCT[res]:6 "ALA:6" (integer), size is 60000
	SECSTRUCT[res]:7 "LYS:7" (integer), size is 60000
	SECSTRUCT[res]:8 "LYS:8" (integer), size is 60000
	SECSTRUCT[res]:9 "LYS:9" (integer), size is 60000
	SECSTRUCT[res]:10 "LYS:10" (integer), size is 60000
	SECSTRUCT[res]:11 "GLU:11" (integer), size is 60000
	SECSTRUCT[res]:12 "GLU:12" (integer), size is 60000
	SECSTRUCT[res]:13 "GLU:13" (integer), size is 60000
	SECSTRUCT[res]:14 "GLU:14" (integer), size is 60000
	SECSTRUCT[res]:15 "ALA:15" (integer), size is 60000
	SECSTRUCT[res]:16 "ALA:16" (integer), size is 60000
	SECSTRUCT[res]:17 "ALA:17" (integer), size is 60000
	SECSTRUCT[res]:18 "ALA:18" (integer), size is 60000
	SECSTRUCT[res]:19 "LYS:19" (integer), size is 60000
	SECSTRUCT[res]:20 "LYS:20" (integer), size is 60000
	SECSTRUCT[res]:21 "LYS:21" (integer), size is 60000
	SECSTRUCT[res]:22 "LYS:22" (integer), size is 60000
	SECSTRUCT[res]:23 "GLU:23" (integer), size is 60000
	SECSTRUCT[res]:24 "GLU:24" (integer), size is 60000
	SECSTRUCT[res]:25 "GLU:25" (integer), size is 60000
	SECSTRUCT[res]:26 "GLU:26" (integer), size is 60000
	SECSTRUCT[res]:27 "ALA:27" (integer), size is 60000
	SECSTRUCT[res]:28 "ALA:28" (integer), size is 60000
	SECSTRUCT[res]:29 "ALA:29" (integer), size is 60000
	SECSTRUCT[res]:30 "ALA:30" (integer), size is 60000
	SECSTRUCT[res]:31 "GLY:31" (integer), size is 60000
	SECSTRUCT[res]:32 "TRP:32" (integer), size is 60000
	SECSTRUCT[res]:33 "NHE:33" (integer), size is 60000
	SECSTRUCT[avgss]:1 "Para" (double), size is 33
	SECSTRUCT[avgss]:2 "Anti" (double), size is 33
	SECSTRUCT[avgss]:3 "3-10" (double), size is 33
	SECSTRUCT[avgss]:4 "Alpha" (double), size is 33
	SECSTRUCT[avgss]:5 "Pi" (double), size is 33
	SECSTRUCT[avgss]:6 "Turn" (double), size is 33
	SECSTRUCT[avgss]:7 "Bend" (double), size is 33

DATAFILES (3 total):
  rmsd_to_ini.dat (Standard Data File):  RMSD_00002
  secstruct.dat (Standard Data File):  ACE:1 GLY:2 ALA:3 ALA:4 ... ALA:30 GLY:31 TRP:32 NHE:33
  secstruct.dat.sum (Standard Data File):  Para Anti 3-10 Alpha Pi Turn Bend

RUN TIMING:
TIME:		Init               : 0.0000 s (  0.00%)
TIME:		Trajectory Process : 416.5316 s ( 99.89%)
TIME:		Action Post        : 0.0001 s (  0.00%)
TIME:		Analysis           : 0.0000 s (  0.00%)
TIME:		Data File Write    : 0.4696 s (  0.11%)
TIME:		Other              : 0.0004 s (  0.00%)
TIME:	Run Total 417.0017 s
---------- RUN END ---------------------------------------------------
  [writedata helicity.dat SECSTRUCT[Alpha]]
	Writing sets to helicity.dat, format 'Standard Data File'
 SECSTRUCT[Alpha]
TIME: Total execution time: 417.2962 seconds.
--------------------------------------------------------------------------------
To cite CPPTRAJ use:
Daniel R. Roe and Thomas E. Cheatham, III, "PTRAJ and CPPTRAJ: Software for
  Processing and Analysis of Molecular Dynamics Trajectory Data". J. Chem.
  Theory Comput., 2013, 9 (7), pp 3084-3095.

igb8_ff98 done
