
CPPTRAJ: Trajectory Analysis. V17.00
    ___  ___  ___  ___
     | \/ | \/ | \/ | 
    _|_/\_|_/\_|_/\_|_

| Date/time: 01/18/21 14:07:40
| Available memory: 86.614 GB

INPUT: Reading input from 'STDIN'
  [parm prot1_HMR.parm7]
	Reading 'prot1_HMR.parm7' as Amber Topology
	Radius Set: modified Bondi radii (mbondi)
  [trajin prot1_md1.nc]
	Reading 'prot1_md1.nc' as Amber NetCDF
  [trajin prot1_md2.nc]
	Reading 'prot1_md2.nc' as Amber NetCDF
  [reference prot1_HMR.rst7]
	Reading 'prot1_HMR.rst7' as Amber Restart
	Setting active reference for distance-based masks: 'prot1_HMR.rst7'
  [center :1-33 mass origin]
    CENTER: Centering coordinates using center of mass of atoms in mask (:1-33) to
	coordinate origin.
  [rms reference out rmsd_to_ini.dat '(@CA,C,N,O)']
    RMSD: ((@CA,C,N,O)), reference is "default_name" ((@CA,C,N,O)).
	Best-fit RMSD will be calculated, coords will be rotated and translated.
  [trajout prot1_md_centered.nc]
	Writing 'prot1_md_centered.nc' as Amber NetCDF
  [trajout prot1_md_centered.pdb onlyframes 1]
	Saving frames 1
	Writing 'prot1_md_centered.pdb' as PDB
  [secstruct SECSTRUCT out secstruct.dat]
    SECSTRUCT: Calculating secondary structure using mask [*]
	Dumping results to secstruct.dat
	Sum results to secstruct.dat.sum
	SS data for each residue will be stored as integers.
		0 = None
		1 = Para
		2 = Anti
		3 = 3-10
		4 = Alpha
		5 = Pi
		6 = Turn
		7 = Bend
	Backbone Atom Names: N=[N   ]  H=[H   ]  C=[C   ]  O=[O   ]  CA=[CA  ]
# Citation: Kabsch, W.; Sander, C.; "Dictionary of Protein Secondary Structure:
#           Pattern Recognition of Hydrogen-Bonded and Geometrical Features."
#           Biopolymers (1983), V.22, pp.2577-2637.
  [run]
---------- RUN BEGIN -------------------------------------------------

PARAMETER FILES (1 total):
 0: prot1_HMR.parm7, 463 atoms, 33 res, box: None, 1 mol

INPUT TRAJECTORIES (2 total):
 0: 'prot1_md1.nc' is a NetCDF AMBER trajectory, Parm prot1_HMR.parm7 (reading 20000 of 20000)
 1: 'prot1_md2.nc' is a NetCDF AMBER trajectory, Parm prot1_HMR.parm7 (reading 2195 of 2195)
  Coordinate processing will occur on 22195 frames.

REFERENCE FRAMES (1 total):
    0: prot1_HMR.rst7:1
	Active reference frame for distance-based masks is 'default_name'

OUTPUT TRAJECTORIES (2 total):
  'prot1_md_centered.nc' (22195 frames) is a NetCDF AMBER trajectory
  'prot1_md_centered.pdb' (22195 frames) is a PDB file: Writing frames 1

BEGIN TRAJECTORY PROCESSING:
.....................................................
ACTION SETUP FOR PARM 'prot1_HMR.parm7' (3 actions):
  0: [center :1-33 mass origin]
	Mask [:1-33] corresponds to 463 atoms.
  1: [rms reference out rmsd_to_ini.dat '(@CA,C,N,O)']
	Target mask: [(@CA,C,N,O)](127)
	Reference mask: [(@CA,C,N,O)](127)
  2: [secstruct SECSTRUCT out secstruct.dat]
Warning: Not all BB atoms found for 2 residues: ACE:1 NHE:33
Info: This is expected for Proline and terminal/non-standard residues.
Info: Expected BB atom names: N=[N   ]  H=[H   ]  C=[C   ]  O=[O   ]  CA=[CA  ]
Info: Re-run with action debug level >= 1 to see which residues are missing atoms.
	Mask [*] corresponds to 33 residues.
----- prot1_md1.nc (1-20000, 1) -----
 0% 10% 20% 30% 40% 50% 60% 70% 80% 90% 
----- prot1_md2.nc (1-2195, 1) -----
Warning: Frame 2195 coords 1 & 2 overlap at origin; may be corrupt.
100% Complete.

Read 22195 frames and processed 22195 frames.
TIME: Avg. throughput= 108.3478 frames / second.

ACTION OUTPUT:

DATASETS (49 total):
	RMSD_00002 "RMSD_00002" (double, rms), size is 22195
	SECSTRUCT[None] "SECSTRUCT[None]" (float), size is 22195
	SECSTRUCT[Para] "SECSTRUCT[Para]" (float), size is 22195
	SECSTRUCT[Anti] "SECSTRUCT[Anti]" (float), size is 22195
	SECSTRUCT[3-10] "SECSTRUCT[3-10]" (float), size is 22195
	SECSTRUCT[Alpha] "SECSTRUCT[Alpha]" (float), size is 22195
	SECSTRUCT[Pi] "SECSTRUCT[Pi]" (float), size is 22195
	SECSTRUCT[Turn] "SECSTRUCT[Turn]" (float), size is 22195
	SECSTRUCT[Bend] "SECSTRUCT[Bend]" (float), size is 22195
	SECSTRUCT[res]:1 "ACE:1" (integer), size is 22195
	SECSTRUCT[res]:2 "GLY:2" (integer), size is 22195
	SECSTRUCT[res]:3 "ALA:3" (integer), size is 22195
	SECSTRUCT[res]:4 "ALA:4" (integer), size is 22195
	SECSTRUCT[res]:5 "ALA:5" (integer), size is 22195
	SECSTRUCT[res]:6 "ALA:6" (integer), size is 22195
	SECSTRUCT[res]:7 "LYS:7" (integer), size is 22195
	SECSTRUCT[res]:8 "LYS:8" (integer), size is 22195
	SECSTRUCT[res]:9 "LYS:9" (integer), size is 22195
	SECSTRUCT[res]:10 "LYS:10" (integer), size is 22195
	SECSTRUCT[res]:11 "GLU:11" (integer), size is 22195
	SECSTRUCT[res]:12 "GLU:12" (integer), size is 22195
	SECSTRUCT[res]:13 "GLU:13" (integer), size is 22195
	SECSTRUCT[res]:14 "GLU:14" (integer), size is 22195
	SECSTRUCT[res]:15 "ALA:15" (integer), size is 22195
	SECSTRUCT[res]:16 "ALA:16" (integer), size is 22195
	SECSTRUCT[res]:17 "ALA:17" (integer), size is 22195
	SECSTRUCT[res]:18 "ALA:18" (integer), size is 22195
	SECSTRUCT[res]:19 "LYS:19" (integer), size is 22195
	SECSTRUCT[res]:20 "LYS:20" (integer), size is 22195
	SECSTRUCT[res]:21 "LYS:21" (integer), size is 22195
	SECSTRUCT[res]:22 "LYS:22" (integer), size is 22195
	SECSTRUCT[res]:23 "GLU:23" (integer), size is 22195
	SECSTRUCT[res]:24 "GLU:24" (integer), size is 22195
	SECSTRUCT[res]:25 "GLU:25" (integer), size is 22195
	SECSTRUCT[res]:26 "GLU:26" (integer), size is 22195
	SECSTRUCT[res]:27 "ALA:27" (integer), size is 22195
	SECSTRUCT[res]:28 "ALA:28" (integer), size is 22195
	SECSTRUCT[res]:29 "ALA:29" (integer), size is 22195
	SECSTRUCT[res]:30 "ALA:30" (integer), size is 22195
	SECSTRUCT[res]:31 "GLY:31" (integer), size is 22195
	SECSTRUCT[res]:32 "TRP:32" (integer), size is 22195
	SECSTRUCT[res]:33 "NHE:33" (integer), size is 22195
	SECSTRUCT[avgss]:1 "Para" (double), size is 33
	SECSTRUCT[avgss]:2 "Anti" (double), size is 33
	SECSTRUCT[avgss]:3 "3-10" (double), size is 33
	SECSTRUCT[avgss]:4 "Alpha" (double), size is 33
	SECSTRUCT[avgss]:5 "Pi" (double), size is 33
	SECSTRUCT[avgss]:6 "Turn" (double), size is 33
	SECSTRUCT[avgss]:7 "Bend" (double), size is 33

DATAFILES (3 total):
  rmsd_to_ini.dat (Standard Data File):  RMSD_00002
  secstruct.dat (Standard Data File):  ACE:1 GLY:2 ALA:3 ALA:4 ... ALA:30 GLY:31 TRP:32 NHE:33
  secstruct.dat.sum (Standard Data File):  Para Anti 3-10 Alpha Pi Turn Bend

RUN TIMING:
TIME:		Init               : 0.0000 s (  0.00%)
TIME:		Trajectory Process : 204.8496 s ( 99.87%)
TIME:		Action Post        : 0.0004 s (  0.00%)
TIME:		Analysis           : 0.0000 s (  0.00%)
TIME:		Data File Write    : 0.2652 s (  0.13%)
TIME:		Other              : 0.0005 s (  0.00%)
TIME:	Run Total 205.1157 s
---------- RUN END ---------------------------------------------------
  [writedata helicity.dat SECSTRUCT[Alpha]]
	Writing sets to helicity.dat, format 'Standard Data File'
 SECSTRUCT[Alpha]
TIME: Total execution time: 205.3552 seconds.
--------------------------------------------------------------------------------
To cite CPPTRAJ use:
Daniel R. Roe and Thomas E. Cheatham, III, "PTRAJ and CPPTRAJ: Software for
  Processing and Analysis of Molecular Dynamics Trajectory Data". J. Chem.
  Theory Comput., 2013, 9 (7), pp 3084-3095.

igb7_fb15 done

CPPTRAJ: Trajectory Analysis. V17.00
    ___  ___  ___  ___
     | \/ | \/ | \/ | 
    _|_/\_|_/\_|_/\_|_

| Date/time: 01/18/21 14:11:05
| Available memory: 86.621 GB

INPUT: Reading input from 'STDIN'
  [parm prot1_HMR.parm7]
	Reading 'prot1_HMR.parm7' as Amber Topology
	Radius Set: modified Bondi radii (mbondi)
  [trajin prot1_md1.nc]
	Reading 'prot1_md1.nc' as Amber NetCDF
  [trajin prot1_md2.nc]
	Reading 'prot1_md2.nc' as Amber NetCDF
  [reference prot1_HMR.rst7]
	Reading 'prot1_HMR.rst7' as Amber Restart
	Setting active reference for distance-based masks: 'prot1_HMR.rst7'
  [center :1-33 mass origin]
    CENTER: Centering coordinates using center of mass of atoms in mask (:1-33) to
	coordinate origin.
  [rms reference out rmsd_to_ini.dat '(@CA,C,N,O)']
    RMSD: ((@CA,C,N,O)), reference is "default_name" ((@CA,C,N,O)).
	Best-fit RMSD will be calculated, coords will be rotated and translated.
  [trajout prot1_md_centered.nc]
	Writing 'prot1_md_centered.nc' as Amber NetCDF
  [trajout prot1_md_centered.pdb onlyframes 1]
	Saving frames 1
	Writing 'prot1_md_centered.pdb' as PDB
  [secstruct SECSTRUCT out secstruct.dat]
    SECSTRUCT: Calculating secondary structure using mask [*]
	Dumping results to secstruct.dat
	Sum results to secstruct.dat.sum
	SS data for each residue will be stored as integers.
		0 = None
		1 = Para
		2 = Anti
		3 = 3-10
		4 = Alpha
		5 = Pi
		6 = Turn
		7 = Bend
	Backbone Atom Names: N=[N   ]  H=[H   ]  C=[C   ]  O=[O   ]  CA=[CA  ]
# Citation: Kabsch, W.; Sander, C.; "Dictionary of Protein Secondary Structure:
#           Pattern Recognition of Hydrogen-Bonded and Geometrical Features."
#           Biopolymers (1983), V.22, pp.2577-2637.
  [run]
---------- RUN BEGIN -------------------------------------------------

PARAMETER FILES (1 total):
 0: prot1_HMR.parm7, 463 atoms, 33 res, box: None, 1 mol

INPUT TRAJECTORIES (2 total):
 0: 'prot1_md1.nc' is a NetCDF AMBER trajectory, Parm prot1_HMR.parm7 (reading 20000 of 20000)
 1: 'prot1_md2.nc' is a NetCDF AMBER trajectory, Parm prot1_HMR.parm7 (reading 2196 of 2196)
  Coordinate processing will occur on 22196 frames.

REFERENCE FRAMES (1 total):
    0: prot1_HMR.rst7:1
	Active reference frame for distance-based masks is 'default_name'

OUTPUT TRAJECTORIES (2 total):
  'prot1_md_centered.nc' (22196 frames) is a NetCDF AMBER trajectory
  'prot1_md_centered.pdb' (22196 frames) is a PDB file: Writing frames 1

BEGIN TRAJECTORY PROCESSING:
.....................................................
ACTION SETUP FOR PARM 'prot1_HMR.parm7' (3 actions):
  0: [center :1-33 mass origin]
	Mask [:1-33] corresponds to 463 atoms.
  1: [rms reference out rmsd_to_ini.dat '(@CA,C,N,O)']
	Target mask: [(@CA,C,N,O)](127)
	Reference mask: [(@CA,C,N,O)](127)
  2: [secstruct SECSTRUCT out secstruct.dat]
Warning: Not all BB atoms found for 2 residues: ACE:1 NHE:33
Info: This is expected for Proline and terminal/non-standard residues.
Info: Expected BB atom names: N=[N   ]  H=[H   ]  C=[C   ]  O=[O   ]  CA=[CA  ]
Info: Re-run with action debug level >= 1 to see which residues are missing atoms.
	Mask [*] corresponds to 33 residues.
----- prot1_md1.nc (1-20000, 1) -----
 0% 10% 20% 30% 40% 50% 60% 70% 80% 90% 
----- prot1_md2.nc (1-2196, 1) -----
Warning: Frame 2196 coords 1 & 2 overlap at origin; may be corrupt.
100% Complete.

Read 22196 frames and processed 22196 frames.
TIME: Avg. throughput= 91.5953 frames / second.

ACTION OUTPUT:

DATASETS (49 total):
	RMSD_00002 "RMSD_00002" (double, rms), size is 22196
	SECSTRUCT[None] "SECSTRUCT[None]" (float), size is 22196
	SECSTRUCT[Para] "SECSTRUCT[Para]" (float), size is 22196
	SECSTRUCT[Anti] "SECSTRUCT[Anti]" (float), size is 22196
	SECSTRUCT[3-10] "SECSTRUCT[3-10]" (float), size is 22196
	SECSTRUCT[Alpha] "SECSTRUCT[Alpha]" (float), size is 22196
	SECSTRUCT[Pi] "SECSTRUCT[Pi]" (float), size is 22196
	SECSTRUCT[Turn] "SECSTRUCT[Turn]" (float), size is 22196
	SECSTRUCT[Bend] "SECSTRUCT[Bend]" (float), size is 22196
	SECSTRUCT[res]:1 "ACE:1" (integer), size is 22196
	SECSTRUCT[res]:2 "GLY:2" (integer), size is 22196
	SECSTRUCT[res]:3 "ALA:3" (integer), size is 22196
	SECSTRUCT[res]:4 "ALA:4" (integer), size is 22196
	SECSTRUCT[res]:5 "ALA:5" (integer), size is 22196
	SECSTRUCT[res]:6 "ALA:6" (integer), size is 22196
	SECSTRUCT[res]:7 "LYS:7" (integer), size is 22196
	SECSTRUCT[res]:8 "LYS:8" (integer), size is 22196
	SECSTRUCT[res]:9 "LYS:9" (integer), size is 22196
	SECSTRUCT[res]:10 "LYS:10" (integer), size is 22196
	SECSTRUCT[res]:11 "GLU:11" (integer), size is 22196
	SECSTRUCT[res]:12 "GLU:12" (integer), size is 22196
	SECSTRUCT[res]:13 "GLU:13" (integer), size is 22196
	SECSTRUCT[res]:14 "GLU:14" (integer), size is 22196
	SECSTRUCT[res]:15 "ALA:15" (integer), size is 22196
	SECSTRUCT[res]:16 "ALA:16" (integer), size is 22196
	SECSTRUCT[res]:17 "ALA:17" (integer), size is 22196
	SECSTRUCT[res]:18 "ALA:18" (integer), size is 22196
	SECSTRUCT[res]:19 "LYS:19" (integer), size is 22196
	SECSTRUCT[res]:20 "LYS:20" (integer), size is 22196
	SECSTRUCT[res]:21 "LYS:21" (integer), size is 22196
	SECSTRUCT[res]:22 "LYS:22" (integer), size is 22196
	SECSTRUCT[res]:23 "GLU:23" (integer), size is 22196
	SECSTRUCT[res]:24 "GLU:24" (integer), size is 22196
	SECSTRUCT[res]:25 "GLU:25" (integer), size is 22196
	SECSTRUCT[res]:26 "GLU:26" (integer), size is 22196
	SECSTRUCT[res]:27 "ALA:27" (integer), size is 22196
	SECSTRUCT[res]:28 "ALA:28" (integer), size is 22196
	SECSTRUCT[res]:29 "ALA:29" (integer), size is 22196
	SECSTRUCT[res]:30 "ALA:30" (integer), size is 22196
	SECSTRUCT[res]:31 "GLY:31" (integer), size is 22196
	SECSTRUCT[res]:32 "TRP:32" (integer), size is 22196
	SECSTRUCT[res]:33 "NHE:33" (integer), size is 22196
	SECSTRUCT[avgss]:1 "Para" (double), size is 33
	SECSTRUCT[avgss]:2 "Anti" (double), size is 33
	SECSTRUCT[avgss]:3 "3-10" (double), size is 33
	SECSTRUCT[avgss]:4 "Alpha" (double), size is 33
	SECSTRUCT[avgss]:5 "Pi" (double), size is 33
	SECSTRUCT[avgss]:6 "Turn" (double), size is 33
	SECSTRUCT[avgss]:7 "Bend" (double), size is 33

DATAFILES (3 total):
  rmsd_to_ini.dat (Standard Data File):  RMSD_00002
  secstruct.dat (Standard Data File):  ACE:1 GLY:2 ALA:3 ALA:4 ... ALA:30 GLY:31 TRP:32 NHE:33
  secstruct.dat.sum (Standard Data File):  Para Anti 3-10 Alpha Pi Turn Bend

RUN TIMING:
TIME:		Init               : 0.0000 s (  0.00%)
TIME:		Trajectory Process : 242.3268 s ( 99.88%)
TIME:		Action Post        : 0.0001 s (  0.00%)
TIME:		Analysis           : 0.0000 s (  0.00%)
TIME:		Data File Write    : 0.2904 s (  0.12%)
TIME:		Other              : 0.0014 s (  0.00%)
TIME:	Run Total 242.6187 s
---------- RUN END ---------------------------------------------------
  [writedata helicity.dat SECSTRUCT[Alpha]]
	Writing sets to helicity.dat, format 'Standard Data File'
 SECSTRUCT[Alpha]
TIME: Total execution time: 242.8687 seconds.
--------------------------------------------------------------------------------
To cite CPPTRAJ use:
Daniel R. Roe and Thomas E. Cheatham, III, "PTRAJ and CPPTRAJ: Software for
  Processing and Analysis of Molecular Dynamics Trajectory Data". J. Chem.
  Theory Comput., 2013, 9 (7), pp 3084-3095.

igb7_ff15ipq done

CPPTRAJ: Trajectory Analysis. V17.00
    ___  ___  ___  ___
     | \/ | \/ | \/ | 
    _|_/\_|_/\_|_/\_|_

| Date/time: 01/18/21 14:15:08
| Available memory: 86.620 GB

INPUT: Reading input from 'STDIN'
  [parm prot1_HMR.parm7]
	Reading 'prot1_HMR.parm7' as Amber Topology
	Radius Set: modified Bondi radii (mbondi)
  [trajin prot1_md1.nc]
	Reading 'prot1_md1.nc' as Amber NetCDF
  [trajin prot1_md2.nc]
	Reading 'prot1_md2.nc' as Amber NetCDF
  [reference prot1_HMR.rst7]
	Reading 'prot1_HMR.rst7' as Amber Restart
	Setting active reference for distance-based masks: 'prot1_HMR.rst7'
  [center :1-33 mass origin]
    CENTER: Centering coordinates using center of mass of atoms in mask (:1-33) to
	coordinate origin.
  [rms reference out rmsd_to_ini.dat '(@CA,C,N,O)']
    RMSD: ((@CA,C,N,O)), reference is "default_name" ((@CA,C,N,O)).
	Best-fit RMSD will be calculated, coords will be rotated and translated.
  [trajout prot1_md_centered.nc]
	Writing 'prot1_md_centered.nc' as Amber NetCDF
  [trajout prot1_md_centered.pdb onlyframes 1]
	Saving frames 1
	Writing 'prot1_md_centered.pdb' as PDB
  [secstruct SECSTRUCT out secstruct.dat]
    SECSTRUCT: Calculating secondary structure using mask [*]
	Dumping results to secstruct.dat
	Sum results to secstruct.dat.sum
	SS data for each residue will be stored as integers.
		0 = None
		1 = Para
		2 = Anti
		3 = 3-10
		4 = Alpha
		5 = Pi
		6 = Turn
		7 = Bend
	Backbone Atom Names: N=[N   ]  H=[H   ]  C=[C   ]  O=[O   ]  CA=[CA  ]
# Citation: Kabsch, W.; Sander, C.; "Dictionary of Protein Secondary Structure:
#           Pattern Recognition of Hydrogen-Bonded and Geometrical Features."
#           Biopolymers (1983), V.22, pp.2577-2637.
  [run]
---------- RUN BEGIN -------------------------------------------------

PARAMETER FILES (1 total):
 0: prot1_HMR.parm7, 463 atoms, 33 res, box: None, 1 mol

INPUT TRAJECTORIES (2 total):
 0: 'prot1_md1.nc' is a NetCDF AMBER trajectory, Parm prot1_HMR.parm7 (reading 20000 of 20000)
 1: 'prot1_md2.nc' is a NetCDF AMBER trajectory, Parm prot1_HMR.parm7 (reading 40000 of 40000)
  Coordinate processing will occur on 60000 frames.

REFERENCE FRAMES (1 total):
    0: prot1_HMR.rst7:1
	Active reference frame for distance-based masks is 'default_name'

OUTPUT TRAJECTORIES (2 total):
  'prot1_md_centered.nc' (60000 frames) is a NetCDF AMBER trajectory
  'prot1_md_centered.pdb' (60000 frames) is a PDB file: Writing frames 1

BEGIN TRAJECTORY PROCESSING:
.....................................................
ACTION SETUP FOR PARM 'prot1_HMR.parm7' (3 actions):
  0: [center :1-33 mass origin]
	Mask [:1-33] corresponds to 463 atoms.
  1: [rms reference out rmsd_to_ini.dat '(@CA,C,N,O)']
	Target mask: [(@CA,C,N,O)](127)
	Reference mask: [(@CA,C,N,O)](127)
  2: [secstruct SECSTRUCT out secstruct.dat]
Warning: Not all BB atoms found for 2 residues: ACE:1 NHE:33
Info: This is expected for Proline and terminal/non-standard residues.
Info: Expected BB atom names: N=[N   ]  H=[H   ]  C=[C   ]  O=[O   ]  CA=[CA  ]
Info: Re-run with action debug level >= 1 to see which residues are missing atoms.
	Mask [*] corresponds to 33 residues.
----- prot1_md1.nc (1-20000, 1) -----
 0% 10% 20% 30% 
----- prot1_md2.nc (1-40000, 1) -----
40% 50% 60% 70% 80% 90% 100% Complete.

Read 60000 frames and processed 60000 frames.
TIME: Avg. throughput= 88.5910 frames / second.

ACTION OUTPUT:

DATASETS (49 total):
	RMSD_00002 "RMSD_00002" (double, rms), size is 60000
	SECSTRUCT[None] "SECSTRUCT[None]" (float), size is 60000
	SECSTRUCT[Para] "SECSTRUCT[Para]" (float), size is 60000
	SECSTRUCT[Anti] "SECSTRUCT[Anti]" (float), size is 60000
	SECSTRUCT[3-10] "SECSTRUCT[3-10]" (float), size is 60000
	SECSTRUCT[Alpha] "SECSTRUCT[Alpha]" (float), size is 60000
	SECSTRUCT[Pi] "SECSTRUCT[Pi]" (float), size is 60000
	SECSTRUCT[Turn] "SECSTRUCT[Turn]" (float), size is 60000
	SECSTRUCT[Bend] "SECSTRUCT[Bend]" (float), size is 60000
	SECSTRUCT[res]:1 "ACE:1" (integer), size is 60000
	SECSTRUCT[res]:2 "GLY:2" (integer), size is 60000
	SECSTRUCT[res]:3 "ALA:3" (integer), size is 60000
	SECSTRUCT[res]:4 "ALA:4" (integer), size is 60000
	SECSTRUCT[res]:5 "ALA:5" (integer), size is 60000
	SECSTRUCT[res]:6 "ALA:6" (integer), size is 60000
	SECSTRUCT[res]:7 "LYS:7" (integer), size is 60000
	SECSTRUCT[res]:8 "LYS:8" (integer), size is 60000
	SECSTRUCT[res]:9 "LYS:9" (integer), size is 60000
	SECSTRUCT[res]:10 "LYS:10" (integer), size is 60000
	SECSTRUCT[res]:11 "GLU:11" (integer), size is 60000
	SECSTRUCT[res]:12 "GLU:12" (integer), size is 60000
	SECSTRUCT[res]:13 "GLU:13" (integer), size is 60000
	SECSTRUCT[res]:14 "GLU:14" (integer), size is 60000
	SECSTRUCT[res]:15 "ALA:15" (integer), size is 60000
	SECSTRUCT[res]:16 "ALA:16" (integer), size is 60000
	SECSTRUCT[res]:17 "ALA:17" (integer), size is 60000
	SECSTRUCT[res]:18 "ALA:18" (integer), size is 60000
	SECSTRUCT[res]:19 "LYS:19" (integer), size is 60000
	SECSTRUCT[res]:20 "LYS:20" (integer), size is 60000
	SECSTRUCT[res]:21 "LYS:21" (integer), size is 60000
	SECSTRUCT[res]:22 "LYS:22" (integer), size is 60000
	SECSTRUCT[res]:23 "GLU:23" (integer), size is 60000
	SECSTRUCT[res]:24 "GLU:24" (integer), size is 60000
	SECSTRUCT[res]:25 "GLU:25" (integer), size is 60000
	SECSTRUCT[res]:26 "GLU:26" (integer), size is 60000
	SECSTRUCT[res]:27 "ALA:27" (integer), size is 60000
	SECSTRUCT[res]:28 "ALA:28" (integer), size is 60000
	SECSTRUCT[res]:29 "ALA:29" (integer), size is 60000
	SECSTRUCT[res]:30 "ALA:30" (integer), size is 60000
	SECSTRUCT[res]:31 "GLY:31" (integer), size is 60000
	SECSTRUCT[res]:32 "TRP:32" (integer), size is 60000
	SECSTRUCT[res]:33 "NHE:33" (integer), size is 60000
	SECSTRUCT[avgss]:1 "Para" (double), size is 33
	SECSTRUCT[avgss]:2 "Anti" (double), size is 33
	SECSTRUCT[avgss]:3 "3-10" (double), size is 33
	SECSTRUCT[avgss]:4 "Alpha" (double), size is 33
	SECSTRUCT[avgss]:5 "Pi" (double), size is 33
	SECSTRUCT[avgss]:6 "Turn" (double), size is 33
	SECSTRUCT[avgss]:7 "Bend" (double), size is 33

DATAFILES (3 total):
  rmsd_to_ini.dat (Standard Data File):  RMSD_00002
  secstruct.dat (Standard Data File):  ACE:1 GLY:2 ALA:3 ALA:4 ... ALA:30 GLY:31 TRP:32 NHE:33
  secstruct.dat.sum (Standard Data File):  Para Anti 3-10 Alpha Pi Turn Bend

RUN TIMING:
TIME:		Init               : 0.0000 s (  0.00%)
TIME:		Trajectory Process : 677.2699 s ( 99.87%)
TIME:		Action Post        : 0.0001 s (  0.00%)
TIME:		Analysis           : 0.0000 s (  0.00%)
TIME:		Data File Write    : 0.8978 s (  0.13%)
TIME:		Other              : 0.0007 s (  0.00%)
TIME:	Run Total 678.1686 s
---------- RUN END ---------------------------------------------------
  [writedata helicity.dat SECSTRUCT[Alpha]]
	Writing sets to helicity.dat, format 'Standard Data File'
 SECSTRUCT[Alpha]
TIME: Total execution time: 678.4845 seconds.
--------------------------------------------------------------------------------
To cite CPPTRAJ use:
Daniel R. Roe and Thomas E. Cheatham, III, "PTRAJ and CPPTRAJ: Software for
  Processing and Analysis of Molecular Dynamics Trajectory Data". J. Chem.
  Theory Comput., 2013, 9 (7), pp 3084-3095.

igb7_ff99 done

CPPTRAJ: Trajectory Analysis. V17.00
    ___  ___  ___  ___
     | \/ | \/ | \/ | 
    _|_/\_|_/\_|_/\_|_

| Date/time: 01/18/21 14:26:27
| Available memory: 86.508 GB

INPUT: Reading input from 'STDIN'
  [parm prot1_HMR.parm7]
	Reading 'prot1_HMR.parm7' as Amber Topology
	Radius Set: modified Bondi radii (mbondi)
  [trajin prot1_md1.nc]
	Reading 'prot1_md1.nc' as Amber NetCDF
  [trajin prot1_md2.nc]
	Reading 'prot1_md2.nc' as Amber NetCDF
  [reference prot1_HMR.rst7]
	Reading 'prot1_HMR.rst7' as Amber Restart
	Setting active reference for distance-based masks: 'prot1_HMR.rst7'
  [center :1-33 mass origin]
    CENTER: Centering coordinates using center of mass of atoms in mask (:1-33) to
	coordinate origin.
  [rms reference out rmsd_to_ini.dat '(@CA,C,N,O)']
    RMSD: ((@CA,C,N,O)), reference is "default_name" ((@CA,C,N,O)).
	Best-fit RMSD will be calculated, coords will be rotated and translated.
  [trajout prot1_md_centered.nc]
	Writing 'prot1_md_centered.nc' as Amber NetCDF
  [trajout prot1_md_centered.pdb onlyframes 1]
	Saving frames 1
	Writing 'prot1_md_centered.pdb' as PDB
  [secstruct SECSTRUCT out secstruct.dat]
    SECSTRUCT: Calculating secondary structure using mask [*]
	Dumping results to secstruct.dat
	Sum results to secstruct.dat.sum
	SS data for each residue will be stored as integers.
		0 = None
		1 = Para
		2 = Anti
		3 = 3-10
		4 = Alpha
		5 = Pi
		6 = Turn
		7 = Bend
	Backbone Atom Names: N=[N   ]  H=[H   ]  C=[C   ]  O=[O   ]  CA=[CA  ]
# Citation: Kabsch, W.; Sander, C.; "Dictionary of Protein Secondary Structure:
#           Pattern Recognition of Hydrogen-Bonded and Geometrical Features."
#           Biopolymers (1983), V.22, pp.2577-2637.
  [run]
---------- RUN BEGIN -------------------------------------------------

PARAMETER FILES (1 total):
 0: prot1_HMR.parm7, 463 atoms, 33 res, box: None, 1 mol

INPUT TRAJECTORIES (2 total):
 0: 'prot1_md1.nc' is a NetCDF AMBER trajectory, Parm prot1_HMR.parm7 (reading 20000 of 20000)
 1: 'prot1_md2.nc' is a NetCDF AMBER trajectory, Parm prot1_HMR.parm7 (reading 40000 of 40000)
  Coordinate processing will occur on 60000 frames.

REFERENCE FRAMES (1 total):
    0: prot1_HMR.rst7:1
	Active reference frame for distance-based masks is 'default_name'

OUTPUT TRAJECTORIES (2 total):
  'prot1_md_centered.nc' (60000 frames) is a NetCDF AMBER trajectory
  'prot1_md_centered.pdb' (60000 frames) is a PDB file: Writing frames 1

BEGIN TRAJECTORY PROCESSING:
.....................................................
ACTION SETUP FOR PARM 'prot1_HMR.parm7' (3 actions):
  0: [center :1-33 mass origin]
	Mask [:1-33] corresponds to 463 atoms.
  1: [rms reference out rmsd_to_ini.dat '(@CA,C,N,O)']
	Target mask: [(@CA,C,N,O)](127)
	Reference mask: [(@CA,C,N,O)](127)
  2: [secstruct SECSTRUCT out secstruct.dat]
Warning: Not all BB atoms found for 2 residues: ACE:1 NHE:33
Info: This is expected for Proline and terminal/non-standard residues.
Info: Expected BB atom names: N=[N   ]  H=[H   ]  C=[C   ]  O=[O   ]  CA=[CA  ]
Info: Re-run with action debug level >= 1 to see which residues are missing atoms.
	Mask [*] corresponds to 33 residues.
----- prot1_md1.nc (1-20000, 1) -----
 0% 10% 20% 30% 
----- prot1_md2.nc (1-40000, 1) -----
40% 50% 60% 70% 80% 90% 100% Complete.

Read 60000 frames and processed 60000 frames.
TIME: Avg. throughput= 88.4228 frames / second.

ACTION OUTPUT:

DATASETS (49 total):
	RMSD_00002 "RMSD_00002" (double, rms), size is 60000
	SECSTRUCT[None] "SECSTRUCT[None]" (float), size is 60000
	SECSTRUCT[Para] "SECSTRUCT[Para]" (float), size is 60000
	SECSTRUCT[Anti] "SECSTRUCT[Anti]" (float), size is 60000
	SECSTRUCT[3-10] "SECSTRUCT[3-10]" (float), size is 60000
	SECSTRUCT[Alpha] "SECSTRUCT[Alpha]" (float), size is 60000
	SECSTRUCT[Pi] "SECSTRUCT[Pi]" (float), size is 60000
	SECSTRUCT[Turn] "SECSTRUCT[Turn]" (float), size is 60000
	SECSTRUCT[Bend] "SECSTRUCT[Bend]" (float), size is 60000
	SECSTRUCT[res]:1 "ACE:1" (integer), size is 60000
	SECSTRUCT[res]:2 "GLY:2" (integer), size is 60000
	SECSTRUCT[res]:3 "ALA:3" (integer), size is 60000
	SECSTRUCT[res]:4 "ALA:4" (integer), size is 60000
	SECSTRUCT[res]:5 "ALA:5" (integer), size is 60000
	SECSTRUCT[res]:6 "ALA:6" (integer), size is 60000
	SECSTRUCT[res]:7 "LYS:7" (integer), size is 60000
	SECSTRUCT[res]:8 "LYS:8" (integer), size is 60000
	SECSTRUCT[res]:9 "LYS:9" (integer), size is 60000
	SECSTRUCT[res]:10 "LYS:10" (integer), size is 60000
	SECSTRUCT[res]:11 "GLU:11" (integer), size is 60000
	SECSTRUCT[res]:12 "GLU:12" (integer), size is 60000
	SECSTRUCT[res]:13 "GLU:13" (integer), size is 60000
	SECSTRUCT[res]:14 "GLU:14" (integer), size is 60000
	SECSTRUCT[res]:15 "ALA:15" (integer), size is 60000
	SECSTRUCT[res]:16 "ALA:16" (integer), size is 60000
	SECSTRUCT[res]:17 "ALA:17" (integer), size is 60000
	SECSTRUCT[res]:18 "ALA:18" (integer), size is 60000
	SECSTRUCT[res]:19 "LYS:19" (integer), size is 60000
	SECSTRUCT[res]:20 "LYS:20" (integer), size is 60000
	SECSTRUCT[res]:21 "LYS:21" (integer), size is 60000
	SECSTRUCT[res]:22 "LYS:22" (integer), size is 60000
	SECSTRUCT[res]:23 "GLU:23" (integer), size is 60000
	SECSTRUCT[res]:24 "GLU:24" (integer), size is 60000
	SECSTRUCT[res]:25 "GLU:25" (integer), size is 60000
	SECSTRUCT[res]:26 "GLU:26" (integer), size is 60000
	SECSTRUCT[res]:27 "ALA:27" (integer), size is 60000
	SECSTRUCT[res]:28 "ALA:28" (integer), size is 60000
	SECSTRUCT[res]:29 "ALA:29" (integer), size is 60000
	SECSTRUCT[res]:30 "ALA:30" (integer), size is 60000
	SECSTRUCT[res]:31 "GLY:31" (integer), size is 60000
	SECSTRUCT[res]:32 "TRP:32" (integer), size is 60000
	SECSTRUCT[res]:33 "NHE:33" (integer), size is 60000
	SECSTRUCT[avgss]:1 "Para" (double), size is 33
	SECSTRUCT[avgss]:2 "Anti" (double), size is 33
	SECSTRUCT[avgss]:3 "3-10" (double), size is 33
	SECSTRUCT[avgss]:4 "Alpha" (double), size is 33
	SECSTRUCT[avgss]:5 "Pi" (double), size is 33
	SECSTRUCT[avgss]:6 "Turn" (double), size is 33
	SECSTRUCT[avgss]:7 "Bend" (double), size is 33

DATAFILES (3 total):
  rmsd_to_ini.dat (Standard Data File):  RMSD_00002
  secstruct.dat (Standard Data File):  ACE:1 GLY:2 ALA:3 ALA:4 ... ALA:30 GLY:31 TRP:32 NHE:33
  secstruct.dat.sum (Standard Data File):  Para Anti 3-10 Alpha Pi Turn Bend

RUN TIMING:
TIME:		Init               : 0.0000 s (  0.00%)
TIME:		Trajectory Process : 678.5581 s ( 99.89%)
TIME:		Action Post        : 0.0001 s (  0.00%)
TIME:		Analysis           : 0.0000 s (  0.00%)
TIME:		Data File Write    : 0.7450 s (  0.11%)
TIME:		Other              : 0.0005 s (  0.00%)
TIME:	Run Total 679.3037 s
---------- RUN END ---------------------------------------------------
  [writedata helicity.dat SECSTRUCT[Alpha]]
	Writing sets to helicity.dat, format 'Standard Data File'
 SECSTRUCT[Alpha]
TIME: Total execution time: 679.5862 seconds.
--------------------------------------------------------------------------------
To cite CPPTRAJ use:
Daniel R. Roe and Thomas E. Cheatham, III, "PTRAJ and CPPTRAJ: Software for
  Processing and Analysis of Molecular Dynamics Trajectory Data". J. Chem.
  Theory Comput., 2013, 9 (7), pp 3084-3095.

igb7_ff99SB done

CPPTRAJ: Trajectory Analysis. V17.00
    ___  ___  ___  ___
     | \/ | \/ | \/ | 
    _|_/\_|_/\_|_/\_|_

| Date/time: 01/18/21 14:37:47
| Available memory: 86.557 GB

INPUT: Reading input from 'STDIN'
  [parm prot1_HMR.parm7]
	Reading 'prot1_HMR.parm7' as Amber Topology
	Radius Set: modified Bondi radii (mbondi)
  [trajin prot1_md1.nc]
	Reading 'prot1_md1.nc' as Amber NetCDF
  [trajin prot1_md2.nc]
	Reading 'prot1_md2.nc' as Amber NetCDF
  [reference prot1_HMR.rst7]
	Reading 'prot1_HMR.rst7' as Amber Restart
	Setting active reference for distance-based masks: 'prot1_HMR.rst7'
  [center :1-33 mass origin]
    CENTER: Centering coordinates using center of mass of atoms in mask (:1-33) to
	coordinate origin.
  [rms reference out rmsd_to_ini.dat '(@CA,C,N,O)']
    RMSD: ((@CA,C,N,O)), reference is "default_name" ((@CA,C,N,O)).
	Best-fit RMSD will be calculated, coords will be rotated and translated.
  [trajout prot1_md_centered.nc]
	Writing 'prot1_md_centered.nc' as Amber NetCDF
  [trajout prot1_md_centered.pdb onlyframes 1]
	Saving frames 1
	Writing 'prot1_md_centered.pdb' as PDB
  [secstruct SECSTRUCT out secstruct.dat]
    SECSTRUCT: Calculating secondary structure using mask [*]
	Dumping results to secstruct.dat
	Sum results to secstruct.dat.sum
	SS data for each residue will be stored as integers.
		0 = None
		1 = Para
		2 = Anti
		3 = 3-10
		4 = Alpha
		5 = Pi
		6 = Turn
		7 = Bend
	Backbone Atom Names: N=[N   ]  H=[H   ]  C=[C   ]  O=[O   ]  CA=[CA  ]
# Citation: Kabsch, W.; Sander, C.; "Dictionary of Protein Secondary Structure:
#           Pattern Recognition of Hydrogen-Bonded and Geometrical Features."
#           Biopolymers (1983), V.22, pp.2577-2637.
  [run]
---------- RUN BEGIN -------------------------------------------------

PARAMETER FILES (1 total):
 0: prot1_HMR.parm7, 463 atoms, 33 res, box: None, 1 mol

INPUT TRAJECTORIES (2 total):
 0: 'prot1_md1.nc' is a NetCDF AMBER trajectory, Parm prot1_HMR.parm7 (reading 20000 of 20000)
 1: 'prot1_md2.nc' is a NetCDF AMBER trajectory, Parm prot1_HMR.parm7 (reading 40000 of 40000)
  Coordinate processing will occur on 60000 frames.

REFERENCE FRAMES (1 total):
    0: prot1_HMR.rst7:1
	Active reference frame for distance-based masks is 'default_name'

OUTPUT TRAJECTORIES (2 total):
  'prot1_md_centered.nc' (60000 frames) is a NetCDF AMBER trajectory
  'prot1_md_centered.pdb' (60000 frames) is a PDB file: Writing frames 1

BEGIN TRAJECTORY PROCESSING:
.....................................................
ACTION SETUP FOR PARM 'prot1_HMR.parm7' (3 actions):
  0: [center :1-33 mass origin]
	Mask [:1-33] corresponds to 463 atoms.
  1: [rms reference out rmsd_to_ini.dat '(@CA,C,N,O)']
	Target mask: [(@CA,C,N,O)](127)
	Reference mask: [(@CA,C,N,O)](127)
  2: [secstruct SECSTRUCT out secstruct.dat]
Warning: Not all BB atoms found for 2 residues: ACE:1 NHE:33
Info: This is expected for Proline and terminal/non-standard residues.
Info: Expected BB atom names: N=[N   ]  H=[H   ]  C=[C   ]  O=[O   ]  CA=[CA  ]
Info: Re-run with action debug level >= 1 to see which residues are missing atoms.
	Mask [*] corresponds to 33 residues.
----- prot1_md1.nc (1-20000, 1) -----
 0% 10% 20% 30% 
----- prot1_md2.nc (1-40000, 1) -----
40% 50% 60% 70% 80% 90% 100% Complete.

Read 60000 frames and processed 60000 frames.
TIME: Avg. throughput= 84.5721 frames / second.

ACTION OUTPUT:

DATASETS (49 total):
	RMSD_00002 "RMSD_00002" (double, rms), size is 60000
	SECSTRUCT[None] "SECSTRUCT[None]" (float), size is 60000
	SECSTRUCT[Para] "SECSTRUCT[Para]" (float), size is 60000
	SECSTRUCT[Anti] "SECSTRUCT[Anti]" (float), size is 60000
	SECSTRUCT[3-10] "SECSTRUCT[3-10]" (float), size is 60000
	SECSTRUCT[Alpha] "SECSTRUCT[Alpha]" (float), size is 60000
	SECSTRUCT[Pi] "SECSTRUCT[Pi]" (float), size is 60000
	SECSTRUCT[Turn] "SECSTRUCT[Turn]" (float), size is 60000
	SECSTRUCT[Bend] "SECSTRUCT[Bend]" (float), size is 60000
	SECSTRUCT[res]:1 "ACE:1" (integer), size is 60000
	SECSTRUCT[res]:2 "GLY:2" (integer), size is 60000
	SECSTRUCT[res]:3 "ALA:3" (integer), size is 60000
	SECSTRUCT[res]:4 "ALA:4" (integer), size is 60000
	SECSTRUCT[res]:5 "ALA:5" (integer), size is 60000
	SECSTRUCT[res]:6 "ALA:6" (integer), size is 60000
	SECSTRUCT[res]:7 "LYS:7" (integer), size is 60000
	SECSTRUCT[res]:8 "LYS:8" (integer), size is 60000
	SECSTRUCT[res]:9 "LYS:9" (integer), size is 60000
	SECSTRUCT[res]:10 "LYS:10" (integer), size is 60000
	SECSTRUCT[res]:11 "GLU:11" (integer), size is 60000
	SECSTRUCT[res]:12 "GLU:12" (integer), size is 60000
	SECSTRUCT[res]:13 "GLU:13" (integer), size is 60000
	SECSTRUCT[res]:14 "GLU:14" (integer), size is 60000
	SECSTRUCT[res]:15 "ALA:15" (integer), size is 60000
	SECSTRUCT[res]:16 "ALA:16" (integer), size is 60000
	SECSTRUCT[res]:17 "ALA:17" (integer), size is 60000
	SECSTRUCT[res]:18 "ALA:18" (integer), size is 60000
	SECSTRUCT[res]:19 "LYS:19" (integer), size is 60000
	SECSTRUCT[res]:20 "LYS:20" (integer), size is 60000
	SECSTRUCT[res]:21 "LYS:21" (integer), size is 60000
	SECSTRUCT[res]:22 "LYS:22" (integer), size is 60000
	SECSTRUCT[res]:23 "GLU:23" (integer), size is 60000
	SECSTRUCT[res]:24 "GLU:24" (integer), size is 60000
	SECSTRUCT[res]:25 "GLU:25" (integer), size is 60000
	SECSTRUCT[res]:26 "GLU:26" (integer), size is 60000
	SECSTRUCT[res]:27 "ALA:27" (integer), size is 60000
	SECSTRUCT[res]:28 "ALA:28" (integer), size is 60000
	SECSTRUCT[res]:29 "ALA:29" (integer), size is 60000
	SECSTRUCT[res]:30 "ALA:30" (integer), size is 60000
	SECSTRUCT[res]:31 "GLY:31" (integer), size is 60000
	SECSTRUCT[res]:32 "TRP:32" (integer), size is 60000
	SECSTRUCT[res]:33 "NHE:33" (integer), size is 60000
	SECSTRUCT[avgss]:1 "Para" (double), size is 33
	SECSTRUCT[avgss]:2 "Anti" (double), size is 33
	SECSTRUCT[avgss]:3 "3-10" (double), size is 33
	SECSTRUCT[avgss]:4 "Alpha" (double), size is 33
	SECSTRUCT[avgss]:5 "Pi" (double), size is 33
	SECSTRUCT[avgss]:6 "Turn" (double), size is 33
	SECSTRUCT[avgss]:7 "Bend" (double), size is 33

DATAFILES (3 total):
  rmsd_to_ini.dat (Standard Data File):  RMSD_00002
  secstruct.dat (Standard Data File):  ACE:1 GLY:2 ALA:3 ALA:4 ... ALA:30 GLY:31 TRP:32 NHE:33
  secstruct.dat.sum (Standard Data File):  Para Anti 3-10 Alpha Pi Turn Bend

RUN TIMING:
TIME:		Init               : 0.0000 s (  0.00%)
TIME:		Trajectory Process : 709.4541 s ( 99.88%)
TIME:		Action Post        : 0.0001 s (  0.00%)
TIME:		Analysis           : 0.0000 s (  0.00%)
TIME:		Data File Write    : 0.8284 s (  0.12%)
TIME:		Other              : 0.0006 s (  0.00%)
TIME:	Run Total 710.2833 s
---------- RUN END ---------------------------------------------------
  [writedata helicity.dat SECSTRUCT[Alpha]]
	Writing sets to helicity.dat, format 'Standard Data File'
 SECSTRUCT[Alpha]
TIME: Total execution time: 710.7331 seconds.
--------------------------------------------------------------------------------
To cite CPPTRAJ use:
Daniel R. Roe and Thomas E. Cheatham, III, "PTRAJ and CPPTRAJ: Software for
  Processing and Analysis of Molecular Dynamics Trajectory Data". J. Chem.
  Theory Comput., 2013, 9 (7), pp 3084-3095.

igb7_ff99SBildn done

CPPTRAJ: Trajectory Analysis. V17.00
    ___  ___  ___  ___
     | \/ | \/ | \/ | 
    _|_/\_|_/\_|_/\_|_

| Date/time: 01/18/21 14:49:37
| Available memory: 86.449 GB

INPUT: Reading input from 'STDIN'
  [parm prot1_HMR.parm7]
	Reading 'prot1_HMR.parm7' as Amber Topology
	Radius Set: modified Bondi radii (mbondi)
  [trajin prot1_md1.nc]
	Reading 'prot1_md1.nc' as Amber NetCDF
  [trajin prot1_md2.nc]
	Reading 'prot1_md2.nc' as Amber NetCDF
  [reference prot1_HMR.rst7]
	Reading 'prot1_HMR.rst7' as Amber Restart
	Setting active reference for distance-based masks: 'prot1_HMR.rst7'
  [center :1-33 mass origin]
    CENTER: Centering coordinates using center of mass of atoms in mask (:1-33) to
	coordinate origin.
  [rms reference out rmsd_to_ini.dat '(@CA,C,N,O)']
    RMSD: ((@CA,C,N,O)), reference is "default_name" ((@CA,C,N,O)).
	Best-fit RMSD will be calculated, coords will be rotated and translated.
  [trajout prot1_md_centered.nc]
	Writing 'prot1_md_centered.nc' as Amber NetCDF
  [trajout prot1_md_centered.pdb onlyframes 1]
	Saving frames 1
	Writing 'prot1_md_centered.pdb' as PDB
  [secstruct SECSTRUCT out secstruct.dat]
    SECSTRUCT: Calculating secondary structure using mask [*]
	Dumping results to secstruct.dat
	Sum results to secstruct.dat.sum
	SS data for each residue will be stored as integers.
		0 = None
		1 = Para
		2 = Anti
		3 = 3-10
		4 = Alpha
		5 = Pi
		6 = Turn
		7 = Bend
	Backbone Atom Names: N=[N   ]  H=[H   ]  C=[C   ]  O=[O   ]  CA=[CA  ]
# Citation: Kabsch, W.; Sander, C.; "Dictionary of Protein Secondary Structure:
#           Pattern Recognition of Hydrogen-Bonded and Geometrical Features."
#           Biopolymers (1983), V.22, pp.2577-2637.
  [run]
---------- RUN BEGIN -------------------------------------------------

PARAMETER FILES (1 total):
 0: prot1_HMR.parm7, 463 atoms, 33 res, box: None, 1 mol

INPUT TRAJECTORIES (2 total):
 0: 'prot1_md1.nc' is a NetCDF AMBER trajectory, Parm prot1_HMR.parm7 (reading 20000 of 20000)
 1: 'prot1_md2.nc' is a NetCDF AMBER trajectory, Parm prot1_HMR.parm7 (reading 40000 of 40000)
  Coordinate processing will occur on 60000 frames.

REFERENCE FRAMES (1 total):
    0: prot1_HMR.rst7:1
	Active reference frame for distance-based masks is 'default_name'

OUTPUT TRAJECTORIES (2 total):
  'prot1_md_centered.nc' (60000 frames) is a NetCDF AMBER trajectory
  'prot1_md_centered.pdb' (60000 frames) is a PDB file: Writing frames 1

BEGIN TRAJECTORY PROCESSING:
.....................................................
ACTION SETUP FOR PARM 'prot1_HMR.parm7' (3 actions):
  0: [center :1-33 mass origin]
	Mask [:1-33] corresponds to 463 atoms.
  1: [rms reference out rmsd_to_ini.dat '(@CA,C,N,O)']
	Target mask: [(@CA,C,N,O)](127)
	Reference mask: [(@CA,C,N,O)](127)
  2: [secstruct SECSTRUCT out secstruct.dat]
Warning: Not all BB atoms found for 2 residues: ACE:1 NHE:33
Info: This is expected for Proline and terminal/non-standard residues.
Info: Expected BB atom names: N=[N   ]  H=[H   ]  C=[C   ]  O=[O   ]  CA=[CA  ]
Info: Re-run with action debug level >= 1 to see which residues are missing atoms.
	Mask [*] corresponds to 33 residues.
----- prot1_md1.nc (1-20000, 1) -----
 0% 10% 20% 30% 
----- prot1_md2.nc (1-40000, 1) -----
40% 50% 60% 70% 80% 90% 100% Complete.

Read 60000 frames and processed 60000 frames.
TIME: Avg. throughput= 87.0688 frames / second.

ACTION OUTPUT:

DATASETS (49 total):
	RMSD_00002 "RMSD_00002" (double, rms), size is 60000
	SECSTRUCT[None] "SECSTRUCT[None]" (float), size is 60000
	SECSTRUCT[Para] "SECSTRUCT[Para]" (float), size is 60000
	SECSTRUCT[Anti] "SECSTRUCT[Anti]" (float), size is 60000
	SECSTRUCT[3-10] "SECSTRUCT[3-10]" (float), size is 60000
	SECSTRUCT[Alpha] "SECSTRUCT[Alpha]" (float), size is 60000
	SECSTRUCT[Pi] "SECSTRUCT[Pi]" (float), size is 60000
	SECSTRUCT[Turn] "SECSTRUCT[Turn]" (float), size is 60000
	SECSTRUCT[Bend] "SECSTRUCT[Bend]" (float), size is 60000
	SECSTRUCT[res]:1 "ACE:1" (integer), size is 60000
	SECSTRUCT[res]:2 "GLY:2" (integer), size is 60000
	SECSTRUCT[res]:3 "ALA:3" (integer), size is 60000
	SECSTRUCT[res]:4 "ALA:4" (integer), size is 60000
	SECSTRUCT[res]:5 "ALA:5" (integer), size is 60000
	SECSTRUCT[res]:6 "ALA:6" (integer), size is 60000
	SECSTRUCT[res]:7 "LYS:7" (integer), size is 60000
	SECSTRUCT[res]:8 "LYS:8" (integer), size is 60000
	SECSTRUCT[res]:9 "LYS:9" (integer), size is 60000
	SECSTRUCT[res]:10 "LYS:10" (integer), size is 60000
	SECSTRUCT[res]:11 "GLU:11" (integer), size is 60000
	SECSTRUCT[res]:12 "GLU:12" (integer), size is 60000
	SECSTRUCT[res]:13 "GLU:13" (integer), size is 60000
	SECSTRUCT[res]:14 "GLU:14" (integer), size is 60000
	SECSTRUCT[res]:15 "ALA:15" (integer), size is 60000
	SECSTRUCT[res]:16 "ALA:16" (integer), size is 60000
	SECSTRUCT[res]:17 "ALA:17" (integer), size is 60000
	SECSTRUCT[res]:18 "ALA:18" (integer), size is 60000
	SECSTRUCT[res]:19 "LYS:19" (integer), size is 60000
	SECSTRUCT[res]:20 "LYS:20" (integer), size is 60000
	SECSTRUCT[res]:21 "LYS:21" (integer), size is 60000
	SECSTRUCT[res]:22 "LYS:22" (integer), size is 60000
	SECSTRUCT[res]:23 "GLU:23" (integer), size is 60000
	SECSTRUCT[res]:24 "GLU:24" (integer), size is 60000
	SECSTRUCT[res]:25 "GLU:25" (integer), size is 60000
	SECSTRUCT[res]:26 "GLU:26" (integer), size is 60000
	SECSTRUCT[res]:27 "ALA:27" (integer), size is 60000
	SECSTRUCT[res]:28 "ALA:28" (integer), size is 60000
	SECSTRUCT[res]:29 "ALA:29" (integer), size is 60000
	SECSTRUCT[res]:30 "ALA:30" (integer), size is 60000
	SECSTRUCT[res]:31 "GLY:31" (integer), size is 60000
	SECSTRUCT[res]:32 "TRP:32" (integer), size is 60000
	SECSTRUCT[res]:33 "NHE:33" (integer), size is 60000
	SECSTRUCT[avgss]:1 "Para" (double), size is 33
	SECSTRUCT[avgss]:2 "Anti" (double), size is 33
	SECSTRUCT[avgss]:3 "3-10" (double), size is 33
	SECSTRUCT[avgss]:4 "Alpha" (double), size is 33
	SECSTRUCT[avgss]:5 "Pi" (double), size is 33
	SECSTRUCT[avgss]:6 "Turn" (double), size is 33
	SECSTRUCT[avgss]:7 "Bend" (double), size is 33

DATAFILES (3 total):
  rmsd_to_ini.dat (Standard Data File):  RMSD_00002
  secstruct.dat (Standard Data File):  ACE:1 GLY:2 ALA:3 ALA:4 ... ALA:30 GLY:31 TRP:32 NHE:33
  secstruct.dat.sum (Standard Data File):  Para Anti 3-10 Alpha Pi Turn Bend

RUN TIMING:
TIME:		Init               : 0.0000 s (  0.00%)
TIME:		Trajectory Process : 689.1102 s ( 99.87%)
TIME:		Action Post        : 0.0001 s (  0.00%)
TIME:		Analysis           : 0.0000 s (  0.00%)
TIME:		Data File Write    : 0.9003 s (  0.13%)
TIME:		Other              : 0.0006 s (  0.00%)
TIME:	Run Total 690.0113 s
---------- RUN END ---------------------------------------------------
  [writedata helicity.dat SECSTRUCT[Alpha]]
	Writing sets to helicity.dat, format 'Standard Data File'
 SECSTRUCT[Alpha]
TIME: Total execution time: 690.4029 seconds.
--------------------------------------------------------------------------------
To cite CPPTRAJ use:
Daniel R. Roe and Thomas E. Cheatham, III, "PTRAJ and CPPTRAJ: Software for
  Processing and Analysis of Molecular Dynamics Trajectory Data". J. Chem.
  Theory Comput., 2013, 9 (7), pp 3084-3095.

igb7_ff99SBnmr done

CPPTRAJ: Trajectory Analysis. V17.00
    ___  ___  ___  ___
     | \/ | \/ | \/ | 
    _|_/\_|_/\_|_/\_|_

| Date/time: 01/18/21 15:01:08
| Available memory: 86.427 GB

INPUT: Reading input from 'STDIN'
  [parm prot1_HMR.parm7]
	Reading 'prot1_HMR.parm7' as Amber Topology
	Radius Set: modified Bondi radii (mbondi)
  [trajin prot1_md1.nc]
	Reading 'prot1_md1.nc' as Amber NetCDF
  [trajin prot1_md2.nc]
TIME: Total execution time: 0.0949 seconds.

igb7_ff96 done

CPPTRAJ: Trajectory Analysis. V17.00
    ___  ___  ___  ___
     | \/ | \/ | \/ | 
    _|_/\_|_/\_|_/\_|_

| Date/time: 01/18/21 15:01:08
| Available memory: 86.427 GB

INPUT: Reading input from 'STDIN'
  [parm prot1_HMR.parm7]
	Reading 'prot1_HMR.parm7' as Amber Topology
	Radius Set: modified Bondi radii (mbondi)
  [trajin prot1_md1.nc]
	Reading 'prot1_md1.nc' as Amber NetCDF
  [trajin prot1_md2.nc]
	Reading 'prot1_md2.nc' as Amber NetCDF
  [reference prot1_HMR.rst7]
	Reading 'prot1_HMR.rst7' as Amber Restart
	Setting active reference for distance-based masks: 'prot1_HMR.rst7'
  [center :1-33 mass origin]
    CENTER: Centering coordinates using center of mass of atoms in mask (:1-33) to
	coordinate origin.
  [rms reference out rmsd_to_ini.dat '(@CA,C,N,O)']
    RMSD: ((@CA,C,N,O)), reference is "default_name" ((@CA,C,N,O)).
	Best-fit RMSD will be calculated, coords will be rotated and translated.
  [trajout prot1_md_centered.nc]
	Writing 'prot1_md_centered.nc' as Amber NetCDF
  [trajout prot1_md_centered.pdb onlyframes 1]
	Saving frames 1
	Writing 'prot1_md_centered.pdb' as PDB
  [secstruct SECSTRUCT out secstruct.dat]
    SECSTRUCT: Calculating secondary structure using mask [*]
	Dumping results to secstruct.dat
	Sum results to secstruct.dat.sum
	SS data for each residue will be stored as integers.
		0 = None
		1 = Para
		2 = Anti
		3 = 3-10
		4 = Alpha
		5 = Pi
		6 = Turn
		7 = Bend
	Backbone Atom Names: N=[N   ]  H=[H   ]  C=[C   ]  O=[O   ]  CA=[CA  ]
# Citation: Kabsch, W.; Sander, C.; "Dictionary of Protein Secondary Structure:
#           Pattern Recognition of Hydrogen-Bonded and Geometrical Features."
#           Biopolymers (1983), V.22, pp.2577-2637.
  [run]
---------- RUN BEGIN -------------------------------------------------

PARAMETER FILES (1 total):
 0: prot1_HMR.parm7, 463 atoms, 33 res, box: None, 1 mol

INPUT TRAJECTORIES (2 total):
 0: 'prot1_md1.nc' is a NetCDF AMBER trajectory, Parm prot1_HMR.parm7 (reading 20000 of 20000)
 1: 'prot1_md2.nc' is a NetCDF AMBER trajectory, Parm prot1_HMR.parm7 (reading 40000 of 40000)
  Coordinate processing will occur on 60000 frames.

REFERENCE FRAMES (1 total):
    0: prot1_HMR.rst7:1
	Active reference frame for distance-based masks is 'default_name'

OUTPUT TRAJECTORIES (2 total):
  'prot1_md_centered.nc' (60000 frames) is a NetCDF AMBER trajectory
  'prot1_md_centered.pdb' (60000 frames) is a PDB file: Writing frames 1

BEGIN TRAJECTORY PROCESSING:
.....................................................
ACTION SETUP FOR PARM 'prot1_HMR.parm7' (3 actions):
  0: [center :1-33 mass origin]
	Mask [:1-33] corresponds to 463 atoms.
  1: [rms reference out rmsd_to_ini.dat '(@CA,C,N,O)']
	Target mask: [(@CA,C,N,O)](127)
	Reference mask: [(@CA,C,N,O)](127)
  2: [secstruct SECSTRUCT out secstruct.dat]
Warning: Not all BB atoms found for 2 residues: ACE:1 NHE:33
Info: This is expected for Proline and terminal/non-standard residues.
Info: Expected BB atom names: N=[N   ]  H=[H   ]  C=[C   ]  O=[O   ]  CA=[CA  ]
Info: Re-run with action debug level >= 1 to see which residues are missing atoms.
	Mask [*] corresponds to 33 residues.
----- prot1_md1.nc (1-20000, 1) -----
 0% 10% 20% 30% 
----- prot1_md2.nc (1-40000, 1) -----
40% 50% 60% 70% 80% 90% 100% Complete.

Read 60000 frames and processed 60000 frames.
TIME: Avg. throughput= 86.0774 frames / second.

ACTION OUTPUT:

DATASETS (49 total):
	RMSD_00002 "RMSD_00002" (double, rms), size is 60000
	SECSTRUCT[None] "SECSTRUCT[None]" (float), size is 60000
	SECSTRUCT[Para] "SECSTRUCT[Para]" (float), size is 60000
	SECSTRUCT[Anti] "SECSTRUCT[Anti]" (float), size is 60000
	SECSTRUCT[3-10] "SECSTRUCT[3-10]" (float), size is 60000
	SECSTRUCT[Alpha] "SECSTRUCT[Alpha]" (float), size is 60000
	SECSTRUCT[Pi] "SECSTRUCT[Pi]" (float), size is 60000
	SECSTRUCT[Turn] "SECSTRUCT[Turn]" (float), size is 60000
	SECSTRUCT[Bend] "SECSTRUCT[Bend]" (float), size is 60000
	SECSTRUCT[res]:1 "ACE:1" (integer), size is 60000
	SECSTRUCT[res]:2 "GLY:2" (integer), size is 60000
	SECSTRUCT[res]:3 "ALA:3" (integer), size is 60000
	SECSTRUCT[res]:4 "ALA:4" (integer), size is 60000
	SECSTRUCT[res]:5 "ALA:5" (integer), size is 60000
	SECSTRUCT[res]:6 "ALA:6" (integer), size is 60000
	SECSTRUCT[res]:7 "LYS:7" (integer), size is 60000
	SECSTRUCT[res]:8 "LYS:8" (integer), size is 60000
	SECSTRUCT[res]:9 "LYS:9" (integer), size is 60000
	SECSTRUCT[res]:10 "LYS:10" (integer), size is 60000
	SECSTRUCT[res]:11 "GLU:11" (integer), size is 60000
	SECSTRUCT[res]:12 "GLU:12" (integer), size is 60000
	SECSTRUCT[res]:13 "GLU:13" (integer), size is 60000
	SECSTRUCT[res]:14 "GLU:14" (integer), size is 60000
	SECSTRUCT[res]:15 "ALA:15" (integer), size is 60000
	SECSTRUCT[res]:16 "ALA:16" (integer), size is 60000
	SECSTRUCT[res]:17 "ALA:17" (integer), size is 60000
	SECSTRUCT[res]:18 "ALA:18" (integer), size is 60000
	SECSTRUCT[res]:19 "LYS:19" (integer), size is 60000
	SECSTRUCT[res]:20 "LYS:20" (integer), size is 60000
	SECSTRUCT[res]:21 "LYS:21" (integer), size is 60000
	SECSTRUCT[res]:22 "LYS:22" (integer), size is 60000
	SECSTRUCT[res]:23 "GLU:23" (integer), size is 60000
	SECSTRUCT[res]:24 "GLU:24" (integer), size is 60000
	SECSTRUCT[res]:25 "GLU:25" (integer), size is 60000
	SECSTRUCT[res]:26 "GLU:26" (integer), size is 60000
	SECSTRUCT[res]:27 "ALA:27" (integer), size is 60000
	SECSTRUCT[res]:28 "ALA:28" (integer), size is 60000
	SECSTRUCT[res]:29 "ALA:29" (integer), size is 60000
	SECSTRUCT[res]:30 "ALA:30" (integer), size is 60000
	SECSTRUCT[res]:31 "GLY:31" (integer), size is 60000
	SECSTRUCT[res]:32 "TRP:32" (integer), size is 60000
	SECSTRUCT[res]:33 "NHE:33" (integer), size is 60000
	SECSTRUCT[avgss]:1 "Para" (double), size is 33
	SECSTRUCT[avgss]:2 "Anti" (double), size is 33
	SECSTRUCT[avgss]:3 "3-10" (double), size is 33
	SECSTRUCT[avgss]:4 "Alpha" (double), size is 33
	SECSTRUCT[avgss]:5 "Pi" (double), size is 33
	SECSTRUCT[avgss]:6 "Turn" (double), size is 33
	SECSTRUCT[avgss]:7 "Bend" (double), size is 33

DATAFILES (3 total):
  rmsd_to_ini.dat (Standard Data File):  RMSD_00002
  secstruct.dat (Standard Data File):  ACE:1 GLY:2 ALA:3 ALA:4 ... ALA:30 GLY:31 TRP:32 NHE:33
  secstruct.dat.sum (Standard Data File):  Para Anti 3-10 Alpha Pi Turn Bend

RUN TIMING:
TIME:		Init               : 0.0000 s (  0.00%)
TIME:		Trajectory Process : 697.0472 s ( 99.89%)
TIME:		Action Post        : 0.0001 s (  0.00%)
TIME:		Analysis           : 0.0000 s (  0.00%)
TIME:		Data File Write    : 0.7370 s (  0.11%)
TIME:		Other              : 0.0006 s (  0.00%)
TIME:	Run Total 697.7851 s
---------- RUN END ---------------------------------------------------
  [writedata helicity.dat SECSTRUCT[Alpha]]
	Writing sets to helicity.dat, format 'Standard Data File'
 SECSTRUCT[Alpha]
TIME: Total execution time: 698.0581 seconds.
--------------------------------------------------------------------------------
To cite CPPTRAJ use:
Daniel R. Roe and Thomas E. Cheatham, III, "PTRAJ and CPPTRAJ: Software for
  Processing and Analysis of Molecular Dynamics Trajectory Data". J. Chem.
  Theory Comput., 2013, 9 (7), pp 3084-3095.

igb7_ff94 done

CPPTRAJ: Trajectory Analysis. V17.00
    ___  ___  ___  ___
     | \/ | \/ | \/ | 
    _|_/\_|_/\_|_/\_|_

| Date/time: 01/18/21 15:12:46
| Available memory: 86.417 GB

INPUT: Reading input from 'STDIN'
  [parm prot1_HMR.parm7]
	Reading 'prot1_HMR.parm7' as Amber Topology
	Radius Set: modified Bondi radii (mbondi)
  [trajin prot1_md1.nc]
	Reading 'prot1_md1.nc' as Amber NetCDF
  [trajin prot1_md2.nc]
	Reading 'prot1_md2.nc' as Amber NetCDF
  [reference prot1_HMR.rst7]
	Reading 'prot1_HMR.rst7' as Amber Restart
	Setting active reference for distance-based masks: 'prot1_HMR.rst7'
  [center :1-33 mass origin]
    CENTER: Centering coordinates using center of mass of atoms in mask (:1-33) to
	coordinate origin.
  [rms reference out rmsd_to_ini.dat '(@CA,C,N,O)']
    RMSD: ((@CA,C,N,O)), reference is "default_name" ((@CA,C,N,O)).
	Best-fit RMSD will be calculated, coords will be rotated and translated.
  [trajout prot1_md_centered.nc]
	Writing 'prot1_md_centered.nc' as Amber NetCDF
  [trajout prot1_md_centered.pdb onlyframes 1]
	Saving frames 1
	Writing 'prot1_md_centered.pdb' as PDB
  [secstruct SECSTRUCT out secstruct.dat]
    SECSTRUCT: Calculating secondary structure using mask [*]
	Dumping results to secstruct.dat
	Sum results to secstruct.dat.sum
	SS data for each residue will be stored as integers.
		0 = None
		1 = Para
		2 = Anti
		3 = 3-10
		4 = Alpha
		5 = Pi
		6 = Turn
		7 = Bend
	Backbone Atom Names: N=[N   ]  H=[H   ]  C=[C   ]  O=[O   ]  CA=[CA  ]
# Citation: Kabsch, W.; Sander, C.; "Dictionary of Protein Secondary Structure:
#           Pattern Recognition of Hydrogen-Bonded and Geometrical Features."
#           Biopolymers (1983), V.22, pp.2577-2637.
  [run]
---------- RUN BEGIN -------------------------------------------------

PARAMETER FILES (1 total):
 0: prot1_HMR.parm7, 463 atoms, 33 res, box: None, 1 mol

INPUT TRAJECTORIES (2 total):
 0: 'prot1_md1.nc' is a NetCDF AMBER trajectory, Parm prot1_HMR.parm7 (reading 20000 of 20000)
 1: 'prot1_md2.nc' is a NetCDF AMBER trajectory, Parm prot1_HMR.parm7 (reading 40000 of 40000)
  Coordinate processing will occur on 60000 frames.

REFERENCE FRAMES (1 total):
    0: prot1_HMR.rst7:1
	Active reference frame for distance-based masks is 'default_name'

OUTPUT TRAJECTORIES (2 total):
  'prot1_md_centered.nc' (60000 frames) is a NetCDF AMBER trajectory
  'prot1_md_centered.pdb' (60000 frames) is a PDB file: Writing frames 1

BEGIN TRAJECTORY PROCESSING:
.....................................................
ACTION SETUP FOR PARM 'prot1_HMR.parm7' (3 actions):
  0: [center :1-33 mass origin]
	Mask [:1-33] corresponds to 463 atoms.
  1: [rms reference out rmsd_to_ini.dat '(@CA,C,N,O)']
	Target mask: [(@CA,C,N,O)](127)
	Reference mask: [(@CA,C,N,O)](127)
  2: [secstruct SECSTRUCT out secstruct.dat]
Warning: Not all BB atoms found for 2 residues: ACE:1 NHE:33
Info: This is expected for Proline and terminal/non-standard residues.
Info: Expected BB atom names: N=[N   ]  H=[H   ]  C=[C   ]  O=[O   ]  CA=[CA  ]
Info: Re-run with action debug level >= 1 to see which residues are missing atoms.
	Mask [*] corresponds to 33 residues.
----- prot1_md1.nc (1-20000, 1) -----
 0% 10% 20% 30% 
----- prot1_md2.nc (1-40000, 1) -----
40% 50% 60% 70% 80% 90% 100% Complete.

Read 60000 frames and processed 60000 frames.
TIME: Avg. throughput= 95.0871 frames / second.

ACTION OUTPUT:

DATASETS (49 total):
	RMSD_00002 "RMSD_00002" (double, rms), size is 60000
	SECSTRUCT[None] "SECSTRUCT[None]" (float), size is 60000
	SECSTRUCT[Para] "SECSTRUCT[Para]" (float), size is 60000
	SECSTRUCT[Anti] "SECSTRUCT[Anti]" (float), size is 60000
	SECSTRUCT[3-10] "SECSTRUCT[3-10]" (float), size is 60000
	SECSTRUCT[Alpha] "SECSTRUCT[Alpha]" (float), size is 60000
	SECSTRUCT[Pi] "SECSTRUCT[Pi]" (float), size is 60000
	SECSTRUCT[Turn] "SECSTRUCT[Turn]" (float), size is 60000
	SECSTRUCT[Bend] "SECSTRUCT[Bend]" (float), size is 60000
	SECSTRUCT[res]:1 "ACE:1" (integer), size is 60000
	SECSTRUCT[res]:2 "GLY:2" (integer), size is 60000
	SECSTRUCT[res]:3 "ALA:3" (integer), size is 60000
	SECSTRUCT[res]:4 "ALA:4" (integer), size is 60000
	SECSTRUCT[res]:5 "ALA:5" (integer), size is 60000
	SECSTRUCT[res]:6 "ALA:6" (integer), size is 60000
	SECSTRUCT[res]:7 "LYS:7" (integer), size is 60000
	SECSTRUCT[res]:8 "LYS:8" (integer), size is 60000
	SECSTRUCT[res]:9 "LYS:9" (integer), size is 60000
	SECSTRUCT[res]:10 "LYS:10" (integer), size is 60000
	SECSTRUCT[res]:11 "GLU:11" (integer), size is 60000
	SECSTRUCT[res]:12 "GLU:12" (integer), size is 60000
	SECSTRUCT[res]:13 "GLU:13" (integer), size is 60000
	SECSTRUCT[res]:14 "GLU:14" (integer), size is 60000
	SECSTRUCT[res]:15 "ALA:15" (integer), size is 60000
	SECSTRUCT[res]:16 "ALA:16" (integer), size is 60000
	SECSTRUCT[res]:17 "ALA:17" (integer), size is 60000
	SECSTRUCT[res]:18 "ALA:18" (integer), size is 60000
	SECSTRUCT[res]:19 "LYS:19" (integer), size is 60000
	SECSTRUCT[res]:20 "LYS:20" (integer), size is 60000
	SECSTRUCT[res]:21 "LYS:21" (integer), size is 60000
	SECSTRUCT[res]:22 "LYS:22" (integer), size is 60000
	SECSTRUCT[res]:23 "GLU:23" (integer), size is 60000
	SECSTRUCT[res]:24 "GLU:24" (integer), size is 60000
	SECSTRUCT[res]:25 "GLU:25" (integer), size is 60000
	SECSTRUCT[res]:26 "GLU:26" (integer), size is 60000
	SECSTRUCT[res]:27 "ALA:27" (integer), size is 60000
	SECSTRUCT[res]:28 "ALA:28" (integer), size is 60000
	SECSTRUCT[res]:29 "ALA:29" (integer), size is 60000
	SECSTRUCT[res]:30 "ALA:30" (integer), size is 60000
	SECSTRUCT[res]:31 "GLY:31" (integer), size is 60000
	SECSTRUCT[res]:32 "TRP:32" (integer), size is 60000
	SECSTRUCT[res]:33 "NHE:33" (integer), size is 60000
	SECSTRUCT[avgss]:1 "Para" (double), size is 33
	SECSTRUCT[avgss]:2 "Anti" (double), size is 33
	SECSTRUCT[avgss]:3 "3-10" (double), size is 33
	SECSTRUCT[avgss]:4 "Alpha" (double), size is 33
	SECSTRUCT[avgss]:5 "Pi" (double), size is 33
	SECSTRUCT[avgss]:6 "Turn" (double), size is 33
	SECSTRUCT[avgss]:7 "Bend" (double), size is 33

DATAFILES (3 total):
  rmsd_to_ini.dat (Standard Data File):  RMSD_00002
  secstruct.dat (Standard Data File):  ACE:1 GLY:2 ALA:3 ALA:4 ... ALA:30 GLY:31 TRP:32 NHE:33
  secstruct.dat.sum (Standard Data File):  Para Anti 3-10 Alpha Pi Turn Bend

RUN TIMING:
TIME:		Init               : 0.0000 s (  0.00%)
TIME:		Trajectory Process : 631.0004 s ( 99.88%)
TIME:		Action Post        : 0.0001 s (  0.00%)
TIME:		Analysis           : 0.0000 s (  0.00%)
TIME:		Data File Write    : 0.7516 s (  0.12%)
TIME:		Other              : 0.0006 s (  0.00%)
TIME:	Run Total 631.7528 s
---------- RUN END ---------------------------------------------------
  [writedata helicity.dat SECSTRUCT[Alpha]]
	Writing sets to helicity.dat, format 'Standard Data File'
 SECSTRUCT[Alpha]
TIME: Total execution time: 632.0228 seconds.
--------------------------------------------------------------------------------
To cite CPPTRAJ use:
Daniel R. Roe and Thomas E. Cheatham, III, "PTRAJ and CPPTRAJ: Software for
  Processing and Analysis of Molecular Dynamics Trajectory Data". J. Chem.
  Theory Comput., 2013, 9 (7), pp 3084-3095.

igb7_ff14ipq done

CPPTRAJ: Trajectory Analysis. V17.00
    ___  ___  ___  ___
     | \/ | \/ | \/ | 
    _|_/\_|_/\_|_/\_|_

| Date/time: 01/18/21 15:23:18
| Available memory: 86.404 GB

INPUT: Reading input from 'STDIN'
  [parm prot1_HMR.parm7]
	Reading 'prot1_HMR.parm7' as Amber Topology
	Radius Set: modified Bondi radii (mbondi)
  [trajin prot1_md1.nc]
	Reading 'prot1_md1.nc' as Amber NetCDF
  [trajin prot1_md2.nc]
	Reading 'prot1_md2.nc' as Amber NetCDF
  [reference prot1_HMR.rst7]
	Reading 'prot1_HMR.rst7' as Amber Restart
	Setting active reference for distance-based masks: 'prot1_HMR.rst7'
  [center :1-33 mass origin]
    CENTER: Centering coordinates using center of mass of atoms in mask (:1-33) to
	coordinate origin.
  [rms reference out rmsd_to_ini.dat '(@CA,C,N,O)']
    RMSD: ((@CA,C,N,O)), reference is "default_name" ((@CA,C,N,O)).
	Best-fit RMSD will be calculated, coords will be rotated and translated.
  [trajout prot1_md_centered.nc]
	Writing 'prot1_md_centered.nc' as Amber NetCDF
  [trajout prot1_md_centered.pdb onlyframes 1]
	Saving frames 1
	Writing 'prot1_md_centered.pdb' as PDB
  [secstruct SECSTRUCT out secstruct.dat]
    SECSTRUCT: Calculating secondary structure using mask [*]
	Dumping results to secstruct.dat
	Sum results to secstruct.dat.sum
	SS data for each residue will be stored as integers.
		0 = None
		1 = Para
		2 = Anti
		3 = 3-10
		4 = Alpha
		5 = Pi
		6 = Turn
		7 = Bend
	Backbone Atom Names: N=[N   ]  H=[H   ]  C=[C   ]  O=[O   ]  CA=[CA  ]
# Citation: Kabsch, W.; Sander, C.; "Dictionary of Protein Secondary Structure:
#           Pattern Recognition of Hydrogen-Bonded and Geometrical Features."
#           Biopolymers (1983), V.22, pp.2577-2637.
  [run]
---------- RUN BEGIN -------------------------------------------------

PARAMETER FILES (1 total):
 0: prot1_HMR.parm7, 463 atoms, 33 res, box: None, 1 mol

INPUT TRAJECTORIES (2 total):
 0: 'prot1_md1.nc' is a NetCDF AMBER trajectory, Parm prot1_HMR.parm7 (reading 20000 of 20000)
 1: 'prot1_md2.nc' is a NetCDF AMBER trajectory, Parm prot1_HMR.parm7 (reading 40000 of 40000)
  Coordinate processing will occur on 60000 frames.

REFERENCE FRAMES (1 total):
    0: prot1_HMR.rst7:1
	Active reference frame for distance-based masks is 'default_name'

OUTPUT TRAJECTORIES (2 total):
  'prot1_md_centered.nc' (60000 frames) is a NetCDF AMBER trajectory
  'prot1_md_centered.pdb' (60000 frames) is a PDB file: Writing frames 1

BEGIN TRAJECTORY PROCESSING:
.....................................................
ACTION SETUP FOR PARM 'prot1_HMR.parm7' (3 actions):
  0: [center :1-33 mass origin]
	Mask [:1-33] corresponds to 463 atoms.
  1: [rms reference out rmsd_to_ini.dat '(@CA,C,N,O)']
	Target mask: [(@CA,C,N,O)](127)
	Reference mask: [(@CA,C,N,O)](127)
  2: [secstruct SECSTRUCT out secstruct.dat]
Warning: Not all BB atoms found for 2 residues: ACE:1 NHE:33
Info: This is expected for Proline and terminal/non-standard residues.
Info: Expected BB atom names: N=[N   ]  H=[H   ]  C=[C   ]  O=[O   ]  CA=[CA  ]
Info: Re-run with action debug level >= 1 to see which residues are missing atoms.
	Mask [*] corresponds to 33 residues.
----- prot1_md1.nc (1-20000, 1) -----
 0% 10% 20% 30% 
----- prot1_md2.nc (1-40000, 1) -----
40% 50% 60% 70% 80% 90% 100% Complete.

Read 60000 frames and processed 60000 frames.
TIME: Avg. throughput= 87.6402 frames / second.

ACTION OUTPUT:

DATASETS (49 total):
	RMSD_00002 "RMSD_00002" (double, rms), size is 60000
	SECSTRUCT[None] "SECSTRUCT[None]" (float), size is 60000
	SECSTRUCT[Para] "SECSTRUCT[Para]" (float), size is 60000
	SECSTRUCT[Anti] "SECSTRUCT[Anti]" (float), size is 60000
	SECSTRUCT[3-10] "SECSTRUCT[3-10]" (float), size is 60000
	SECSTRUCT[Alpha] "SECSTRUCT[Alpha]" (float), size is 60000
	SECSTRUCT[Pi] "SECSTRUCT[Pi]" (float), size is 60000
	SECSTRUCT[Turn] "SECSTRUCT[Turn]" (float), size is 60000
	SECSTRUCT[Bend] "SECSTRUCT[Bend]" (float), size is 60000
	SECSTRUCT[res]:1 "ACE:1" (integer), size is 60000
	SECSTRUCT[res]:2 "GLY:2" (integer), size is 60000
	SECSTRUCT[res]:3 "ALA:3" (integer), size is 60000
	SECSTRUCT[res]:4 "ALA:4" (integer), size is 60000
	SECSTRUCT[res]:5 "ALA:5" (integer), size is 60000
	SECSTRUCT[res]:6 "ALA:6" (integer), size is 60000
	SECSTRUCT[res]:7 "LYS:7" (integer), size is 60000
	SECSTRUCT[res]:8 "LYS:8" (integer), size is 60000
	SECSTRUCT[res]:9 "LYS:9" (integer), size is 60000
	SECSTRUCT[res]:10 "LYS:10" (integer), size is 60000
	SECSTRUCT[res]:11 "GLU:11" (integer), size is 60000
	SECSTRUCT[res]:12 "GLU:12" (integer), size is 60000
	SECSTRUCT[res]:13 "GLU:13" (integer), size is 60000
	SECSTRUCT[res]:14 "GLU:14" (integer), size is 60000
	SECSTRUCT[res]:15 "ALA:15" (integer), size is 60000
	SECSTRUCT[res]:16 "ALA:16" (integer), size is 60000
	SECSTRUCT[res]:17 "ALA:17" (integer), size is 60000
	SECSTRUCT[res]:18 "ALA:18" (integer), size is 60000
	SECSTRUCT[res]:19 "LYS:19" (integer), size is 60000
	SECSTRUCT[res]:20 "LYS:20" (integer), size is 60000
	SECSTRUCT[res]:21 "LYS:21" (integer), size is 60000
	SECSTRUCT[res]:22 "LYS:22" (integer), size is 60000
	SECSTRUCT[res]:23 "GLU:23" (integer), size is 60000
	SECSTRUCT[res]:24 "GLU:24" (integer), size is 60000
	SECSTRUCT[res]:25 "GLU:25" (integer), size is 60000
	SECSTRUCT[res]:26 "GLU:26" (integer), size is 60000
	SECSTRUCT[res]:27 "ALA:27" (integer), size is 60000
	SECSTRUCT[res]:28 "ALA:28" (integer), size is 60000
	SECSTRUCT[res]:29 "ALA:29" (integer), size is 60000
	SECSTRUCT[res]:30 "ALA:30" (integer), size is 60000
	SECSTRUCT[res]:31 "GLY:31" (integer), size is 60000
	SECSTRUCT[res]:32 "TRP:32" (integer), size is 60000
	SECSTRUCT[res]:33 "NHE:33" (integer), size is 60000
	SECSTRUCT[avgss]:1 "Para" (double), size is 33
	SECSTRUCT[avgss]:2 "Anti" (double), size is 33
	SECSTRUCT[avgss]:3 "3-10" (double), size is 33
	SECSTRUCT[avgss]:4 "Alpha" (double), size is 33
	SECSTRUCT[avgss]:5 "Pi" (double), size is 33
	SECSTRUCT[avgss]:6 "Turn" (double), size is 33
	SECSTRUCT[avgss]:7 "Bend" (double), size is 33

DATAFILES (3 total):
  rmsd_to_ini.dat (Standard Data File):  RMSD_00002
  secstruct.dat (Standard Data File):  ACE:1 GLY:2 ALA:3 ALA:4 ... ALA:30 GLY:31 TRP:32 NHE:33
  secstruct.dat.sum (Standard Data File):  Para Anti 3-10 Alpha Pi Turn Bend

RUN TIMING:
TIME:		Init               : 0.0000 s (  0.00%)
TIME:		Trajectory Process : 684.6177 s ( 99.88%)
TIME:		Action Post        : 0.0001 s (  0.00%)
TIME:		Analysis           : 0.0000 s (  0.00%)
TIME:		Data File Write    : 0.8329 s (  0.12%)
TIME:		Other              : 0.0005 s (  0.00%)
TIME:	Run Total 685.4512 s
---------- RUN END ---------------------------------------------------
  [writedata helicity.dat SECSTRUCT[Alpha]]
	Writing sets to helicity.dat, format 'Standard Data File'
 SECSTRUCT[Alpha]
TIME: Total execution time: 685.8395 seconds.
--------------------------------------------------------------------------------
To cite CPPTRAJ use:
Daniel R. Roe and Thomas E. Cheatham, III, "PTRAJ and CPPTRAJ: Software for
  Processing and Analysis of Molecular Dynamics Trajectory Data". J. Chem.
  Theory Comput., 2013, 9 (7), pp 3084-3095.

igb7_ff98 done
