# Log started on 02/24/2017 [mm/dd/yyyy] at 13:43:44
quit
# Log started on 02/24/2017 [mm/dd/yyyy] at 13:44:32
quit
# Log started on 02/24/2017 [mm/dd/yyyy] at 13:44:37
quit
# Log started on 02/24/2017 [mm/dd/yyyy] at 13:44:44
quit
# Log started on 02/24/2017 [mm/dd/yyyy] at 13:44:47
quit
# Log started on 02/24/2017 [mm/dd/yyyy] at 13:44:52
quit
# Log started on 02/24/2017 [mm/dd/yyyy] at 13:45:04
quit
# Log started on 02/24/2017 [mm/dd/yyyy] at 13:45:06
quit
# Log started on 02/24/2017 [mm/dd/yyyy] at 13:45:08
quit
# Log started on 02/24/2017 [mm/dd/yyyy] at 13:45:16
quit
# Log started on 02/24/2017 [mm/dd/yyyy] at 13:45:18
quit
# Log started on 02/24/2017 [mm/dd/yyyy] at 13:45:19
quit
# Log started on 02/24/2017 [mm/dd/yyyy] at 13:45:21
quit
# Log started on 02/24/2017 [mm/dd/yyyy] at 13:45:23
quit
# Log started on 02/24/2017 [mm/dd/yyyy] at 13:45:25
quit
# Log started on 02/24/2017 [mm/dd/yyyy] at 13:45:27
quit
# Log started on 02/24/2017 [mm/dd/yyyy] at 13:45:30
quit
# Log started on 02/24/2017 [mm/dd/yyyy] at 13:45:31
quit
# Log started on 02/24/2017 [mm/dd/yyyy] at 13:45:33
quit
# Log started on 02/24/2017 [mm/dd/yyyy] at 13:45:36

quit
# Log started on 02/24/2017 [mm/dd/yyyy] at 14:03:20
parm prot1.parm7
HMassRepartition
outparm prot1_HMR.parm7

quit
