
CPPTRAJ: Trajectory Analysis. V17.00
    ___  ___  ___  ___
     | \/ | \/ | \/ | 
    _|_/\_|_/\_|_/\_|_

| Date/time: 04/28/21 13:11:22
| Available memory: 96.995 GB

INPUT: Reading input from 'STDIN'
  [parm prot1_HMR.parm7]
	Reading 'prot1_HMR.parm7' as Amber Topology
	Radius Set: Bondi radii (bondi)
  [trajin prot1_md1.nc]
	Reading 'prot1_md1.nc' as Amber NetCDF
  [trajin prot1_md2.nc]
	Reading 'prot1_md2.nc' as Amber NetCDF
  [reference prot1_HMR.rst7]
	Reading 'prot1_HMR.rst7' as Amber Restart
	Setting active reference for distance-based masks: 'prot1_HMR.rst7'
  [center :1-21 mass origin]
    CENTER: Centering coordinates using center of mass of atoms in mask (:1-21) to
	coordinate origin.
  [rms reference out rmsd_to_ini.dat '(@CA,C,N,O)']
    RMSD: ((@CA,C,N,O)), reference is "default_name" ((@CA,C,N,O)).
	Best-fit RMSD will be calculated, coords will be rotated and translated.
  [trajout prot1_md_centered.nc]
	Writing 'prot1_md_centered.nc' as Amber NetCDF
  [trajout prot1_md_centered.pdb onlyframes 1]
	Saving frames 1
	Writing 'prot1_md_centered.pdb' as PDB
  [secstruct SECSTRUCT out secstruct.dat]
    SECSTRUCT: Calculating secondary structure using mask [*]
	Dumping results to secstruct.dat
	Sum results to secstruct.dat.sum
	SS data for each residue will be stored as integers.
		0 = None
		1 = Para
		2 = Anti
		3 = 3-10
		4 = Alpha
		5 = Pi
		6 = Turn
		7 = Bend
	Backbone Atom Names: N=[N   ]  H=[H   ]  C=[C   ]  O=[O   ]  CA=[CA  ]
# Citation: Kabsch, W.; Sander, C.; "Dictionary of Protein Secondary Structure:
#           Pattern Recognition of Hydrogen-Bonded and Geometrical Features."
#           Biopolymers (1983), V.22, pp.2577-2637.
  [run]
---------- RUN BEGIN -------------------------------------------------

PARAMETER FILES (1 total):
 0: prot1_HMR.parm7, 343 atoms, 21 res, box: None, 1 mol

INPUT TRAJECTORIES (2 total):
 0: 'prot1_md1.nc' is a NetCDF AMBER trajectory, Parm prot1_HMR.parm7 (reading 20000 of 20000)
 1: 'prot1_md2.nc' is a NetCDF AMBER trajectory, Parm prot1_HMR.parm7 (reading 40000 of 40000)
  Coordinate processing will occur on 60000 frames.

REFERENCE FRAMES (1 total):
    0: prot1_HMR.rst7:1
	Active reference frame for distance-based masks is 'default_name'

OUTPUT TRAJECTORIES (2 total):
  'prot1_md_centered.nc' (60000 frames) is a NetCDF AMBER trajectory
  'prot1_md_centered.pdb' (60000 frames) is a PDB file: Writing frames 1

BEGIN TRAJECTORY PROCESSING:
.....................................................
ACTION SETUP FOR PARM 'prot1_HMR.parm7' (3 actions):
  0: [center :1-21 mass origin]
	Mask [:1-21] corresponds to 343 atoms.
  1: [rms reference out rmsd_to_ini.dat '(@CA,C,N,O)']
	Target mask: [(@CA,C,N,O)](79)
	Reference mask: [(@CA,C,N,O)](79)
  2: [secstruct SECSTRUCT out secstruct.dat]
Warning: Not all BB atoms found for 2 residues: ACE:1 NHE:21
Info: This is expected for Proline and terminal/non-standard residues.
Info: Expected BB atom names: N=[N   ]  H=[H   ]  C=[C   ]  O=[O   ]  CA=[CA  ]
Info: Re-run with action debug level >= 1 to see which residues are missing atoms.
	Mask [*] corresponds to 21 residues.
----- prot1_md1.nc (1-20000, 1) -----
 0% 10% 20% 30% 
----- prot1_md2.nc (1-40000, 1) -----
40% 50% 60% 70% 80% 90% 100% Complete.

Read 60000 frames and processed 60000 frames.
TIME: Avg. throughput= 63.8956 frames / second.

ACTION OUTPUT:

DATASETS (37 total):
	RMSD_00002 "RMSD_00002" (double, rms), size is 60000
	SECSTRUCT[None] "SECSTRUCT[None]" (float), size is 60000
	SECSTRUCT[Para] "SECSTRUCT[Para]" (float), size is 60000
	SECSTRUCT[Anti] "SECSTRUCT[Anti]" (float), size is 60000
	SECSTRUCT[3-10] "SECSTRUCT[3-10]" (float), size is 60000
	SECSTRUCT[Alpha] "SECSTRUCT[Alpha]" (float), size is 60000
	SECSTRUCT[Pi] "SECSTRUCT[Pi]" (float), size is 60000
	SECSTRUCT[Turn] "SECSTRUCT[Turn]" (float), size is 60000
	SECSTRUCT[Bend] "SECSTRUCT[Bend]" (float), size is 60000
	SECSTRUCT[res]:1 "ACE:1" (integer), size is 60000
	SECSTRUCT[res]:2 "GLY:2" (integer), size is 60000
	SECSTRUCT[res]:3 "GLU:3" (integer), size is 60000
	SECSTRUCT[res]:4 "GLU:4" (integer), size is 60000
	SECSTRUCT[res]:5 "GLU:5" (integer), size is 60000
	SECSTRUCT[res]:6 "GLU:6" (integer), size is 60000
	SECSTRUCT[res]:7 "LYS:7" (integer), size is 60000
	SECSTRUCT[res]:8 "LYS:8" (integer), size is 60000
	SECSTRUCT[res]:9 "LYS:9" (integer), size is 60000
	SECSTRUCT[res]:10 "LYS:10" (integer), size is 60000
	SECSTRUCT[res]:11 "GLU:11" (integer), size is 60000
	SECSTRUCT[res]:12 "GLU:12" (integer), size is 60000
	SECSTRUCT[res]:13 "GLU:13" (integer), size is 60000
	SECSTRUCT[res]:14 "GLU:14" (integer), size is 60000
	SECSTRUCT[res]:15 "LYS:15" (integer), size is 60000
	SECSTRUCT[res]:16 "LYS:16" (integer), size is 60000
	SECSTRUCT[res]:17 "LYS:17" (integer), size is 60000
	SECSTRUCT[res]:18 "LYS:18" (integer), size is 60000
	SECSTRUCT[res]:19 "GLY:19" (integer), size is 60000
	SECSTRUCT[res]:20 "TRP:20" (integer), size is 60000
	SECSTRUCT[res]:21 "NHE:21" (integer), size is 60000
	SECSTRUCT[avgss]:1 "Para" (double), size is 21
	SECSTRUCT[avgss]:2 "Anti" (double), size is 21
	SECSTRUCT[avgss]:3 "3-10" (double), size is 21
	SECSTRUCT[avgss]:4 "Alpha" (double), size is 21
	SECSTRUCT[avgss]:5 "Pi" (double), size is 21
	SECSTRUCT[avgss]:6 "Turn" (double), size is 21
	SECSTRUCT[avgss]:7 "Bend" (double), size is 21

DATAFILES (3 total):
  rmsd_to_ini.dat (Standard Data File):  RMSD_00002
  secstruct.dat (Standard Data File):  ACE:1 GLY:2 GLU:3 GLU:4 ... LYS:18 GLY:19 TRP:20 NHE:21
  secstruct.dat.sum (Standard Data File):  Para Anti 3-10 Alpha Pi Turn Bend

RUN TIMING:
TIME:		Init               : 0.0001 s (  0.00%)
TIME:		Trajectory Process : 939.0320 s ( 99.93%)
TIME:		Action Post        : 0.0002 s (  0.00%)
TIME:		Analysis           : 0.0000 s (  0.00%)
TIME:		Data File Write    : 0.6548 s (  0.07%)
TIME:		Other              : 0.0019 s (  0.00%)
TIME:	Run Total 939.6889 s
---------- RUN END ---------------------------------------------------
  [writedata helicity.dat SECSTRUCT[Alpha]]
	Writing sets to helicity.dat, format 'Standard Data File'
 SECSTRUCT[Alpha]
TIME: Total execution time: 940.1346 seconds.
--------------------------------------------------------------------------------
To cite CPPTRAJ use:
Daniel R. Roe and Thomas E. Cheatham, III, "PTRAJ and CPPTRAJ: Software for
  Processing and Analysis of Molecular Dynamics Trajectory Data". J. Chem.
  Theory Comput., 2013, 9 (7), pp 3084-3095.

igb7_ff14SB_E4K42 done

CPPTRAJ: Trajectory Analysis. V17.00
    ___  ___  ___  ___
     | \/ | \/ | \/ | 
    _|_/\_|_/\_|_/\_|_

| Date/time: 04/28/21 13:27:02
| Available memory: 97.398 GB

INPUT: Reading input from 'STDIN'
  [parm prot1_HMR.parm7]
	Reading 'prot1_HMR.parm7' as Amber Topology
	Radius Set: Bondi radii (bondi)
  [trajin prot1_md1.nc]
	Reading 'prot1_md1.nc' as Amber NetCDF
  [trajin prot1_md2.nc]
	Reading 'prot1_md2.nc' as Amber NetCDF
  [reference prot1_HMR.rst7]
	Reading 'prot1_HMR.rst7' as Amber Restart
	Setting active reference for distance-based masks: 'prot1_HMR.rst7'
  [center :1-21 mass origin]
    CENTER: Centering coordinates using center of mass of atoms in mask (:1-21) to
	coordinate origin.
  [rms reference out rmsd_to_ini.dat '(@CA,C,N,O)']
    RMSD: ((@CA,C,N,O)), reference is "default_name" ((@CA,C,N,O)).
	Best-fit RMSD will be calculated, coords will be rotated and translated.
  [trajout prot1_md_centered.nc]
	Writing 'prot1_md_centered.nc' as Amber NetCDF
  [trajout prot1_md_centered.pdb onlyframes 1]
	Saving frames 1
	Writing 'prot1_md_centered.pdb' as PDB
  [secstruct SECSTRUCT out secstruct.dat]
    SECSTRUCT: Calculating secondary structure using mask [*]
	Dumping results to secstruct.dat
	Sum results to secstruct.dat.sum
	SS data for each residue will be stored as integers.
		0 = None
		1 = Para
		2 = Anti
		3 = 3-10
		4 = Alpha
		5 = Pi
		6 = Turn
		7 = Bend
	Backbone Atom Names: N=[N   ]  H=[H   ]  C=[C   ]  O=[O   ]  CA=[CA  ]
# Citation: Kabsch, W.; Sander, C.; "Dictionary of Protein Secondary Structure:
#           Pattern Recognition of Hydrogen-Bonded and Geometrical Features."
#           Biopolymers (1983), V.22, pp.2577-2637.
  [run]
---------- RUN BEGIN -------------------------------------------------

PARAMETER FILES (1 total):
 0: prot1_HMR.parm7, 343 atoms, 21 res, box: None, 1 mol

INPUT TRAJECTORIES (2 total):
 0: 'prot1_md1.nc' is a NetCDF AMBER trajectory, Parm prot1_HMR.parm7 (reading 20000 of 20000)
 1: 'prot1_md2.nc' is a NetCDF AMBER trajectory, Parm prot1_HMR.parm7 (reading 40000 of 40000)
  Coordinate processing will occur on 60000 frames.

REFERENCE FRAMES (1 total):
    0: prot1_HMR.rst7:1
	Active reference frame for distance-based masks is 'default_name'

OUTPUT TRAJECTORIES (2 total):
  'prot1_md_centered.nc' (60000 frames) is a NetCDF AMBER trajectory
  'prot1_md_centered.pdb' (60000 frames) is a PDB file: Writing frames 1

BEGIN TRAJECTORY PROCESSING:
.....................................................
ACTION SETUP FOR PARM 'prot1_HMR.parm7' (3 actions):
  0: [center :1-21 mass origin]
	Mask [:1-21] corresponds to 343 atoms.
  1: [rms reference out rmsd_to_ini.dat '(@CA,C,N,O)']
	Target mask: [(@CA,C,N,O)](79)
	Reference mask: [(@CA,C,N,O)](79)
  2: [secstruct SECSTRUCT out secstruct.dat]
Warning: Not all BB atoms found for 2 residues: ACE:1 NHE:21
Info: This is expected for Proline and terminal/non-standard residues.
Info: Expected BB atom names: N=[N   ]  H=[H   ]  C=[C   ]  O=[O   ]  CA=[CA  ]
Info: Re-run with action debug level >= 1 to see which residues are missing atoms.
	Mask [*] corresponds to 21 residues.
----- prot1_md1.nc (1-20000, 1) -----
 0% 10% 20% 30% 
----- prot1_md2.nc (1-40000, 1) -----
40% 50% 60% 70% 80% 90% 100% Complete.

Read 60000 frames and processed 60000 frames.
TIME: Avg. throughput= 81.1059 frames / second.

ACTION OUTPUT:

DATASETS (37 total):
	RMSD_00002 "RMSD_00002" (double, rms), size is 60000
	SECSTRUCT[None] "SECSTRUCT[None]" (float), size is 60000
	SECSTRUCT[Para] "SECSTRUCT[Para]" (float), size is 60000
	SECSTRUCT[Anti] "SECSTRUCT[Anti]" (float), size is 60000
	SECSTRUCT[3-10] "SECSTRUCT[3-10]" (float), size is 60000
	SECSTRUCT[Alpha] "SECSTRUCT[Alpha]" (float), size is 60000
	SECSTRUCT[Pi] "SECSTRUCT[Pi]" (float), size is 60000
	SECSTRUCT[Turn] "SECSTRUCT[Turn]" (float), size is 60000
	SECSTRUCT[Bend] "SECSTRUCT[Bend]" (float), size is 60000
	SECSTRUCT[res]:1 "ACE:1" (integer), size is 60000
	SECSTRUCT[res]:2 "GLY:2" (integer), size is 60000
	SECSTRUCT[res]:3 "LYS:3" (integer), size is 60000
	SECSTRUCT[res]:4 "LYS:4" (integer), size is 60000
	SECSTRUCT[res]:5 "LYS:5" (integer), size is 60000
	SECSTRUCT[res]:6 "LYS:6" (integer), size is 60000
	SECSTRUCT[res]:7 "GLU:7" (integer), size is 60000
	SECSTRUCT[res]:8 "GLU:8" (integer), size is 60000
	SECSTRUCT[res]:9 "GLU:9" (integer), size is 60000
	SECSTRUCT[res]:10 "GLU:10" (integer), size is 60000
	SECSTRUCT[res]:11 "LYS:11" (integer), size is 60000
	SECSTRUCT[res]:12 "LYS:12" (integer), size is 60000
	SECSTRUCT[res]:13 "LYS:13" (integer), size is 60000
	SECSTRUCT[res]:14 "LYS:14" (integer), size is 60000
	SECSTRUCT[res]:15 "GLU:15" (integer), size is 60000
	SECSTRUCT[res]:16 "GLU:16" (integer), size is 60000
	SECSTRUCT[res]:17 "GLU:17" (integer), size is 60000
	SECSTRUCT[res]:18 "GLU:18" (integer), size is 60000
	SECSTRUCT[res]:19 "GLY:19" (integer), size is 60000
	SECSTRUCT[res]:20 "TRP:20" (integer), size is 60000
	SECSTRUCT[res]:21 "NHE:21" (integer), size is 60000
	SECSTRUCT[avgss]:1 "Para" (double), size is 21
	SECSTRUCT[avgss]:2 "Anti" (double), size is 21
	SECSTRUCT[avgss]:3 "3-10" (double), size is 21
	SECSTRUCT[avgss]:4 "Alpha" (double), size is 21
	SECSTRUCT[avgss]:5 "Pi" (double), size is 21
	SECSTRUCT[avgss]:6 "Turn" (double), size is 21
	SECSTRUCT[avgss]:7 "Bend" (double), size is 21

DATAFILES (3 total):
  rmsd_to_ini.dat (Standard Data File):  RMSD_00002
  secstruct.dat (Standard Data File):  ACE:1 GLY:2 LYS:3 LYS:4 ... GLU:18 GLY:19 TRP:20 NHE:21
  secstruct.dat.sum (Standard Data File):  Para Anti 3-10 Alpha Pi Turn Bend

RUN TIMING:
TIME:		Init               : 0.0000 s (  0.00%)
TIME:		Trajectory Process : 739.7736 s ( 99.91%)
TIME:		Action Post        : 0.0002 s (  0.00%)
TIME:		Analysis           : 0.0000 s (  0.00%)
TIME:		Data File Write    : 0.6717 s (  0.09%)
TIME:		Other              : 0.0008 s (  0.00%)
TIME:	Run Total 740.4463 s
---------- RUN END ---------------------------------------------------
  [writedata helicity.dat SECSTRUCT[Alpha]]
	Writing sets to helicity.dat, format 'Standard Data File'
 SECSTRUCT[Alpha]
TIME: Total execution time: 740.9176 seconds.
--------------------------------------------------------------------------------
To cite CPPTRAJ use:
Daniel R. Roe and Thomas E. Cheatham, III, "PTRAJ and CPPTRAJ: Software for
  Processing and Analysis of Molecular Dynamics Trajectory Data". J. Chem.
  Theory Comput., 2013, 9 (7), pp 3084-3095.

igb7_ff14SB_K4E42 done

CPPTRAJ: Trajectory Analysis. V17.00
    ___  ___  ___  ___
     | \/ | \/ | \/ | 
    _|_/\_|_/\_|_/\_|_

| Date/time: 04/28/21 13:39:23
| Available memory: 97.246 GB

INPUT: Reading input from 'STDIN'
  [parm prot1_HMR.parm7]
	Reading 'prot1_HMR.parm7' as Amber Topology
	Radius Set: Bondi radii (bondi)
  [trajin prot1_md1.nc]
	Reading 'prot1_md1.nc' as Amber NetCDF
  [trajin prot1_md2.nc]
	Reading 'prot1_md2.nc' as Amber NetCDF
  [reference prot1_HMR.rst7]
	Reading 'prot1_HMR.rst7' as Amber Restart
	Setting active reference for distance-based masks: 'prot1_HMR.rst7'
  [center :1-21 mass origin]
    CENTER: Centering coordinates using center of mass of atoms in mask (:1-21) to
	coordinate origin.
  [rms reference out rmsd_to_ini.dat '(@CA,C,N,O)']
    RMSD: ((@CA,C,N,O)), reference is "default_name" ((@CA,C,N,O)).
	Best-fit RMSD will be calculated, coords will be rotated and translated.
  [trajout prot1_md_centered.nc]
	Writing 'prot1_md_centered.nc' as Amber NetCDF
  [trajout prot1_md_centered.pdb onlyframes 1]
	Saving frames 1
	Writing 'prot1_md_centered.pdb' as PDB
  [secstruct SECSTRUCT out secstruct.dat]
    SECSTRUCT: Calculating secondary structure using mask [*]
	Dumping results to secstruct.dat
	Sum results to secstruct.dat.sum
	SS data for each residue will be stored as integers.
		0 = None
		1 = Para
		2 = Anti
		3 = 3-10
		4 = Alpha
		5 = Pi
		6 = Turn
		7 = Bend
	Backbone Atom Names: N=[N   ]  H=[H   ]  C=[C   ]  O=[O   ]  CA=[CA  ]
# Citation: Kabsch, W.; Sander, C.; "Dictionary of Protein Secondary Structure:
#           Pattern Recognition of Hydrogen-Bonded and Geometrical Features."
#           Biopolymers (1983), V.22, pp.2577-2637.
  [run]
---------- RUN BEGIN -------------------------------------------------

PARAMETER FILES (1 total):
 0: prot1_HMR.parm7, 343 atoms, 21 res, box: None, 1 mol

INPUT TRAJECTORIES (2 total):
 0: 'prot1_md1.nc' is a NetCDF AMBER trajectory, Parm prot1_HMR.parm7 (reading 20000 of 20000)
 1: 'prot1_md2.nc' is a NetCDF AMBER trajectory, Parm prot1_HMR.parm7 (reading 40000 of 40000)
  Coordinate processing will occur on 60000 frames.

REFERENCE FRAMES (1 total):
    0: prot1_HMR.rst7:1
	Active reference frame for distance-based masks is 'default_name'

OUTPUT TRAJECTORIES (2 total):
  'prot1_md_centered.nc' (60000 frames) is a NetCDF AMBER trajectory
  'prot1_md_centered.pdb' (60000 frames) is a PDB file: Writing frames 1

BEGIN TRAJECTORY PROCESSING:
.....................................................
ACTION SETUP FOR PARM 'prot1_HMR.parm7' (3 actions):
  0: [center :1-21 mass origin]
	Mask [:1-21] corresponds to 343 atoms.
  1: [rms reference out rmsd_to_ini.dat '(@CA,C,N,O)']
	Target mask: [(@CA,C,N,O)](79)
	Reference mask: [(@CA,C,N,O)](79)
  2: [secstruct SECSTRUCT out secstruct.dat]
Warning: Not all BB atoms found for 2 residues: ACE:1 NHE:21
Info: This is expected for Proline and terminal/non-standard residues.
Info: Expected BB atom names: N=[N   ]  H=[H   ]  C=[C   ]  O=[O   ]  CA=[CA  ]
Info: Re-run with action debug level >= 1 to see which residues are missing atoms.
	Mask [*] corresponds to 21 residues.
----- prot1_md1.nc (1-20000, 1) -----
 0% 10% 20% 30% 
----- prot1_md2.nc (1-40000, 1) -----
40% 50% 60% 70% 80% 90% 100% Complete.

Read 60000 frames and processed 60000 frames.
TIME: Avg. throughput= 80.6381 frames / second.

ACTION OUTPUT:

DATASETS (37 total):
	RMSD_00002 "RMSD_00002" (double, rms), size is 60000
	SECSTRUCT[None] "SECSTRUCT[None]" (float), size is 60000
	SECSTRUCT[Para] "SECSTRUCT[Para]" (float), size is 60000
	SECSTRUCT[Anti] "SECSTRUCT[Anti]" (float), size is 60000
	SECSTRUCT[3-10] "SECSTRUCT[3-10]" (float), size is 60000
	SECSTRUCT[Alpha] "SECSTRUCT[Alpha]" (float), size is 60000
	SECSTRUCT[Pi] "SECSTRUCT[Pi]" (float), size is 60000
	SECSTRUCT[Turn] "SECSTRUCT[Turn]" (float), size is 60000
	SECSTRUCT[Bend] "SECSTRUCT[Bend]" (float), size is 60000
	SECSTRUCT[res]:1 "ACE:1" (integer), size is 60000
	SECSTRUCT[res]:2 "GLY:2" (integer), size is 60000
	SECSTRUCT[res]:3 "GLU:3" (integer), size is 60000
	SECSTRUCT[res]:4 "GLU:4" (integer), size is 60000
	SECSTRUCT[res]:5 "GLU:5" (integer), size is 60000
	SECSTRUCT[res]:6 "GLU:6" (integer), size is 60000
	SECSTRUCT[res]:7 "LYS:7" (integer), size is 60000
	SECSTRUCT[res]:8 "LYS:8" (integer), size is 60000
	SECSTRUCT[res]:9 "LYS:9" (integer), size is 60000
	SECSTRUCT[res]:10 "LYS:10" (integer), size is 60000
	SECSTRUCT[res]:11 "GLU:11" (integer), size is 60000
	SECSTRUCT[res]:12 "GLU:12" (integer), size is 60000
	SECSTRUCT[res]:13 "GLU:13" (integer), size is 60000
	SECSTRUCT[res]:14 "GLU:14" (integer), size is 60000
	SECSTRUCT[res]:15 "LYS:15" (integer), size is 60000
	SECSTRUCT[res]:16 "LYS:16" (integer), size is 60000
	SECSTRUCT[res]:17 "LYS:17" (integer), size is 60000
	SECSTRUCT[res]:18 "LYS:18" (integer), size is 60000
	SECSTRUCT[res]:19 "GLY:19" (integer), size is 60000
	SECSTRUCT[res]:20 "TRP:20" (integer), size is 60000
	SECSTRUCT[res]:21 "NHE:21" (integer), size is 60000
	SECSTRUCT[avgss]:1 "Para" (double), size is 21
	SECSTRUCT[avgss]:2 "Anti" (double), size is 21
	SECSTRUCT[avgss]:3 "3-10" (double), size is 21
	SECSTRUCT[avgss]:4 "Alpha" (double), size is 21
	SECSTRUCT[avgss]:5 "Pi" (double), size is 21
	SECSTRUCT[avgss]:6 "Turn" (double), size is 21
	SECSTRUCT[avgss]:7 "Bend" (double), size is 21

DATAFILES (3 total):
  rmsd_to_ini.dat (Standard Data File):  RMSD_00002
  secstruct.dat (Standard Data File):  ACE:1 GLY:2 GLU:3 GLU:4 ... LYS:18 GLY:19 TRP:20 NHE:21
  secstruct.dat.sum (Standard Data File):  Para Anti 3-10 Alpha Pi Turn Bend

RUN TIMING:
TIME:		Init               : 0.0000 s (  0.00%)
TIME:		Trajectory Process : 744.0656 s ( 99.90%)
TIME:		Action Post        : 0.0002 s (  0.00%)
TIME:		Analysis           : 0.0000 s (  0.00%)
TIME:		Data File Write    : 0.7161 s (  0.10%)
TIME:		Other              : 0.0008 s (  0.00%)
TIME:	Run Total 744.7827 s
---------- RUN END ---------------------------------------------------
  [writedata helicity.dat SECSTRUCT[Alpha]]
	Writing sets to helicity.dat, format 'Standard Data File'
 SECSTRUCT[Alpha]
TIME: Total execution time: 745.3523 seconds.
--------------------------------------------------------------------------------
To cite CPPTRAJ use:
Daniel R. Roe and Thomas E. Cheatham, III, "PTRAJ and CPPTRAJ: Software for
  Processing and Analysis of Molecular Dynamics Trajectory Data". J. Chem.
  Theory Comput., 2013, 9 (7), pp 3084-3095.

igb7_ff03.r1_E4K42 done

CPPTRAJ: Trajectory Analysis. V17.00
    ___  ___  ___  ___
     | \/ | \/ | \/ | 
    _|_/\_|_/\_|_/\_|_

| Date/time: 04/28/21 13:51:48
| Available memory: 97.100 GB

INPUT: Reading input from 'STDIN'
  [parm prot1_HMR.parm7]
	Reading 'prot1_HMR.parm7' as Amber Topology
	Radius Set: Bondi radii (bondi)
  [trajin prot1_md1.nc]
	Reading 'prot1_md1.nc' as Amber NetCDF
  [trajin prot1_md2.nc]
	Reading 'prot1_md2.nc' as Amber NetCDF
  [reference prot1_HMR.rst7]
	Reading 'prot1_HMR.rst7' as Amber Restart
	Setting active reference for distance-based masks: 'prot1_HMR.rst7'
  [center :1-21 mass origin]
    CENTER: Centering coordinates using center of mass of atoms in mask (:1-21) to
	coordinate origin.
  [rms reference out rmsd_to_ini.dat '(@CA,C,N,O)']
    RMSD: ((@CA,C,N,O)), reference is "default_name" ((@CA,C,N,O)).
	Best-fit RMSD will be calculated, coords will be rotated and translated.
  [trajout prot1_md_centered.nc]
	Writing 'prot1_md_centered.nc' as Amber NetCDF
  [trajout prot1_md_centered.pdb onlyframes 1]
	Saving frames 1
	Writing 'prot1_md_centered.pdb' as PDB
  [secstruct SECSTRUCT out secstruct.dat]
    SECSTRUCT: Calculating secondary structure using mask [*]
	Dumping results to secstruct.dat
	Sum results to secstruct.dat.sum
	SS data for each residue will be stored as integers.
		0 = None
		1 = Para
		2 = Anti
		3 = 3-10
		4 = Alpha
		5 = Pi
		6 = Turn
		7 = Bend
	Backbone Atom Names: N=[N   ]  H=[H   ]  C=[C   ]  O=[O   ]  CA=[CA  ]
# Citation: Kabsch, W.; Sander, C.; "Dictionary of Protein Secondary Structure:
#           Pattern Recognition of Hydrogen-Bonded and Geometrical Features."
#           Biopolymers (1983), V.22, pp.2577-2637.
  [run]
---------- RUN BEGIN -------------------------------------------------

PARAMETER FILES (1 total):
 0: prot1_HMR.parm7, 343 atoms, 21 res, box: None, 1 mol

INPUT TRAJECTORIES (2 total):
 0: 'prot1_md1.nc' is a NetCDF AMBER trajectory, Parm prot1_HMR.parm7 (reading 20000 of 20000)
 1: 'prot1_md2.nc' is a NetCDF AMBER trajectory, Parm prot1_HMR.parm7 (reading 40000 of 40000)
  Coordinate processing will occur on 60000 frames.

REFERENCE FRAMES (1 total):
    0: prot1_HMR.rst7:1
	Active reference frame for distance-based masks is 'default_name'

OUTPUT TRAJECTORIES (2 total):
  'prot1_md_centered.nc' (60000 frames) is a NetCDF AMBER trajectory
  'prot1_md_centered.pdb' (60000 frames) is a PDB file: Writing frames 1

BEGIN TRAJECTORY PROCESSING:
.....................................................
ACTION SETUP FOR PARM 'prot1_HMR.parm7' (3 actions):
  0: [center :1-21 mass origin]
	Mask [:1-21] corresponds to 343 atoms.
  1: [rms reference out rmsd_to_ini.dat '(@CA,C,N,O)']
	Target mask: [(@CA,C,N,O)](79)
	Reference mask: [(@CA,C,N,O)](79)
  2: [secstruct SECSTRUCT out secstruct.dat]
Warning: Not all BB atoms found for 2 residues: ACE:1 NHE:21
Info: This is expected for Proline and terminal/non-standard residues.
Info: Expected BB atom names: N=[N   ]  H=[H   ]  C=[C   ]  O=[O   ]  CA=[CA  ]
Info: Re-run with action debug level >= 1 to see which residues are missing atoms.
	Mask [*] corresponds to 21 residues.
----- prot1_md1.nc (1-20000, 1) -----
 0% 10% 20% 30% 
----- prot1_md2.nc (1-40000, 1) -----
40% 50% 60% 70% 80% 90% 100% Complete.

Read 60000 frames and processed 60000 frames.
TIME: Avg. throughput= 80.1615 frames / second.

ACTION OUTPUT:

DATASETS (37 total):
	RMSD_00002 "RMSD_00002" (double, rms), size is 60000
	SECSTRUCT[None] "SECSTRUCT[None]" (float), size is 60000
	SECSTRUCT[Para] "SECSTRUCT[Para]" (float), size is 60000
	SECSTRUCT[Anti] "SECSTRUCT[Anti]" (float), size is 60000
	SECSTRUCT[3-10] "SECSTRUCT[3-10]" (float), size is 60000
	SECSTRUCT[Alpha] "SECSTRUCT[Alpha]" (float), size is 60000
	SECSTRUCT[Pi] "SECSTRUCT[Pi]" (float), size is 60000
	SECSTRUCT[Turn] "SECSTRUCT[Turn]" (float), size is 60000
	SECSTRUCT[Bend] "SECSTRUCT[Bend]" (float), size is 60000
	SECSTRUCT[res]:1 "ACE:1" (integer), size is 60000
	SECSTRUCT[res]:2 "GLY:2" (integer), size is 60000
	SECSTRUCT[res]:3 "LYS:3" (integer), size is 60000
	SECSTRUCT[res]:4 "LYS:4" (integer), size is 60000
	SECSTRUCT[res]:5 "LYS:5" (integer), size is 60000
	SECSTRUCT[res]:6 "LYS:6" (integer), size is 60000
	SECSTRUCT[res]:7 "GLU:7" (integer), size is 60000
	SECSTRUCT[res]:8 "GLU:8" (integer), size is 60000
	SECSTRUCT[res]:9 "GLU:9" (integer), size is 60000
	SECSTRUCT[res]:10 "GLU:10" (integer), size is 60000
	SECSTRUCT[res]:11 "LYS:11" (integer), size is 60000
	SECSTRUCT[res]:12 "LYS:12" (integer), size is 60000
	SECSTRUCT[res]:13 "LYS:13" (integer), size is 60000
	SECSTRUCT[res]:14 "LYS:14" (integer), size is 60000
	SECSTRUCT[res]:15 "GLU:15" (integer), size is 60000
	SECSTRUCT[res]:16 "GLU:16" (integer), size is 60000
	SECSTRUCT[res]:17 "GLU:17" (integer), size is 60000
	SECSTRUCT[res]:18 "GLU:18" (integer), size is 60000
	SECSTRUCT[res]:19 "GLY:19" (integer), size is 60000
	SECSTRUCT[res]:20 "TRP:20" (integer), size is 60000
	SECSTRUCT[res]:21 "NHE:21" (integer), size is 60000
	SECSTRUCT[avgss]:1 "Para" (double), size is 21
	SECSTRUCT[avgss]:2 "Anti" (double), size is 21
	SECSTRUCT[avgss]:3 "3-10" (double), size is 21
	SECSTRUCT[avgss]:4 "Alpha" (double), size is 21
	SECSTRUCT[avgss]:5 "Pi" (double), size is 21
	SECSTRUCT[avgss]:6 "Turn" (double), size is 21
	SECSTRUCT[avgss]:7 "Bend" (double), size is 21

DATAFILES (3 total):
  rmsd_to_ini.dat (Standard Data File):  RMSD_00002
  secstruct.dat (Standard Data File):  ACE:1 GLY:2 LYS:3 LYS:4 ... GLU:18 GLY:19 TRP:20 NHE:21
  secstruct.dat.sum (Standard Data File):  Para Anti 3-10 Alpha Pi Turn Bend

RUN TIMING:
TIME:		Init               : 0.0000 s (  0.00%)
TIME:		Trajectory Process : 748.4888 s ( 99.90%)
TIME:		Action Post        : 0.0002 s (  0.00%)
TIME:		Analysis           : 0.0000 s (  0.00%)
TIME:		Data File Write    : 0.7358 s (  0.10%)
TIME:		Other              : 0.0008 s (  0.00%)
TIME:	Run Total 749.2255 s
---------- RUN END ---------------------------------------------------
  [writedata helicity.dat SECSTRUCT[Alpha]]
	Writing sets to helicity.dat, format 'Standard Data File'
 SECSTRUCT[Alpha]
TIME: Total execution time: 749.5373 seconds.
--------------------------------------------------------------------------------
To cite CPPTRAJ use:
Daniel R. Roe and Thomas E. Cheatham, III, "PTRAJ and CPPTRAJ: Software for
  Processing and Analysis of Molecular Dynamics Trajectory Data". J. Chem.
  Theory Comput., 2013, 9 (7), pp 3084-3095.

igb7_ff03.r1_K4E42 done

CPPTRAJ: Trajectory Analysis. V17.00
    ___  ___  ___  ___
     | \/ | \/ | \/ | 
    _|_/\_|_/\_|_/\_|_

| Date/time: 04/28/21 14:04:18
| Available memory: 97.022 GB

INPUT: Reading input from 'STDIN'
  [parm prot1_HMR.parm7]
	Reading 'prot1_HMR.parm7' as Amber Topology
	Radius Set: Bondi radii (bondi)
  [trajin prot1_md1.nc]
	Reading 'prot1_md1.nc' as Amber NetCDF
  [trajin prot1_md2.nc]
	Reading 'prot1_md2.nc' as Amber NetCDF
  [reference prot1_HMR.rst7]
	Reading 'prot1_HMR.rst7' as Amber Restart
	Setting active reference for distance-based masks: 'prot1_HMR.rst7'
  [center :1-21 mass origin]
    CENTER: Centering coordinates using center of mass of atoms in mask (:1-21) to
	coordinate origin.
  [rms reference out rmsd_to_ini.dat '(@CA,C,N,O)']
    RMSD: ((@CA,C,N,O)), reference is "default_name" ((@CA,C,N,O)).
	Best-fit RMSD will be calculated, coords will be rotated and translated.
  [trajout prot1_md_centered.nc]
	Writing 'prot1_md_centered.nc' as Amber NetCDF
  [trajout prot1_md_centered.pdb onlyframes 1]
	Saving frames 1
	Writing 'prot1_md_centered.pdb' as PDB
  [secstruct SECSTRUCT out secstruct.dat]
    SECSTRUCT: Calculating secondary structure using mask [*]
	Dumping results to secstruct.dat
	Sum results to secstruct.dat.sum
	SS data for each residue will be stored as integers.
		0 = None
		1 = Para
		2 = Anti
		3 = 3-10
		4 = Alpha
		5 = Pi
		6 = Turn
		7 = Bend
	Backbone Atom Names: N=[N   ]  H=[H   ]  C=[C   ]  O=[O   ]  CA=[CA  ]
# Citation: Kabsch, W.; Sander, C.; "Dictionary of Protein Secondary Structure:
#           Pattern Recognition of Hydrogen-Bonded and Geometrical Features."
#           Biopolymers (1983), V.22, pp.2577-2637.
  [run]
---------- RUN BEGIN -------------------------------------------------

PARAMETER FILES (1 total):
 0: prot1_HMR.parm7, 343 atoms, 21 res, box: None, 1 mol

INPUT TRAJECTORIES (2 total):
 0: 'prot1_md1.nc' is a NetCDF AMBER trajectory, Parm prot1_HMR.parm7 (reading 20000 of 20000)
 1: 'prot1_md2.nc' is a NetCDF AMBER trajectory, Parm prot1_HMR.parm7 (reading 40000 of 40000)
  Coordinate processing will occur on 60000 frames.

REFERENCE FRAMES (1 total):
    0: prot1_HMR.rst7:1
	Active reference frame for distance-based masks is 'default_name'

OUTPUT TRAJECTORIES (2 total):
  'prot1_md_centered.nc' (60000 frames) is a NetCDF AMBER trajectory
  'prot1_md_centered.pdb' (60000 frames) is a PDB file: Writing frames 1

BEGIN TRAJECTORY PROCESSING:
.....................................................
ACTION SETUP FOR PARM 'prot1_HMR.parm7' (3 actions):
  0: [center :1-21 mass origin]
	Mask [:1-21] corresponds to 343 atoms.
  1: [rms reference out rmsd_to_ini.dat '(@CA,C,N,O)']
	Target mask: [(@CA,C,N,O)](79)
	Reference mask: [(@CA,C,N,O)](79)
  2: [secstruct SECSTRUCT out secstruct.dat]
Warning: Not all BB atoms found for 2 residues: ACE:1 NHE:21
Info: This is expected for Proline and terminal/non-standard residues.
Info: Expected BB atom names: N=[N   ]  H=[H   ]  C=[C   ]  O=[O   ]  CA=[CA  ]
Info: Re-run with action debug level >= 1 to see which residues are missing atoms.
	Mask [*] corresponds to 21 residues.
----- prot1_md1.nc (1-20000, 1) -----
 0% 10% 20% 30% 
----- prot1_md2.nc (1-40000, 1) -----
40% 50% 60% 70% 80% 90% 100% Complete.

Read 60000 frames and processed 60000 frames.
TIME: Avg. throughput= 73.6210 frames / second.

ACTION OUTPUT:

DATASETS (37 total):
	RMSD_00002 "RMSD_00002" (double, rms), size is 60000
	SECSTRUCT[None] "SECSTRUCT[None]" (float), size is 60000
	SECSTRUCT[Para] "SECSTRUCT[Para]" (float), size is 60000
	SECSTRUCT[Anti] "SECSTRUCT[Anti]" (float), size is 60000
	SECSTRUCT[3-10] "SECSTRUCT[3-10]" (float), size is 60000
	SECSTRUCT[Alpha] "SECSTRUCT[Alpha]" (float), size is 60000
	SECSTRUCT[Pi] "SECSTRUCT[Pi]" (float), size is 60000
	SECSTRUCT[Turn] "SECSTRUCT[Turn]" (float), size is 60000
	SECSTRUCT[Bend] "SECSTRUCT[Bend]" (float), size is 60000
	SECSTRUCT[res]:1 "ACE:1" (integer), size is 60000
	SECSTRUCT[res]:2 "GLY:2" (integer), size is 60000
	SECSTRUCT[res]:3 "GLU:3" (integer), size is 60000
	SECSTRUCT[res]:4 "GLU:4" (integer), size is 60000
	SECSTRUCT[res]:5 "GLU:5" (integer), size is 60000
	SECSTRUCT[res]:6 "GLU:6" (integer), size is 60000
	SECSTRUCT[res]:7 "LYS:7" (integer), size is 60000
	SECSTRUCT[res]:8 "LYS:8" (integer), size is 60000
	SECSTRUCT[res]:9 "LYS:9" (integer), size is 60000
	SECSTRUCT[res]:10 "LYS:10" (integer), size is 60000
	SECSTRUCT[res]:11 "GLU:11" (integer), size is 60000
	SECSTRUCT[res]:12 "GLU:12" (integer), size is 60000
	SECSTRUCT[res]:13 "GLU:13" (integer), size is 60000
	SECSTRUCT[res]:14 "GLU:14" (integer), size is 60000
	SECSTRUCT[res]:15 "LYS:15" (integer), size is 60000
	SECSTRUCT[res]:16 "LYS:16" (integer), size is 60000
	SECSTRUCT[res]:17 "LYS:17" (integer), size is 60000
	SECSTRUCT[res]:18 "LYS:18" (integer), size is 60000
	SECSTRUCT[res]:19 "GLY:19" (integer), size is 60000
	SECSTRUCT[res]:20 "TRP:20" (integer), size is 60000
	SECSTRUCT[res]:21 "NHE:21" (integer), size is 60000
	SECSTRUCT[avgss]:1 "Para" (double), size is 21
	SECSTRUCT[avgss]:2 "Anti" (double), size is 21
	SECSTRUCT[avgss]:3 "3-10" (double), size is 21
	SECSTRUCT[avgss]:4 "Alpha" (double), size is 21
	SECSTRUCT[avgss]:5 "Pi" (double), size is 21
	SECSTRUCT[avgss]:6 "Turn" (double), size is 21
	SECSTRUCT[avgss]:7 "Bend" (double), size is 21

DATAFILES (3 total):
  rmsd_to_ini.dat (Standard Data File):  RMSD_00002
  secstruct.dat (Standard Data File):  ACE:1 GLY:2 GLU:3 GLU:4 ... LYS:18 GLY:19 TRP:20 NHE:21
  secstruct.dat.sum (Standard Data File):  Para Anti 3-10 Alpha Pi Turn Bend

RUN TIMING:
TIME:		Init               : 0.0000 s (  0.00%)
TIME:		Trajectory Process : 814.9847 s ( 99.91%)
TIME:		Action Post        : 0.0002 s (  0.00%)
TIME:		Analysis           : 0.0000 s (  0.00%)
TIME:		Data File Write    : 0.6880 s (  0.08%)
TIME:		Other              : 0.0068 s (  0.00%)
TIME:	Run Total 815.6797 s
---------- RUN END ---------------------------------------------------
  [writedata helicity.dat SECSTRUCT[Alpha]]
	Writing sets to helicity.dat, format 'Standard Data File'
 SECSTRUCT[Alpha]
TIME: Total execution time: 815.9840 seconds.
--------------------------------------------------------------------------------
To cite CPPTRAJ use:
Daniel R. Roe and Thomas E. Cheatham, III, "PTRAJ and CPPTRAJ: Software for
  Processing and Analysis of Molecular Dynamics Trajectory Data". J. Chem.
  Theory Comput., 2013, 9 (7), pp 3084-3095.

igb7_ff99SBnmr_E4K42 done

CPPTRAJ: Trajectory Analysis. V17.00
    ___  ___  ___  ___
     | \/ | \/ | \/ | 
    _|_/\_|_/\_|_/\_|_

| Date/time: 04/28/21 14:17:54
| Available memory: 97.063 GB

INPUT: Reading input from 'STDIN'
  [parm prot1_HMR.parm7]
	Reading 'prot1_HMR.parm7' as Amber Topology
	Radius Set: Bondi radii (bondi)
  [trajin prot1_md1.nc]
	Reading 'prot1_md1.nc' as Amber NetCDF
  [trajin prot1_md2.nc]
	Reading 'prot1_md2.nc' as Amber NetCDF
  [reference prot1_HMR.rst7]
	Reading 'prot1_HMR.rst7' as Amber Restart
	Setting active reference for distance-based masks: 'prot1_HMR.rst7'
  [center :1-21 mass origin]
    CENTER: Centering coordinates using center of mass of atoms in mask (:1-21) to
	coordinate origin.
  [rms reference out rmsd_to_ini.dat '(@CA,C,N,O)']
    RMSD: ((@CA,C,N,O)), reference is "default_name" ((@CA,C,N,O)).
	Best-fit RMSD will be calculated, coords will be rotated and translated.
  [trajout prot1_md_centered.nc]
	Writing 'prot1_md_centered.nc' as Amber NetCDF
  [trajout prot1_md_centered.pdb onlyframes 1]
	Saving frames 1
	Writing 'prot1_md_centered.pdb' as PDB
  [secstruct SECSTRUCT out secstruct.dat]
    SECSTRUCT: Calculating secondary structure using mask [*]
	Dumping results to secstruct.dat
	Sum results to secstruct.dat.sum
	SS data for each residue will be stored as integers.
		0 = None
		1 = Para
		2 = Anti
		3 = 3-10
		4 = Alpha
		5 = Pi
		6 = Turn
		7 = Bend
	Backbone Atom Names: N=[N   ]  H=[H   ]  C=[C   ]  O=[O   ]  CA=[CA  ]
# Citation: Kabsch, W.; Sander, C.; "Dictionary of Protein Secondary Structure:
#           Pattern Recognition of Hydrogen-Bonded and Geometrical Features."
#           Biopolymers (1983), V.22, pp.2577-2637.
  [run]
---------- RUN BEGIN -------------------------------------------------

PARAMETER FILES (1 total):
 0: prot1_HMR.parm7, 343 atoms, 21 res, box: None, 1 mol

INPUT TRAJECTORIES (2 total):
 0: 'prot1_md1.nc' is a NetCDF AMBER trajectory, Parm prot1_HMR.parm7 (reading 20000 of 20000)
 1: 'prot1_md2.nc' is a NetCDF AMBER trajectory, Parm prot1_HMR.parm7 (reading 40000 of 40000)
  Coordinate processing will occur on 60000 frames.

REFERENCE FRAMES (1 total):
    0: prot1_HMR.rst7:1
	Active reference frame for distance-based masks is 'default_name'

OUTPUT TRAJECTORIES (2 total):
  'prot1_md_centered.nc' (60000 frames) is a NetCDF AMBER trajectory
  'prot1_md_centered.pdb' (60000 frames) is a PDB file: Writing frames 1

BEGIN TRAJECTORY PROCESSING:
.....................................................
ACTION SETUP FOR PARM 'prot1_HMR.parm7' (3 actions):
  0: [center :1-21 mass origin]
	Mask [:1-21] corresponds to 343 atoms.
  1: [rms reference out rmsd_to_ini.dat '(@CA,C,N,O)']
	Target mask: [(@CA,C,N,O)](79)
	Reference mask: [(@CA,C,N,O)](79)
  2: [secstruct SECSTRUCT out secstruct.dat]
Warning: Not all BB atoms found for 2 residues: ACE:1 NHE:21
Info: This is expected for Proline and terminal/non-standard residues.
Info: Expected BB atom names: N=[N   ]  H=[H   ]  C=[C   ]  O=[O   ]  CA=[CA  ]
Info: Re-run with action debug level >= 1 to see which residues are missing atoms.
	Mask [*] corresponds to 21 residues.
----- prot1_md1.nc (1-20000, 1) -----
 0% 10% 20% 30% 
----- prot1_md2.nc (1-40000, 1) -----
40% 50% 60% 70% 80% 90% 100% Complete.

Read 60000 frames and processed 60000 frames.
TIME: Avg. throughput= 78.4920 frames / second.

ACTION OUTPUT:

DATASETS (37 total):
	RMSD_00002 "RMSD_00002" (double, rms), size is 60000
	SECSTRUCT[None] "SECSTRUCT[None]" (float), size is 60000
	SECSTRUCT[Para] "SECSTRUCT[Para]" (float), size is 60000
	SECSTRUCT[Anti] "SECSTRUCT[Anti]" (float), size is 60000
	SECSTRUCT[3-10] "SECSTRUCT[3-10]" (float), size is 60000
	SECSTRUCT[Alpha] "SECSTRUCT[Alpha]" (float), size is 60000
	SECSTRUCT[Pi] "SECSTRUCT[Pi]" (float), size is 60000
	SECSTRUCT[Turn] "SECSTRUCT[Turn]" (float), size is 60000
	SECSTRUCT[Bend] "SECSTRUCT[Bend]" (float), size is 60000
	SECSTRUCT[res]:1 "ACE:1" (integer), size is 60000
	SECSTRUCT[res]:2 "GLY:2" (integer), size is 60000
	SECSTRUCT[res]:3 "LYS:3" (integer), size is 60000
	SECSTRUCT[res]:4 "LYS:4" (integer), size is 60000
	SECSTRUCT[res]:5 "LYS:5" (integer), size is 60000
	SECSTRUCT[res]:6 "LYS:6" (integer), size is 60000
	SECSTRUCT[res]:7 "GLU:7" (integer), size is 60000
	SECSTRUCT[res]:8 "GLU:8" (integer), size is 60000
	SECSTRUCT[res]:9 "GLU:9" (integer), size is 60000
	SECSTRUCT[res]:10 "GLU:10" (integer), size is 60000
	SECSTRUCT[res]:11 "LYS:11" (integer), size is 60000
	SECSTRUCT[res]:12 "LYS:12" (integer), size is 60000
	SECSTRUCT[res]:13 "LYS:13" (integer), size is 60000
	SECSTRUCT[res]:14 "LYS:14" (integer), size is 60000
	SECSTRUCT[res]:15 "GLU:15" (integer), size is 60000
	SECSTRUCT[res]:16 "GLU:16" (integer), size is 60000
	SECSTRUCT[res]:17 "GLU:17" (integer), size is 60000
	SECSTRUCT[res]:18 "GLU:18" (integer), size is 60000
	SECSTRUCT[res]:19 "GLY:19" (integer), size is 60000
	SECSTRUCT[res]:20 "TRP:20" (integer), size is 60000
	SECSTRUCT[res]:21 "NHE:21" (integer), size is 60000
	SECSTRUCT[avgss]:1 "Para" (double), size is 21
	SECSTRUCT[avgss]:2 "Anti" (double), size is 21
	SECSTRUCT[avgss]:3 "3-10" (double), size is 21
	SECSTRUCT[avgss]:4 "Alpha" (double), size is 21
	SECSTRUCT[avgss]:5 "Pi" (double), size is 21
	SECSTRUCT[avgss]:6 "Turn" (double), size is 21
	SECSTRUCT[avgss]:7 "Bend" (double), size is 21

DATAFILES (3 total):
  rmsd_to_ini.dat (Standard Data File):  RMSD_00002
  secstruct.dat (Standard Data File):  ACE:1 GLY:2 LYS:3 LYS:4 ... GLU:18 GLY:19 TRP:20 NHE:21
  secstruct.dat.sum (Standard Data File):  Para Anti 3-10 Alpha Pi Turn Bend

RUN TIMING:
TIME:		Init               : 0.0000 s (  0.00%)
TIME:		Trajectory Process : 764.4089 s ( 99.91%)
TIME:		Action Post        : 0.0001 s (  0.00%)
TIME:		Analysis           : 0.0000 s (  0.00%)
TIME:		Data File Write    : 0.7156 s (  0.09%)
TIME:		Other              : 0.0008 s (  0.00%)
TIME:	Run Total 765.1255 s
---------- RUN END ---------------------------------------------------
  [writedata helicity.dat SECSTRUCT[Alpha]]
	Writing sets to helicity.dat, format 'Standard Data File'
 SECSTRUCT[Alpha]
TIME: Total execution time: 765.4648 seconds.
--------------------------------------------------------------------------------
To cite CPPTRAJ use:
Daniel R. Roe and Thomas E. Cheatham, III, "PTRAJ and CPPTRAJ: Software for
  Processing and Analysis of Molecular Dynamics Trajectory Data". J. Chem.
  Theory Comput., 2013, 9 (7), pp 3084-3095.

igb7_ff99SBnmr_K4E42 done

CPPTRAJ: Trajectory Analysis. V17.00
    ___  ___  ___  ___
     | \/ | \/ | \/ | 
    _|_/\_|_/\_|_/\_|_

| Date/time: 04/28/21 14:30:39
| Available memory: 97.320 GB

INPUT: Reading input from 'STDIN'
  [parm prot1_HMR.parm7]
	Reading 'prot1_HMR.parm7' as Amber Topology
	Radius Set: Bondi radii (bondi)
  [trajin prot1_md1.nc]
	Reading 'prot1_md1.nc' as Amber NetCDF
  [trajin prot1_md2.nc]
	Reading 'prot1_md2.nc' as Amber NetCDF
  [reference prot1_HMR.rst7]
	Reading 'prot1_HMR.rst7' as Amber Restart
	Setting active reference for distance-based masks: 'prot1_HMR.rst7'
  [center :1-21 mass origin]
    CENTER: Centering coordinates using center of mass of atoms in mask (:1-21) to
	coordinate origin.
  [rms reference out rmsd_to_ini.dat '(@CA,C,N,O)']
    RMSD: ((@CA,C,N,O)), reference is "default_name" ((@CA,C,N,O)).
	Best-fit RMSD will be calculated, coords will be rotated and translated.
  [trajout prot1_md_centered.nc]
	Writing 'prot1_md_centered.nc' as Amber NetCDF
  [trajout prot1_md_centered.pdb onlyframes 1]
	Saving frames 1
	Writing 'prot1_md_centered.pdb' as PDB
  [secstruct SECSTRUCT out secstruct.dat]
    SECSTRUCT: Calculating secondary structure using mask [*]
	Dumping results to secstruct.dat
	Sum results to secstruct.dat.sum
	SS data for each residue will be stored as integers.
		0 = None
		1 = Para
		2 = Anti
		3 = 3-10
		4 = Alpha
		5 = Pi
		6 = Turn
		7 = Bend
	Backbone Atom Names: N=[N   ]  H=[H   ]  C=[C   ]  O=[O   ]  CA=[CA  ]
# Citation: Kabsch, W.; Sander, C.; "Dictionary of Protein Secondary Structure:
#           Pattern Recognition of Hydrogen-Bonded and Geometrical Features."
#           Biopolymers (1983), V.22, pp.2577-2637.
  [run]
---------- RUN BEGIN -------------------------------------------------

PARAMETER FILES (1 total):
 0: prot1_HMR.parm7, 343 atoms, 21 res, box: None, 1 mol

INPUT TRAJECTORIES (2 total):
 0: 'prot1_md1.nc' is a NetCDF AMBER trajectory, Parm prot1_HMR.parm7 (reading 20000 of 20000)
 1: 'prot1_md2.nc' is a NetCDF AMBER trajectory, Parm prot1_HMR.parm7 (reading 40000 of 40000)
  Coordinate processing will occur on 60000 frames.

REFERENCE FRAMES (1 total):
    0: prot1_HMR.rst7:1
	Active reference frame for distance-based masks is 'default_name'

OUTPUT TRAJECTORIES (2 total):
  'prot1_md_centered.nc' (60000 frames) is a NetCDF AMBER trajectory
  'prot1_md_centered.pdb' (60000 frames) is a PDB file: Writing frames 1

BEGIN TRAJECTORY PROCESSING:
.....................................................
ACTION SETUP FOR PARM 'prot1_HMR.parm7' (3 actions):
  0: [center :1-21 mass origin]
	Mask [:1-21] corresponds to 343 atoms.
  1: [rms reference out rmsd_to_ini.dat '(@CA,C,N,O)']
	Target mask: [(@CA,C,N,O)](79)
	Reference mask: [(@CA,C,N,O)](79)
  2: [secstruct SECSTRUCT out secstruct.dat]
Warning: Not all BB atoms found for 2 residues: ACE:1 NHE:21
Info: This is expected for Proline and terminal/non-standard residues.
Info: Expected BB atom names: N=[N   ]  H=[H   ]  C=[C   ]  O=[O   ]  CA=[CA  ]
Info: Re-run with action debug level >= 1 to see which residues are missing atoms.
	Mask [*] corresponds to 21 residues.
----- prot1_md1.nc (1-20000, 1) -----
 0% 10% 20% 30% 
----- prot1_md2.nc (1-40000, 1) -----
40% 50% 60% 70% 80% 90% 100% Complete.

Read 60000 frames and processed 60000 frames.
TIME: Avg. throughput= 75.8162 frames / second.

ACTION OUTPUT:

DATASETS (37 total):
	RMSD_00002 "RMSD_00002" (double, rms), size is 60000
	SECSTRUCT[None] "SECSTRUCT[None]" (float), size is 60000
	SECSTRUCT[Para] "SECSTRUCT[Para]" (float), size is 60000
	SECSTRUCT[Anti] "SECSTRUCT[Anti]" (float), size is 60000
	SECSTRUCT[3-10] "SECSTRUCT[3-10]" (float), size is 60000
	SECSTRUCT[Alpha] "SECSTRUCT[Alpha]" (float), size is 60000
	SECSTRUCT[Pi] "SECSTRUCT[Pi]" (float), size is 60000
	SECSTRUCT[Turn] "SECSTRUCT[Turn]" (float), size is 60000
	SECSTRUCT[Bend] "SECSTRUCT[Bend]" (float), size is 60000
	SECSTRUCT[res]:1 "ACE:1" (integer), size is 60000
	SECSTRUCT[res]:2 "GLY:2" (integer), size is 60000
	SECSTRUCT[res]:3 "GLU:3" (integer), size is 60000
	SECSTRUCT[res]:4 "GLU:4" (integer), size is 60000
	SECSTRUCT[res]:5 "GLU:5" (integer), size is 60000
	SECSTRUCT[res]:6 "GLU:6" (integer), size is 60000
	SECSTRUCT[res]:7 "LYS:7" (integer), size is 60000
	SECSTRUCT[res]:8 "LYS:8" (integer), size is 60000
	SECSTRUCT[res]:9 "LYS:9" (integer), size is 60000
	SECSTRUCT[res]:10 "LYS:10" (integer), size is 60000
	SECSTRUCT[res]:11 "GLU:11" (integer), size is 60000
	SECSTRUCT[res]:12 "GLU:12" (integer), size is 60000
	SECSTRUCT[res]:13 "GLU:13" (integer), size is 60000
	SECSTRUCT[res]:14 "GLU:14" (integer), size is 60000
	SECSTRUCT[res]:15 "LYS:15" (integer), size is 60000
	SECSTRUCT[res]:16 "LYS:16" (integer), size is 60000
	SECSTRUCT[res]:17 "LYS:17" (integer), size is 60000
	SECSTRUCT[res]:18 "LYS:18" (integer), size is 60000
	SECSTRUCT[res]:19 "GLY:19" (integer), size is 60000
	SECSTRUCT[res]:20 "TRP:20" (integer), size is 60000
	SECSTRUCT[res]:21 "NHE:21" (integer), size is 60000
	SECSTRUCT[avgss]:1 "Para" (double), size is 21
	SECSTRUCT[avgss]:2 "Anti" (double), size is 21
	SECSTRUCT[avgss]:3 "3-10" (double), size is 21
	SECSTRUCT[avgss]:4 "Alpha" (double), size is 21
	SECSTRUCT[avgss]:5 "Pi" (double), size is 21
	SECSTRUCT[avgss]:6 "Turn" (double), size is 21
	SECSTRUCT[avgss]:7 "Bend" (double), size is 21

DATAFILES (3 total):
  rmsd_to_ini.dat (Standard Data File):  RMSD_00002
  secstruct.dat (Standard Data File):  ACE:1 GLY:2 GLU:3 GLU:4 ... LYS:18 GLY:19 TRP:20 NHE:21
  secstruct.dat.sum (Standard Data File):  Para Anti 3-10 Alpha Pi Turn Bend

RUN TIMING:
TIME:		Init               : 0.0000 s (  0.00%)
TIME:		Trajectory Process : 791.3880 s ( 99.91%)
TIME:		Action Post        : 0.0001 s (  0.00%)
TIME:		Analysis           : 0.0000 s (  0.00%)
TIME:		Data File Write    : 0.7138 s (  0.09%)
TIME:		Other              : 0.0007 s (  0.00%)
TIME:	Run Total 792.1028 s
---------- RUN END ---------------------------------------------------
  [writedata helicity.dat SECSTRUCT[Alpha]]
	Writing sets to helicity.dat, format 'Standard Data File'
 SECSTRUCT[Alpha]
TIME: Total execution time: 792.4447 seconds.
--------------------------------------------------------------------------------
To cite CPPTRAJ use:
Daniel R. Roe and Thomas E. Cheatham, III, "PTRAJ and CPPTRAJ: Software for
  Processing and Analysis of Molecular Dynamics Trajectory Data". J. Chem.
  Theory Comput., 2013, 9 (7), pp 3084-3095.

igb7_ff94_E4K42 done

CPPTRAJ: Trajectory Analysis. V17.00
    ___  ___  ___  ___
     | \/ | \/ | \/ | 
    _|_/\_|_/\_|_/\_|_

| Date/time: 04/28/21 14:43:52
| Available memory: 96.969 GB

INPUT: Reading input from 'STDIN'
  [parm prot1_HMR.parm7]
	Reading 'prot1_HMR.parm7' as Amber Topology
	Radius Set: Bondi radii (bondi)
  [trajin prot1_md1.nc]
	Reading 'prot1_md1.nc' as Amber NetCDF
  [trajin prot1_md2.nc]
	Reading 'prot1_md2.nc' as Amber NetCDF
  [reference prot1_HMR.rst7]
	Reading 'prot1_HMR.rst7' as Amber Restart
	Setting active reference for distance-based masks: 'prot1_HMR.rst7'
  [center :1-21 mass origin]
    CENTER: Centering coordinates using center of mass of atoms in mask (:1-21) to
	coordinate origin.
  [rms reference out rmsd_to_ini.dat '(@CA,C,N,O)']
    RMSD: ((@CA,C,N,O)), reference is "default_name" ((@CA,C,N,O)).
	Best-fit RMSD will be calculated, coords will be rotated and translated.
  [trajout prot1_md_centered.nc]
	Writing 'prot1_md_centered.nc' as Amber NetCDF
  [trajout prot1_md_centered.pdb onlyframes 1]
	Saving frames 1
	Writing 'prot1_md_centered.pdb' as PDB
  [secstruct SECSTRUCT out secstruct.dat]
    SECSTRUCT: Calculating secondary structure using mask [*]
	Dumping results to secstruct.dat
	Sum results to secstruct.dat.sum
	SS data for each residue will be stored as integers.
		0 = None
		1 = Para
		2 = Anti
		3 = 3-10
		4 = Alpha
		5 = Pi
		6 = Turn
		7 = Bend
	Backbone Atom Names: N=[N   ]  H=[H   ]  C=[C   ]  O=[O   ]  CA=[CA  ]
# Citation: Kabsch, W.; Sander, C.; "Dictionary of Protein Secondary Structure:
#           Pattern Recognition of Hydrogen-Bonded and Geometrical Features."
#           Biopolymers (1983), V.22, pp.2577-2637.
  [run]
---------- RUN BEGIN -------------------------------------------------

PARAMETER FILES (1 total):
 0: prot1_HMR.parm7, 343 atoms, 21 res, box: None, 1 mol

INPUT TRAJECTORIES (2 total):
 0: 'prot1_md1.nc' is a NetCDF AMBER trajectory, Parm prot1_HMR.parm7 (reading 20000 of 20000)
 1: 'prot1_md2.nc' is a NetCDF AMBER trajectory, Parm prot1_HMR.parm7 (reading 40000 of 40000)
  Coordinate processing will occur on 60000 frames.

REFERENCE FRAMES (1 total):
    0: prot1_HMR.rst7:1
	Active reference frame for distance-based masks is 'default_name'

OUTPUT TRAJECTORIES (2 total):
  'prot1_md_centered.nc' (60000 frames) is a NetCDF AMBER trajectory
  'prot1_md_centered.pdb' (60000 frames) is a PDB file: Writing frames 1

BEGIN TRAJECTORY PROCESSING:
.....................................................
ACTION SETUP FOR PARM 'prot1_HMR.parm7' (3 actions):
  0: [center :1-21 mass origin]
	Mask [:1-21] corresponds to 343 atoms.
  1: [rms reference out rmsd_to_ini.dat '(@CA,C,N,O)']
	Target mask: [(@CA,C,N,O)](79)
	Reference mask: [(@CA,C,N,O)](79)
  2: [secstruct SECSTRUCT out secstruct.dat]
Warning: Not all BB atoms found for 2 residues: ACE:1 NHE:21
Info: This is expected for Proline and terminal/non-standard residues.
Info: Expected BB atom names: N=[N   ]  H=[H   ]  C=[C   ]  O=[O   ]  CA=[CA  ]
Info: Re-run with action debug level >= 1 to see which residues are missing atoms.
	Mask [*] corresponds to 21 residues.
----- prot1_md1.nc (1-20000, 1) -----
 0% 10% 20% 30% 
----- prot1_md2.nc (1-40000, 1) -----
40% 50% 60% 70% 80% 90% 100% Complete.

Read 60000 frames and processed 60000 frames.
TIME: Avg. throughput= 73.5038 frames / second.

ACTION OUTPUT:

DATASETS (37 total):
	RMSD_00002 "RMSD_00002" (double, rms), size is 60000
	SECSTRUCT[None] "SECSTRUCT[None]" (float), size is 60000
	SECSTRUCT[Para] "SECSTRUCT[Para]" (float), size is 60000
	SECSTRUCT[Anti] "SECSTRUCT[Anti]" (float), size is 60000
	SECSTRUCT[3-10] "SECSTRUCT[3-10]" (float), size is 60000
	SECSTRUCT[Alpha] "SECSTRUCT[Alpha]" (float), size is 60000
	SECSTRUCT[Pi] "SECSTRUCT[Pi]" (float), size is 60000
	SECSTRUCT[Turn] "SECSTRUCT[Turn]" (float), size is 60000
	SECSTRUCT[Bend] "SECSTRUCT[Bend]" (float), size is 60000
	SECSTRUCT[res]:1 "ACE:1" (integer), size is 60000
	SECSTRUCT[res]:2 "GLY:2" (integer), size is 60000
	SECSTRUCT[res]:3 "LYS:3" (integer), size is 60000
	SECSTRUCT[res]:4 "LYS:4" (integer), size is 60000
	SECSTRUCT[res]:5 "LYS:5" (integer), size is 60000
	SECSTRUCT[res]:6 "LYS:6" (integer), size is 60000
	SECSTRUCT[res]:7 "GLU:7" (integer), size is 60000
	SECSTRUCT[res]:8 "GLU:8" (integer), size is 60000
	SECSTRUCT[res]:9 "GLU:9" (integer), size is 60000
	SECSTRUCT[res]:10 "GLU:10" (integer), size is 60000
	SECSTRUCT[res]:11 "LYS:11" (integer), size is 60000
	SECSTRUCT[res]:12 "LYS:12" (integer), size is 60000
	SECSTRUCT[res]:13 "LYS:13" (integer), size is 60000
	SECSTRUCT[res]:14 "LYS:14" (integer), size is 60000
	SECSTRUCT[res]:15 "GLU:15" (integer), size is 60000
	SECSTRUCT[res]:16 "GLU:16" (integer), size is 60000
	SECSTRUCT[res]:17 "GLU:17" (integer), size is 60000
	SECSTRUCT[res]:18 "GLU:18" (integer), size is 60000
	SECSTRUCT[res]:19 "GLY:19" (integer), size is 60000
	SECSTRUCT[res]:20 "TRP:20" (integer), size is 60000
	SECSTRUCT[res]:21 "NHE:21" (integer), size is 60000
	SECSTRUCT[avgss]:1 "Para" (double), size is 21
	SECSTRUCT[avgss]:2 "Anti" (double), size is 21
	SECSTRUCT[avgss]:3 "3-10" (double), size is 21
	SECSTRUCT[avgss]:4 "Alpha" (double), size is 21
	SECSTRUCT[avgss]:5 "Pi" (double), size is 21
	SECSTRUCT[avgss]:6 "Turn" (double), size is 21
	SECSTRUCT[avgss]:7 "Bend" (double), size is 21

DATAFILES (3 total):
  rmsd_to_ini.dat (Standard Data File):  RMSD_00002
  secstruct.dat (Standard Data File):  ACE:1 GLY:2 LYS:3 LYS:4 ... GLU:18 GLY:19 TRP:20 NHE:21
  secstruct.dat.sum (Standard Data File):  Para Anti 3-10 Alpha Pi Turn Bend

RUN TIMING:
TIME:		Init               : 0.0000 s (  0.00%)
TIME:		Trajectory Process : 816.2849 s ( 99.92%)
TIME:		Action Post        : 0.0001 s (  0.00%)
TIME:		Analysis           : 0.0000 s (  0.00%)
TIME:		Data File Write    : 0.6764 s (  0.08%)
TIME:		Other              : 0.0009 s (  0.00%)
TIME:	Run Total 816.9623 s
---------- RUN END ---------------------------------------------------
  [writedata helicity.dat SECSTRUCT[Alpha]]
	Writing sets to helicity.dat, format 'Standard Data File'
 SECSTRUCT[Alpha]
TIME: Total execution time: 817.2607 seconds.
--------------------------------------------------------------------------------
To cite CPPTRAJ use:
Daniel R. Roe and Thomas E. Cheatham, III, "PTRAJ and CPPTRAJ: Software for
  Processing and Analysis of Molecular Dynamics Trajectory Data". J. Chem.
  Theory Comput., 2013, 9 (7), pp 3084-3095.

igb7_ff94_K4E42 done

CPPTRAJ: Trajectory Analysis. V17.00
    ___  ___  ___  ___
     | \/ | \/ | \/ | 
    _|_/\_|_/\_|_/\_|_

| Date/time: 04/28/21 14:57:29
| Available memory: 96.788 GB

INPUT: Reading input from 'STDIN'
  [parm prot1_HMR.parm7]
	Reading 'prot1_HMR.parm7' as Amber Topology
	Radius Set: Bondi radii (bondi)
  [trajin prot1_md1.nc]
	Reading 'prot1_md1.nc' as Amber NetCDF
  [trajin prot1_md2.nc]
	Reading 'prot1_md2.nc' as Amber NetCDF
  [reference prot1_HMR.rst7]
	Reading 'prot1_HMR.rst7' as Amber Restart
	Setting active reference for distance-based masks: 'prot1_HMR.rst7'
  [center :1-21 mass origin]
    CENTER: Centering coordinates using center of mass of atoms in mask (:1-21) to
	coordinate origin.
  [rms reference out rmsd_to_ini.dat '(@CA,C,N,O)']
    RMSD: ((@CA,C,N,O)), reference is "default_name" ((@CA,C,N,O)).
	Best-fit RMSD will be calculated, coords will be rotated and translated.
  [trajout prot1_md_centered.nc]
	Writing 'prot1_md_centered.nc' as Amber NetCDF
  [trajout prot1_md_centered.pdb onlyframes 1]
	Saving frames 1
	Writing 'prot1_md_centered.pdb' as PDB
  [secstruct SECSTRUCT out secstruct.dat]
    SECSTRUCT: Calculating secondary structure using mask [*]
	Dumping results to secstruct.dat
	Sum results to secstruct.dat.sum
	SS data for each residue will be stored as integers.
		0 = None
		1 = Para
		2 = Anti
		3 = 3-10
		4 = Alpha
		5 = Pi
		6 = Turn
		7 = Bend
	Backbone Atom Names: N=[N   ]  H=[H   ]  C=[C   ]  O=[O   ]  CA=[CA  ]
# Citation: Kabsch, W.; Sander, C.; "Dictionary of Protein Secondary Structure:
#           Pattern Recognition of Hydrogen-Bonded and Geometrical Features."
#           Biopolymers (1983), V.22, pp.2577-2637.
  [run]
---------- RUN BEGIN -------------------------------------------------

PARAMETER FILES (1 total):
 0: prot1_HMR.parm7, 343 atoms, 21 res, box: None, 1 mol

INPUT TRAJECTORIES (2 total):
 0: 'prot1_md1.nc' is a NetCDF AMBER trajectory, Parm prot1_HMR.parm7 (reading 20000 of 20000)
 1: 'prot1_md2.nc' is a NetCDF AMBER trajectory, Parm prot1_HMR.parm7 (reading 40000 of 40000)
  Coordinate processing will occur on 60000 frames.

REFERENCE FRAMES (1 total):
    0: prot1_HMR.rst7:1
	Active reference frame for distance-based masks is 'default_name'

OUTPUT TRAJECTORIES (2 total):
  'prot1_md_centered.nc' (60000 frames) is a NetCDF AMBER trajectory
  'prot1_md_centered.pdb' (60000 frames) is a PDB file: Writing frames 1

BEGIN TRAJECTORY PROCESSING:
.....................................................
ACTION SETUP FOR PARM 'prot1_HMR.parm7' (3 actions):
  0: [center :1-21 mass origin]
	Mask [:1-21] corresponds to 343 atoms.
  1: [rms reference out rmsd_to_ini.dat '(@CA,C,N,O)']
	Target mask: [(@CA,C,N,O)](79)
	Reference mask: [(@CA,C,N,O)](79)
  2: [secstruct SECSTRUCT out secstruct.dat]
Warning: Not all BB atoms found for 2 residues: ACE:1 NHE:21
Info: This is expected for Proline and terminal/non-standard residues.
Info: Expected BB atom names: N=[N   ]  H=[H   ]  C=[C   ]  O=[O   ]  CA=[CA  ]
Info: Re-run with action debug level >= 1 to see which residues are missing atoms.
	Mask [*] corresponds to 21 residues.
----- prot1_md1.nc (1-20000, 1) -----
 0% 10% 20% 30% 
----- prot1_md2.nc (1-40000, 1) -----
40% 50% 60% 70% 80% 90% 100% Complete.

Read 60000 frames and processed 60000 frames.
TIME: Avg. throughput= 84.1144 frames / second.

ACTION OUTPUT:

DATASETS (37 total):
	RMSD_00002 "RMSD_00002" (double, rms), size is 60000
	SECSTRUCT[None] "SECSTRUCT[None]" (float), size is 60000
	SECSTRUCT[Para] "SECSTRUCT[Para]" (float), size is 60000
	SECSTRUCT[Anti] "SECSTRUCT[Anti]" (float), size is 60000
	SECSTRUCT[3-10] "SECSTRUCT[3-10]" (float), size is 60000
	SECSTRUCT[Alpha] "SECSTRUCT[Alpha]" (float), size is 60000
	SECSTRUCT[Pi] "SECSTRUCT[Pi]" (float), size is 60000
	SECSTRUCT[Turn] "SECSTRUCT[Turn]" (float), size is 60000
	SECSTRUCT[Bend] "SECSTRUCT[Bend]" (float), size is 60000
	SECSTRUCT[res]:1 "ACE:1" (integer), size is 60000
	SECSTRUCT[res]:2 "GLY:2" (integer), size is 60000
	SECSTRUCT[res]:3 "GLU:3" (integer), size is 60000
	SECSTRUCT[res]:4 "GLU:4" (integer), size is 60000
	SECSTRUCT[res]:5 "GLU:5" (integer), size is 60000
	SECSTRUCT[res]:6 "GLU:6" (integer), size is 60000
	SECSTRUCT[res]:7 "LYS:7" (integer), size is 60000
	SECSTRUCT[res]:8 "LYS:8" (integer), size is 60000
	SECSTRUCT[res]:9 "LYS:9" (integer), size is 60000
	SECSTRUCT[res]:10 "LYS:10" (integer), size is 60000
	SECSTRUCT[res]:11 "GLU:11" (integer), size is 60000
	SECSTRUCT[res]:12 "GLU:12" (integer), size is 60000
	SECSTRUCT[res]:13 "GLU:13" (integer), size is 60000
	SECSTRUCT[res]:14 "GLU:14" (integer), size is 60000
	SECSTRUCT[res]:15 "LYS:15" (integer), size is 60000
	SECSTRUCT[res]:16 "LYS:16" (integer), size is 60000
	SECSTRUCT[res]:17 "LYS:17" (integer), size is 60000
	SECSTRUCT[res]:18 "LYS:18" (integer), size is 60000
	SECSTRUCT[res]:19 "GLY:19" (integer), size is 60000
	SECSTRUCT[res]:20 "TRP:20" (integer), size is 60000
	SECSTRUCT[res]:21 "NHE:21" (integer), size is 60000
	SECSTRUCT[avgss]:1 "Para" (double), size is 21
	SECSTRUCT[avgss]:2 "Anti" (double), size is 21
	SECSTRUCT[avgss]:3 "3-10" (double), size is 21
	SECSTRUCT[avgss]:4 "Alpha" (double), size is 21
	SECSTRUCT[avgss]:5 "Pi" (double), size is 21
	SECSTRUCT[avgss]:6 "Turn" (double), size is 21
	SECSTRUCT[avgss]:7 "Bend" (double), size is 21

DATAFILES (3 total):
  rmsd_to_ini.dat (Standard Data File):  RMSD_00002
  secstruct.dat (Standard Data File):  ACE:1 GLY:2 GLU:3 GLU:4 ... LYS:18 GLY:19 TRP:20 NHE:21
  secstruct.dat.sum (Standard Data File):  Para Anti 3-10 Alpha Pi Turn Bend

RUN TIMING:
TIME:		Init               : 0.0000 s (  0.00%)
TIME:		Trajectory Process : 713.3144 s ( 99.91%)
TIME:		Action Post        : 0.0002 s (  0.00%)
TIME:		Analysis           : 0.0000 s (  0.00%)
TIME:		Data File Write    : 0.6663 s (  0.09%)
TIME:		Other              : 0.0010 s (  0.00%)
TIME:	Run Total 713.9818 s
---------- RUN END ---------------------------------------------------
  [writedata helicity.dat SECSTRUCT[Alpha]]
	Writing sets to helicity.dat, format 'Standard Data File'
 SECSTRUCT[Alpha]
TIME: Total execution time: 714.3411 seconds.
--------------------------------------------------------------------------------
To cite CPPTRAJ use:
Daniel R. Roe and Thomas E. Cheatham, III, "PTRAJ and CPPTRAJ: Software for
  Processing and Analysis of Molecular Dynamics Trajectory Data". J. Chem.
  Theory Comput., 2013, 9 (7), pp 3084-3095.

igb7_ff98_E4K42 done

CPPTRAJ: Trajectory Analysis. V17.00
    ___  ___  ___  ___
     | \/ | \/ | \/ | 
    _|_/\_|_/\_|_/\_|_

| Date/time: 04/28/21 15:09:23
| Available memory: 96.683 GB

INPUT: Reading input from 'STDIN'
  [parm prot1_HMR.parm7]
	Reading 'prot1_HMR.parm7' as Amber Topology
	Radius Set: Bondi radii (bondi)
  [trajin prot1_md1.nc]
	Reading 'prot1_md1.nc' as Amber NetCDF
  [trajin prot1_md2.nc]
	Reading 'prot1_md2.nc' as Amber NetCDF
  [reference prot1_HMR.rst7]
	Reading 'prot1_HMR.rst7' as Amber Restart
	Setting active reference for distance-based masks: 'prot1_HMR.rst7'
  [center :1-21 mass origin]
    CENTER: Centering coordinates using center of mass of atoms in mask (:1-21) to
	coordinate origin.
  [rms reference out rmsd_to_ini.dat '(@CA,C,N,O)']
    RMSD: ((@CA,C,N,O)), reference is "default_name" ((@CA,C,N,O)).
	Best-fit RMSD will be calculated, coords will be rotated and translated.
  [trajout prot1_md_centered.nc]
	Writing 'prot1_md_centered.nc' as Amber NetCDF
  [trajout prot1_md_centered.pdb onlyframes 1]
	Saving frames 1
	Writing 'prot1_md_centered.pdb' as PDB
  [secstruct SECSTRUCT out secstruct.dat]
    SECSTRUCT: Calculating secondary structure using mask [*]
	Dumping results to secstruct.dat
	Sum results to secstruct.dat.sum
	SS data for each residue will be stored as integers.
		0 = None
		1 = Para
		2 = Anti
		3 = 3-10
		4 = Alpha
		5 = Pi
		6 = Turn
		7 = Bend
	Backbone Atom Names: N=[N   ]  H=[H   ]  C=[C   ]  O=[O   ]  CA=[CA  ]
# Citation: Kabsch, W.; Sander, C.; "Dictionary of Protein Secondary Structure:
#           Pattern Recognition of Hydrogen-Bonded and Geometrical Features."
#           Biopolymers (1983), V.22, pp.2577-2637.
  [run]
---------- RUN BEGIN -------------------------------------------------

PARAMETER FILES (1 total):
 0: prot1_HMR.parm7, 343 atoms, 21 res, box: None, 1 mol

INPUT TRAJECTORIES (2 total):
 0: 'prot1_md1.nc' is a NetCDF AMBER trajectory, Parm prot1_HMR.parm7 (reading 20000 of 20000)
 1: 'prot1_md2.nc' is a NetCDF AMBER trajectory, Parm prot1_HMR.parm7 (reading 40000 of 40000)
  Coordinate processing will occur on 60000 frames.

REFERENCE FRAMES (1 total):
    0: prot1_HMR.rst7:1
	Active reference frame for distance-based masks is 'default_name'

OUTPUT TRAJECTORIES (2 total):
  'prot1_md_centered.nc' (60000 frames) is a NetCDF AMBER trajectory
  'prot1_md_centered.pdb' (60000 frames) is a PDB file: Writing frames 1

BEGIN TRAJECTORY PROCESSING:
.....................................................
ACTION SETUP FOR PARM 'prot1_HMR.parm7' (3 actions):
  0: [center :1-21 mass origin]
	Mask [:1-21] corresponds to 343 atoms.
  1: [rms reference out rmsd_to_ini.dat '(@CA,C,N,O)']
	Target mask: [(@CA,C,N,O)](79)
	Reference mask: [(@CA,C,N,O)](79)
  2: [secstruct SECSTRUCT out secstruct.dat]
Warning: Not all BB atoms found for 2 residues: ACE:1 NHE:21
Info: This is expected for Proline and terminal/non-standard residues.
Info: Expected BB atom names: N=[N   ]  H=[H   ]  C=[C   ]  O=[O   ]  CA=[CA  ]
Info: Re-run with action debug level >= 1 to see which residues are missing atoms.
	Mask [*] corresponds to 21 residues.
----- prot1_md1.nc (1-20000, 1) -----
 0% 10% 20% 30% 
----- prot1_md2.nc (1-40000, 1) -----
40% 50% 60% 70% 80% 90% 100% Complete.

Read 60000 frames and processed 60000 frames.
TIME: Avg. throughput= 77.8947 frames / second.

ACTION OUTPUT:

DATASETS (37 total):
	RMSD_00002 "RMSD_00002" (double, rms), size is 60000
	SECSTRUCT[None] "SECSTRUCT[None]" (float), size is 60000
	SECSTRUCT[Para] "SECSTRUCT[Para]" (float), size is 60000
	SECSTRUCT[Anti] "SECSTRUCT[Anti]" (float), size is 60000
	SECSTRUCT[3-10] "SECSTRUCT[3-10]" (float), size is 60000
	SECSTRUCT[Alpha] "SECSTRUCT[Alpha]" (float), size is 60000
	SECSTRUCT[Pi] "SECSTRUCT[Pi]" (float), size is 60000
	SECSTRUCT[Turn] "SECSTRUCT[Turn]" (float), size is 60000
	SECSTRUCT[Bend] "SECSTRUCT[Bend]" (float), size is 60000
	SECSTRUCT[res]:1 "ACE:1" (integer), size is 60000
	SECSTRUCT[res]:2 "GLY:2" (integer), size is 60000
	SECSTRUCT[res]:3 "LYS:3" (integer), size is 60000
	SECSTRUCT[res]:4 "LYS:4" (integer), size is 60000
	SECSTRUCT[res]:5 "LYS:5" (integer), size is 60000
	SECSTRUCT[res]:6 "LYS:6" (integer), size is 60000
	SECSTRUCT[res]:7 "GLU:7" (integer), size is 60000
	SECSTRUCT[res]:8 "GLU:8" (integer), size is 60000
	SECSTRUCT[res]:9 "GLU:9" (integer), size is 60000
	SECSTRUCT[res]:10 "GLU:10" (integer), size is 60000
	SECSTRUCT[res]:11 "LYS:11" (integer), size is 60000
	SECSTRUCT[res]:12 "LYS:12" (integer), size is 60000
	SECSTRUCT[res]:13 "LYS:13" (integer), size is 60000
	SECSTRUCT[res]:14 "LYS:14" (integer), size is 60000
	SECSTRUCT[res]:15 "GLU:15" (integer), size is 60000
	SECSTRUCT[res]:16 "GLU:16" (integer), size is 60000
	SECSTRUCT[res]:17 "GLU:17" (integer), size is 60000
	SECSTRUCT[res]:18 "GLU:18" (integer), size is 60000
	SECSTRUCT[res]:19 "GLY:19" (integer), size is 60000
	SECSTRUCT[res]:20 "TRP:20" (integer), size is 60000
	SECSTRUCT[res]:21 "NHE:21" (integer), size is 60000
	SECSTRUCT[avgss]:1 "Para" (double), size is 21
	SECSTRUCT[avgss]:2 "Anti" (double), size is 21
	SECSTRUCT[avgss]:3 "3-10" (double), size is 21
	SECSTRUCT[avgss]:4 "Alpha" (double), size is 21
	SECSTRUCT[avgss]:5 "Pi" (double), size is 21
	SECSTRUCT[avgss]:6 "Turn" (double), size is 21
	SECSTRUCT[avgss]:7 "Bend" (double), size is 21

DATAFILES (3 total):
  rmsd_to_ini.dat (Standard Data File):  RMSD_00002
  secstruct.dat (Standard Data File):  ACE:1 GLY:2 LYS:3 LYS:4 ... GLU:18 GLY:19 TRP:20 NHE:21
  secstruct.dat.sum (Standard Data File):  Para Anti 3-10 Alpha Pi Turn Bend

RUN TIMING:
TIME:		Init               : 0.0000 s (  0.00%)
TIME:		Trajectory Process : 770.2710 s ( 99.91%)
TIME:		Action Post        : 0.0002 s (  0.00%)
TIME:		Analysis           : 0.0000 s (  0.00%)
TIME:		Data File Write    : 0.7005 s (  0.09%)
TIME:		Other              : 0.0009 s (  0.00%)
TIME:	Run Total 770.9725 s
---------- RUN END ---------------------------------------------------
  [writedata helicity.dat SECSTRUCT[Alpha]]
	Writing sets to helicity.dat, format 'Standard Data File'
 SECSTRUCT[Alpha]
TIME: Total execution time: 771.3033 seconds.
--------------------------------------------------------------------------------
To cite CPPTRAJ use:
Daniel R. Roe and Thomas E. Cheatham, III, "PTRAJ and CPPTRAJ: Software for
  Processing and Analysis of Molecular Dynamics Trajectory Data". J. Chem.
  Theory Comput., 2013, 9 (7), pp 3084-3095.

igb7_ff98_K4E42 done
