
CPPTRAJ: Trajectory Analysis. V17.00
    ___  ___  ___  ___
     | \/ | \/ | \/ | 
    _|_/\_|_/\_|_/\_|_

| Date/time: 11/21/18 15:14:52
| Available memory: 23.697 GB

INPUT: Reading input from 'STDIN'
  [parm prot1_HMR.parm7]
	Reading 'prot1_HMR.parm7' as Amber Topology
	Radius Set: modified Bondi radii (mbondi)
  [trajin prot1_md1.nc]
	Reading 'prot1_md1.nc' as Amber NetCDF
  [trajin prot1_md2.nc]
	Reading 'prot1_md2.nc' as Amber NetCDF
  [reference prot1_HMR.rst7]
	Reading 'prot1_HMR.rst7' as Amber Restart
	Setting active reference for distance-based masks: 'prot1_HMR.rst7'
  [center :1-21 mass origin]
    CENTER: Centering coordinates using center of mass of atoms in mask (:1-21) to
	coordinate origin.
  [rms reference out rmsd_to_ini.dat '(@CA,C,N,O)']
    RMSD: ((@CA,C,N,O)), reference is "default_name" ((@CA,C,N,O)).
	Best-fit RMSD will be calculated, coords will be rotated and translated.
  [trajout prot1_md_centered.nc]
	Writing 'prot1_md_centered.nc' as Amber NetCDF
  [trajout prot1_md_centered.pdb onlyframes 1]
	Saving frames 1
	Writing 'prot1_md_centered.pdb' as PDB
  [secstruct SECSTRUCT out secstruct.dat]
    SECSTRUCT: Calculating secondary structure using mask [*]
	Dumping results to secstruct.dat
	Sum results to secstruct.dat.sum
	SS data for each residue will be stored as integers.
		0 = None
		1 = Para
		2 = Anti
		3 = 3-10
		4 = Alpha
		5 = Pi
		6 = Turn
		7 = Bend
	Backbone Atom Names: N=[N   ]  H=[H   ]  C=[C   ]  O=[O   ]  CA=[CA  ]
# Citation: Kabsch, W.; Sander, C.; "Dictionary of Protein Secondary Structure:
#           Pattern Recognition of Hydrogen-Bonded and Geometrical Features."
#           Biopolymers (1983), V.22, pp.2577-2637.
  [run]
---------- RUN BEGIN -------------------------------------------------

PARAMETER FILES (1 total):
 0: prot1_HMR.parm7, 491 atoms, 29 res, box: None, 1 mol

INPUT TRAJECTORIES (2 total):
 0: 'prot1_md1.nc' is a NetCDF AMBER trajectory, Parm prot1_HMR.parm7 (reading 20000 of 20000)
 1: 'prot1_md2.nc' is a NetCDF AMBER trajectory, Parm prot1_HMR.parm7 (reading 40000 of 40000)
  Coordinate processing will occur on 60000 frames.

REFERENCE FRAMES (1 total):
    0: prot1_HMR.rst7:1
	Active reference frame for distance-based masks is 'default_name'

OUTPUT TRAJECTORIES (2 total):
  'prot1_md_centered.nc' (60000 frames) is a NetCDF AMBER trajectory
  'prot1_md_centered.pdb' (60000 frames) is a PDB file: Writing frames 1

BEGIN TRAJECTORY PROCESSING:
.....................................................
ACTION SETUP FOR PARM 'prot1_HMR.parm7' (3 actions):
  0: [center :1-21 mass origin]
	Mask [:1-21] corresponds to 361 atoms.
  1: [rms reference out rmsd_to_ini.dat '(@CA,C,N,O)']
	Target mask: [(@CA,C,N,O)](111)
	Reference mask: [(@CA,C,N,O)](111)
  2: [secstruct SECSTRUCT out secstruct.dat]
Warning: Not all BB atoms found for 2 residues: ACE:1 NHE:29
Info: This is expected for Proline and terminal/non-standard residues.
Info: Expected BB atom names: N=[N   ]  H=[H   ]  C=[C   ]  O=[O   ]  CA=[CA  ]
Info: Re-run with action debug level >= 1 to see which residues are missing atoms.
	Mask [*] corresponds to 29 residues.
----- prot1_md1.nc (1-20000, 1) -----
 0% 10% 20% 30% 
----- prot1_md2.nc (1-40000, 1) -----
40% 50% 60% 70% 80% 90% 100% Complete.

Read 60000 frames and processed 60000 frames.
TIME: Avg. throughput= 125.0908 frames / second.

ACTION OUTPUT:

DATASETS (45 total):
	RMSD_00002 "RMSD_00002" (double, rms), size is 60000
	SECSTRUCT[None] "SECSTRUCT[None]" (float), size is 60000
	SECSTRUCT[Para] "SECSTRUCT[Para]" (float), size is 60000
	SECSTRUCT[Anti] "SECSTRUCT[Anti]" (float), size is 60000
	SECSTRUCT[3-10] "SECSTRUCT[3-10]" (float), size is 60000
	SECSTRUCT[Alpha] "SECSTRUCT[Alpha]" (float), size is 60000
	SECSTRUCT[Pi] "SECSTRUCT[Pi]" (float), size is 60000
	SECSTRUCT[Turn] "SECSTRUCT[Turn]" (float), size is 60000
	SECSTRUCT[Bend] "SECSTRUCT[Bend]" (float), size is 60000
	SECSTRUCT[res]:1 "ACE:1" (integer), size is 60000
	SECSTRUCT[res]:2 "GLY:2" (integer), size is 60000
	SECSTRUCT[res]:3 "LYS:3" (integer), size is 60000
	SECSTRUCT[res]:4 "GLU:4" (integer), size is 60000
	SECSTRUCT[res]:5 "GLU:5" (integer), size is 60000
	SECSTRUCT[res]:6 "GLU:6" (integer), size is 60000
	SECSTRUCT[res]:7 "GLU:7" (integer), size is 60000
	SECSTRUCT[res]:8 "LYS:8" (integer), size is 60000
	SECSTRUCT[res]:9 "LYS:9" (integer), size is 60000
	SECSTRUCT[res]:10 "LYS:10" (integer), size is 60000
	SECSTRUCT[res]:11 "LYS:11" (integer), size is 60000
	SECSTRUCT[res]:12 "GLU:12" (integer), size is 60000
	SECSTRUCT[res]:13 "GLU:13" (integer), size is 60000
	SECSTRUCT[res]:14 "GLU:14" (integer), size is 60000
	SECSTRUCT[res]:15 "GLU:15" (integer), size is 60000
	SECSTRUCT[res]:16 "LYS:16" (integer), size is 60000
	SECSTRUCT[res]:17 "LYS:17" (integer), size is 60000
	SECSTRUCT[res]:18 "LYS:18" (integer), size is 60000
	SECSTRUCT[res]:19 "LYS:19" (integer), size is 60000
	SECSTRUCT[res]:20 "GLU:20" (integer), size is 60000
	SECSTRUCT[res]:21 "GLU:21" (integer), size is 60000
	SECSTRUCT[res]:22 "GLU:22" (integer), size is 60000
	SECSTRUCT[res]:23 "GLU:23" (integer), size is 60000
	SECSTRUCT[res]:24 "LYS:24" (integer), size is 60000
	SECSTRUCT[res]:25 "LYS:25" (integer), size is 60000
	SECSTRUCT[res]:26 "LYS:26" (integer), size is 60000
	SECSTRUCT[res]:27 "GLY:27" (integer), size is 60000
	SECSTRUCT[res]:28 "TRP:28" (integer), size is 60000
	SECSTRUCT[res]:29 "NHE:29" (integer), size is 60000
	SECSTRUCT[avgss]:1 "Para" (double), size is 29
	SECSTRUCT[avgss]:2 "Anti" (double), size is 29
	SECSTRUCT[avgss]:3 "3-10" (double), size is 29
	SECSTRUCT[avgss]:4 "Alpha" (double), size is 29
	SECSTRUCT[avgss]:5 "Pi" (double), size is 29
	SECSTRUCT[avgss]:6 "Turn" (double), size is 29
	SECSTRUCT[avgss]:7 "Bend" (double), size is 29

DATAFILES (3 total):
  rmsd_to_ini.dat (Standard Data File):  RMSD_00002
  secstruct.dat (Standard Data File):  ACE:1 GLY:2 LYS:3 GLU:4 ... LYS:26 GLY:27 TRP:28 NHE:29
  secstruct.dat.sum (Standard Data File):  Para Anti 3-10 Alpha Pi Turn Bend

RUN TIMING:
TIME:		Init               : 0.0000 s (  0.00%)
TIME:		Trajectory Process : 479.6516 s ( 99.90%)
TIME:		Action Post        : 0.0001 s (  0.00%)
TIME:		Analysis           : 0.0000 s (  0.00%)
TIME:		Data File Write    : 0.4504 s (  0.09%)
TIME:		Other              : 0.0376 s (  0.00%)
TIME:	Run Total 480.1397 s
---------- RUN END ---------------------------------------------------
  [writedata helicity.dat SECSTRUCT[Alpha]]
	Writing sets to helicity.dat, format 'Standard Data File'
 SECSTRUCT[Alpha]
TIME: Total execution time: 481.2592 seconds.
--------------------------------------------------------------------------------
To cite CPPTRAJ use:
Daniel R. Roe and Thomas E. Cheatham, III, "PTRAJ and CPPTRAJ: Software for
  Processing and Analysis of Molecular Dynamics Trajectory Data". J. Chem.
  Theory Comput., 2013, 9 (7), pp 3084-3095.

igb1_ff14SB_E4K43 done

CPPTRAJ: Trajectory Analysis. V17.00
    ___  ___  ___  ___
     | \/ | \/ | \/ | 
    _|_/\_|_/\_|_/\_|_

| Date/time: 11/21/18 15:22:54
| Available memory: 26.450 GB

INPUT: Reading input from 'STDIN'
  [parm prot1_HMR.parm7]
	Reading 'prot1_HMR.parm7' as Amber Topology
	Radius Set: modified Bondi radii (mbondi)
  [trajin prot1_md1.nc]
	Reading 'prot1_md1.nc' as Amber NetCDF
  [trajin prot1_md2.nc]
	Reading 'prot1_md2.nc' as Amber NetCDF
  [reference prot1_HMR.rst7]
	Reading 'prot1_HMR.rst7' as Amber Restart
	Setting active reference for distance-based masks: 'prot1_HMR.rst7'
  [center :1-21 mass origin]
    CENTER: Centering coordinates using center of mass of atoms in mask (:1-21) to
	coordinate origin.
  [rms reference out rmsd_to_ini.dat '(@CA,C,N,O)']
    RMSD: ((@CA,C,N,O)), reference is "default_name" ((@CA,C,N,O)).
	Best-fit RMSD will be calculated, coords will be rotated and translated.
  [trajout prot1_md_centered.nc]
	Writing 'prot1_md_centered.nc' as Amber NetCDF
  [trajout prot1_md_centered.pdb onlyframes 1]
	Saving frames 1
	Writing 'prot1_md_centered.pdb' as PDB
  [secstruct SECSTRUCT out secstruct.dat]
    SECSTRUCT: Calculating secondary structure using mask [*]
	Dumping results to secstruct.dat
	Sum results to secstruct.dat.sum
	SS data for each residue will be stored as integers.
		0 = None
		1 = Para
		2 = Anti
		3 = 3-10
		4 = Alpha
		5 = Pi
		6 = Turn
		7 = Bend
	Backbone Atom Names: N=[N   ]  H=[H   ]  C=[C   ]  O=[O   ]  CA=[CA  ]
# Citation: Kabsch, W.; Sander, C.; "Dictionary of Protein Secondary Structure:
#           Pattern Recognition of Hydrogen-Bonded and Geometrical Features."
#           Biopolymers (1983), V.22, pp.2577-2637.
  [run]
---------- RUN BEGIN -------------------------------------------------

PARAMETER FILES (1 total):
 0: prot1_HMR.parm7, 491 atoms, 29 res, box: None, 1 mol

INPUT TRAJECTORIES (2 total):
 0: 'prot1_md1.nc' is a NetCDF AMBER trajectory, Parm prot1_HMR.parm7 (reading 20000 of 20000)
 1: 'prot1_md2.nc' is a NetCDF AMBER trajectory, Parm prot1_HMR.parm7 (reading 40000 of 40000)
  Coordinate processing will occur on 60000 frames.

REFERENCE FRAMES (1 total):
    0: prot1_HMR.rst7:1
	Active reference frame for distance-based masks is 'default_name'

OUTPUT TRAJECTORIES (2 total):
  'prot1_md_centered.nc' (60000 frames) is a NetCDF AMBER trajectory
  'prot1_md_centered.pdb' (60000 frames) is a PDB file: Writing frames 1

BEGIN TRAJECTORY PROCESSING:
.....................................................
ACTION SETUP FOR PARM 'prot1_HMR.parm7' (3 actions):
  0: [center :1-21 mass origin]
	Mask [:1-21] corresponds to 375 atoms.
  1: [rms reference out rmsd_to_ini.dat '(@CA,C,N,O)']
	Target mask: [(@CA,C,N,O)](111)
	Reference mask: [(@CA,C,N,O)](111)
  2: [secstruct SECSTRUCT out secstruct.dat]
Warning: Not all BB atoms found for 2 residues: ACE:1 NHE:29
Info: This is expected for Proline and terminal/non-standard residues.
Info: Expected BB atom names: N=[N   ]  H=[H   ]  C=[C   ]  O=[O   ]  CA=[CA  ]
Info: Re-run with action debug level >= 1 to see which residues are missing atoms.
	Mask [*] corresponds to 29 residues.
----- prot1_md1.nc (1-20000, 1) -----
 0% 10% 20% 30% 
----- prot1_md2.nc (1-40000, 1) -----
40% 50% 60% 70% 80% 90% 100% Complete.

Read 60000 frames and processed 60000 frames.
TIME: Avg. throughput= 126.5010 frames / second.

ACTION OUTPUT:

DATASETS (45 total):
	RMSD_00002 "RMSD_00002" (double, rms), size is 60000
	SECSTRUCT[None] "SECSTRUCT[None]" (float), size is 60000
	SECSTRUCT[Para] "SECSTRUCT[Para]" (float), size is 60000
	SECSTRUCT[Anti] "SECSTRUCT[Anti]" (float), size is 60000
	SECSTRUCT[3-10] "SECSTRUCT[3-10]" (float), size is 60000
	SECSTRUCT[Alpha] "SECSTRUCT[Alpha]" (float), size is 60000
	SECSTRUCT[Pi] "SECSTRUCT[Pi]" (float), size is 60000
	SECSTRUCT[Turn] "SECSTRUCT[Turn]" (float), size is 60000
	SECSTRUCT[Bend] "SECSTRUCT[Bend]" (float), size is 60000
	SECSTRUCT[res]:1 "ACE:1" (integer), size is 60000
	SECSTRUCT[res]:2 "GLY:2" (integer), size is 60000
	SECSTRUCT[res]:3 "LYS:3" (integer), size is 60000
	SECSTRUCT[res]:4 "LYS:4" (integer), size is 60000
	SECSTRUCT[res]:5 "LYS:5" (integer), size is 60000
	SECSTRUCT[res]:6 "LYS:6" (integer), size is 60000
	SECSTRUCT[res]:7 "GLU:7" (integer), size is 60000
	SECSTRUCT[res]:8 "GLU:8" (integer), size is 60000
	SECSTRUCT[res]:9 "GLU:9" (integer), size is 60000
	SECSTRUCT[res]:10 "GLU:10" (integer), size is 60000
	SECSTRUCT[res]:11 "LYS:11" (integer), size is 60000
	SECSTRUCT[res]:12 "LYS:12" (integer), size is 60000
	SECSTRUCT[res]:13 "LYS:13" (integer), size is 60000
	SECSTRUCT[res]:14 "LYS:14" (integer), size is 60000
	SECSTRUCT[res]:15 "GLU:15" (integer), size is 60000
	SECSTRUCT[res]:16 "GLU:16" (integer), size is 60000
	SECSTRUCT[res]:17 "GLU:17" (integer), size is 60000
	SECSTRUCT[res]:18 "GLU:18" (integer), size is 60000
	SECSTRUCT[res]:19 "LYS:19" (integer), size is 60000
	SECSTRUCT[res]:20 "LYS:20" (integer), size is 60000
	SECSTRUCT[res]:21 "LYS:21" (integer), size is 60000
	SECSTRUCT[res]:22 "LYS:22" (integer), size is 60000
	SECSTRUCT[res]:23 "GLU:23" (integer), size is 60000
	SECSTRUCT[res]:24 "GLU:24" (integer), size is 60000
	SECSTRUCT[res]:25 "GLU:25" (integer), size is 60000
	SECSTRUCT[res]:26 "GLU:26" (integer), size is 60000
	SECSTRUCT[res]:27 "GLY:27" (integer), size is 60000
	SECSTRUCT[res]:28 "TRP:28" (integer), size is 60000
	SECSTRUCT[res]:29 "NHE:29" (integer), size is 60000
	SECSTRUCT[avgss]:1 "Para" (double), size is 29
	SECSTRUCT[avgss]:2 "Anti" (double), size is 29
	SECSTRUCT[avgss]:3 "3-10" (double), size is 29
	SECSTRUCT[avgss]:4 "Alpha" (double), size is 29
	SECSTRUCT[avgss]:5 "Pi" (double), size is 29
	SECSTRUCT[avgss]:6 "Turn" (double), size is 29
	SECSTRUCT[avgss]:7 "Bend" (double), size is 29

DATAFILES (3 total):
  rmsd_to_ini.dat (Standard Data File):  RMSD_00002
  secstruct.dat (Standard Data File):  ACE:1 GLY:2 LYS:3 LYS:4 ... GLU:26 GLY:27 TRP:28 NHE:29
  secstruct.dat.sum (Standard Data File):  Para Anti 3-10 Alpha Pi Turn Bend

RUN TIMING:
TIME:		Init               : 0.0000 s (  0.00%)
TIME:		Trajectory Process : 474.3044 s ( 99.90%)
TIME:		Action Post        : 0.0001 s (  0.00%)
TIME:		Analysis           : 0.0000 s (  0.00%)
TIME:		Data File Write    : 0.4541 s (  0.10%)
TIME:		Other              : 0.0006 s (  0.00%)
TIME:	Run Total 474.7593 s
---------- RUN END ---------------------------------------------------
  [writedata helicity.dat SECSTRUCT[Alpha]]
	Writing sets to helicity.dat, format 'Standard Data File'
 SECSTRUCT[Alpha]
TIME: Total execution time: 474.9598 seconds.
--------------------------------------------------------------------------------
To cite CPPTRAJ use:
Daniel R. Roe and Thomas E. Cheatham, III, "PTRAJ and CPPTRAJ: Software for
  Processing and Analysis of Molecular Dynamics Trajectory Data". J. Chem.
  Theory Comput., 2013, 9 (7), pp 3084-3095.

igb1_ff14SB_K4E43 done

CPPTRAJ: Trajectory Analysis. V17.00
    ___  ___  ___  ___
     | \/ | \/ | \/ | 
    _|_/\_|_/\_|_/\_|_

| Date/time: 11/21/18 15:30:49
| Available memory: 23.560 GB

INPUT: Reading input from 'STDIN'
  [parm prot1_HMR.parm7]
	Reading 'prot1_HMR.parm7' as Amber Topology
	Radius Set: modified Bondi radii (mbondi)
  [trajin prot1_md1.nc]
	Reading 'prot1_md1.nc' as Amber NetCDF
  [trajin prot1_md2.nc]
	Reading 'prot1_md2.nc' as Amber NetCDF
  [reference prot1_HMR.rst7]
	Reading 'prot1_HMR.rst7' as Amber Restart
	Setting active reference for distance-based masks: 'prot1_HMR.rst7'
  [center :1-21 mass origin]
    CENTER: Centering coordinates using center of mass of atoms in mask (:1-21) to
	coordinate origin.
  [rms reference out rmsd_to_ini.dat '(@CA,C,N,O)']
    RMSD: ((@CA,C,N,O)), reference is "default_name" ((@CA,C,N,O)).
	Best-fit RMSD will be calculated, coords will be rotated and translated.
  [trajout prot1_md_centered.nc]
	Writing 'prot1_md_centered.nc' as Amber NetCDF
  [trajout prot1_md_centered.pdb onlyframes 1]
	Saving frames 1
	Writing 'prot1_md_centered.pdb' as PDB
  [secstruct SECSTRUCT out secstruct.dat]
    SECSTRUCT: Calculating secondary structure using mask [*]
	Dumping results to secstruct.dat
	Sum results to secstruct.dat.sum
	SS data for each residue will be stored as integers.
		0 = None
		1 = Para
		2 = Anti
		3 = 3-10
		4 = Alpha
		5 = Pi
		6 = Turn
		7 = Bend
	Backbone Atom Names: N=[N   ]  H=[H   ]  C=[C   ]  O=[O   ]  CA=[CA  ]
# Citation: Kabsch, W.; Sander, C.; "Dictionary of Protein Secondary Structure:
#           Pattern Recognition of Hydrogen-Bonded and Geometrical Features."
#           Biopolymers (1983), V.22, pp.2577-2637.
  [run]
---------- RUN BEGIN -------------------------------------------------

PARAMETER FILES (1 total):
 0: prot1_HMR.parm7, 491 atoms, 29 res, box: None, 1 mol

INPUT TRAJECTORIES (2 total):
 0: 'prot1_md1.nc' is a NetCDF AMBER trajectory, Parm prot1_HMR.parm7 (reading 20000 of 20000)
 1: 'prot1_md2.nc' is a NetCDF AMBER trajectory, Parm prot1_HMR.parm7 (reading 40000 of 40000)
  Coordinate processing will occur on 60000 frames.

REFERENCE FRAMES (1 total):
    0: prot1_HMR.rst7:1
	Active reference frame for distance-based masks is 'default_name'

OUTPUT TRAJECTORIES (2 total):
  'prot1_md_centered.nc' (60000 frames) is a NetCDF AMBER trajectory
  'prot1_md_centered.pdb' (60000 frames) is a PDB file: Writing frames 1

BEGIN TRAJECTORY PROCESSING:
.....................................................
ACTION SETUP FOR PARM 'prot1_HMR.parm7' (3 actions):
  0: [center :1-21 mass origin]
	Mask [:1-21] corresponds to 361 atoms.
  1: [rms reference out rmsd_to_ini.dat '(@CA,C,N,O)']
	Target mask: [(@CA,C,N,O)](111)
	Reference mask: [(@CA,C,N,O)](111)
  2: [secstruct SECSTRUCT out secstruct.dat]
Warning: Not all BB atoms found for 2 residues: ACE:1 NHE:29
Info: This is expected for Proline and terminal/non-standard residues.
Info: Expected BB atom names: N=[N   ]  H=[H   ]  C=[C   ]  O=[O   ]  CA=[CA  ]
Info: Re-run with action debug level >= 1 to see which residues are missing atoms.
	Mask [*] corresponds to 29 residues.
----- prot1_md1.nc (1-20000, 1) -----
 0% 10% 20% 30% 
----- prot1_md2.nc (1-40000, 1) -----
40% 50% 60% 70% 80% 90% 100% Complete.

Read 60000 frames and processed 60000 frames.
TIME: Avg. throughput= 364.1340 frames / second.

ACTION OUTPUT:

DATASETS (45 total):
	RMSD_00002 "RMSD_00002" (double, rms), size is 60000
	SECSTRUCT[None] "SECSTRUCT[None]" (float), size is 60000
	SECSTRUCT[Para] "SECSTRUCT[Para]" (float), size is 60000
	SECSTRUCT[Anti] "SECSTRUCT[Anti]" (float), size is 60000
	SECSTRUCT[3-10] "SECSTRUCT[3-10]" (float), size is 60000
	SECSTRUCT[Alpha] "SECSTRUCT[Alpha]" (float), size is 60000
	SECSTRUCT[Pi] "SECSTRUCT[Pi]" (float), size is 60000
	SECSTRUCT[Turn] "SECSTRUCT[Turn]" (float), size is 60000
	SECSTRUCT[Bend] "SECSTRUCT[Bend]" (float), size is 60000
	SECSTRUCT[res]:1 "ACE:1" (integer), size is 60000
	SECSTRUCT[res]:2 "GLY:2" (integer), size is 60000
	SECSTRUCT[res]:3 "LYS:3" (integer), size is 60000
	SECSTRUCT[res]:4 "GLU:4" (integer), size is 60000
	SECSTRUCT[res]:5 "GLU:5" (integer), size is 60000
	SECSTRUCT[res]:6 "GLU:6" (integer), size is 60000
	SECSTRUCT[res]:7 "GLU:7" (integer), size is 60000
	SECSTRUCT[res]:8 "LYS:8" (integer), size is 60000
	SECSTRUCT[res]:9 "LYS:9" (integer), size is 60000
	SECSTRUCT[res]:10 "LYS:10" (integer), size is 60000
	SECSTRUCT[res]:11 "LYS:11" (integer), size is 60000
	SECSTRUCT[res]:12 "GLU:12" (integer), size is 60000
	SECSTRUCT[res]:13 "GLU:13" (integer), size is 60000
	SECSTRUCT[res]:14 "GLU:14" (integer), size is 60000
	SECSTRUCT[res]:15 "GLU:15" (integer), size is 60000
	SECSTRUCT[res]:16 "LYS:16" (integer), size is 60000
	SECSTRUCT[res]:17 "LYS:17" (integer), size is 60000
	SECSTRUCT[res]:18 "LYS:18" (integer), size is 60000
	SECSTRUCT[res]:19 "LYS:19" (integer), size is 60000
	SECSTRUCT[res]:20 "GLU:20" (integer), size is 60000
	SECSTRUCT[res]:21 "GLU:21" (integer), size is 60000
	SECSTRUCT[res]:22 "GLU:22" (integer), size is 60000
	SECSTRUCT[res]:23 "GLU:23" (integer), size is 60000
	SECSTRUCT[res]:24 "LYS:24" (integer), size is 60000
	SECSTRUCT[res]:25 "LYS:25" (integer), size is 60000
	SECSTRUCT[res]:26 "LYS:26" (integer), size is 60000
	SECSTRUCT[res]:27 "GLY:27" (integer), size is 60000
	SECSTRUCT[res]:28 "TRP:28" (integer), size is 60000
	SECSTRUCT[res]:29 "NHE:29" (integer), size is 60000
	SECSTRUCT[avgss]:1 "Para" (double), size is 29
	SECSTRUCT[avgss]:2 "Anti" (double), size is 29
	SECSTRUCT[avgss]:3 "3-10" (double), size is 29
	SECSTRUCT[avgss]:4 "Alpha" (double), size is 29
	SECSTRUCT[avgss]:5 "Pi" (double), size is 29
	SECSTRUCT[avgss]:6 "Turn" (double), size is 29
	SECSTRUCT[avgss]:7 "Bend" (double), size is 29

DATAFILES (3 total):
  rmsd_to_ini.dat (Standard Data File):  RMSD_00002
  secstruct.dat (Standard Data File):  ACE:1 GLY:2 LYS:3 GLU:4 ... LYS:26 GLY:27 TRP:28 NHE:29
  secstruct.dat.sum (Standard Data File):  Para Anti 3-10 Alpha Pi Turn Bend

RUN TIMING:
TIME:		Init               : 0.0000 s (  0.00%)
TIME:		Trajectory Process : 164.7745 s ( 99.68%)
TIME:		Action Post        : 0.0001 s (  0.00%)
TIME:		Analysis           : 0.0000 s (  0.00%)
TIME:		Data File Write    : 0.4278 s (  0.26%)
TIME:		Other              : 0.1030 s (  0.00%)
TIME:	Run Total 165.3054 s
---------- RUN END ---------------------------------------------------
  [writedata helicity.dat SECSTRUCT[Alpha]]
	Writing sets to helicity.dat, format 'Standard Data File'
 SECSTRUCT[Alpha]
TIME: Total execution time: 165.7064 seconds.
--------------------------------------------------------------------------------
To cite CPPTRAJ use:
Daniel R. Roe and Thomas E. Cheatham, III, "PTRAJ and CPPTRAJ: Software for
  Processing and Analysis of Molecular Dynamics Trajectory Data". J. Chem.
  Theory Comput., 2013, 9 (7), pp 3084-3095.

igb1_ff03.r1_E4K43 done

CPPTRAJ: Trajectory Analysis. V17.00
    ___  ___  ___  ___
     | \/ | \/ | \/ | 
    _|_/\_|_/\_|_/\_|_

| Date/time: 11/21/18 15:33:34
| Available memory: 23.559 GB

INPUT: Reading input from 'STDIN'
  [parm prot1_HMR.parm7]
	Reading 'prot1_HMR.parm7' as Amber Topology
	Radius Set: modified Bondi radii (mbondi)
  [trajin prot1_md1.nc]
	Reading 'prot1_md1.nc' as Amber NetCDF
  [trajin prot1_md2.nc]
	Reading 'prot1_md2.nc' as Amber NetCDF
  [reference prot1_HMR.rst7]
	Reading 'prot1_HMR.rst7' as Amber Restart
	Setting active reference for distance-based masks: 'prot1_HMR.rst7'
  [center :1-21 mass origin]
    CENTER: Centering coordinates using center of mass of atoms in mask (:1-21) to
	coordinate origin.
  [rms reference out rmsd_to_ini.dat '(@CA,C,N,O)']
    RMSD: ((@CA,C,N,O)), reference is "default_name" ((@CA,C,N,O)).
	Best-fit RMSD will be calculated, coords will be rotated and translated.
  [trajout prot1_md_centered.nc]
	Writing 'prot1_md_centered.nc' as Amber NetCDF
  [trajout prot1_md_centered.pdb onlyframes 1]
	Saving frames 1
	Writing 'prot1_md_centered.pdb' as PDB
  [secstruct SECSTRUCT out secstruct.dat]
    SECSTRUCT: Calculating secondary structure using mask [*]
	Dumping results to secstruct.dat
	Sum results to secstruct.dat.sum
	SS data for each residue will be stored as integers.
		0 = None
		1 = Para
		2 = Anti
		3 = 3-10
		4 = Alpha
		5 = Pi
		6 = Turn
		7 = Bend
	Backbone Atom Names: N=[N   ]  H=[H   ]  C=[C   ]  O=[O   ]  CA=[CA  ]
# Citation: Kabsch, W.; Sander, C.; "Dictionary of Protein Secondary Structure:
#           Pattern Recognition of Hydrogen-Bonded and Geometrical Features."
#           Biopolymers (1983), V.22, pp.2577-2637.
  [run]
---------- RUN BEGIN -------------------------------------------------

PARAMETER FILES (1 total):
 0: prot1_HMR.parm7, 491 atoms, 29 res, box: None, 1 mol

INPUT TRAJECTORIES (2 total):
 0: 'prot1_md1.nc' is a NetCDF AMBER trajectory, Parm prot1_HMR.parm7 (reading 20000 of 20000)
 1: 'prot1_md2.nc' is a NetCDF AMBER trajectory, Parm prot1_HMR.parm7 (reading 40000 of 40000)
  Coordinate processing will occur on 60000 frames.

REFERENCE FRAMES (1 total):
    0: prot1_HMR.rst7:1
	Active reference frame for distance-based masks is 'default_name'

OUTPUT TRAJECTORIES (2 total):
  'prot1_md_centered.nc' (60000 frames) is a NetCDF AMBER trajectory
  'prot1_md_centered.pdb' (60000 frames) is a PDB file: Writing frames 1

BEGIN TRAJECTORY PROCESSING:
.....................................................
ACTION SETUP FOR PARM 'prot1_HMR.parm7' (3 actions):
  0: [center :1-21 mass origin]
	Mask [:1-21] corresponds to 375 atoms.
  1: [rms reference out rmsd_to_ini.dat '(@CA,C,N,O)']
	Target mask: [(@CA,C,N,O)](111)
	Reference mask: [(@CA,C,N,O)](111)
  2: [secstruct SECSTRUCT out secstruct.dat]
Warning: Not all BB atoms found for 2 residues: ACE:1 NHE:29
Info: This is expected for Proline and terminal/non-standard residues.
Info: Expected BB atom names: N=[N   ]  H=[H   ]  C=[C   ]  O=[O   ]  CA=[CA  ]
Info: Re-run with action debug level >= 1 to see which residues are missing atoms.
	Mask [*] corresponds to 29 residues.
----- prot1_md1.nc (1-20000, 1) -----
 0% 10% 20% 30% 
----- prot1_md2.nc (1-40000, 1) -----
40% 50% 60% 70% 80% 90% 100% Complete.

Read 60000 frames and processed 60000 frames.
TIME: Avg. throughput= 125.1929 frames / second.

ACTION OUTPUT:

DATASETS (45 total):
	RMSD_00002 "RMSD_00002" (double, rms), size is 60000
	SECSTRUCT[None] "SECSTRUCT[None]" (float), size is 60000
	SECSTRUCT[Para] "SECSTRUCT[Para]" (float), size is 60000
	SECSTRUCT[Anti] "SECSTRUCT[Anti]" (float), size is 60000
	SECSTRUCT[3-10] "SECSTRUCT[3-10]" (float), size is 60000
	SECSTRUCT[Alpha] "SECSTRUCT[Alpha]" (float), size is 60000
	SECSTRUCT[Pi] "SECSTRUCT[Pi]" (float), size is 60000
	SECSTRUCT[Turn] "SECSTRUCT[Turn]" (float), size is 60000
	SECSTRUCT[Bend] "SECSTRUCT[Bend]" (float), size is 60000
	SECSTRUCT[res]:1 "ACE:1" (integer), size is 60000
	SECSTRUCT[res]:2 "GLY:2" (integer), size is 60000
	SECSTRUCT[res]:3 "LYS:3" (integer), size is 60000
	SECSTRUCT[res]:4 "LYS:4" (integer), size is 60000
	SECSTRUCT[res]:5 "LYS:5" (integer), size is 60000
	SECSTRUCT[res]:6 "LYS:6" (integer), size is 60000
	SECSTRUCT[res]:7 "GLU:7" (integer), size is 60000
	SECSTRUCT[res]:8 "GLU:8" (integer), size is 60000
	SECSTRUCT[res]:9 "GLU:9" (integer), size is 60000
	SECSTRUCT[res]:10 "GLU:10" (integer), size is 60000
	SECSTRUCT[res]:11 "LYS:11" (integer), size is 60000
	SECSTRUCT[res]:12 "LYS:12" (integer), size is 60000
	SECSTRUCT[res]:13 "LYS:13" (integer), size is 60000
	SECSTRUCT[res]:14 "LYS:14" (integer), size is 60000
	SECSTRUCT[res]:15 "GLU:15" (integer), size is 60000
	SECSTRUCT[res]:16 "GLU:16" (integer), size is 60000
	SECSTRUCT[res]:17 "GLU:17" (integer), size is 60000
	SECSTRUCT[res]:18 "GLU:18" (integer), size is 60000
	SECSTRUCT[res]:19 "LYS:19" (integer), size is 60000
	SECSTRUCT[res]:20 "LYS:20" (integer), size is 60000
	SECSTRUCT[res]:21 "LYS:21" (integer), size is 60000
	SECSTRUCT[res]:22 "LYS:22" (integer), size is 60000
	SECSTRUCT[res]:23 "GLU:23" (integer), size is 60000
	SECSTRUCT[res]:24 "GLU:24" (integer), size is 60000
	SECSTRUCT[res]:25 "GLU:25" (integer), size is 60000
	SECSTRUCT[res]:26 "GLU:26" (integer), size is 60000
	SECSTRUCT[res]:27 "GLY:27" (integer), size is 60000
	SECSTRUCT[res]:28 "TRP:28" (integer), size is 60000
	SECSTRUCT[res]:29 "NHE:29" (integer), size is 60000
	SECSTRUCT[avgss]:1 "Para" (double), size is 29
	SECSTRUCT[avgss]:2 "Anti" (double), size is 29
	SECSTRUCT[avgss]:3 "3-10" (double), size is 29
	SECSTRUCT[avgss]:4 "Alpha" (double), size is 29
	SECSTRUCT[avgss]:5 "Pi" (double), size is 29
	SECSTRUCT[avgss]:6 "Turn" (double), size is 29
	SECSTRUCT[avgss]:7 "Bend" (double), size is 29

DATAFILES (3 total):
  rmsd_to_ini.dat (Standard Data File):  RMSD_00002
  secstruct.dat (Standard Data File):  ACE:1 GLY:2 LYS:3 LYS:4 ... GLU:26 GLY:27 TRP:28 NHE:29
  secstruct.dat.sum (Standard Data File):  Para Anti 3-10 Alpha Pi Turn Bend

RUN TIMING:
TIME:		Init               : 0.0000 s (  0.00%)
TIME:		Trajectory Process : 479.2604 s ( 99.90%)
TIME:		Action Post        : 0.0001 s (  0.00%)
TIME:		Analysis           : 0.0000 s (  0.00%)
TIME:		Data File Write    : 0.4579 s (  0.10%)
TIME:		Other              : 0.0005 s (  0.00%)
TIME:	Run Total 479.7190 s
---------- RUN END ---------------------------------------------------
  [writedata helicity.dat SECSTRUCT[Alpha]]
	Writing sets to helicity.dat, format 'Standard Data File'
 SECSTRUCT[Alpha]
TIME: Total execution time: 480.2892 seconds.
--------------------------------------------------------------------------------
To cite CPPTRAJ use:
Daniel R. Roe and Thomas E. Cheatham, III, "PTRAJ and CPPTRAJ: Software for
  Processing and Analysis of Molecular Dynamics Trajectory Data". J. Chem.
  Theory Comput., 2013, 9 (7), pp 3084-3095.

igb1_ff03.r1_K4E43 done

CPPTRAJ: Trajectory Analysis. V17.00
    ___  ___  ___  ___
     | \/ | \/ | \/ | 
    _|_/\_|_/\_|_/\_|_

| Date/time: 11/21/18 15:41:35
| Available memory: 23.563 GB

INPUT: Reading input from 'STDIN'
  [parm prot1_HMR.parm7]
TIME: Total execution time: 0.0010 seconds.

igb1_ff99SBnmr_E4K43 done

CPPTRAJ: Trajectory Analysis. V17.00
    ___  ___  ___  ___
     | \/ | \/ | \/ | 
    _|_/\_|_/\_|_/\_|_

| Date/time: 11/21/18 15:41:35
| Available memory: 23.563 GB

INPUT: Reading input from 'STDIN'
  [parm prot1_HMR.parm7]
TIME: Total execution time: 0.0004 seconds.

igb1_ff99SBnmr_K4E43 done

CPPTRAJ: Trajectory Analysis. V17.00
    ___  ___  ___  ___
     | \/ | \/ | \/ | 
    _|_/\_|_/\_|_/\_|_

| Date/time: 11/21/18 15:41:35
| Available memory: 23.562 GB

INPUT: Reading input from 'STDIN'
  [parm prot1_HMR.parm7]
TIME: Total execution time: 0.0004 seconds.

igb1_ff96_E4K43 done

CPPTRAJ: Trajectory Analysis. V17.00
    ___  ___  ___  ___
     | \/ | \/ | \/ | 
    _|_/\_|_/\_|_/\_|_

| Date/time: 11/21/18 15:41:35
| Available memory: 23.562 GB

INPUT: Reading input from 'STDIN'
  [parm prot1_HMR.parm7]
TIME: Total execution time: 0.0011 seconds.

igb1_ff96_K4E43 done

CPPTRAJ: Trajectory Analysis. V17.00
    ___  ___  ___  ___
     | \/ | \/ | \/ | 
    _|_/\_|_/\_|_/\_|_

| Date/time: 11/21/18 15:41:35
| Available memory: 23.563 GB

INPUT: Reading input from 'STDIN'
  [parm prot1_HMR.parm7]
	Reading 'prot1_HMR.parm7' as Amber Topology
	Radius Set: modified Bondi radii (mbondi)
  [trajin prot1_md1.nc]
	Reading 'prot1_md1.nc' as Amber NetCDF
  [trajin prot1_md2.nc]
	Reading 'prot1_md2.nc' as Amber NetCDF
  [reference prot1_HMR.rst7]
	Reading 'prot1_HMR.rst7' as Amber Restart
	Setting active reference for distance-based masks: 'prot1_HMR.rst7'
  [center :1-21 mass origin]
    CENTER: Centering coordinates using center of mass of atoms in mask (:1-21) to
	coordinate origin.
  [rms reference out rmsd_to_ini.dat '(@CA,C,N,O)']
    RMSD: ((@CA,C,N,O)), reference is "default_name" ((@CA,C,N,O)).
	Best-fit RMSD will be calculated, coords will be rotated and translated.
  [trajout prot1_md_centered.nc]
	Writing 'prot1_md_centered.nc' as Amber NetCDF
  [trajout prot1_md_centered.pdb onlyframes 1]
	Saving frames 1
	Writing 'prot1_md_centered.pdb' as PDB
  [secstruct SECSTRUCT out secstruct.dat]
    SECSTRUCT: Calculating secondary structure using mask [*]
	Dumping results to secstruct.dat
	Sum results to secstruct.dat.sum
	SS data for each residue will be stored as integers.
		0 = None
		1 = Para
		2 = Anti
		3 = 3-10
		4 = Alpha
		5 = Pi
		6 = Turn
		7 = Bend
	Backbone Atom Names: N=[N   ]  H=[H   ]  C=[C   ]  O=[O   ]  CA=[CA  ]
# Citation: Kabsch, W.; Sander, C.; "Dictionary of Protein Secondary Structure:
#           Pattern Recognition of Hydrogen-Bonded and Geometrical Features."
#           Biopolymers (1983), V.22, pp.2577-2637.
  [run]
---------- RUN BEGIN -------------------------------------------------

PARAMETER FILES (1 total):
 0: prot1_HMR.parm7, 491 atoms, 29 res, box: None, 1 mol

INPUT TRAJECTORIES (2 total):
 0: 'prot1_md1.nc' is a NetCDF AMBER trajectory, Parm prot1_HMR.parm7 (reading 20000 of 20000)
 1: 'prot1_md2.nc' is a NetCDF AMBER trajectory, Parm prot1_HMR.parm7 (reading 40000 of 40000)
  Coordinate processing will occur on 60000 frames.

REFERENCE FRAMES (1 total):
    0: prot1_HMR.rst7:1
	Active reference frame for distance-based masks is 'default_name'

OUTPUT TRAJECTORIES (2 total):
  'prot1_md_centered.nc' (60000 frames) is a NetCDF AMBER trajectory
  'prot1_md_centered.pdb' (60000 frames) is a PDB file: Writing frames 1

BEGIN TRAJECTORY PROCESSING:
.....................................................
ACTION SETUP FOR PARM 'prot1_HMR.parm7' (3 actions):
  0: [center :1-21 mass origin]
	Mask [:1-21] corresponds to 361 atoms.
  1: [rms reference out rmsd_to_ini.dat '(@CA,C,N,O)']
	Target mask: [(@CA,C,N,O)](111)
	Reference mask: [(@CA,C,N,O)](111)
  2: [secstruct SECSTRUCT out secstruct.dat]
Warning: Not all BB atoms found for 2 residues: ACE:1 NHE:29
Info: This is expected for Proline and terminal/non-standard residues.
Info: Expected BB atom names: N=[N   ]  H=[H   ]  C=[C   ]  O=[O   ]  CA=[CA  ]
Info: Re-run with action debug level >= 1 to see which residues are missing atoms.
	Mask [*] corresponds to 29 residues.
----- prot1_md1.nc (1-20000, 1) -----
 0% 10% 20% 30% 
----- prot1_md2.nc (1-40000, 1) -----
40% 50% 60% 70% 80% 90% 100% Complete.

Read 60000 frames and processed 60000 frames.
TIME: Avg. throughput= 100.6007 frames / second.

ACTION OUTPUT:

DATASETS (45 total):
	RMSD_00002 "RMSD_00002" (double, rms), size is 60000
	SECSTRUCT[None] "SECSTRUCT[None]" (float), size is 60000
	SECSTRUCT[Para] "SECSTRUCT[Para]" (float), size is 60000
	SECSTRUCT[Anti] "SECSTRUCT[Anti]" (float), size is 60000
	SECSTRUCT[3-10] "SECSTRUCT[3-10]" (float), size is 60000
	SECSTRUCT[Alpha] "SECSTRUCT[Alpha]" (float), size is 60000
	SECSTRUCT[Pi] "SECSTRUCT[Pi]" (float), size is 60000
	SECSTRUCT[Turn] "SECSTRUCT[Turn]" (float), size is 60000
	SECSTRUCT[Bend] "SECSTRUCT[Bend]" (float), size is 60000
	SECSTRUCT[res]:1 "ACE:1" (integer), size is 60000
	SECSTRUCT[res]:2 "GLY:2" (integer), size is 60000
	SECSTRUCT[res]:3 "LYS:3" (integer), size is 60000
	SECSTRUCT[res]:4 "GLU:4" (integer), size is 60000
	SECSTRUCT[res]:5 "GLU:5" (integer), size is 60000
	SECSTRUCT[res]:6 "GLU:6" (integer), size is 60000
	SECSTRUCT[res]:7 "GLU:7" (integer), size is 60000
	SECSTRUCT[res]:8 "LYS:8" (integer), size is 60000
	SECSTRUCT[res]:9 "LYS:9" (integer), size is 60000
	SECSTRUCT[res]:10 "LYS:10" (integer), size is 60000
	SECSTRUCT[res]:11 "LYS:11" (integer), size is 60000
	SECSTRUCT[res]:12 "GLU:12" (integer), size is 60000
	SECSTRUCT[res]:13 "GLU:13" (integer), size is 60000
	SECSTRUCT[res]:14 "GLU:14" (integer), size is 60000
	SECSTRUCT[res]:15 "GLU:15" (integer), size is 60000
	SECSTRUCT[res]:16 "LYS:16" (integer), size is 60000
	SECSTRUCT[res]:17 "LYS:17" (integer), size is 60000
	SECSTRUCT[res]:18 "LYS:18" (integer), size is 60000
	SECSTRUCT[res]:19 "LYS:19" (integer), size is 60000
	SECSTRUCT[res]:20 "GLU:20" (integer), size is 60000
	SECSTRUCT[res]:21 "GLU:21" (integer), size is 60000
	SECSTRUCT[res]:22 "GLU:22" (integer), size is 60000
	SECSTRUCT[res]:23 "GLU:23" (integer), size is 60000
	SECSTRUCT[res]:24 "LYS:24" (integer), size is 60000
	SECSTRUCT[res]:25 "LYS:25" (integer), size is 60000
	SECSTRUCT[res]:26 "LYS:26" (integer), size is 60000
	SECSTRUCT[res]:27 "GLY:27" (integer), size is 60000
	SECSTRUCT[res]:28 "TRP:28" (integer), size is 60000
	SECSTRUCT[res]:29 "NHE:29" (integer), size is 60000
	SECSTRUCT[avgss]:1 "Para" (double), size is 29
	SECSTRUCT[avgss]:2 "Anti" (double), size is 29
	SECSTRUCT[avgss]:3 "3-10" (double), size is 29
	SECSTRUCT[avgss]:4 "Alpha" (double), size is 29
	SECSTRUCT[avgss]:5 "Pi" (double), size is 29
	SECSTRUCT[avgss]:6 "Turn" (double), size is 29
	SECSTRUCT[avgss]:7 "Bend" (double), size is 29

DATAFILES (3 total):
  rmsd_to_ini.dat (Standard Data File):  RMSD_00002
  secstruct.dat (Standard Data File):  ACE:1 GLY:2 LYS:3 GLU:4 ... LYS:26 GLY:27 TRP:28 NHE:29
  secstruct.dat.sum (Standard Data File):  Para Anti 3-10 Alpha Pi Turn Bend

RUN TIMING:
TIME:		Init               : 0.0000 s (  0.00%)
TIME:		Trajectory Process : 596.4171 s ( 99.93%)
TIME:		Action Post        : 0.0001 s (  0.00%)
TIME:		Analysis           : 0.0000 s (  0.00%)
TIME:		Data File Write    : 0.4361 s (  0.07%)
TIME:		Other              : 0.0010 s (  0.00%)
TIME:	Run Total 596.8542 s
---------- RUN END ---------------------------------------------------
  [writedata helicity.dat SECSTRUCT[Alpha]]
	Writing sets to helicity.dat, format 'Standard Data File'
 SECSTRUCT[Alpha]
TIME: Total execution time: 597.1337 seconds.
--------------------------------------------------------------------------------
To cite CPPTRAJ use:
Daniel R. Roe and Thomas E. Cheatham, III, "PTRAJ and CPPTRAJ: Software for
  Processing and Analysis of Molecular Dynamics Trajectory Data". J. Chem.
  Theory Comput., 2013, 9 (7), pp 3084-3095.

igb1_ff94_E4K43 done

CPPTRAJ: Trajectory Analysis. V17.00
    ___  ___  ___  ___
     | \/ | \/ | \/ | 
    _|_/\_|_/\_|_/\_|_

| Date/time: 11/21/18 15:51:32
| Available memory: 26.548 GB

INPUT: Reading input from 'STDIN'
  [parm prot1_HMR.parm7]
	Reading 'prot1_HMR.parm7' as Amber Topology
	Radius Set: modified Bondi radii (mbondi)
  [trajin prot1_md1.nc]
	Reading 'prot1_md1.nc' as Amber NetCDF
  [trajin prot1_md2.nc]
	Reading 'prot1_md2.nc' as Amber NetCDF
  [reference prot1_HMR.rst7]
	Reading 'prot1_HMR.rst7' as Amber Restart
	Setting active reference for distance-based masks: 'prot1_HMR.rst7'
  [center :1-21 mass origin]
    CENTER: Centering coordinates using center of mass of atoms in mask (:1-21) to
	coordinate origin.
  [rms reference out rmsd_to_ini.dat '(@CA,C,N,O)']
    RMSD: ((@CA,C,N,O)), reference is "default_name" ((@CA,C,N,O)).
	Best-fit RMSD will be calculated, coords will be rotated and translated.
  [trajout prot1_md_centered.nc]
	Writing 'prot1_md_centered.nc' as Amber NetCDF
  [trajout prot1_md_centered.pdb onlyframes 1]
	Saving frames 1
	Writing 'prot1_md_centered.pdb' as PDB
  [secstruct SECSTRUCT out secstruct.dat]
    SECSTRUCT: Calculating secondary structure using mask [*]
	Dumping results to secstruct.dat
	Sum results to secstruct.dat.sum
	SS data for each residue will be stored as integers.
		0 = None
		1 = Para
		2 = Anti
		3 = 3-10
		4 = Alpha
		5 = Pi
		6 = Turn
		7 = Bend
	Backbone Atom Names: N=[N   ]  H=[H   ]  C=[C   ]  O=[O   ]  CA=[CA  ]
# Citation: Kabsch, W.; Sander, C.; "Dictionary of Protein Secondary Structure:
#           Pattern Recognition of Hydrogen-Bonded and Geometrical Features."
#           Biopolymers (1983), V.22, pp.2577-2637.
  [run]
---------- RUN BEGIN -------------------------------------------------

PARAMETER FILES (1 total):
 0: prot1_HMR.parm7, 491 atoms, 29 res, box: None, 1 mol

INPUT TRAJECTORIES (2 total):
 0: 'prot1_md1.nc' is a NetCDF AMBER trajectory, Parm prot1_HMR.parm7 (reading 20000 of 20000)
 1: 'prot1_md2.nc' is a NetCDF AMBER trajectory, Parm prot1_HMR.parm7 (reading 40000 of 40000)
  Coordinate processing will occur on 60000 frames.

REFERENCE FRAMES (1 total):
    0: prot1_HMR.rst7:1
	Active reference frame for distance-based masks is 'default_name'

OUTPUT TRAJECTORIES (2 total):
  'prot1_md_centered.nc' (60000 frames) is a NetCDF AMBER trajectory
  'prot1_md_centered.pdb' (60000 frames) is a PDB file: Writing frames 1

BEGIN TRAJECTORY PROCESSING:
.....................................................
ACTION SETUP FOR PARM 'prot1_HMR.parm7' (3 actions):
  0: [center :1-21 mass origin]
	Mask [:1-21] corresponds to 375 atoms.
  1: [rms reference out rmsd_to_ini.dat '(@CA,C,N,O)']
	Target mask: [(@CA,C,N,O)](111)
	Reference mask: [(@CA,C,N,O)](111)
  2: [secstruct SECSTRUCT out secstruct.dat]
Warning: Not all BB atoms found for 2 residues: ACE:1 NHE:29
Info: This is expected for Proline and terminal/non-standard residues.
Info: Expected BB atom names: N=[N   ]  H=[H   ]  C=[C   ]  O=[O   ]  CA=[CA  ]
Info: Re-run with action debug level >= 1 to see which residues are missing atoms.
	Mask [*] corresponds to 29 residues.
----- prot1_md1.nc (1-20000, 1) -----
 0% 10% 20% 30% 
----- prot1_md2.nc (1-40000, 1) -----
40% 50% 60% 70% 80% 90% 100% Complete.

Read 60000 frames and processed 60000 frames.
TIME: Avg. throughput= 133.2376 frames / second.

ACTION OUTPUT:

DATASETS (45 total):
	RMSD_00002 "RMSD_00002" (double, rms), size is 60000
	SECSTRUCT[None] "SECSTRUCT[None]" (float), size is 60000
	SECSTRUCT[Para] "SECSTRUCT[Para]" (float), size is 60000
	SECSTRUCT[Anti] "SECSTRUCT[Anti]" (float), size is 60000
	SECSTRUCT[3-10] "SECSTRUCT[3-10]" (float), size is 60000
	SECSTRUCT[Alpha] "SECSTRUCT[Alpha]" (float), size is 60000
	SECSTRUCT[Pi] "SECSTRUCT[Pi]" (float), size is 60000
	SECSTRUCT[Turn] "SECSTRUCT[Turn]" (float), size is 60000
	SECSTRUCT[Bend] "SECSTRUCT[Bend]" (float), size is 60000
	SECSTRUCT[res]:1 "ACE:1" (integer), size is 60000
	SECSTRUCT[res]:2 "GLY:2" (integer), size is 60000
	SECSTRUCT[res]:3 "LYS:3" (integer), size is 60000
	SECSTRUCT[res]:4 "LYS:4" (integer), size is 60000
	SECSTRUCT[res]:5 "LYS:5" (integer), size is 60000
	SECSTRUCT[res]:6 "LYS:6" (integer), size is 60000
	SECSTRUCT[res]:7 "GLU:7" (integer), size is 60000
	SECSTRUCT[res]:8 "GLU:8" (integer), size is 60000
	SECSTRUCT[res]:9 "GLU:9" (integer), size is 60000
	SECSTRUCT[res]:10 "GLU:10" (integer), size is 60000
	SECSTRUCT[res]:11 "LYS:11" (integer), size is 60000
	SECSTRUCT[res]:12 "LYS:12" (integer), size is 60000
	SECSTRUCT[res]:13 "LYS:13" (integer), size is 60000
	SECSTRUCT[res]:14 "LYS:14" (integer), size is 60000
	SECSTRUCT[res]:15 "GLU:15" (integer), size is 60000
	SECSTRUCT[res]:16 "GLU:16" (integer), size is 60000
	SECSTRUCT[res]:17 "GLU:17" (integer), size is 60000
	SECSTRUCT[res]:18 "GLU:18" (integer), size is 60000
	SECSTRUCT[res]:19 "LYS:19" (integer), size is 60000
	SECSTRUCT[res]:20 "LYS:20" (integer), size is 60000
	SECSTRUCT[res]:21 "LYS:21" (integer), size is 60000
	SECSTRUCT[res]:22 "LYS:22" (integer), size is 60000
	SECSTRUCT[res]:23 "GLU:23" (integer), size is 60000
	SECSTRUCT[res]:24 "GLU:24" (integer), size is 60000
	SECSTRUCT[res]:25 "GLU:25" (integer), size is 60000
	SECSTRUCT[res]:26 "GLU:26" (integer), size is 60000
	SECSTRUCT[res]:27 "GLY:27" (integer), size is 60000
	SECSTRUCT[res]:28 "TRP:28" (integer), size is 60000
	SECSTRUCT[res]:29 "NHE:29" (integer), size is 60000
	SECSTRUCT[avgss]:1 "Para" (double), size is 29
	SECSTRUCT[avgss]:2 "Anti" (double), size is 29
	SECSTRUCT[avgss]:3 "3-10" (double), size is 29
	SECSTRUCT[avgss]:4 "Alpha" (double), size is 29
	SECSTRUCT[avgss]:5 "Pi" (double), size is 29
	SECSTRUCT[avgss]:6 "Turn" (double), size is 29
	SECSTRUCT[avgss]:7 "Bend" (double), size is 29

DATAFILES (3 total):
  rmsd_to_ini.dat (Standard Data File):  RMSD_00002
  secstruct.dat (Standard Data File):  ACE:1 GLY:2 LYS:3 LYS:4 ... GLU:26 GLY:27 TRP:28 NHE:29
  secstruct.dat.sum (Standard Data File):  Para Anti 3-10 Alpha Pi Turn Bend

RUN TIMING:
TIME:		Init               : 0.0000 s (  0.00%)
TIME:		Trajectory Process : 450.3232 s ( 99.87%)
TIME:		Action Post        : 0.0001 s (  0.00%)
TIME:		Analysis           : 0.0000 s (  0.00%)
TIME:		Data File Write    : 0.5787 s (  0.13%)
TIME:		Other              : 0.0005 s (  0.00%)
TIME:	Run Total 450.9025 s
---------- RUN END ---------------------------------------------------
  [writedata helicity.dat SECSTRUCT[Alpha]]
	Writing sets to helicity.dat, format 'Standard Data File'
 SECSTRUCT[Alpha]
TIME: Total execution time: 451.1731 seconds.
--------------------------------------------------------------------------------
To cite CPPTRAJ use:
Daniel R. Roe and Thomas E. Cheatham, III, "PTRAJ and CPPTRAJ: Software for
  Processing and Analysis of Molecular Dynamics Trajectory Data". J. Chem.
  Theory Comput., 2013, 9 (7), pp 3084-3095.

igb1_ff94_K4E43 done

CPPTRAJ: Trajectory Analysis. V17.00
    ___  ___  ___  ___
     | \/ | \/ | \/ | 
    _|_/\_|_/\_|_/\_|_

| Date/time: 11/21/18 15:59:03
| Available memory: 23.620 GB

INPUT: Reading input from 'STDIN'
  [parm prot1_HMR.parm7]
	Reading 'prot1_HMR.parm7' as Amber Topology
	Radius Set: modified Bondi radii (mbondi)
  [trajin prot1_md1.nc]
	Reading 'prot1_md1.nc' as Amber NetCDF
  [trajin prot1_md2.nc]
	Reading 'prot1_md2.nc' as Amber NetCDF
  [reference prot1_HMR.rst7]
	Reading 'prot1_HMR.rst7' as Amber Restart
	Setting active reference for distance-based masks: 'prot1_HMR.rst7'
  [center :1-21 mass origin]
    CENTER: Centering coordinates using center of mass of atoms in mask (:1-21) to
	coordinate origin.
  [rms reference out rmsd_to_ini.dat '(@CA,C,N,O)']
    RMSD: ((@CA,C,N,O)), reference is "default_name" ((@CA,C,N,O)).
	Best-fit RMSD will be calculated, coords will be rotated and translated.
  [trajout prot1_md_centered.nc]
	Writing 'prot1_md_centered.nc' as Amber NetCDF
  [trajout prot1_md_centered.pdb onlyframes 1]
	Saving frames 1
	Writing 'prot1_md_centered.pdb' as PDB
  [secstruct SECSTRUCT out secstruct.dat]
    SECSTRUCT: Calculating secondary structure using mask [*]
	Dumping results to secstruct.dat
	Sum results to secstruct.dat.sum
	SS data for each residue will be stored as integers.
		0 = None
		1 = Para
		2 = Anti
		3 = 3-10
		4 = Alpha
		5 = Pi
		6 = Turn
		7 = Bend
	Backbone Atom Names: N=[N   ]  H=[H   ]  C=[C   ]  O=[O   ]  CA=[CA  ]
# Citation: Kabsch, W.; Sander, C.; "Dictionary of Protein Secondary Structure:
#           Pattern Recognition of Hydrogen-Bonded and Geometrical Features."
#           Biopolymers (1983), V.22, pp.2577-2637.
  [run]
---------- RUN BEGIN -------------------------------------------------

PARAMETER FILES (1 total):
 0: prot1_HMR.parm7, 491 atoms, 29 res, box: None, 1 mol

INPUT TRAJECTORIES (2 total):
 0: 'prot1_md1.nc' is a NetCDF AMBER trajectory, Parm prot1_HMR.parm7 (reading 20000 of 20000)
 1: 'prot1_md2.nc' is a NetCDF AMBER trajectory, Parm prot1_HMR.parm7 (reading 40000 of 40000)
  Coordinate processing will occur on 60000 frames.

REFERENCE FRAMES (1 total):
    0: prot1_HMR.rst7:1
	Active reference frame for distance-based masks is 'default_name'

OUTPUT TRAJECTORIES (2 total):
  'prot1_md_centered.nc' (60000 frames) is a NetCDF AMBER trajectory
  'prot1_md_centered.pdb' (60000 frames) is a PDB file: Writing frames 1

BEGIN TRAJECTORY PROCESSING:
.....................................................
ACTION SETUP FOR PARM 'prot1_HMR.parm7' (3 actions):
  0: [center :1-21 mass origin]
	Mask [:1-21] corresponds to 361 atoms.
  1: [rms reference out rmsd_to_ini.dat '(@CA,C,N,O)']
	Target mask: [(@CA,C,N,O)](111)
	Reference mask: [(@CA,C,N,O)](111)
  2: [secstruct SECSTRUCT out secstruct.dat]
Warning: Not all BB atoms found for 2 residues: ACE:1 NHE:29
Info: This is expected for Proline and terminal/non-standard residues.
Info: Expected BB atom names: N=[N   ]  H=[H   ]  C=[C   ]  O=[O   ]  CA=[CA  ]
Info: Re-run with action debug level >= 1 to see which residues are missing atoms.
	Mask [*] corresponds to 29 residues.
----- prot1_md1.nc (1-20000, 1) -----
 0% 10% 20% 30% 
----- prot1_md2.nc (1-40000, 1) -----
40% 50% 60% 70% 80% 90% 100% Complete.

Read 60000 frames and processed 60000 frames.
TIME: Avg. throughput= 107.7635 frames / second.

ACTION OUTPUT:

DATASETS (45 total):
	RMSD_00002 "RMSD_00002" (double, rms), size is 60000
	SECSTRUCT[None] "SECSTRUCT[None]" (float), size is 60000
	SECSTRUCT[Para] "SECSTRUCT[Para]" (float), size is 60000
	SECSTRUCT[Anti] "SECSTRUCT[Anti]" (float), size is 60000
	SECSTRUCT[3-10] "SECSTRUCT[3-10]" (float), size is 60000
	SECSTRUCT[Alpha] "SECSTRUCT[Alpha]" (float), size is 60000
	SECSTRUCT[Pi] "SECSTRUCT[Pi]" (float), size is 60000
	SECSTRUCT[Turn] "SECSTRUCT[Turn]" (float), size is 60000
	SECSTRUCT[Bend] "SECSTRUCT[Bend]" (float), size is 60000
	SECSTRUCT[res]:1 "ACE:1" (integer), size is 60000
	SECSTRUCT[res]:2 "GLY:2" (integer), size is 60000
	SECSTRUCT[res]:3 "LYS:3" (integer), size is 60000
	SECSTRUCT[res]:4 "GLU:4" (integer), size is 60000
	SECSTRUCT[res]:5 "GLU:5" (integer), size is 60000
	SECSTRUCT[res]:6 "GLU:6" (integer), size is 60000
	SECSTRUCT[res]:7 "GLU:7" (integer), size is 60000
	SECSTRUCT[res]:8 "LYS:8" (integer), size is 60000
	SECSTRUCT[res]:9 "LYS:9" (integer), size is 60000
	SECSTRUCT[res]:10 "LYS:10" (integer), size is 60000
	SECSTRUCT[res]:11 "LYS:11" (integer), size is 60000
	SECSTRUCT[res]:12 "GLU:12" (integer), size is 60000
	SECSTRUCT[res]:13 "GLU:13" (integer), size is 60000
	SECSTRUCT[res]:14 "GLU:14" (integer), size is 60000
	SECSTRUCT[res]:15 "GLU:15" (integer), size is 60000
	SECSTRUCT[res]:16 "LYS:16" (integer), size is 60000
	SECSTRUCT[res]:17 "LYS:17" (integer), size is 60000
	SECSTRUCT[res]:18 "LYS:18" (integer), size is 60000
	SECSTRUCT[res]:19 "LYS:19" (integer), size is 60000
	SECSTRUCT[res]:20 "GLU:20" (integer), size is 60000
	SECSTRUCT[res]:21 "GLU:21" (integer), size is 60000
	SECSTRUCT[res]:22 "GLU:22" (integer), size is 60000
	SECSTRUCT[res]:23 "GLU:23" (integer), size is 60000
	SECSTRUCT[res]:24 "LYS:24" (integer), size is 60000
	SECSTRUCT[res]:25 "LYS:25" (integer), size is 60000
	SECSTRUCT[res]:26 "LYS:26" (integer), size is 60000
	SECSTRUCT[res]:27 "GLY:27" (integer), size is 60000
	SECSTRUCT[res]:28 "TRP:28" (integer), size is 60000
	SECSTRUCT[res]:29 "NHE:29" (integer), size is 60000
	SECSTRUCT[avgss]:1 "Para" (double), size is 29
	SECSTRUCT[avgss]:2 "Anti" (double), size is 29
	SECSTRUCT[avgss]:3 "3-10" (double), size is 29
	SECSTRUCT[avgss]:4 "Alpha" (double), size is 29
	SECSTRUCT[avgss]:5 "Pi" (double), size is 29
	SECSTRUCT[avgss]:6 "Turn" (double), size is 29
	SECSTRUCT[avgss]:7 "Bend" (double), size is 29

DATAFILES (3 total):
  rmsd_to_ini.dat (Standard Data File):  RMSD_00002
  secstruct.dat (Standard Data File):  ACE:1 GLY:2 LYS:3 GLU:4 ... LYS:26 GLY:27 TRP:28 NHE:29
  secstruct.dat.sum (Standard Data File):  Para Anti 3-10 Alpha Pi Turn Bend

RUN TIMING:
TIME:		Init               : 0.0000 s (  0.00%)
TIME:		Trajectory Process : 556.7747 s ( 99.91%)
TIME:		Action Post        : 0.0001 s (  0.00%)
TIME:		Analysis           : 0.0000 s (  0.00%)
TIME:		Data File Write    : 0.5075 s (  0.09%)
TIME:		Other              : 0.0009 s (  0.00%)
TIME:	Run Total 557.2832 s
---------- RUN END ---------------------------------------------------
  [writedata helicity.dat SECSTRUCT[Alpha]]
	Writing sets to helicity.dat, format 'Standard Data File'
 SECSTRUCT[Alpha]
TIME: Total execution time: 557.5555 seconds.
--------------------------------------------------------------------------------
To cite CPPTRAJ use:
Daniel R. Roe and Thomas E. Cheatham, III, "PTRAJ and CPPTRAJ: Software for
  Processing and Analysis of Molecular Dynamics Trajectory Data". J. Chem.
  Theory Comput., 2013, 9 (7), pp 3084-3095.

igb1_ff98_E4K43 done

CPPTRAJ: Trajectory Analysis. V17.00
    ___  ___  ___  ___
     | \/ | \/ | \/ | 
    _|_/\_|_/\_|_/\_|_

| Date/time: 11/21/18 16:08:21
| Available memory: 27.872 GB

INPUT: Reading input from 'STDIN'
  [parm prot1_HMR.parm7]
	Reading 'prot1_HMR.parm7' as Amber Topology
	Radius Set: modified Bondi radii (mbondi)
  [trajin prot1_md1.nc]
	Reading 'prot1_md1.nc' as Amber NetCDF
  [trajin prot1_md2.nc]
	Reading 'prot1_md2.nc' as Amber NetCDF
  [reference prot1_HMR.rst7]
	Reading 'prot1_HMR.rst7' as Amber Restart
	Setting active reference for distance-based masks: 'prot1_HMR.rst7'
  [center :1-21 mass origin]
    CENTER: Centering coordinates using center of mass of atoms in mask (:1-21) to
	coordinate origin.
  [rms reference out rmsd_to_ini.dat '(@CA,C,N,O)']
    RMSD: ((@CA,C,N,O)), reference is "default_name" ((@CA,C,N,O)).
	Best-fit RMSD will be calculated, coords will be rotated and translated.
  [trajout prot1_md_centered.nc]
	Writing 'prot1_md_centered.nc' as Amber NetCDF
  [trajout prot1_md_centered.pdb onlyframes 1]
	Saving frames 1
	Writing 'prot1_md_centered.pdb' as PDB
  [secstruct SECSTRUCT out secstruct.dat]
    SECSTRUCT: Calculating secondary structure using mask [*]
	Dumping results to secstruct.dat
	Sum results to secstruct.dat.sum
	SS data for each residue will be stored as integers.
		0 = None
		1 = Para
		2 = Anti
		3 = 3-10
		4 = Alpha
		5 = Pi
		6 = Turn
		7 = Bend
	Backbone Atom Names: N=[N   ]  H=[H   ]  C=[C   ]  O=[O   ]  CA=[CA  ]
# Citation: Kabsch, W.; Sander, C.; "Dictionary of Protein Secondary Structure:
#           Pattern Recognition of Hydrogen-Bonded and Geometrical Features."
#           Biopolymers (1983), V.22, pp.2577-2637.
  [run]
---------- RUN BEGIN -------------------------------------------------

PARAMETER FILES (1 total):
 0: prot1_HMR.parm7, 491 atoms, 29 res, box: None, 1 mol

INPUT TRAJECTORIES (2 total):
 0: 'prot1_md1.nc' is a NetCDF AMBER trajectory, Parm prot1_HMR.parm7 (reading 20000 of 20000)
 1: 'prot1_md2.nc' is a NetCDF AMBER trajectory, Parm prot1_HMR.parm7 (reading 40000 of 40000)
  Coordinate processing will occur on 60000 frames.

REFERENCE FRAMES (1 total):
    0: prot1_HMR.rst7:1
	Active reference frame for distance-based masks is 'default_name'

OUTPUT TRAJECTORIES (2 total):
  'prot1_md_centered.nc' (60000 frames) is a NetCDF AMBER trajectory
  'prot1_md_centered.pdb' (60000 frames) is a PDB file: Writing frames 1

BEGIN TRAJECTORY PROCESSING:
.....................................................
ACTION SETUP FOR PARM 'prot1_HMR.parm7' (3 actions):
  0: [center :1-21 mass origin]
	Mask [:1-21] corresponds to 375 atoms.
  1: [rms reference out rmsd_to_ini.dat '(@CA,C,N,O)']
	Target mask: [(@CA,C,N,O)](111)
	Reference mask: [(@CA,C,N,O)](111)
  2: [secstruct SECSTRUCT out secstruct.dat]
Warning: Not all BB atoms found for 2 residues: ACE:1 NHE:29
Info: This is expected for Proline and terminal/non-standard residues.
Info: Expected BB atom names: N=[N   ]  H=[H   ]  C=[C   ]  O=[O   ]  CA=[CA  ]
Info: Re-run with action debug level >= 1 to see which residues are missing atoms.
	Mask [*] corresponds to 29 residues.
----- prot1_md1.nc (1-20000, 1) -----
 0% 10% 20% 30% 
----- prot1_md2.nc (1-40000, 1) -----
40% 50% 60% 70% 80% 90% 100% Complete.

Read 60000 frames and processed 60000 frames.
TIME: Avg. throughput= 150.1783 frames / second.

ACTION OUTPUT:

DATASETS (45 total):
	RMSD_00002 "RMSD_00002" (double, rms), size is 60000
	SECSTRUCT[None] "SECSTRUCT[None]" (float), size is 60000
	SECSTRUCT[Para] "SECSTRUCT[Para]" (float), size is 60000
	SECSTRUCT[Anti] "SECSTRUCT[Anti]" (float), size is 60000
	SECSTRUCT[3-10] "SECSTRUCT[3-10]" (float), size is 60000
	SECSTRUCT[Alpha] "SECSTRUCT[Alpha]" (float), size is 60000
	SECSTRUCT[Pi] "SECSTRUCT[Pi]" (float), size is 60000
	SECSTRUCT[Turn] "SECSTRUCT[Turn]" (float), size is 60000
	SECSTRUCT[Bend] "SECSTRUCT[Bend]" (float), size is 60000
	SECSTRUCT[res]:1 "ACE:1" (integer), size is 60000
	SECSTRUCT[res]:2 "GLY:2" (integer), size is 60000
	SECSTRUCT[res]:3 "LYS:3" (integer), size is 60000
	SECSTRUCT[res]:4 "LYS:4" (integer), size is 60000
	SECSTRUCT[res]:5 "LYS:5" (integer), size is 60000
	SECSTRUCT[res]:6 "LYS:6" (integer), size is 60000
	SECSTRUCT[res]:7 "GLU:7" (integer), size is 60000
	SECSTRUCT[res]:8 "GLU:8" (integer), size is 60000
	SECSTRUCT[res]:9 "GLU:9" (integer), size is 60000
	SECSTRUCT[res]:10 "GLU:10" (integer), size is 60000
	SECSTRUCT[res]:11 "LYS:11" (integer), size is 60000
	SECSTRUCT[res]:12 "LYS:12" (integer), size is 60000
	SECSTRUCT[res]:13 "LYS:13" (integer), size is 60000
	SECSTRUCT[res]:14 "LYS:14" (integer), size is 60000
	SECSTRUCT[res]:15 "GLU:15" (integer), size is 60000
	SECSTRUCT[res]:16 "GLU:16" (integer), size is 60000
	SECSTRUCT[res]:17 "GLU:17" (integer), size is 60000
	SECSTRUCT[res]:18 "GLU:18" (integer), size is 60000
	SECSTRUCT[res]:19 "LYS:19" (integer), size is 60000
	SECSTRUCT[res]:20 "LYS:20" (integer), size is 60000
	SECSTRUCT[res]:21 "LYS:21" (integer), size is 60000
	SECSTRUCT[res]:22 "LYS:22" (integer), size is 60000
	SECSTRUCT[res]:23 "GLU:23" (integer), size is 60000
	SECSTRUCT[res]:24 "GLU:24" (integer), size is 60000
	SECSTRUCT[res]:25 "GLU:25" (integer), size is 60000
	SECSTRUCT[res]:26 "GLU:26" (integer), size is 60000
	SECSTRUCT[res]:27 "GLY:27" (integer), size is 60000
	SECSTRUCT[res]:28 "TRP:28" (integer), size is 60000
	SECSTRUCT[res]:29 "NHE:29" (integer), size is 60000
	SECSTRUCT[avgss]:1 "Para" (double), size is 29
	SECSTRUCT[avgss]:2 "Anti" (double), size is 29
	SECSTRUCT[avgss]:3 "3-10" (double), size is 29
	SECSTRUCT[avgss]:4 "Alpha" (double), size is 29
	SECSTRUCT[avgss]:5 "Pi" (double), size is 29
	SECSTRUCT[avgss]:6 "Turn" (double), size is 29
	SECSTRUCT[avgss]:7 "Bend" (double), size is 29

DATAFILES (3 total):
  rmsd_to_ini.dat (Standard Data File):  RMSD_00002
  secstruct.dat (Standard Data File):  ACE:1 GLY:2 LYS:3 LYS:4 ... GLU:26 GLY:27 TRP:28 NHE:29
  secstruct.dat.sum (Standard Data File):  Para Anti 3-10 Alpha Pi Turn Bend

RUN TIMING:
TIME:		Init               : 0.0000 s (  0.00%)
TIME:		Trajectory Process : 399.5250 s ( 99.89%)
TIME:		Action Post        : 0.0001 s (  0.00%)
TIME:		Analysis           : 0.0000 s (  0.00%)
TIME:		Data File Write    : 0.4245 s (  0.11%)
TIME:		Other              : 0.0010 s (  0.00%)
TIME:	Run Total 399.9506 s
---------- RUN END ---------------------------------------------------
  [writedata helicity.dat SECSTRUCT[Alpha]]
	Writing sets to helicity.dat, format 'Standard Data File'
 SECSTRUCT[Alpha]
TIME: Total execution time: 400.1488 seconds.
--------------------------------------------------------------------------------
To cite CPPTRAJ use:
Daniel R. Roe and Thomas E. Cheatham, III, "PTRAJ and CPPTRAJ: Software for
  Processing and Analysis of Molecular Dynamics Trajectory Data". J. Chem.
  Theory Comput., 2013, 9 (7), pp 3084-3095.

igb1_ff98_K4E43 done
